(VSCode) 2025-02-14 09:51:13.641 [INFO]: No proxy settings found
(VSCode) 2025-02-14 09:51:14.453 [INFO]: Checking network connection...
(VSCode) 2025-02-14 09:51:14.970 [INFO]: No Network Issue connecting to https://server.codeium.com/healthz
(VSCode) 2025-02-14 09:51:15.180 [INFO]: Creating manager directory: /tmp/74abd333-fba6-44a1-8eee-8440b22c2587/codeium/manager
(VSCode) 2025-02-14 09:51:15.492 [INFO]: Using cached LS with valid crc32: /home/pasha/.vscode-oss/extensions/codeium.codeium-1.34.2-universal/dist/f967d079379dbf4f485c8ce9fce1d4fae1c70ede/language_server_linux_x64
(VSCode) 2025-02-14 09:51:15.498 [INFO]: Language server started
2025/02/14 09:51:15 maxprocs: Leaving GOMAXPROCS=8: CPU quota undefined
I0214 09:51:15.571015 29375 main.go:572] [Language Server Manager] Setting GOMAXPROCS to 8
I0214 09:51:15.571045 29375 main.go:791] [Language Server Manager] Starting language server manager with pid 29375
I0214 09:51:15.571108 29375 main.go:123] [Language Server Manager] Manager acquired its lock file /tmp/74abd333-fba6-44a1-8eee-8440b22c2587/codeium/manager/locks/manager.lock
I0214 09:51:15.571462 29375 main.go:264] [Language Server Manager] Waiting for random port file in /tmp/74abd333-fba6-44a1-8eee-8440b22c2587/codeium/manager/child_random_port_1739515875571162240_7245455089975242787 to be created
2025/02/14 09:51:15 maxprocs: Leaving GOMAXPROCS=8: CPU quota undefined
I0214 09:51:15.640136 29388 main.go:572] Setting GOMAXPROCS to 4
I0214 09:51:15.640208 29388 main.go:785] Starting language server process with pid 29388
I0214 09:51:15.640239 29388 server.go:221] Language server will attempt to listen on host 127.0.0.1
I0214 09:51:15.640358 29388 server.go:228] Language server listening on random port at 43195
I0214 09:51:16.163313 29388 unleash.go:92] Initializing Unleash
I0214 09:51:18.172438 29388 unleash.go:112] Successfully initialized Unleash
I0214 09:51:18.173110 29388 server.go:306] Extension server port not specified; skipping extension server client creation
I0214 09:51:18.185209 29388 web_server.go:258] Chat Web Server listening at ws://127.0.0.1:43769
I0214 09:51:18.194806 29388 server.go:559] Successfully created API server client
I0214 09:51:18.223755 29388 server.go:577] Successfully initialized tokenizer
I0214 09:51:18.279941 29388 server.go:761] Local search is enabled, will index local files.
I0214 09:51:18.279967 29388 server.go:765] Using 2 indexer workers
I0214 09:51:18.314486 29388 server.go:854] Successfully created completion provider
I0214 09:51:18.314522 29388 server.go:905] Child process attempting to acquire lock file /tmp/74abd333-fba6-44a1-8eee-8440b22c2587/codeium/manager/locks/child_lock_1739515875571183705_6359953316482463029
I0214 09:51:18.314590 29388 server.go:913] Child process acquired lock file /tmp/74abd333-fba6-44a1-8eee-8440b22c2587/codeium/manager/locks/child_lock_1739515875571183705_6359953316482463029
I0214 09:51:18.330584 29388 server.go:365] LSP listening on random port at 43205
43205
I0214 09:51:18.383035 29375 main.go:300] [Language Server Manager] Found random server port 43195
I0214 09:51:18.383146 29375 main.go:301] [Language Server Manager] Found random lsp port 43205
I0214 09:51:18.383205 29375 main.go:308] [Language Server Manager] Attempting to connect to language server at 127.0.0.1:43195
I0214 09:51:18.397329 29375 main.go:177] [Language Server Manager] Fixing language server port at 43195
I0214 09:51:18.397402 29375 main.go:360] [Language Server Manager] Successfully connected to new language server at 127.0.0.1:43195
(VSCode) 2025-02-14 09:51:18.419 [INFO]: Found language server running on port 43195
(VSCode) 2025-02-14 09:51:23.752 [INFO]: openAllTextDocuments took 4.83933099999922ms
(VSCode) 2025-02-14 10:01:25.676 [INFO]: Completion request was cancelled by token (8.94ms)
(VSCode) 2025-02-14 10:01:25.724 [INFO]: Completion request succeeded (3.76ms)
(VSCode) 2025-02-14 10:01:25.724 [INFO]: Skipping completions because the prompt is too short
(VSCode) 2025-02-14 10:01:25.724 [INFO]: provideInlineCompletionItems request succeeded (4.86ms)
(VSCode) 2025-02-14 10:01:25.800 [INFO]: Completion request succeeded (12.19ms)
(VSCode) 2025-02-14 10:01:25.801 [INFO]: Skipping completions because the prompt is too short
(VSCode) 2025-02-14 10:01:25.802 [INFO]: provideInlineCompletionItems request succeeded (14.74ms)
(VSCode) 2025-02-14 10:01:26.013 [INFO]: Completion request succeeded (7.16ms)
(VSCode) 2025-02-14 10:01:26.013 [INFO]: Skipping completions because the prompt is too short
(VSCode) 2025-02-14 10:01:26.014 [INFO]: provideInlineCompletionItems request succeeded (8.16ms)
(VSCode) 2025-02-14 10:01:26.538 [INFO]: Completion request succeeded (9.18ms)
(VSCode) 2025-02-14 10:01:26.539 [INFO]: Skipping completions because the prompt is too short
(VSCode) 2025-02-14 10:01:26.540 [INFO]: provideInlineCompletionItems request succeeded (11.24ms)
(VSCode) 2025-02-14 10:01:26.688 [INFO]: Completion request succeeded (13.5ms)
(VSCode) 2025-02-14 10:01:26.688 [INFO]: Skipping completions because the prompt is too short
(VSCode) 2025-02-14 10:01:26.689 [INFO]: provideInlineCompletionItems request succeeded (15.79ms)
(VSCode) 2025-02-14 10:01:26.835 [INFO]: Completion request succeeded (8.78ms)
(VSCode) 2025-02-14 10:01:26.836 [INFO]: Skipping completions because the prompt is too short
(VSCode) 2025-02-14 10:01:26.836 [INFO]: provideInlineCompletionItems request succeeded (10.51ms)
(VSCode) 2025-02-14 10:01:27.011 [INFO]: Completion request succeeded (5.33ms)
(VSCode) 2025-02-14 10:01:27.012 [INFO]: Skipping completions because the prompt is too short
(VSCode) 2025-02-14 10:01:27.012 [INFO]: provideInlineCompletionItems request succeeded (6.57ms)
(VSCode) 2025-02-14 10:01:27.844 [INFO]: Completion request succeeded (5.37ms)
(VSCode) 2025-02-14 10:01:27.845 [INFO]: Skipping completions because the prompt is too short
(VSCode) 2025-02-14 10:01:27.845 [INFO]: provideInlineCompletionItems request succeeded (6.51ms)
(VSCode) 2025-02-14 10:01:28.010 [INFO]: Completion request succeeded (5.57ms)
(VSCode) 2025-02-14 10:01:28.010 [INFO]: Skipping completions because the prompt is too short
(VSCode) 2025-02-14 10:01:28.011 [INFO]: provideInlineCompletionItems request succeeded (6.69ms)
(VSCode) 2025-02-14 10:01:28.129 [INFO]: Completion request succeeded (12.83ms)
(VSCode) 2025-02-14 10:01:28.130 [INFO]: Skipping completions because the prompt is too short
(VSCode) 2025-02-14 10:01:28.131 [INFO]: provideInlineCompletionItems request succeeded (15.38ms)
(VSCode) 2025-02-14 10:01:28.285 [INFO]: Completion request succeeded (5.92ms)
(VSCode) 2025-02-14 10:01:28.285 [INFO]: Skipping completions because the prompt is too short
(VSCode) 2025-02-14 10:01:28.285 [INFO]: provideInlineCompletionItems request succeeded (7.03ms)
(VSCode) 2025-02-14 10:01:32.862 [INFO]: Completion request succeeded (3.79ms)
(VSCode) 2025-02-14 10:01:32.862 [INFO]: Skipping completions because the prompt is too short
(VSCode) 2025-02-14 10:01:32.863 [INFO]: provideInlineCompletionItems request succeeded (4.66ms)
(VSCode) 2025-02-14 10:01:32.989 [INFO]: Completion request succeeded (14.2ms)
(VSCode) 2025-02-14 10:01:32.989 [INFO]: Skipping completions because the prompt is too short
(VSCode) 2025-02-14 10:01:32.990 [INFO]: provideInlineCompletionItems request succeeded (17.25ms)
(VSCode) 2025-02-14 10:01:33.259 [INFO]: Completion request succeeded (6.93ms)
(VSCode) 2025-02-14 10:01:33.259 [INFO]: Skipping completions because the prompt is too short
(VSCode) 2025-02-14 10:01:33.259 [INFO]: provideInlineCompletionItems request succeeded (8.37ms)
(VSCode) 2025-02-14 10:01:33.404 [INFO]: Completion request succeeded (5.48ms)
(VSCode) 2025-02-14 10:01:33.404 [INFO]: Skipping completions because the prompt is too short
(VSCode) 2025-02-14 10:01:33.404 [INFO]: provideInlineCompletionItems request succeeded (6.24ms)
(VSCode) 2025-02-14 10:01:33.830 [INFO]: Completion request succeeded (9.96ms)
(VSCode) 2025-02-14 10:01:33.830 [INFO]: Skipping completions because the prompt is too short
(VSCode) 2025-02-14 10:01:33.830 [INFO]: provideInlineCompletionItems request succeeded (11.08ms)
(VSCode) 2025-02-14 10:01:34.069 [INFO]: Completion request succeeded (12.62ms)
(VSCode) 2025-02-14 10:01:34.069 [INFO]: Skipping completions because the prompt is too short
(VSCode) 2025-02-14 10:01:34.070 [INFO]: provideInlineCompletionItems request succeeded (14.99ms)
(VSCode) 2025-02-14 10:01:34.202 [INFO]: Completion request succeeded (9.71ms)
(VSCode) 2025-02-14 10:01:34.202 [INFO]: Skipping completions because the prompt is too short
(VSCode) 2025-02-14 10:01:34.203 [INFO]: provideInlineCompletionItems request succeeded (11.49ms)
(VSCode) 2025-02-14 10:01:35.556 [INFO]: Completion request was cancelled by token (567.19ms)
(VSCode) 2025-02-14 10:01:35.737 [INFO]: Completion request was cancelled by token (132.62ms)
(VSCode) 2025-02-14 10:01:35.860 [INFO]: Completion request was cancelled by token (78.27ms)
(VSCode) 2025-02-14 10:01:36.695 [INFO]: Completion request succeeded (788.84ms)
(VSCode) 2025-02-14 10:01:36.697 [INFO]: Generated 1 completion
(VSCode) 2025-02-14 10:01:36.698 [INFO]: provideInlineCompletionItems request succeeded (792.09ms)
(VSCode) 2025-02-14 10:01:37.144 [INFO]: Completion request was cancelled by token (213.36ms)
(VSCode) 2025-02-14 10:01:38.089 [INFO]: Completion request succeeded (899.99ms)
(VSCode) 2025-02-14 10:01:38.090 [INFO]: Generated 4 completions
(VSCode) 2025-02-14 10:01:38.090 [INFO]: provideInlineCompletionItems request succeeded (901.47ms)
(VSCode) 2025-02-14 10:01:40.679 [INFO]: Completion request was cancelled by token (14.97ms)
(VSCode) 2025-02-14 10:01:40.797 [INFO]: Completion request was cancelled by token (67ms)
(VSCode) 2025-02-14 10:01:41.047 [INFO]: Completion request was cancelled by token (110.37ms)
(VSCode) 2025-02-14 10:01:41.248 [INFO]: Completion request was cancelled by token (146.78ms)
(VSCode) 2025-02-14 10:01:41.819 [INFO]: Completion request was cancelled by token (522.13ms)
(VSCode) 2025-02-14 10:01:41.969 [INFO]: Completion request was cancelled by token (93.29ms)
(VSCode) 2025-02-14 10:01:42.113 [INFO]: Completion request was cancelled by token (89.75ms)
(VSCode) 2025-02-14 10:01:42.834 [INFO]: Completion request was cancelled by token (663.61ms)
(VSCode) 2025-02-14 10:01:43.095 [INFO]: Completion request was cancelled by token (204.32ms)
(VSCode) 2025-02-14 10:01:43.270 [INFO]: Completion request was cancelled by token (120.95ms)
(VSCode) 2025-02-14 10:01:43.461 [INFO]: Completion request was cancelled by token (137.37ms)
(VSCode) 2025-02-14 10:01:43.869 [INFO]: Completion request succeeded (356.97ms)
(VSCode) 2025-02-14 10:01:43.873 [INFO]: Generated 2 completions
(VSCode) 2025-02-14 10:01:43.875 [INFO]: provideInlineCompletionItems request succeeded (363.33ms)
(VSCode) 2025-02-14 10:01:46.772 [INFO]: Completion request succeeded (8.27ms)
(VSCode) 2025-02-14 10:01:46.773 [INFO]: Generated 2 completions
(VSCode) 2025-02-14 10:01:46.773 [INFO]: provideInlineCompletionItems request succeeded (9.43ms)
(VSCode) 2025-02-14 10:01:46.894 [INFO]: Completion request was cancelled by token (42.24ms)
(VSCode) 2025-02-14 10:01:47.035 [INFO]: Completion request was cancelled by token (90.12ms)
(VSCode) 2025-02-14 10:01:47.474 [INFO]: Completion request was cancelled by token (391.84ms)
(VSCode) 2025-02-14 10:01:47.630 [INFO]: Completion request was cancelled by token (109.05ms)
(VSCode) 2025-02-14 10:01:47.779 [INFO]: Completion request was cancelled by token (100.87ms)
(VSCode) 2025-02-14 10:01:47.873 [INFO]: Completion request was cancelled by token (46.38ms)
(VSCode) 2025-02-14 10:01:48.036 [INFO]: Completion request was cancelled by token (113.22ms)
(VSCode) 2025-02-14 10:01:48.520 [INFO]: Completion request was cancelled by token (438.13ms)
(VSCode) 2025-02-14 10:01:48.754 [INFO]: Completion request was cancelled by token (186.01ms)
(VSCode) 2025-02-14 10:01:48.880 [INFO]: Completion request was cancelled by token (79.1ms)
(VSCode) 2025-02-14 10:01:48.961 [INFO]: Completion request was cancelled by token (4.89ms)
(VSCode) 2025-02-14 10:01:49.562 [INFO]: Completion request was cancelled by token (547.56ms)
(VSCode) 2025-02-14 10:01:49.811 [INFO]: Completion request was cancelled by token (194.57ms)
(VSCode) 2025-02-14 10:01:49.899 [INFO]: Completion request was cancelled by token (38.45ms)
(VSCode) 2025-02-14 10:01:50.166 [INFO]: Completion request was cancelled by token (179.53ms)
(VSCode) 2025-02-14 10:01:50.239 [INFO]: Completion request was cancelled by token (26.75ms)
(VSCode) 2025-02-14 10:01:51.423 [INFO]: Completion request was cancelled by token (1131.56ms)
(VSCode) 2025-02-14 10:01:51.649 [INFO]: Completion request was cancelled by token (177.95ms)
(VSCode) 2025-02-14 10:01:52.443 [INFO]: Completion request was cancelled by token (746.8ms)
(VSCode) 2025-02-14 10:01:52.497 [INFO]: Completion request was cancelled by token (6.22ms)
(VSCode) 2025-02-14 10:01:52.665 [INFO]: Completion request was cancelled by token (88.34ms)
(VSCode) 2025-02-14 10:01:53.726 [INFO]: Completion request succeeded (1008.63ms)
(VSCode) 2025-02-14 10:01:53.729 [INFO]: Generated 4 completions
(VSCode) 2025-02-14 10:01:53.731 [INFO]: provideInlineCompletionItems request succeeded (1014.18ms)
(VSCode) 2025-02-14 10:01:54.540 [INFO]: Completion request was cancelled by token (700.29ms)
(VSCode) 2025-02-14 10:01:55.396 [INFO]: Completion request was cancelled by token (747.25ms)
(VSCode) 2025-02-14 10:01:55.501 [INFO]: Completion request was cancelled by token (54.94ms)
(VSCode) 2025-02-14 10:01:55.629 [INFO]: Completion request was cancelled by token (79.14ms)
(VSCode) 2025-02-14 10:01:55.715 [INFO]: Completion request was cancelled by token (33.36ms)
(VSCode) 2025-02-14 10:01:56.221 [INFO]: Completion request succeeded (454.74ms)
(VSCode) 2025-02-14 10:01:56.223 [INFO]: Generated 7 completions
(VSCode) 2025-02-14 10:01:56.225 [INFO]: provideInlineCompletionItems request succeeded (459.47ms)
(VSCode) 2025-02-14 10:01:56.349 [INFO]: Completion request succeeded (16.48ms)
(VSCode) 2025-02-14 10:01:56.351 [INFO]: Generated 2 completions
(VSCode) 2025-02-14 10:01:56.353 [INFO]: provideInlineCompletionItems request succeeded (21.37ms)
(VSCode) 2025-02-14 10:01:58.110 [INFO]: Completion request was cancelled by token (122.59ms)
(VSCode) 2025-02-14 10:01:58.260 [INFO]: Completion request was cancelled by token (102.42ms)
(VSCode) 2025-02-14 10:01:58.427 [INFO]: Completion request was cancelled by token (117.74ms)
(VSCode) 2025-02-14 10:01:58.580 [INFO]: Completion request was cancelled by token (107.85ms)
(VSCode) 2025-02-14 10:01:58.788 [INFO]: Completion request was cancelled by token (161.61ms)
(VSCode) 2025-02-14 10:01:59.266 [INFO]: Completion request was cancelled by token (429.33ms)
(VSCode) 2025-02-14 10:01:59.321 [INFO]: Completion request was cancelled by token (6.7ms)
(VSCode) 2025-02-14 10:01:59.550 [INFO]: Completion request was cancelled by token (178.47ms)
(VSCode) 2025-02-14 10:01:59.691 [INFO]: Completion request was cancelled by token (91.44ms)
(VSCode) 2025-02-14 10:01:59.858 [INFO]: Completion request was cancelled by token (118.79ms)
(VSCode) 2025-02-14 10:01:59.971 [INFO]: Completion request was cancelled by token (65.48ms)
(VSCode) 2025-02-14 10:02:00.701 [INFO]: Completion request was cancelled by token (683.76ms)
(VSCode) 2025-02-14 10:02:00.849 [INFO]: Completion request was cancelled by token (97.51ms)
(VSCode) 2025-02-14 10:02:03.341 [INFO]: Completion request was cancelled by token (2443.74ms)
(VSCode) 2025-02-14 10:02:03.493 [INFO]: Completion request was cancelled by token (105.65ms)
(VSCode) 2025-02-14 10:02:04.662 [INFO]: Completion request was cancelled by token (1121.41ms)
(VSCode) 2025-02-14 10:02:08.139 [INFO]: Completion request succeeded (684.68ms)
(VSCode) 2025-02-14 10:02:08.140 [INFO]: No completions were generated
(VSCode) 2025-02-14 10:02:08.141 [INFO]: provideInlineCompletionItems request succeeded (687.58ms)
(VSCode) 2025-02-14 10:02:09.557 [INFO]: Completion request was cancelled by token (147.08ms)
(VSCode) 2025-02-14 10:02:10.374 [INFO]: Completion request was cancelled by token (769.17ms)
(VSCode) 2025-02-14 10:02:11.286 [INFO]: Completion request succeeded (829.74ms)
(VSCode) 2025-02-14 10:02:11.287 [INFO]: No completions were generated
(VSCode) 2025-02-14 10:02:11.287 [INFO]: provideInlineCompletionItems request succeeded (830.84ms)
(VSCode) 2025-02-14 10:02:11.554 [INFO]: Completion request was cancelled by token (157.89ms)
(VSCode) 2025-02-14 10:02:12.291 [INFO]: Completion request succeeded (689.1ms)
(VSCode) 2025-02-14 10:02:12.293 [INFO]: Generated 1 completion
(VSCode) 2025-02-14 10:02:12.294 [INFO]: provideInlineCompletionItems request succeeded (692.45ms)
(VSCode) 2025-02-14 10:02:13.113 [INFO]: Completion request succeeded (513.69ms)
(VSCode) 2025-02-14 10:02:13.116 [INFO]: Generated 1 completion
(VSCode) 2025-02-14 10:02:13.118 [INFO]: provideInlineCompletionItems request succeeded (518.06ms)
(VSCode) 2025-02-14 10:02:16.556 [INFO]: Completion request was cancelled by token (2309.14ms)
(VSCode) 2025-02-14 10:02:21.007 [INFO]: Completion request succeeded (4402.56ms)
(VSCode) 2025-02-14 10:02:21.009 [INFO]: No completions were generated
(VSCode) 2025-02-14 10:02:21.010 [INFO]: provideInlineCompletionItems request succeeded (4406.24ms)
(VSCode) 2025-02-14 10:02:38.961 [INFO]: Completion request was cancelled by token (435.46ms)
(VSCode) 2025-02-14 10:02:39.411 [INFO]: Completion request was cancelled by token (403.54ms)
(VSCode) 2025-02-14 10:02:59.306 [INFO]: Completion request was cancelled by token (7.28ms)
(VSCode) 2025-02-14 10:02:59.442 [INFO]: Completion request was cancelled by token (31.98ms)
(VSCode) 2025-02-14 10:02:59.517 [INFO]: Completion request was cancelled by token (21.06ms)
(VSCode) 2025-02-14 10:02:59.916 [INFO]: Completion request succeeded (326ms)
(VSCode) 2025-02-14 10:02:59.918 [INFO]: No completions were generated
(VSCode) 2025-02-14 10:02:59.918 [INFO]: provideInlineCompletionItems request succeeded (328.26ms)
(VSCode) 2025-02-14 10:03:02.782 [INFO]: Completion request was cancelled by token (300.32ms)
(VSCode) 2025-02-14 10:03:03.589 [INFO]: Completion request succeeded (764.13ms)
(VSCode) 2025-02-14 10:03:03.591 [INFO]: Generated 4 completions
(VSCode) 2025-02-14 10:03:03.592 [INFO]: provideInlineCompletionItems request succeeded (767.84ms)
(VSCode) 2025-02-14 10:03:43.165 [INFO]: Completion request was cancelled by token (17.13ms)
(VSCode) 2025-02-14 10:03:43.285 [INFO]: Completion request was cancelled by token (66.51ms)
(VSCode) 2025-02-14 10:03:43.442 [INFO]: Completion request was cancelled by token (100.9ms)
(VSCode) 2025-02-14 10:03:43.529 [INFO]: Completion request was cancelled by token (30.54ms)
(VSCode) 2025-02-14 10:03:44.267 [INFO]: Completion request was cancelled by token (682.48ms)
(VSCode) 2025-02-14 10:03:44.729 [INFO]: Completion request succeeded (396.07ms)
(VSCode) 2025-02-14 10:03:44.729 [INFO]: Generated 1 completion
(VSCode) 2025-02-14 10:03:44.730 [INFO]: provideInlineCompletionItems request succeeded (397.34ms)
(VSCode) 2025-02-14 10:03:48.524 [INFO]: Completion request was cancelled by token (1429.22ms)
(VSCode) 2025-02-14 10:03:48.705 [INFO]: Completion request was cancelled by token (134.48ms)
(VSCode) 2025-02-14 10:03:48.855 [INFO]: Completion request was cancelled by token (101.27ms)
(VSCode) 2025-02-14 10:03:49.010 [INFO]: Completion request was cancelled by token (107.95ms)
(VSCode) 2025-02-14 10:03:49.225 [INFO]: Completion request was cancelled by token (168.13ms)
(VSCode) 2025-02-14 10:03:50.793 [INFO]: Completion request was cancelled by token (1521.37ms)
(VSCode) 2025-02-14 10:03:51.313 [INFO]: Completion request was cancelled by token (386.71ms)
(VSCode) 2025-02-14 10:03:53.493 [INFO]: Completion request was cancelled by token (2128.39ms)
(VSCode) 2025-02-14 10:03:53.653 [INFO]: Completion request was cancelled by token (112.68ms)
(VSCode) 2025-02-14 10:03:53.813 [INFO]: Completion request was cancelled by token (112.86ms)
(VSCode) 2025-02-14 10:03:54.003 [INFO]: Completion request was cancelled by token (139.89ms)
(VSCode) 2025-02-14 10:03:54.348 [INFO]: Completion request succeeded (298.07ms)
(VSCode) 2025-02-14 10:03:54.349 [INFO]: No completions were generated
(VSCode) 2025-02-14 10:03:54.349 [INFO]: provideInlineCompletionItems request succeeded (300.46ms)
(VSCode) 2025-02-14 10:03:55.838 [INFO]: Completion request was cancelled by token (272.31ms)
(VSCode) 2025-02-14 10:03:55.943 [INFO]: Completion request was cancelled by token (15.38ms)
(VSCode) 2025-02-14 10:03:56.128 [INFO]: Completion request was cancelled by token (128.09ms)
(VSCode) 2025-02-14 10:03:56.205 [INFO]: Completion request was cancelled by token (20.29ms)
(VSCode) 2025-02-14 10:03:56.590 [INFO]: Completion request was cancelled by token (328.63ms)
(VSCode) 2025-02-14 10:03:57.104 [INFO]: Completion request succeeded (463.43ms)
(VSCode) 2025-02-14 10:03:57.105 [INFO]: Generated 2 completions
(VSCode) 2025-02-14 10:03:57.105 [INFO]: provideInlineCompletionItems request succeeded (464.86ms)
(VSCode) 2025-02-14 10:03:58.292 [INFO]: Completion request was cancelled by token (655.27ms)
(VSCode) 2025-02-14 10:04:17.577 [INFO]: Completion request succeeded (399.25ms)
(VSCode) 2025-02-14 10:04:17.579 [INFO]: Generated 2 completions
(VSCode) 2025-02-14 10:04:17.580 [INFO]: provideInlineCompletionItems request succeeded (402.42ms)
(VSCode) 2025-02-14 10:04:20.191 [INFO]: Completion request succeeded (3.39ms)
(VSCode) 2025-02-14 10:04:20.191 [INFO]: Generated 2 completions
(VSCode) 2025-02-14 10:04:20.192 [INFO]: provideInlineCompletionItems request succeeded (4.81ms)
(VSCode) 2025-02-14 10:04:28.535 [INFO]: Completion request was cancelled by token (72.06ms)
(VSCode) 2025-02-14 10:04:28.797 [INFO]: Completion request was cancelled by token (216.71ms)
(VSCode) 2025-02-14 10:13:03.638 [INFO]: Completion request was cancelled by token (19.1ms)
(VSCode) 2025-02-14 10:13:04.495 [INFO]: Completion request was cancelled by token (803.58ms)
(VSCode) 2025-02-14 10:13:04.806 [INFO]: Completion request was cancelled by token (255.02ms)
(VSCode) 2025-02-14 10:13:05.667 [INFO]: Completion request succeeded (810.2ms)
(VSCode) 2025-02-14 10:13:05.670 [INFO]: Generated 2 completions
(VSCode) 2025-02-14 10:13:05.671 [INFO]: provideInlineCompletionItems request succeeded (814.8ms)
(VSCode) 2025-02-14 10:13:06.937 [INFO]: Completion request was cancelled by token (63.22ms)
(VSCode) 2025-02-14 10:13:07.446 [INFO]: Completion request was cancelled by token (453.98ms)
(VSCode) 2025-02-14 10:13:07.736 [INFO]: Completion request was cancelled by token (238.35ms)
(VSCode) 2025-02-14 10:13:07.907 [INFO]: Completion request was cancelled by token (122.84ms)
(VSCode) 2025-02-14 10:13:08.039 [INFO]: Completion request was cancelled by token (85.72ms)
(VSCode) 2025-02-14 10:13:09.034 [INFO]: Completion request was cancelled by token (886.17ms)
(VSCode) 2025-02-14 10:13:09.458 [INFO]: Completion request was cancelled by token (372.43ms)
(VSCode) 2025-02-14 10:13:09.697 [INFO]: Completion request was cancelled by token (186.25ms)
(VSCode) 2025-02-14 10:13:13.527 [INFO]: Completion request succeeded (3778.82ms)
(VSCode) 2025-02-14 10:13:13.530 [INFO]: Generated 4 completions
(VSCode) 2025-02-14 10:13:13.532 [INFO]: provideInlineCompletionItems request succeeded (3784.57ms)
(VSCode) 2025-02-14 10:13:15.296 [INFO]: Completion request was cancelled by token (821.39ms)
(VSCode) 2025-02-14 10:13:16.176 [INFO]: Completion request was cancelled by token (835.91ms)
E0214 10:13:16.188066 29388 interceptor.go:55] /exa.language_server_pb.LanguageServerService/AcceptCompletion: previous state not found for completion id 44fabb6c-d212-4729-80d7-205f30ea862e
(VSCode) 2025-02-14 10:13:16.193 [ERROR]: [unknown] previous state not found for completion id 44fabb6c-d212-4729-80d7-205f30ea862e
(VSCode) 2025-02-14 10:13:16.785 [INFO]: Completion request succeeded (559.13ms)
(VSCode) 2025-02-14 10:13:16.787 [INFO]: No completions were generated
(VSCode) 2025-02-14 10:13:16.788 [INFO]: provideInlineCompletionItems request succeeded (562.61ms)
(VSCode) 2025-02-14 10:13:18.831 [INFO]: Completion request succeeded (966.28ms)
(VSCode) 2025-02-14 10:13:18.833 [INFO]: Generated 3 completions
(VSCode) 2025-02-14 10:13:18.835 [INFO]: provideInlineCompletionItems request succeeded (971.03ms)
(VSCode) 2025-02-14 10:13:20.735 [INFO]: Completion request was cancelled by token (1393.19ms)
(VSCode) 2025-02-14 10:13:28.133 [INFO]: Completion request succeeded (352.18ms)
(VSCode) 2025-02-14 10:13:28.134 [INFO]: No completions were generated
(VSCode) 2025-02-14 10:13:28.135 [INFO]: provideInlineCompletionItems request succeeded (354.83ms)
(VSCode) 2025-02-14 10:13:31.805 [INFO]: Completion request was cancelled by token (819.17ms)
(VSCode) 2025-02-14 10:13:32.821 [INFO]: Completion request was cancelled by token (977.11ms)
(VSCode) 2025-02-14 10:13:33.571 [INFO]: Completion request was cancelled by token (706.6ms)
(VSCode) 2025-02-14 10:13:33.991 [INFO]: Completion request was cancelled by token (374.85ms)
(VSCode) 2025-02-14 10:14:05.572 [INFO]: Completion request was cancelled by token (263.26ms)
(VSCode) 2025-02-14 10:14:05.706 [INFO]: Completion request was cancelled by token (10.51ms)
(VSCode) 2025-02-14 10:14:06.120 [INFO]: Completion request was cancelled by token (360.68ms)
(VSCode) 2025-02-14 10:14:06.271 [INFO]: Completion request was cancelled by token (94.4ms)
(VSCode) 2025-02-14 10:14:06.753 [INFO]: Completion request was cancelled by token (425.4ms)
(VSCode) 2025-02-14 10:14:06.923 [INFO]: Completion request was cancelled by token (113.46ms)
(VSCode) 2025-02-14 10:14:07.071 [INFO]: Completion request was cancelled by token (87.2ms)
(VSCode) 2025-02-14 10:14:07.229 [INFO]: Completion request was cancelled by token (101.25ms)
(VSCode) 2025-02-14 10:14:07.371 [INFO]: Completion request was cancelled by token (86.96ms)
(VSCode) 2025-02-14 10:14:07.642 [INFO]: Completion request was cancelled by token (220.1ms)
(VSCode) 2025-02-14 10:14:08.270 [INFO]: Completion request was cancelled by token (585.23ms)
(VSCode) 2025-02-14 10:14:08.479 [INFO]: Completion request was cancelled by token (110.66ms)
(VSCode) 2025-02-14 10:14:08.732 [INFO]: Completion request was cancelled by token (199.2ms)
(VSCode) 2025-02-14 10:14:08.945 [INFO]: Completion request was cancelled by token (157.17ms)
(VSCode) 2025-02-14 10:14:09.044 [INFO]: Completion request was cancelled by token (40.15ms)
(VSCode) 2025-02-14 10:14:09.296 [INFO]: Completion request was cancelled by token (197.17ms)
(VSCode) 2025-02-14 10:14:09.770 [INFO]: Completion request was cancelled by token (387.64ms)
(VSCode) 2025-02-14 10:14:09.907 [INFO]: Completion request was cancelled by token (93.99ms)
(VSCode) 2025-02-14 10:14:10.138 [INFO]: Completion request was cancelled by token (183.74ms)
(VSCode) 2025-02-14 10:14:10.590 [INFO]: Completion request was cancelled by token (403.93ms)
(VSCode) 2025-02-14 10:14:10.758 [INFO]: Completion request was cancelled by token (121.21ms)
(VSCode) 2025-02-14 10:14:10.913 [INFO]: Completion request was cancelled by token (108.8ms)
(VSCode) 2025-02-14 10:14:11.068 [INFO]: Completion request was cancelled by token (107.62ms)
(VSCode) 2025-02-14 10:14:11.824 [INFO]: Completion request succeeded (707.97ms)
(VSCode) 2025-02-14 10:14:11.827 [INFO]: Generated 8 completions
(VSCode) 2025-02-14 10:14:11.828 [INFO]: provideInlineCompletionItems request succeeded (713.18ms)
(VSCode) 2025-02-14 10:14:13.212 [INFO]: Completion request succeeded (513.02ms)
(VSCode) 2025-02-14 10:14:13.214 [INFO]: No completions were generated
(VSCode) 2025-02-14 10:14:13.215 [INFO]: provideInlineCompletionItems request succeeded (515.78ms)
(VSCode) 2025-02-14 10:14:13.843 [INFO]: Completion request succeeded (387.74ms)
(VSCode) 2025-02-14 10:14:13.845 [INFO]: Generated 2 completions
(VSCode) 2025-02-14 10:14:13.846 [INFO]: provideInlineCompletionItems request succeeded (392.37ms)
(VSCode) 2025-02-14 10:14:25.290 [INFO]: Completion request was cancelled by token (86.18ms)
(VSCode) 2025-02-14 10:14:25.457 [INFO]: Completion request was cancelled by token (120.38ms)
(VSCode) 2025-02-14 10:14:25.736 [INFO]: Completion request was cancelled by token (226.26ms)
(VSCode) 2025-02-14 10:14:26.409 [INFO]: Completion request succeeded (631.9ms)
(VSCode) 2025-02-14 10:14:26.410 [INFO]: No completions were generated
(VSCode) 2025-02-14 10:14:26.410 [INFO]: provideInlineCompletionItems request succeeded (633.18ms)
(VSCode) 2025-02-14 10:14:27.261 [INFO]: Completion request was cancelled by token (757.69ms)
(VSCode) 2025-02-14 10:14:28.062 [INFO]: Completion request succeeded (752.29ms)
(VSCode) 2025-02-14 10:14:28.064 [INFO]: Generated 2 completions
(VSCode) 2025-02-14 10:14:28.065 [INFO]: provideInlineCompletionItems request succeeded (756.38ms)
(VSCode) 2025-02-14 10:14:28.919 [INFO]: Completion request succeeded (4.26ms)
(VSCode) 2025-02-14 10:14:28.920 [INFO]: Generated 4 completions
(VSCode) 2025-02-14 10:14:28.920 [INFO]: provideInlineCompletionItems request succeeded (5.62ms)
(VSCode) 2025-02-14 10:15:02.655 [INFO]: Completion request succeeded (16.15ms)
(VSCode) 2025-02-14 10:15:02.657 [INFO]: Generated 4 completions
(VSCode) 2025-02-14 10:15:02.658 [INFO]: provideInlineCompletionItems request succeeded (20.44ms)
(VSCode) 2025-02-14 10:15:02.888 [INFO]: Completion request was cancelled by token (87.22ms)
(VSCode) 2025-02-14 10:15:03.076 [INFO]: Completion request was cancelled by token (137.92ms)
(VSCode) 2025-02-14 10:15:03.267 [INFO]: Completion request was cancelled by token (146.09ms)
(VSCode) 2025-02-14 10:15:04.192 [INFO]: Completion request succeeded (874.23ms)
(VSCode) 2025-02-14 10:15:04.194 [INFO]: No completions were generated
(VSCode) 2025-02-14 10:15:04.195 [INFO]: provideInlineCompletionItems request succeeded (877.99ms)
(VSCode) 2025-02-14 10:15:07.384 [INFO]: Completion request succeeded (813.83ms)
(VSCode) 2025-02-14 10:15:07.385 [INFO]: No completions were generated
(VSCode) 2025-02-14 10:15:07.385 [INFO]: provideInlineCompletionItems request succeeded (815.88ms)
(VSCode) 2025-02-14 10:15:10.560 [INFO]: Completion request succeeded (356.49ms)
(VSCode) 2025-02-14 10:15:10.562 [INFO]: Generated 1 completion
(VSCode) 2025-02-14 10:15:10.564 [INFO]: provideInlineCompletionItems request succeeded (360.38ms)
(VSCode) 2025-02-14 10:15:15.271 [INFO]: Completion request succeeded (598.97ms)
(VSCode) 2025-02-14 10:15:15.273 [INFO]: No completions were generated
(VSCode) 2025-02-14 10:15:15.274 [INFO]: provideInlineCompletionItems request succeeded (602.69ms)
(VSCode) 2025-02-14 10:15:17.213 [INFO]: Completion request succeeded (782.38ms)
(VSCode) 2025-02-14 10:15:17.215 [INFO]: No completions were generated
(VSCode) 2025-02-14 10:15:17.216 [INFO]: provideInlineCompletionItems request succeeded (785.62ms)
(VSCode) 2025-02-14 10:15:19.665 [INFO]: Completion request succeeded (920.34ms)
(VSCode) 2025-02-14 10:15:19.668 [INFO]: No completions were generated
(VSCode) 2025-02-14 10:15:19.668 [INFO]: provideInlineCompletionItems request succeeded (923.79ms)
(VSCode) 2025-02-14 10:15:27.879 [INFO]: Completion request was cancelled by token (3132.82ms)
(VSCode) 2025-02-14 10:15:28.275 [INFO]: Completion request succeeded (350.05ms)
(VSCode) 2025-02-14 10:15:28.276 [INFO]: No completions were generated
(VSCode) 2025-02-14 10:15:28.277 [INFO]: provideInlineCompletionItems request succeeded (351.7ms)
(VSCode) 2025-02-14 10:15:33.490 [INFO]: Completion request succeeded (377.8ms)
(VSCode) 2025-02-14 10:15:33.492 [INFO]: No completions were generated
(VSCode) 2025-02-14 10:15:33.493 [INFO]: provideInlineCompletionItems request succeeded (380.73ms)
(VSCode) 2025-02-14 10:15:34.438 [INFO]: Completion request succeeded (590.17ms)
(VSCode) 2025-02-14 10:15:34.439 [INFO]: No completions were generated
(VSCode) 2025-02-14 10:15:34.440 [INFO]: provideInlineCompletionItems request succeeded (593.61ms)
(VSCode) 2025-02-14 10:15:52.824 [INFO]: Completion request was cancelled by token (1630.33ms)
(VSCode) 2025-02-14 10:15:56.286 [INFO]: Completion request was cancelled by token (16.55ms)
(VSCode) 2025-02-14 10:15:57.024 [INFO]: Completion request succeeded (682.9ms)
(VSCode) 2025-02-14 10:15:57.027 [INFO]: Generated 3 completions
(VSCode) 2025-02-14 10:15:57.028 [INFO]: provideInlineCompletionItems request succeeded (688.27ms)
(VSCode) 2025-02-14 10:15:57.276 [INFO]: Completion request was cancelled by token (92.6ms)
(VSCode) 2025-02-14 10:15:57.334 [INFO]: Completion request was cancelled by token (8.6ms)
(VSCode) 2025-02-14 10:15:57.768 [INFO]: Completion request was cancelled by token (384.01ms)
(VSCode) 2025-02-14 10:15:58.008 [INFO]: Completion request was cancelled by token (181.39ms)
(VSCode) 2025-02-14 10:15:58.101 [INFO]: Completion request was cancelled by token (36.3ms)
(VSCode) 2025-02-14 10:15:58.681 [INFO]: Completion request was cancelled by token (526.16ms)
(VSCode) 2025-02-14 10:15:59.238 [INFO]: Completion request succeeded (498.89ms)
(VSCode) 2025-02-14 10:15:59.241 [INFO]: Generated 4 completions
(VSCode) 2025-02-14 10:15:59.242 [INFO]: provideInlineCompletionItems request succeeded (504.08ms)
(VSCode) 2025-02-14 10:16:01.239 [INFO]: Completion request succeeded (1062.12ms)
(VSCode) 2025-02-14 10:16:01.242 [INFO]: Generated 2 completions
(VSCode) 2025-02-14 10:16:01.244 [INFO]: provideInlineCompletionItems request succeeded (1067.91ms)
(VSCode) 2025-02-14 10:16:02.601 [INFO]: Completion request was cancelled by token (104.79ms)
(VSCode) 2025-02-14 10:16:02.744 [INFO]: Completion request was cancelled by token (94.53ms)
(VSCode) 2025-02-14 10:16:02.894 [INFO]: Completion request was cancelled by token (102.39ms)
(VSCode) 2025-02-14 10:16:03.051 [INFO]: Completion request was cancelled by token (111.11ms)
(VSCode) 2025-02-14 10:16:03.178 [INFO]: Completion request was cancelled by token (79.64ms)
(VSCode) 2025-02-14 10:16:03.336 [INFO]: Completion request was cancelled by token (110.47ms)
(VSCode) 2025-02-14 10:16:03.498 [INFO]: Completion request was cancelled by token (114.3ms)
(VSCode) 2025-02-14 10:16:03.682 [INFO]: Completion request was cancelled by token (135.66ms)
(VSCode) 2025-02-14 10:16:03.913 [INFO]: Completion request was cancelled by token (181.91ms)
(VSCode) 2025-02-14 10:16:04.366 [INFO]: Completion request was cancelled by token (370.05ms)
(VSCode) 2025-02-14 10:16:04.476 [INFO]: Completion request was cancelled by token (61.42ms)
(VSCode) 2025-02-14 10:16:05.741 [INFO]: Completion request was cancelled by token (1216.58ms)
(VSCode) 2025-02-14 10:16:07.294 [INFO]: Completion request was cancelled by token (1507.7ms)
(VSCode) 2025-02-14 10:16:07.485 [INFO]: Completion request was cancelled by token (144.09ms)
(VSCode) 2025-02-14 10:16:09.473 [INFO]: Completion request was cancelled by token (1942.38ms)
(VSCode) 2025-02-14 10:16:10.576 [INFO]: Completion request succeeded (1045.48ms)
(VSCode) 2025-02-14 10:16:10.578 [INFO]: Generated 2 completions
(VSCode) 2025-02-14 10:16:10.580 [INFO]: provideInlineCompletionItems request succeeded (1050.09ms)
(VSCode) 2025-02-14 10:16:12.119 [INFO]: Completion request was cancelled by token (322.78ms)
(VSCode) 2025-02-14 10:16:12.403 [INFO]: Completion request was cancelled by token (150.38ms)
(VSCode) 2025-02-14 10:16:12.482 [INFO]: Completion request was cancelled by token (23.02ms)
(VSCode) 2025-02-14 10:16:12.636 [INFO]: Completion request was cancelled by token (98.64ms)
(VSCode) 2025-02-14 10:16:12.801 [INFO]: Completion request was cancelled by token (111.23ms)
(VSCode) 2025-02-14 10:16:12.929 [INFO]: Completion request was cancelled by token (74ms)
(VSCode) 2025-02-14 10:16:13.104 [INFO]: Completion request was cancelled by token (121.27ms)
(VSCode) 2025-02-14 10:16:13.363 [INFO]: Completion request was cancelled by token (200.27ms)
(VSCode) 2025-02-14 10:16:13.421 [INFO]: Completion request was cancelled by token (10.21ms)
(VSCode) 2025-02-14 10:16:13.566 [INFO]: Completion request was cancelled by token (95.95ms)
(VSCode) 2025-02-14 10:16:13.911 [INFO]: Completion request was cancelled by token (286.23ms)
(VSCode) 2025-02-14 10:16:14.056 [INFO]: Completion request was cancelled by token (87.8ms)
(VSCode) 2025-02-14 10:16:14.182 [INFO]: Completion request was cancelled by token (76.61ms)
(VSCode) 2025-02-14 10:16:14.708 [INFO]: Completion request was cancelled by token (475.68ms)
(VSCode) 2025-02-14 10:16:14.911 [INFO]: Completion request was cancelled by token (120.21ms)
(VSCode) 2025-02-14 10:16:15.059 [INFO]: Completion request was cancelled by token (94.59ms)
(VSCode) 2025-02-14 10:16:15.182 [INFO]: Completion request was cancelled by token (69.69ms)
(VSCode) 2025-02-14 10:16:15.668 [INFO]: Completion request was cancelled by token (430.76ms)
(VSCode) 2025-02-14 10:16:16.131 [INFO]: Completion request succeeded (399.19ms)
(VSCode) 2025-02-14 10:16:16.134 [INFO]: Generated 2 completions
(VSCode) 2025-02-14 10:16:16.137 [INFO]: provideInlineCompletionItems request succeeded (404.65ms)
(VSCode) 2025-02-14 10:16:16.601 [INFO]: Completion request succeeded (18.34ms)
(VSCode) 2025-02-14 10:16:16.602 [INFO]: Generated 2 completions
(VSCode) 2025-02-14 10:16:16.603 [INFO]: provideInlineCompletionItems request succeeded (21.28ms)
(VSCode) 2025-02-14 10:16:17.129 [INFO]: Completion request succeeded (4.34ms)
(VSCode) 2025-02-14 10:16:17.129 [INFO]: Generated 2 completions
(VSCode) 2025-02-14 10:16:17.130 [INFO]: provideInlineCompletionItems request succeeded (5.32ms)
(VSCode) 2025-02-14 10:16:17.229 [INFO]: Completion request succeeded (5.61ms)
(VSCode) 2025-02-14 10:16:17.229 [INFO]: Generated 2 completions
(VSCode) 2025-02-14 10:16:17.230 [INFO]: provideInlineCompletionItems request succeeded (7.09ms)
(VSCode) 2025-02-14 10:16:17.830 [INFO]: Completion request succeeded (14.5ms)
(VSCode) 2025-02-14 10:16:17.831 [INFO]: Generated 2 completions
(VSCode) 2025-02-14 10:16:17.832 [INFO]: provideInlineCompletionItems request succeeded (17.85ms)
(VSCode) 2025-02-14 10:16:18.483 [INFO]: Completion request succeeded (3.61ms)
(VSCode) 2025-02-14 10:16:18.484 [INFO]: Generated 1 completion
(VSCode) 2025-02-14 10:16:18.484 [INFO]: provideInlineCompletionItems request succeeded (4.66ms)
(VSCode) 2025-02-14 10:16:18.795 [INFO]: Completion request was cancelled by token (151.89ms)
(VSCode) 2025-02-14 10:16:18.891 [INFO]: Completion request was cancelled by token (43.93ms)
(VSCode) 2025-02-14 10:16:19.793 [INFO]: Completion request was cancelled by token (850.64ms)
(VSCode) 2025-02-14 10:16:49.755 [INFO]: Completion request was cancelled by token (99.88ms)
(VSCode) 2025-02-14 10:16:51.911 [INFO]: Completion request succeeded (2110.55ms)
(VSCode) 2025-02-14 10:16:51.912 [INFO]: Generated 1 completion
(VSCode) 2025-02-14 10:16:51.913 [INFO]: provideInlineCompletionItems request succeeded (2113.89ms)
(VSCode) 2025-02-14 10:16:58.927 [INFO]: Completion request succeeded (601.58ms)
(VSCode) 2025-02-14 10:16:58.929 [INFO]: Generated 5 completions
(VSCode) 2025-02-14 10:16:58.930 [INFO]: provideInlineCompletionItems request succeeded (605.95ms)
(VSCode) 2025-02-14 10:16:59.349 [INFO]: Completion request was cancelled by token (182.43ms)
(VSCode) 2025-02-14 10:17:03.313 [INFO]: Completion request was cancelled by token (3914.05ms)
(VSCode) 2025-02-14 10:17:03.484 [INFO]: Completion request was cancelled by token (123.4ms)
(VSCode) 2025-02-14 10:17:03.613 [INFO]: Completion request was cancelled by token (81.43ms)
(VSCode) 2025-02-14 10:17:04.276 [INFO]: Completion request was cancelled by token (559.35ms)
(VSCode) 2025-02-14 10:17:04.515 [INFO]: Completion request was cancelled by token (192.4ms)
(VSCode) 2025-02-14 10:17:04.651 [INFO]: Completion request was cancelled by token (88.79ms)
(VSCode) 2025-02-14 10:17:04.787 [INFO]: Completion request was cancelled by token (88.41ms)
(VSCode) 2025-02-14 10:17:06.201 [INFO]: Completion request was cancelled by token (1365.94ms)
(VSCode) 2025-02-14 10:17:06.927 [INFO]: Completion request was cancelled by token (677.99ms)
(VSCode) 2025-02-14 10:17:07.219 [INFO]: Completion request was cancelled by token (244.88ms)
(VSCode) 2025-02-14 10:17:07.544 [INFO]: Completion request was cancelled by token (276.23ms)
(VSCode) 2025-02-14 10:17:07.726 [INFO]: Completion request was cancelled by token (98.3ms)
(VSCode) 2025-02-14 10:17:07.931 [INFO]: Completion request was cancelled by token (149.36ms)
(VSCode) 2025-02-14 10:17:08.251 [INFO]: Completion request was cancelled by token (268.41ms)
(VSCode) 2025-02-14 10:17:10.383 [INFO]: Completion request was cancelled by token (166.34ms)
(VSCode) 2025-02-14 10:17:10.792 [INFO]: Completion request was cancelled by token (354.04ms)
(VSCode) 2025-02-14 10:17:11.620 [INFO]: Completion request succeeded (771.64ms)
(VSCode) 2025-02-14 10:17:11.622 [INFO]: Generated 1 completion
(VSCode) 2025-02-14 10:17:11.623 [INFO]: provideInlineCompletionItems request succeeded (775.46ms)
(VSCode) 2025-02-14 10:17:12.215 [INFO]: Completion request was cancelled by token (521.35ms)
(VSCode) 2025-02-14 10:17:12.400 [INFO]: Completion request was cancelled by token (36.97ms)
(VSCode) 2025-02-14 10:17:12.823 [INFO]: Completion request was cancelled by token (367.89ms)
(VSCode) 2025-02-14 10:17:13.549 [INFO]: Completion request succeeded (672.13ms)
(VSCode) 2025-02-14 10:17:13.552 [INFO]: Generated 1 completion
(VSCode) 2025-02-14 10:17:13.553 [INFO]: provideInlineCompletionItems request succeeded (677.25ms)
(VSCode) 2025-02-14 10:17:14.400 [INFO]: Completion request succeeded (5.47ms)
(VSCode) 2025-02-14 10:17:14.401 [INFO]: Generated 1 completion
(VSCode) 2025-02-14 10:17:14.401 [INFO]: provideInlineCompletionItems request succeeded (6.73ms)
(VSCode) 2025-02-14 10:17:14.672 [INFO]: Completion request was cancelled by token (19.53ms)
(VSCode) 2025-02-14 10:17:15.075 [INFO]: Completion request succeeded (352.51ms)
(VSCode) 2025-02-14 10:17:15.076 [INFO]: Generated 2 completions
(VSCode) 2025-02-14 10:17:15.077 [INFO]: provideInlineCompletionItems request succeeded (354.79ms)
(VSCode) 2025-02-14 10:17:18.082 [INFO]: Completion request was cancelled by token (2759.74ms)
(VSCode) 2025-02-14 10:17:18.264 [INFO]: Completion request was cancelled by token (79.58ms)
(VSCode) 2025-02-14 10:17:18.494 [INFO]: Completion request was cancelled by token (175.33ms)
(VSCode) 2025-02-14 10:17:18.581 [INFO]: Completion request was cancelled by token (30.25ms)
(VSCode) 2025-02-14 10:17:18.886 [INFO]: Completion request was cancelled by token (249.27ms)
(VSCode) 2025-02-14 10:17:19.401 [INFO]: Completion request succeeded (463.29ms)
(VSCode) 2025-02-14 10:17:19.403 [INFO]: Generated 1 completion
(VSCode) 2025-02-14 10:17:19.404 [INFO]: provideInlineCompletionItems request succeeded (466.81ms)
(VSCode) 2025-02-14 10:17:20.506 [INFO]: Completion request succeeded (589.27ms)
(VSCode) 2025-02-14 10:17:20.507 [INFO]: No completions were generated
(VSCode) 2025-02-14 10:17:20.508 [INFO]: provideInlineCompletionItems request succeeded (592.17ms)
(VSCode) 2025-02-14 10:17:22.186 [INFO]: Completion request succeeded (386.39ms)
(VSCode) 2025-02-14 10:17:22.188 [INFO]: No completions were generated
(VSCode) 2025-02-14 10:17:22.189 [INFO]: provideInlineCompletionItems request succeeded (390.65ms)
(VSCode) 2025-02-14 10:17:24.089 [INFO]: Completion request succeeded (808.34ms)
(VSCode) 2025-02-14 10:17:24.092 [INFO]: No completions were generated
(VSCode) 2025-02-14 10:17:24.093 [INFO]: provideInlineCompletionItems request succeeded (812.48ms)
(VSCode) 2025-02-14 10:17:25.818 [INFO]: Completion request was cancelled by token (287.98ms)
(VSCode) 2025-02-14 10:17:26.053 [INFO]: Completion request was cancelled by token (184.61ms)
(VSCode) 2025-02-14 10:17:26.628 [INFO]: Completion request was cancelled by token (527.04ms)
(VSCode) 2025-02-14 10:17:34.824 [INFO]: Completion request succeeded (715.81ms)
(VSCode) 2025-02-14 10:17:34.824 [INFO]: No completions were generated
(VSCode) 2025-02-14 10:17:34.825 [INFO]: provideInlineCompletionItems request succeeded (717.04ms)
(VSCode) 2025-02-14 10:17:36.458 [INFO]: Completion request was cancelled by token (647.05ms)
(VSCode) 2025-02-14 10:17:36.999 [INFO]: Completion request was cancelled by token (495.97ms)
(VSCode) 2025-02-14 10:17:37.144 [INFO]: Completion request was cancelled by token (98ms)
(VSCode) 2025-02-14 10:17:37.267 [INFO]: Completion request was cancelled by token (74.73ms)
(VSCode) 2025-02-14 10:17:37.444 [INFO]: Completion request was cancelled by token (129.42ms)
(VSCode) 2025-02-14 10:17:37.897 [INFO]: Completion request was cancelled by token (403.57ms)
(VSCode) 2025-02-14 10:17:38.930 [INFO]: Completion request succeeded (989.78ms)
(VSCode) 2025-02-14 10:17:38.931 [INFO]: Generated 8 completions
(VSCode) 2025-02-14 10:17:38.931 [INFO]: provideInlineCompletionItems request succeeded (991.5ms)
(VSCode) 2025-02-14 10:17:45.374 [INFO]: Completion request was cancelled by token (8.14ms)
(VSCode) 2025-02-14 10:17:45.472 [INFO]: Completion request was cancelled by token (48.22ms)
(VSCode) 2025-02-14 10:17:45.692 [INFO]: Completion request was cancelled by token (113.37ms)
(VSCode) 2025-02-14 10:17:46.303 [INFO]: Completion request was cancelled by token (532.6ms)
(VSCode) 2025-02-14 10:17:46.584 [INFO]: Completion request was cancelled by token (233.62ms)
(VSCode) 2025-02-14 10:17:46.811 [INFO]: Completion request was cancelled by token (157.91ms)
(VSCode) 2025-02-14 10:17:46.907 [INFO]: Completion request was cancelled by token (48.28ms)
(VSCode) 2025-02-14 10:17:47.031 [INFO]: Completion request was cancelled by token (58.69ms)
(VSCode) 2025-02-14 10:17:47.150 [INFO]: Completion request was cancelled by token (63.99ms)
(VSCode) 2025-02-14 10:17:47.800 [INFO]: Completion request succeeded (597.33ms)
(VSCode) 2025-02-14 10:17:47.802 [INFO]: Generated 1 completion
(VSCode) 2025-02-14 10:17:47.803 [INFO]: provideInlineCompletionItems request succeeded (601.41ms)
(VSCode) 2025-02-14 10:17:57.484 [INFO]: Completion request succeeded (14.29ms)
(VSCode) 2025-02-14 10:17:57.485 [INFO]: Generated 1 completion
(VSCode) 2025-02-14 10:17:57.486 [INFO]: provideInlineCompletionItems request succeeded (18.08ms)
(VSCode) 2025-02-14 10:17:57.599 [INFO]: Completion request succeeded (4.04ms)
(VSCode) 2025-02-14 10:17:57.600 [INFO]: Generated 1 completion
(VSCode) 2025-02-14 10:17:57.600 [INFO]: provideInlineCompletionItems request succeeded (4.9ms)
(VSCode) 2025-02-14 10:17:57.883 [INFO]: Completion request succeeded (3.48ms)
(VSCode) 2025-02-14 10:17:57.883 [INFO]: Generated 1 completion
(VSCode) 2025-02-14 10:17:57.883 [INFO]: provideInlineCompletionItems request succeeded (4.36ms)
(VSCode) 2025-02-14 10:17:59.268 [INFO]: Completion request succeeded (664.06ms)
(VSCode) 2025-02-14 10:17:59.270 [INFO]: Generated 2 completions
(VSCode) 2025-02-14 10:17:59.272 [INFO]: provideInlineCompletionItems request succeeded (667.99ms)
(VSCode) 2025-02-14 10:18:00.333 [INFO]: Completion request succeeded (5.96ms)
(VSCode) 2025-02-14 10:18:00.333 [INFO]: Generated 2 completions
(VSCode) 2025-02-14 10:18:00.334 [INFO]: provideInlineCompletionItems request succeeded (6.99ms)
(VSCode) 2025-02-14 10:18:01.637 [INFO]: Completion request succeeded (9.74ms)
(VSCode) 2025-02-14 10:18:01.637 [INFO]: Generated 2 completions
(VSCode) 2025-02-14 10:18:01.637 [INFO]: provideInlineCompletionItems request succeeded (11.24ms)
(VSCode) 2025-02-14 10:18:04.743 [INFO]: Completion request succeeded (7.45ms)
(VSCode) 2025-02-14 10:18:04.744 [INFO]: Generated 2 completions
(VSCode) 2025-02-14 10:18:04.744 [INFO]: provideInlineCompletionItems request succeeded (9.26ms)
(VSCode) 2025-02-14 10:18:05.589 [INFO]: Completion request succeeded (631.06ms)
(VSCode) 2025-02-14 10:18:05.589 [INFO]: No completions were generated
(VSCode) 2025-02-14 10:18:05.589 [INFO]: provideInlineCompletionItems request succeeded (632.09ms)
(VSCode) 2025-02-14 10:52:00.484 [INFO]: Completion request succeeded (1396.74ms)
(VSCode) 2025-02-14 10:52:00.487 [INFO]: Generated 1 completion
(VSCode) 2025-02-14 10:52:00.489 [INFO]: provideInlineCompletionItems request succeeded (1401.86ms)
(VSCode) 2025-02-14 10:52:01.815 [INFO]: Completion request succeeded (715.07ms)
(VSCode) 2025-02-14 10:52:01.818 [INFO]: No completions were generated
(VSCode) 2025-02-14 10:52:01.818 [INFO]: provideInlineCompletionItems request succeeded (719.89ms)
(VSCode) 2025-02-14 10:52:08.079 [INFO]: Completion request was cancelled by token (526.01ms)
(VSCode) 2025-02-14 10:52:15.946 [INFO]: Completion request succeeded (581.51ms)
(VSCode) 2025-02-14 10:52:15.948 [INFO]: No completions were generated
(VSCode) 2025-02-14 10:52:15.948 [INFO]: provideInlineCompletionItems request succeeded (585.28ms)
(VSCode) 2025-02-14 10:52:20.634 [INFO]: Completion request was cancelled by token (802.93ms)
(VSCode) 2025-02-14 10:52:21.109 [INFO]: Completion request was cancelled by token (428.44ms)
(VSCode) 2025-02-14 10:52:22.077 [INFO]: Completion request succeeded (919.75ms)
(VSCode) 2025-02-14 10:52:22.079 [INFO]: Generated 1 completion
(VSCode) 2025-02-14 10:52:22.080 [INFO]: provideInlineCompletionItems request succeeded (923.78ms)
(VSCode) 2025-02-14 10:52:23.234 [INFO]: Completion request succeeded (364.57ms)
(VSCode) 2025-02-14 10:52:23.234 [INFO]: No completions were generated
(VSCode) 2025-02-14 10:52:23.234 [INFO]: provideInlineCompletionItems request succeeded (366.25ms)
(VSCode) 2025-02-14 10:52:24.580 [INFO]: Completion request was cancelled by token (995.59ms)
(VSCode) 2025-02-14 10:52:25.103 [INFO]: Completion request was cancelled by token (477.1ms)
(VSCode) 2025-02-14 10:52:30.490 [INFO]: Completion request succeeded (10.09ms)
(VSCode) 2025-02-14 10:52:30.491 [INFO]: Generated 1 completion
(VSCode) 2025-02-14 10:52:30.491 [INFO]: provideInlineCompletionItems request succeeded (12.02ms)
(VSCode) 2025-02-14 10:52:35.093 [INFO]: Completion request was cancelled by token (210.16ms)
(VSCode) 2025-02-14 10:52:35.730 [INFO]: Completion request was cancelled by token (589.47ms)
(VSCode) 2025-02-14 10:52:45.609 [INFO]: Completion request was cancelled by token (1057.86ms)
(VSCode) 2025-02-14 10:52:45.841 [INFO]: Completion request was cancelled by token (187.31ms)
(VSCode) 2025-02-14 10:52:46.854 [INFO]: Completion request was cancelled by token (970.43ms)
(VSCode) 2025-02-14 10:52:47.376 [INFO]: Completion request succeeded (486.55ms)
(VSCode) 2025-02-14 10:52:47.379 [INFO]: No completions were generated
(VSCode) 2025-02-14 10:52:47.380 [INFO]: provideInlineCompletionItems request succeeded (490.41ms)
(VSCode) 2025-02-14 10:52:49.149 [INFO]: Completion request was cancelled by token (10.47ms)
(VSCode) 2025-02-14 10:52:50.212 [INFO]: Completion request was cancelled by token (1011.01ms)
(VSCode) 2025-02-14 10:52:50.464 [INFO]: Completion request was cancelled by token (196.08ms)
(VSCode) 2025-02-14 10:52:50.576 [INFO]: Completion request was cancelled by token (55.56ms)
(VSCode) 2025-02-14 10:52:50.992 [INFO]: Completion request was cancelled by token (360.47ms)
(VSCode) 2025-02-14 10:52:53.085 [INFO]: Completion request was cancelled by token (2034.83ms)
(VSCode) 2025-02-14 10:52:54.019 [INFO]: Completion request was cancelled by token (852.38ms)
(VSCode) 2025-02-14 10:52:54.178 [INFO]: Completion request was cancelled by token (43.73ms)
(VSCode) 2025-02-14 10:52:54.453 [INFO]: Completion request was cancelled by token (220.75ms)
(VSCode) 2025-02-14 10:52:54.598 [INFO]: Completion request was cancelled by token (91.96ms)
(VSCode) 2025-02-14 10:52:55.366 [INFO]: Completion request was cancelled by token (716.03ms)
(VSCode) 2025-02-14 10:52:58.026 [INFO]: Completion request was cancelled by token (2622.15ms)
(VSCode) 2025-02-14 10:52:58.323 [INFO]: Completion request was cancelled by token (248.07ms)
(VSCode) 2025-02-14 10:52:58.774 [INFO]: Completion request was cancelled by token (164.91ms)
(VSCode) 2025-02-14 10:52:59.036 [INFO]: Completion request was cancelled by token (214.99ms)
(VSCode) 2025-02-14 10:52:59.716 [INFO]: Completion request was cancelled by token (633.24ms)
(VSCode) 2025-02-14 10:53:02.226 [INFO]: Completion request was cancelled by token (2459.54ms)
(VSCode) 2025-02-14 10:54:04.287 [INFO]: Completion request was cancelled by token (1353.75ms)
(VSCode) 2025-02-14 10:54:05.217 [INFO]: Completion request was cancelled by token (882.93ms)
(VSCode) 2025-02-14 10:54:05.404 [INFO]: Completion request was cancelled by token (137.76ms)
(VSCode) 2025-02-14 10:54:06.132 [INFO]: Completion request was cancelled by token (679.66ms)
(VSCode) 2025-02-14 10:54:06.284 [INFO]: Completion request was cancelled by token (100.87ms)
(VSCode) 2025-02-14 10:54:08.532 [INFO]: Completion request was cancelled by token (2198.02ms)
(VSCode) 2025-02-14 10:54:08.628 [INFO]: Completion request was cancelled by token (47.98ms)
(VSCode) 2025-02-14 10:54:08.687 [INFO]: Completion request was cancelled by token (14.44ms)
(VSCode) 2025-02-14 10:54:09.006 [INFO]: Completion request was cancelled by token (271.02ms)
(VSCode) 2025-02-14 10:54:09.178 [INFO]: Completion request was cancelled by token (121.13ms)
(VSCode) 2025-02-14 10:54:09.380 [INFO]: Completion request was cancelled by token (152.42ms)
(VSCode) 2025-02-14 10:54:10.841 [INFO]: Completion request was cancelled by token (1416.97ms)
(VSCode) 2025-02-14 10:54:10.925 [INFO]: Completion request was cancelled by token (33.21ms)
(VSCode) 2025-02-14 10:54:11.211 [INFO]: Completion request was cancelled by token (235.68ms)
(VSCode) 2025-02-14 10:54:12.467 [INFO]: Completion request succeeded (1207.01ms)
(VSCode) 2025-02-14 10:54:12.471 [INFO]: Generated 3 completions
(VSCode) 2025-02-14 10:54:12.473 [INFO]: provideInlineCompletionItems request succeeded (1213.08ms)
(VSCode) 2025-02-14 10:54:24.486 [INFO]: Completion request succeeded (646.14ms)
(VSCode) 2025-02-14 10:54:24.486 [INFO]: No completions were generated
(VSCode) 2025-02-14 10:54:24.486 [INFO]: provideInlineCompletionItems request succeeded (647.16ms)
(VSCode) 2025-02-14 10:54:35.658 [INFO]: Completion request was cancelled by token (123.09ms)
(VSCode) 2025-02-14 10:54:35.939 [INFO]: Completion request was cancelled by token (234.68ms)
(VSCode) 2025-02-14 10:54:36.874 [INFO]: Completion request was cancelled by token (884.85ms)
(VSCode) 2025-02-14 10:54:37.371 [INFO]: Completion request succeeded (412.71ms)
(VSCode) 2025-02-14 10:54:37.374 [INFO]: Generated 1 completion
(VSCode) 2025-02-14 10:54:37.375 [INFO]: provideInlineCompletionItems request succeeded (416.64ms)
(VSCode) 2025-02-14 10:54:39.628 [INFO]: Completion request succeeded (667.31ms)
(VSCode) 2025-02-14 10:54:39.631 [INFO]: Generated 1 completion
(VSCode) 2025-02-14 10:54:39.632 [INFO]: provideInlineCompletionItems request succeeded (672.29ms)
(VSCode) 2025-02-14 10:54:42.155 [INFO]: Completion request was cancelled by token (64.26ms)
(VSCode) 2025-02-14 10:54:43.040 [INFO]: Completion request was cancelled by token (835.49ms)
(VSCode) 2025-02-14 10:54:43.124 [INFO]: Completion request was cancelled by token (35.68ms)
(VSCode) 2025-02-14 10:54:43.272 [INFO]: Completion request was cancelled by token (96.16ms)
(VSCode) 2025-02-14 10:54:43.813 [INFO]: Completion request was cancelled by token (490.28ms)
(VSCode) 2025-02-14 10:54:43.913 [INFO]: Completion request was cancelled by token (50.29ms)
(VSCode) 2025-02-14 10:54:44.068 [INFO]: Completion request was cancelled by token (103.65ms)
(VSCode) 2025-02-14 10:54:44.146 [INFO]: Completion request was cancelled by token (29.37ms)
(VSCode) 2025-02-14 10:54:44.342 [INFO]: Completion request was cancelled by token (145.45ms)
(VSCode) 2025-02-14 10:54:44.745 [INFO]: Completion request succeeded (352.12ms)
(VSCode) 2025-02-14 10:54:44.746 [INFO]: No completions were generated
(VSCode) 2025-02-14 10:54:44.746 [INFO]: provideInlineCompletionItems request succeeded (353.49ms)
(VSCode) 2025-02-14 10:54:46.597 [INFO]: Completion request was cancelled by token (126.96ms)
(VSCode) 2025-02-14 10:54:46.752 [INFO]: Completion request was cancelled by token (109.49ms)
(VSCode) 2025-02-14 10:54:46.922 [INFO]: Completion request was cancelled by token (124.89ms)
(VSCode) 2025-02-14 10:54:51.174 [INFO]: Completion request succeeded (4202.68ms)
(VSCode) 2025-02-14 10:54:51.177 [INFO]: Generated 1 completion
(VSCode) 2025-02-14 10:54:51.178 [INFO]: provideInlineCompletionItems request succeeded (4207.26ms)
(VSCode) 2025-02-14 10:54:52.125 [INFO]: Completion request succeeded (721.13ms)
(VSCode) 2025-02-14 10:54:52.129 [INFO]: Generated 1 completion
(VSCode) 2025-02-14 10:54:52.130 [INFO]: provideInlineCompletionItems request succeeded (726.32ms)
(VSCode) 2025-02-14 10:54:52.701 [INFO]: Completion request was cancelled by token (397.84ms)
(VSCode) 2025-02-14 10:54:52.752 [INFO]: Completion request succeeded (6.49ms)
(VSCode) 2025-02-14 10:54:52.754 [INFO]: Generated 1 completion
(VSCode) 2025-02-14 10:54:52.754 [INFO]: provideInlineCompletionItems request succeeded (8.9ms)
(VSCode) 2025-02-14 10:54:53.022 [INFO]: Completion request succeeded (13.05ms)
(VSCode) 2025-02-14 10:54:53.023 [INFO]: Generated 1 completion
(VSCode) 2025-02-14 10:54:53.023 [INFO]: provideInlineCompletionItems request succeeded (15.68ms)
(VSCode) 2025-02-14 10:54:54.113 [INFO]: Completion request succeeded (595.24ms)
(VSCode) 2025-02-14 10:54:54.115 [INFO]: No completions were generated
(VSCode) 2025-02-14 10:54:54.116 [INFO]: provideInlineCompletionItems request succeeded (598.33ms)
(VSCode) 2025-02-14 10:54:55.988 [INFO]: Completion request was cancelled by token (124.59ms)
(VSCode) 2025-02-14 10:54:56.156 [INFO]: Completion request was cancelled by token (119.05ms)
(VSCode) 2025-02-14 10:54:56.328 [INFO]: Completion request was cancelled by token (120ms)
(VSCode) 2025-02-14 10:54:56.502 [INFO]: Completion request was cancelled by token (130.77ms)
(VSCode) 2025-02-14 10:54:56.698 [INFO]: Completion request was cancelled by token (150.7ms)
(VSCode) 2025-02-14 10:54:57.482 [INFO]: Completion request succeeded (739.6ms)
(VSCode) 2025-02-14 10:54:57.485 [INFO]: Generated 1 completion
(VSCode) 2025-02-14 10:54:57.486 [INFO]: provideInlineCompletionItems request succeeded (744.23ms)
(VSCode) 2025-02-14 10:54:58.364 [INFO]: Completion request was cancelled by token (136.37ms)
(VSCode) 2025-02-14 10:54:58.536 [INFO]: Completion request was cancelled by token (124.58ms)
(VSCode) 2025-02-14 10:54:58.712 [INFO]: Completion request was cancelled by token (127.65ms)
(VSCode) 2025-02-14 10:54:58.889 [INFO]: Completion request was cancelled by token (130.5ms)
(VSCode) 2025-02-14 10:54:58.962 [INFO]: Completion request was cancelled by token (23.97ms)
(VSCode) 2025-02-14 10:55:00.459 [INFO]: Completion request was cancelled by token (1444.47ms)
(VSCode) 2025-02-14 10:55:00.594 [INFO]: Completion request was cancelled by token (85.74ms)
(VSCode) 2025-02-14 10:55:00.793 [INFO]: Completion request was cancelled by token (147.46ms)
(VSCode) 2025-02-14 10:55:00.913 [INFO]: Completion request was cancelled by token (71.22ms)
(VSCode) 2025-02-14 10:55:01.020 [INFO]: Completion request was cancelled by token (56.53ms)
(VSCode) 2025-02-14 10:55:01.134 [INFO]: Completion request was cancelled by token (62.74ms)
(VSCode) 2025-02-14 10:55:02.763 [INFO]: Completion request succeeded (1579.45ms)
(VSCode) 2025-02-14 10:55:02.763 [INFO]: No completions were generated
(VSCode) 2025-02-14 10:55:02.764 [INFO]: provideInlineCompletionItems request succeeded (1580.77ms)
(VSCode) 2025-02-14 10:55:07.534 [INFO]: Completion request was cancelled by token (552.81ms)
(VSCode) 2025-02-14 10:55:08.377 [INFO]: Completion request succeeded (795.43ms)
(VSCode) 2025-02-14 10:55:08.380 [INFO]: No completions were generated
(VSCode) 2025-02-14 10:55:08.380 [INFO]: provideInlineCompletionItems request succeeded (799.21ms)
(VSCode) 2025-02-14 10:55:09.547 [INFO]: Completion request was cancelled by token (797.5ms)
(VSCode) 2025-02-14 10:55:09.928 [INFO]: Completion request was cancelled by token (332.12ms)
(VSCode) 2025-02-14 10:55:10.166 [INFO]: Completion request was cancelled by token (186.86ms)
(VSCode) 2025-02-14 10:55:10.298 [INFO]: Completion request was cancelled by token (84.65ms)
(VSCode) 2025-02-14 10:55:10.760 [INFO]: Completion request was cancelled by token (415.36ms)
(VSCode) 2025-02-14 10:55:11.068 [INFO]: Completion request was cancelled by token (260.06ms)
(VSCode) 2025-02-14 10:55:11.661 [INFO]: Completion request was cancelled by token (540.39ms)
(VSCode) 2025-02-14 10:55:13.103 [INFO]: Completion request was cancelled by token (1395.22ms)
(VSCode) 2025-02-14 10:55:13.910 [INFO]: Completion request was cancelled by token (760.9ms)
(VSCode) 2025-02-14 10:55:14.172 [INFO]: Completion request was cancelled by token (213.43ms)
(VSCode) 2025-02-14 10:55:14.373 [INFO]: Completion request was cancelled by token (159.14ms)
(VSCode) 2025-02-14 10:55:15.229 [INFO]: Completion request was cancelled by token (803.95ms)
(VSCode) 2025-02-14 10:55:15.303 [INFO]: Completion request was cancelled by token (26.9ms)
(VSCode) 2025-02-14 10:55:15.619 [INFO]: Completion request was cancelled by token (266.49ms)
(VSCode) 2025-02-14 10:55:15.749 [INFO]: Completion request was cancelled by token (77.43ms)
(VSCode) 2025-02-14 10:55:16.490 [INFO]: Completion request succeeded (691.58ms)
(VSCode) 2025-02-14 10:55:16.491 [INFO]: No completions were generated
(VSCode) 2025-02-14 10:55:16.492 [INFO]: provideInlineCompletionItems request succeeded (694.23ms)
(VSCode) 2025-02-14 10:55:30.471 [INFO]: Completion request was cancelled by token (1628.18ms)
(VSCode) 2025-02-14 10:55:30.621 [INFO]: Completion request was cancelled by token (108.42ms)
(VSCode) 2025-02-14 10:55:33.344 [INFO]: Completion request was cancelled by token (2677.99ms)
(VSCode) 2025-02-14 10:55:33.399 [INFO]: Completion request was cancelled by token (7.08ms)
(VSCode) 2025-02-14 10:55:33.488 [INFO]: Completion request was cancelled by token (21.81ms)
(VSCode) 2025-02-14 10:55:33.763 [INFO]: Completion request was cancelled by token (222.9ms)
(VSCode) 2025-02-14 10:55:33.927 [INFO]: Completion request was cancelled by token (111.13ms)
(VSCode) 2025-02-14 10:55:34.203 [INFO]: Completion request was cancelled by token (219.55ms)
(VSCode) 2025-02-14 10:55:34.563 [INFO]: Completion request was cancelled by token (304.73ms)
(VSCode) 2025-02-14 10:55:34.721 [INFO]: Completion request was cancelled by token (102.64ms)
(VSCode) 2025-02-14 10:55:35.286 [INFO]: Completion request was cancelled by token (505.43ms)
(VSCode) 2025-02-14 10:55:35.526 [INFO]: Completion request was cancelled by token (185.77ms)
(VSCode) 2025-02-14 10:55:35.655 [INFO]: Completion request was cancelled by token (70.65ms)
(VSCode) 2025-02-14 10:55:38.406 [INFO]: Completion request was cancelled by token (2697.76ms)
(VSCode) 2025-02-14 10:55:39.728 [INFO]: Completion request was cancelled by token (1274.94ms)
(VSCode) 2025-02-14 10:55:41.256 [INFO]: Completion request succeeded (1447.11ms)
(VSCode) 2025-02-14 10:55:41.257 [INFO]: Generated 1 completion
(VSCode) 2025-02-14 10:55:41.257 [INFO]: provideInlineCompletionItems request succeeded (1448.95ms)
(VSCode) 2025-02-14 10:55:41.358 [INFO]: Completion request succeeded (9.03ms)
(VSCode) 2025-02-14 10:55:41.358 [INFO]: Generated 1 completion
(VSCode) 2025-02-14 10:55:41.359 [INFO]: provideInlineCompletionItems request succeeded (10.6ms)
(VSCode) 2025-02-14 10:55:41.505 [INFO]: Completion request succeeded (4.41ms)
(VSCode) 2025-02-14 10:55:41.505 [INFO]: Generated 1 completion
(VSCode) 2025-02-14 10:55:41.506 [INFO]: provideInlineCompletionItems request succeeded (5.59ms)
(VSCode) 2025-02-14 10:55:41.678 [INFO]: Completion request succeeded (4.19ms)
(VSCode) 2025-02-14 10:55:41.678 [INFO]: Generated 1 completion
(VSCode) 2025-02-14 10:55:41.679 [INFO]: provideInlineCompletionItems request succeeded (5.13ms)
(VSCode) 2025-02-14 10:55:43.385 [INFO]: Completion request was cancelled by token (922.14ms)
(VSCode) 2025-02-14 10:55:43.445 [INFO]: Completion request was cancelled by token (6.21ms)
(VSCode) 2025-02-14 10:55:44.147 [INFO]: Completion request was cancelled by token (623.43ms)
(VSCode) 2025-02-14 10:55:44.429 [INFO]: Completion request was cancelled by token (234.83ms)
(VSCode) 2025-02-14 10:55:45.873 [INFO]: Completion request was cancelled by token (1389.74ms)
(VSCode) 2025-02-14 10:55:46.060 [INFO]: Completion request was cancelled by token (104.56ms)
(VSCode) 2025-02-14 10:55:46.218 [INFO]: Completion request was cancelled by token (101.35ms)
(VSCode) 2025-02-14 10:55:46.323 [INFO]: Completion request was cancelled by token (49.13ms)
(VSCode) 2025-02-14 10:55:46.953 [INFO]: Completion request was cancelled by token (578.49ms)
(VSCode) 2025-02-14 10:55:48.597 [INFO]: Completion request was cancelled by token (1580.45ms)
(VSCode) 2025-02-14 10:55:49.177 [INFO]: Completion request was cancelled by token (530.19ms)
(VSCode) 2025-02-14 10:55:49.265 [INFO]: Completion request was cancelled by token (38.24ms)
(VSCode) 2025-02-14 10:55:49.676 [INFO]: Completion request was cancelled by token (357.55ms)
(VSCode) 2025-02-14 10:55:49.850 [INFO]: Completion request was cancelled by token (123.02ms)
(VSCode) 2025-02-14 10:55:49.954 [INFO]: Completion request was cancelled by token (51.85ms)
(VSCode) 2025-02-14 10:55:50.030 [INFO]: Completion request was cancelled by token (28.13ms)
(VSCode) 2025-02-14 10:55:50.598 [INFO]: Completion request succeeded (517.62ms)
(VSCode) 2025-02-14 10:55:50.599 [INFO]: Generated 2 completions
(VSCode) 2025-02-14 10:55:50.599 [INFO]: provideInlineCompletionItems request succeeded (519.5ms)
(VSCode) 2025-02-14 10:55:55.432 [INFO]: Completion request succeeded (993.81ms)
(VSCode) 2025-02-14 10:55:55.436 [INFO]: No completions were generated
(VSCode) 2025-02-14 10:55:55.437 [INFO]: provideInlineCompletionItems request succeeded (999.04ms)
(VSCode) 2025-02-14 10:55:58.110 [INFO]: Completion request was cancelled by token (467.46ms)
(VSCode) 2025-02-14 10:56:06.789 [INFO]: Completion request succeeded (830.32ms)
(VSCode) 2025-02-14 10:56:06.792 [INFO]: Generated 1 completion
(VSCode) 2025-02-14 10:56:06.793 [INFO]: provideInlineCompletionItems request succeeded (835.02ms)
(VSCode) 2025-02-14 10:56:10.273 [INFO]: Completion request succeeded (752.82ms)
(VSCode) 2025-02-14 10:56:10.275 [INFO]: No completions were generated
(VSCode) 2025-02-14 10:56:10.276 [INFO]: provideInlineCompletionItems request succeeded (756.3ms)
(VSCode) 2025-02-14 10:56:12.843 [INFO]: Completion request was cancelled by token (981.66ms)
(VSCode) 2025-02-14 10:56:13.103 [INFO]: Completion request was cancelled by token (201.2ms)
(VSCode) 2025-02-14 10:56:13.182 [INFO]: Completion request was cancelled by token (23.4ms)
(VSCode) 2025-02-14 10:56:13.523 [INFO]: Completion request was cancelled by token (287.64ms)
(VSCode) 2025-02-14 10:56:14.209 [INFO]: Completion request succeeded (633.71ms)
(VSCode) 2025-02-14 10:56:14.214 [INFO]: Generated 3 completions
(VSCode) 2025-02-14 10:56:14.215 [INFO]: provideInlineCompletionItems request succeeded (641.06ms)
(VSCode) 2025-02-14 10:56:15.730 [INFO]: Completion request succeeded (683.4ms)
(VSCode) 2025-02-14 10:56:15.733 [INFO]: No completions were generated
(VSCode) 2025-02-14 10:56:15.734 [INFO]: provideInlineCompletionItems request succeeded (687.78ms)
(VSCode) 2025-02-14 10:56:20.758 [INFO]: Completion request succeeded (465.79ms)
(VSCode) 2025-02-14 10:56:20.761 [INFO]: No completions were generated
(VSCode) 2025-02-14 10:56:20.762 [INFO]: provideInlineCompletionItems request succeeded (470.19ms)
(VSCode) 2025-02-14 10:56:22.586 [INFO]: Completion request was cancelled by token (185.97ms)
(VSCode) 2025-02-14 10:56:22.972 [INFO]: Completion request was cancelled by token (336.52ms)
(VSCode) 2025-02-14 10:56:23.076 [INFO]: Completion request was cancelled by token (19.89ms)
(VSCode) 2025-02-14 10:56:23.278 [INFO]: Completion request was cancelled by token (144.71ms)
(VSCode) 2025-02-14 10:56:24.164 [INFO]: Completion request was cancelled by token (823.92ms)
(VSCode) 2025-02-14 10:56:24.414 [INFO]: Completion request was cancelled by token (204.61ms)
(VSCode) 2025-02-14 10:56:26.411 [INFO]: Completion request was cancelled by token (1945.99ms)
(VSCode) 2025-02-14 10:56:26.708 [INFO]: Completion request was cancelled by token (251.67ms)
(VSCode) 2025-02-14 10:56:27.413 [INFO]: Completion request was cancelled by token (619.41ms)
(VSCode) 2025-02-14 10:56:27.541 [INFO]: Completion request was cancelled by token (78.98ms)
(VSCode) 2025-02-14 10:56:28.000 [INFO]: Completion request was cancelled by token (409.38ms)
(VSCode) 2025-02-14 10:56:28.192 [INFO]: Completion request was cancelled by token (109.27ms)
(VSCode) 2025-02-14 10:56:28.333 [INFO]: Completion request was cancelled by token (86.49ms)
(VSCode) 2025-02-14 10:56:28.435 [INFO]: Completion request was cancelled by token (51.3ms)
(VSCode) 2025-02-14 10:56:28.863 [INFO]: Completion request was cancelled by token (374.53ms)
(VSCode) 2025-02-14 10:56:29.600 [INFO]: Completion request succeeded (674.24ms)
(VSCode) 2025-02-14 10:56:29.603 [INFO]: Generated 2 completions
(VSCode) 2025-02-14 10:56:29.604 [INFO]: provideInlineCompletionItems request succeeded (678.76ms)
(VSCode) 2025-02-14 10:56:31.251 [INFO]: Completion request succeeded (810.05ms)
(VSCode) 2025-02-14 10:56:31.254 [INFO]: No completions were generated
(VSCode) 2025-02-14 10:56:31.254 [INFO]: provideInlineCompletionItems request succeeded (813.45ms)
(VSCode) 2025-02-14 10:56:35.509 [INFO]: Completion request was cancelled by token (137.54ms)
(VSCode) 2025-02-14 10:56:35.673 [INFO]: Completion request was cancelled by token (118.41ms)
(VSCode) 2025-02-14 10:56:35.819 [INFO]: Completion request was cancelled by token (98.64ms)
(VSCode) 2025-02-14 10:56:35.984 [INFO]: Completion request was cancelled by token (118.54ms)
(VSCode) 2025-02-14 10:56:36.143 [INFO]: Completion request was cancelled by token (111.66ms)
(VSCode) 2025-02-14 10:56:36.311 [INFO]: Completion request was cancelled by token (119.56ms)
(VSCode) 2025-02-14 10:56:36.505 [INFO]: Completion request was cancelled by token (148.61ms)
(VSCode) 2025-02-14 10:56:37.049 [INFO]: Completion request was cancelled by token (496.93ms)
(VSCode) 2025-02-14 10:56:37.666 [INFO]: Completion request was cancelled by token (566.86ms)
(VSCode) 2025-02-14 10:56:38.305 [INFO]: Completion request was cancelled by token (589.51ms)
(VSCode) 2025-02-14 10:56:50.594 [INFO]: Completion request succeeded (1424.96ms)
(VSCode) 2025-02-14 10:56:50.594 [INFO]: Generated 2 completions
(VSCode) 2025-02-14 10:56:50.595 [INFO]: provideInlineCompletionItems request succeeded (1425.97ms)
(VSCode) 2025-02-14 10:56:53.736 [INFO]: Completion request was cancelled by token (1564.25ms)
(VSCode) 2025-02-14 10:56:55.505 [INFO]: Completion request succeeded (1721.9ms)
(VSCode) 2025-02-14 10:56:55.505 [INFO]: No completions were generated
(VSCode) 2025-02-14 10:56:55.506 [INFO]: provideInlineCompletionItems request succeeded (1723.31ms)
(VSCode) 2025-02-14 10:57:33.483 [INFO]: Completion request was cancelled by token (137.65ms)
(VSCode) 2025-02-14 10:57:34.635 [INFO]: Completion request was cancelled by token (1098.58ms)
(VSCode) 2025-02-14 10:57:41.544 [INFO]: Completion request was cancelled by token (111.47ms)
(VSCode) 2025-02-14 10:57:41.702 [INFO]: Completion request was cancelled by token (107.39ms)
(VSCode) 2025-02-14 10:57:41.870 [INFO]: Completion request was cancelled by token (115.58ms)
(VSCode) 2025-02-14 10:57:42.157 [INFO]: Completion request was cancelled by token (238.62ms)
(VSCode) 2025-02-14 10:57:43.016 [INFO]: Completion request succeeded (808.13ms)
(VSCode) 2025-02-14 10:57:43.019 [INFO]: Generated 1 completion
(VSCode) 2025-02-14 10:57:43.020 [INFO]: provideInlineCompletionItems request succeeded (812.92ms)
(VSCode) 2025-02-14 10:57:44.076 [INFO]: Completion request succeeded (527.32ms)
(VSCode) 2025-02-14 10:57:44.077 [INFO]: No completions were generated
(VSCode) 2025-02-14 10:57:44.077 [INFO]: provideInlineCompletionItems request succeeded (528.68ms)
(VSCode) 2025-02-14 10:58:16.066 [INFO]: Completion request was cancelled by token (123.91ms)
(VSCode) 2025-02-14 10:58:16.289 [INFO]: Completion request was cancelled by token (181.66ms)
(VSCode) 2025-02-14 10:58:17.603 [INFO]: Completion request was cancelled by token (1261.5ms)
(VSCode) 2025-02-14 10:58:54.606 [INFO]: Disposing language server process
(VSCode) 2025-02-14 10:58:54.607 [INFO]: Deleting manager directory: /tmp/74abd333-fba6-44a1-8eee-8440b22c2587/codeium/manager
(VSCode) 2025-02-14 10:58:54.607 [INFO]: Successfully disposed language server
W0214 10:58:54.607076 29375 main.go:127] [Language Server Manager] Got signal terminated, shutting down
