2025-02-14 09:42:57.989 [info] [main] Log level: Info
2025-02-14 09:42:57.990 [info] [main] Validating found git in: "git"
2025-02-14 09:42:57.990 [info] [main] Using git "2.47.1" from "git"
2025-02-14 09:42:57.990 [info] [Model][doInitialScan] Initial repository scan started
2025-02-14 09:42:57.990 [info] > git rev-parse --show-toplevel [13ms]
2025-02-14 09:42:57.990 [info] > git rev-parse --git-dir --git-common-dir [1ms]
2025-02-14 09:42:58.001 [info] [Model][openRepository] Opened repository: /home/pasha/coding/To-Do-List-pull_request
2025-02-14 09:42:58.020 [info] > git rev-parse --show-toplevel [7ms]
2025-02-14 09:42:58.021 [info] > git config --get commit.template [14ms]
2025-02-14 09:42:58.713 [info] > git check-ignore -v -z --stdin [80ms]
2025-02-14 09:42:58.714 [info] > git rev-parse --show-toplevel [89ms]
2025-02-14 09:42:58.727 [info] > git for-each-ref --format=%(refname)%00%(upstream:short)%00%(objectname)%00%(upstream:track)%00%(upstream:remotename)%00%(upstream:remoteref) refs/heads/main refs/remotes/main [15ms]
2025-02-14 09:42:58.744 [warning] [Git][revParse] Unable to read file: ENOENT: no such file or directory, open '/home/pasha/coding/To-Do-List-pull_request/.git/refs/remotes/origin/main'
2025-02-14 09:42:58.744 [info] > git rev-parse --show-toplevel [18ms]
2025-02-14 09:42:58.745 [info] [Model][doInitialScan] Initial repository scan completed - repositories (1), closed repositories (0), parent repositories (0), unsafe repositories (0)
2025-02-14 09:42:58.758 [info] > git rev-parse refs/remotes/origin/main [13ms]
2025-02-14 09:42:58.914 [info] > git status -z -uall [149ms]
2025-02-14 09:42:58.914 [info] > git for-each-ref --sort -committerdate --format %(refname) %(objectname) %(*objectname) [140ms]
2025-02-14 09:42:58.940 [info] > git for-each-ref --format=%(refname)%00%(upstream:short)%00%(objectname)%00%(upstream:track)%00%(upstream:remotename)%00%(upstream:remoteref) refs/heads/main refs/remotes/main [17ms]
2025-02-14 09:42:58.954 [info] > git config --local branch.main.vscode-merge-base [7ms]
2025-02-14 09:42:58.954 [warning] [Git][config] git config failed: Failed to execute git
2025-02-14 09:42:58.959 [info] > git config --get commit.template [19ms]
2025-02-14 09:42:58.983 [info] > git for-each-ref --format=%(refname)%00%(upstream:short)%00%(objectname)%00%(upstream:track)%00%(upstream:remotename)%00%(upstream:remoteref) refs/heads/main refs/remotes/main [18ms]
2025-02-14 09:42:58.983 [info] > git reflog main --grep-reflog=branch: Created from *. [24ms]
2025-02-14 09:42:58.996 [warning] [Git][revParse] Unable to read file: ENOENT: no such file or directory, open '/home/pasha/coding/To-Do-List-pull_request/.git/refs/remotes/origin/main'
2025-02-14 09:42:58.997 [info] > git symbolic-ref --short refs/remotes/origin/HEAD [7ms]
2025-02-14 09:42:59.004 [info] > git rev-parse refs/remotes/origin/main [8ms]
2025-02-14 09:42:59.020 [info] > git status -z -uall [7ms]
2025-02-14 09:42:59.020 [info] > git for-each-ref --format=%(refname)%00%(upstream:short)%00%(objectname)%00%(upstream:track)%00%(upstream:remotename)%00%(upstream:remoteref) refs/heads/origin/main refs/remotes/origin/main [16ms]
2025-02-14 09:42:59.086 [info] > git config --local branch.main.vscode-merge-base origin/main [59ms]
2025-02-14 09:42:59.088 [info] > git for-each-ref --sort -committerdate --format %(refname) %(objectname) %(*objectname) [69ms] (cancelled)
2025-02-14 09:42:59.195 [info] > git for-each-ref --format=%(refname)%00%(upstream:short)%00%(objectname)%00%(upstream:track)%00%(upstream:remotename)%00%(upstream:remoteref) refs/heads/main refs/remotes/main [94ms]
2025-02-14 09:42:59.203 [info] > git config --get commit.template [29ms]
2025-02-14 09:42:59.204 [info] > git config --local branch.main.vscode-merge-base [2ms]
2025-02-14 09:42:59.252 [info] > git for-each-ref --format=%(refname)%00%(upstream:short)%00%(objectname)%00%(upstream:track)%00%(upstream:remotename)%00%(upstream:remoteref) refs/heads/main refs/remotes/main [32ms]
2025-02-14 09:42:59.252 [info] > git for-each-ref --format=%(refname)%00%(upstream:short)%00%(objectname)%00%(upstream:track)%00%(upstream:remotename)%00%(upstream:remoteref) refs/heads/origin/main refs/remotes/origin/main [41ms]
2025-02-14 09:42:59.278 [warning] [Git][revParse] Unable to read file: ENOENT: no such file or directory, open '/home/pasha/coding/To-Do-List-pull_request/.git/refs/remotes/origin/main'
2025-02-14 09:42:59.279 [info] > git merge-base refs/heads/main refs/remotes/origin/main [15ms]
2025-02-14 09:42:59.305 [info] > git show --textconv :index.html [9ms]
2025-02-14 09:42:59.305 [info] > git diff --name-status -z --diff-filter=ADMR 1b1c2340407cf7b3819d7ae9dbac6b55434dc186...refs/remotes/origin/main [18ms]
2025-02-14 09:42:59.306 [info] > git rev-parse refs/remotes/origin/main [28ms]
2025-02-14 09:42:59.323 [info] > git status -z -uall [10ms]
2025-02-14 09:42:59.323 [info] > git for-each-ref --sort -committerdate --format %(refname) %(objectname) %(*objectname) [3ms]
2025-02-14 09:42:59.326 [info] > git ls-files --stage -- /home/pasha/coding/To-Do-List-pull_request/index.html [22ms]
2025-02-14 09:42:59.337 [info] > git cat-file -s 0e01bcb4bafdf8b69000f196fd12353be8dac715 [3ms]
2025-02-14 09:43:04.730 [info] > git ls-files --stage -- /home/pasha/coding/To-Do-List-pull_request/index.html [6ms]
2025-02-14 09:43:04.753 [info] > git cat-file -s 0e01bcb4bafdf8b69000f196fd12353be8dac715 [13ms]
2025-02-14 09:43:04.764 [info] > git show --textconv :index.html [1ms]
2025-02-14 09:43:04.936 [info] > git blame --root --incremental 1b1c2340407cf7b3819d7ae9dbac6b55434dc186 -- /home/pasha/coding/To-Do-List-pull_request/index.html [5ms]
2025-02-14 09:43:07.714 [info] > git config --get commit.template [3ms]
2025-02-14 09:43:07.725 [info] > git for-each-ref --format=%(refname)%00%(upstream:short)%00%(objectname)%00%(upstream:track)%00%(upstream:remotename)%00%(upstream:remoteref) refs/heads/main refs/remotes/main [2ms]
2025-02-14 09:43:07.734 [warning] [Git][revParse] Unable to read file: ENOENT: no such file or directory, open '/home/pasha/coding/To-Do-List-pull_request/.git/refs/remotes/origin/main'
2025-02-14 09:43:07.737 [info] > git rev-parse refs/remotes/origin/main [3ms]
2025-02-14 09:43:07.757 [info] > git status -z -uall [12ms]
2025-02-14 09:43:07.757 [info] > git for-each-ref --sort -committerdate --format %(refname) %(objectname) %(*objectname) [3ms]
2025-02-14 09:43:11.267 [info] > git check-ignore -v -z --stdin [3ms]
2025-02-14 09:43:11.608 [info] > git show --textconv :styles/style.css [9ms]
2025-02-14 09:43:11.609 [info] > git ls-files --stage -- /home/pasha/coding/To-Do-List-pull_request/styles/style.css [1ms]
2025-02-14 09:43:11.618 [info] > git cat-file -s a88139d640124c5b5549e039663969b8517463a5 [2ms]
2025-02-14 09:43:20.181 [info] > git show --textconv :styles/main.css [10ms]
2025-02-14 09:43:20.184 [info] > git ls-files --stage -- /home/pasha/coding/To-Do-List-pull_request/styles/main.css [4ms]
2025-02-14 09:43:20.195 [info] > git cat-file -s 13281556abf8622b996127eb7042cf687e855f55 [1ms]
2025-02-14 09:43:20.210 [info] > git blame --root --incremental 1b1c2340407cf7b3819d7ae9dbac6b55434dc186 -- /home/pasha/coding/To-Do-List-pull_request/styles/main.css [1ms]
2025-02-14 09:43:23.491 [info] > git config --get commit.template [7ms]
2025-02-14 09:43:23.506 [info] > git for-each-ref --format=%(refname)%00%(upstream:short)%00%(objectname)%00%(upstream:track)%00%(upstream:remotename)%00%(upstream:remoteref) refs/heads/main refs/remotes/main [2ms]
2025-02-14 09:43:23.516 [warning] [Git][revParse] Unable to read file: ENOENT: no such file or directory, open '/home/pasha/coding/To-Do-List-pull_request/.git/refs/remotes/origin/main'
2025-02-14 09:43:23.522 [info] > git rev-parse refs/remotes/origin/main [6ms]
2025-02-14 09:43:23.539 [info] > git status -z -uall [9ms]
2025-02-14 09:43:23.540 [info] > git for-each-ref --sort -committerdate --format %(refname) %(objectname) %(*objectname) [3ms]
2025-02-14 09:43:23.876 [info] > git show --textconv :styles/style.css [12ms]
2025-02-14 09:43:23.878 [info] > git ls-files --stage -- /home/pasha/coding/To-Do-List-pull_request/styles/style.css [3ms]
2025-02-14 09:43:23.888 [info] > git cat-file -s a88139d640124c5b5549e039663969b8517463a5 [1ms]
2025-02-14 09:43:27.721 [info] > git blame --root --incremental 1b1c2340407cf7b3819d7ae9dbac6b55434dc186 -- /home/pasha/coding/To-Do-List-pull_request/styles/style.css [4ms]
2025-02-14 09:43:34.296 [info] > git config --get commit.template [8ms]
2025-02-14 09:43:34.296 [info] > git for-each-ref --format=%(refname)%00%(upstream:short)%00%(objectname)%00%(upstream:track)%00%(upstream:remotename)%00%(upstream:remoteref) refs/heads/main refs/remotes/main [2ms]
2025-02-14 09:43:34.303 [warning] [Git][revParse] Unable to read file: ENOENT: no such file or directory, open '/home/pasha/coding/To-Do-List-pull_request/.git/refs/remotes/origin/main'
2025-02-14 09:43:34.304 [info] > git rev-parse refs/remotes/origin/main [1ms]
2025-02-14 09:43:34.319 [info] > git status -z -uall [8ms]
2025-02-14 09:43:34.319 [info] > git for-each-ref --sort -committerdate --format %(refname) %(objectname) %(*objectname) [2ms]
2025-02-14 09:43:35.277 [info] > git check-ignore -v -z --stdin [4ms]
2025-02-14 09:43:35.942 [info] > git show --textconv :scripts/main.js [13ms]
2025-02-14 09:43:35.945 [info] > git ls-files --stage -- /home/pasha/coding/To-Do-List-pull_request/scripts/main.js [4ms]
2025-02-14 09:43:35.957 [info] > git cat-file -s bf32c1f860fae31393ae3dc9395cc9a492a9045f [2ms]
2025-02-14 09:43:36.618 [info] > git blame --root --incremental 1b1c2340407cf7b3819d7ae9dbac6b55434dc186 -- /home/pasha/coding/To-Do-List-pull_request/scripts/main.js [5ms]
2025-02-14 09:43:43.134 [info] > git config --get commit.template [4ms]
2025-02-14 09:43:43.144 [info] > git for-each-ref --format=%(refname)%00%(upstream:short)%00%(objectname)%00%(upstream:track)%00%(upstream:remotename)%00%(upstream:remoteref) refs/heads/main refs/remotes/main [2ms]
2025-02-14 09:43:43.151 [warning] [Git][revParse] Unable to read file: ENOENT: no such file or directory, open '/home/pasha/coding/To-Do-List-pull_request/.git/refs/remotes/origin/main'
2025-02-14 09:43:43.153 [info] > git rev-parse refs/remotes/origin/main [2ms]
2025-02-14 09:43:43.168 [info] > git status -z -uall [8ms]
2025-02-14 09:43:43.168 [info] > git for-each-ref --sort -committerdate --format %(refname) %(objectname) %(*objectname) [1ms]
2025-02-14 09:43:47.587 [info] > git config --get commit.template [7ms]
2025-02-14 09:43:47.587 [info] > git for-each-ref --format=%(refname)%00%(upstream:short)%00%(objectname)%00%(upstream:track)%00%(upstream:remotename)%00%(upstream:remoteref) refs/heads/main refs/remotes/main [1ms]
2025-02-14 09:43:47.594 [warning] [Git][revParse] Unable to read file: ENOENT: no such file or directory, open '/home/pasha/coding/To-Do-List-pull_request/.git/refs/remotes/origin/main'
2025-02-14 09:43:47.595 [info] > git rev-parse refs/remotes/origin/main [1ms]
2025-02-14 09:43:47.607 [info] > git status -z -uall [7ms]
2025-02-14 09:43:47.608 [info] > git for-each-ref --sort -committerdate --format %(refname) %(objectname) %(*objectname) [2ms]
2025-02-14 09:43:47.963 [info] > git show --textconv HEAD:scripts/main.js [12ms]
2025-02-14 09:43:47.964 [info] > git ls-tree -l HEAD -- /home/pasha/coding/To-Do-List-pull_request/scripts/main.js [2ms]
2025-02-14 09:43:48.743 [info] > git ls-files --stage -- /home/pasha/coding/To-Do-List-pull_request/scripts/main.js [11ms]
2025-02-14 09:43:48.752 [info] > git ls-tree -l HEAD -- /home/pasha/coding/To-Do-List-pull_request/scripts/main.js [10ms]
2025-02-14 09:43:48.753 [info] > git cat-file -s 6c25a81cc15a8a5abc4828b97c9ac71c1bf491a9 [2ms]
2025-02-14 09:43:48.769 [info] > git show --textconv HEAD:scripts/main.js [8ms]
2025-02-14 09:43:48.770 [info] > git show --textconv :scripts/main.js [1ms]
2025-02-14 09:43:53.942 [info] > git config --get commit.template [9ms]
2025-02-14 09:43:53.942 [info] > git for-each-ref --format=%(refname)%00%(upstream:short)%00%(objectname)%00%(upstream:track)%00%(upstream:remotename)%00%(upstream:remoteref) refs/heads/main refs/remotes/main [1ms]
2025-02-14 09:43:53.949 [warning] [Git][revParse] Unable to read file: ENOENT: no such file or directory, open '/home/pasha/coding/To-Do-List-pull_request/.git/refs/remotes/origin/main'
2025-02-14 09:43:53.950 [info] > git rev-parse refs/remotes/origin/main [1ms]
2025-02-14 09:43:53.963 [info] > git status -z -uall [7ms]
2025-02-14 09:43:53.963 [info] > git for-each-ref --sort -committerdate --format %(refname) %(objectname) %(*objectname) [1ms]
2025-02-14 09:43:53.982 [info] > git blame --root --incremental 407f508f1c807c971bf6c92d4b2111a53fc75c00 -- /home/pasha/coding/To-Do-List-pull_request/scripts/main.js [9ms]
2025-02-14 09:43:53.983 [info] > git merge-base refs/heads/main refs/remotes/origin/main [2ms]
2025-02-14 09:43:53.990 [info] > git diff --name-status -z --diff-filter=ADMR 1b1c2340407cf7b3819d7ae9dbac6b55434dc186...refs/remotes/origin/main [1ms]
2025-02-14 09:43:55.077 [info] > git ls-files --stage -- /home/pasha/coding/To-Do-List-pull_request/scripts/main.js [3ms]
2025-02-14 09:43:55.097 [info] > git cat-file -s 6c25a81cc15a8a5abc4828b97c9ac71c1bf491a9 [2ms]
2025-02-14 09:43:55.116 [info] > git show --textconv :scripts/main.js [3ms]
2025-02-14 09:44:00.118 [info] > git config --get commit.template [9ms]
2025-02-14 09:44:00.119 [info] > git for-each-ref --format=%(refname)%00%(upstream:short)%00%(objectname)%00%(upstream:track)%00%(upstream:remotename)%00%(upstream:remoteref) refs/heads/main refs/remotes/main [2ms]
2025-02-14 09:44:00.134 [info] > git status -z -uall [8ms]
2025-02-14 09:44:00.134 [info] > git for-each-ref --sort -committerdate --format %(refname) %(objectname) %(*objectname) [1ms]
2025-02-14 09:44:00.145 [info] > git merge-base refs/heads/main refs/remotes/origin/main [2ms]
2025-02-14 09:44:00.152 [info] > git diff --name-status -z --diff-filter=ADMR 407f508f1c807c971bf6c92d4b2111a53fc75c00...refs/remotes/origin/main [2ms]
2025-02-14 09:45:36.186 [info] > git ls-files --stage -- /home/pasha/coding/To-Do-List-pull_request/scripts/main.js [2ms]
2025-02-14 09:45:36.200 [info] > git cat-file -s 6c25a81cc15a8a5abc4828b97c9ac71c1bf491a9 [1ms]
2025-02-14 09:45:36.216 [info] > git show --textconv :scripts/main.js [1ms]
