2025-02-13 15:32:42.016 [info] [main] Log level: Info
2025-02-13 15:32:42.016 [info] [main] Validating found git in: "git"
2025-02-13 15:32:42.016 [info] [main] Using git "2.47.1" from "git"
2025-02-13 15:32:42.016 [info] [Model][doInitialScan] Initial repository scan started
2025-02-13 15:32:42.016 [info] > git rev-parse --show-toplevel [7ms]
2025-02-13 15:32:42.016 [info] > git rev-parse --git-dir --git-common-dir [1ms]
2025-02-13 15:32:42.016 [info] [Model][openRepository] Opened repository: /home/pasha/PR-4-work
2025-02-13 15:32:42.016 [info] [Model][doInitialScan] Initial repository scan completed - repositories (1), closed repositories (0), parent repositories (0), unsafe repositories (0)
2025-02-13 15:32:42.023 [info] > git config --get commit.template [2ms]
2025-02-13 15:32:42.059 [info] > git for-each-ref --format=%(refname)%00%(upstream:short)%00%(objectname)%00%(upstream:track)%00%(upstream:remotename)%00%(upstream:remoteref) refs/heads/main refs/remotes/main [15ms]
2025-02-13 15:32:42.063 [warning] [Git][revParse] Unable to read file: ENOENT: no such file or directory, open '/home/pasha/PR-4-work/.git/refs/remotes/origin/main'
2025-02-13 15:32:42.064 [info] > git rev-parse refs/remotes/origin/main [1ms]
2025-02-13 15:32:42.075 [info] > git status -z -uall [6ms]
2025-02-13 15:32:42.076 [info] > git for-each-ref --sort -committerdate --format %(refname) %(objectname) %(*objectname) [2ms]
2025-02-13 15:32:42.100 [info] > git for-each-ref --format=%(refname)%00%(upstream:short)%00%(objectname)%00%(upstream:track)%00%(upstream:remotename)%00%(upstream:remoteref) refs/heads/main refs/remotes/main [14ms]
2025-02-13 15:32:42.107 [info] > git config --local branch.main.vscode-merge-base [3ms]
2025-02-13 15:32:42.107 [warning] [Git][config] git config failed: Failed to execute git
2025-02-13 15:32:42.112 [info] > git config --get commit.template [20ms]
2025-02-13 15:32:42.637 [info] > git reflog main --grep-reflog=branch: Created from *. [525ms]
2025-02-13 15:32:42.735 [info] > git check-ignore -v -z --stdin [86ms]
2025-02-13 15:32:42.736 [info] > git symbolic-ref --short refs/remotes/origin/HEAD [92ms]
2025-02-13 15:32:42.747 [info] > git for-each-ref --format=%(refname)%00%(upstream:short)%00%(objectname)%00%(upstream:track)%00%(upstream:remotename)%00%(upstream:remoteref) refs/heads/origin/main refs/remotes/origin/main [6ms]
2025-02-13 15:32:42.754 [info] > git for-each-ref --format=%(refname)%00%(upstream:short)%00%(objectname)%00%(upstream:track)%00%(upstream:remotename)%00%(upstream:remoteref) refs/heads/main refs/remotes/main [20ms]
2025-02-13 15:32:42.766 [warning] [Git][revParse] Unable to read file: ENOENT: no such file or directory, open '/home/pasha/PR-4-work/.git/refs/remotes/origin/main'
2025-02-13 15:32:42.766 [info] > git config --local branch.main.vscode-merge-base origin/main [12ms]
2025-02-13 15:32:42.900 [info] > git rev-parse refs/remotes/origin/main [134ms]
2025-02-13 15:32:42.963 [info] > git for-each-ref --format=%(refname)%00%(upstream:short)%00%(objectname)%00%(upstream:track)%00%(upstream:remotename)%00%(upstream:remoteref) refs/heads/main refs/remotes/main [57ms]
2025-02-13 15:32:42.974 [info] > git config --get commit.template [81ms]
2025-02-13 15:32:42.990 [info] > git config --local branch.main.vscode-merge-base [15ms]
2025-02-13 15:32:43.012 [info] > git for-each-ref --format=%(refname)%00%(upstream:short)%00%(objectname)%00%(upstream:track)%00%(upstream:remotename)%00%(upstream:remoteref) refs/heads/origin/main refs/remotes/origin/main [12ms]
2025-02-13 15:32:43.046 [info] > git merge-base refs/heads/main refs/remotes/origin/main [25ms]
2025-02-13 15:32:43.054 [info] > git for-each-ref --format=%(refname)%00%(upstream:short)%00%(objectname)%00%(upstream:track)%00%(upstream:remotename)%00%(upstream:remoteref) refs/heads/main refs/remotes/main [43ms]
2025-02-13 15:32:43.072 [warning] [Git][revParse] Unable to read file: ENOENT: no such file or directory, open '/home/pasha/PR-4-work/.git/refs/remotes/origin/main'
2025-02-13 15:32:43.072 [info] > git diff --name-status -z --diff-filter=ADMR 6b3cf16aaa000a292f14cf4e7d5fb9164c543c42...refs/remotes/origin/main [18ms]
2025-02-13 15:32:43.096 [info] > git rev-parse refs/remotes/origin/main [24ms]
2025-02-13 15:32:43.122 [info] > git status -z -uall [20ms]
2025-02-13 15:32:43.122 [info] > git show --textconv :server.log [8ms]
2025-02-13 15:32:43.122 [info] > git for-each-ref --sort -committerdate --format %(refname) %(objectname) %(*objectname) [14ms]
2025-02-13 15:32:43.125 [info] > git ls-files --stage -- /home/pasha/PR-4-work/server.log [5ms]
2025-02-13 15:32:43.132 [info] > git cat-file -s ff8c67b6248ac81d952520da854920d2f720c83d [1ms]
2025-02-13 15:33:04.113 [info] > git ls-files --stage -- /home/pasha/PR-4-work/server.log [4ms]
2025-02-13 15:33:04.126 [info] > git cat-file -s ff8c67b6248ac81d952520da854920d2f720c83d [3ms]
2025-02-13 15:33:04.136 [info] > git show --textconv :server.log [2ms]
2025-02-13 15:33:07.137 [info] > git config --get commit.template [8ms]
2025-02-13 15:33:07.137 [info] > git check-ignore -v -z --stdin [1ms]
2025-02-13 15:33:07.145 [info] > git for-each-ref --format=%(refname)%00%(upstream:short)%00%(objectname)%00%(upstream:track)%00%(upstream:remotename)%00%(upstream:remoteref) refs/heads/main refs/remotes/main [1ms]
2025-02-13 15:33:07.153 [warning] [Git][revParse] Unable to read file: ENOENT: no such file or directory, open '/home/pasha/PR-4-work/.git/refs/remotes/origin/main'
2025-02-13 15:33:07.154 [info] > git rev-parse refs/remotes/origin/main [1ms]
2025-02-13 15:33:07.170 [info] > git status -z -uall [9ms]
2025-02-13 15:33:07.170 [info] > git for-each-ref --sort -committerdate --format %(refname) %(objectname) %(*objectname) [2ms]
2025-02-13 15:33:07.934 [info] > git show --textconv :error.log [21ms]
2025-02-13 15:33:07.937 [info] > git ls-files --stage -- /home/pasha/PR-4-work/error.log [5ms]
2025-02-13 15:33:33.985 [info] > git config --get commit.template [4ms]
2025-02-13 15:33:34.020 [info] > git check-ignore -v -z --stdin [14ms]
2025-02-13 15:33:34.021 [info] > git for-each-ref --format=%(refname)%00%(upstream:short)%00%(objectname)%00%(upstream:track)%00%(upstream:remotename)%00%(upstream:remoteref) refs/heads/main refs/remotes/main [2ms]
2025-02-13 15:33:34.030 [warning] [Git][revParse] Unable to read file: ENOENT: no such file or directory, open '/home/pasha/PR-4-work/.git/refs/remotes/origin/main'
2025-02-13 15:33:34.030 [info] > git rev-parse refs/remotes/origin/main [0ms]
2025-02-13 15:33:34.043 [info] > git status -z -uall [7ms]
2025-02-13 15:33:34.044 [info] > git for-each-ref --sort -committerdate --format %(refname) %(objectname) %(*objectname) [1ms]
2025-02-13 15:33:35.463 [info] > git show --textconv :filtered_errors.log [22ms]
2025-02-13 15:33:35.466 [info] > git ls-files --stage -- /home/pasha/PR-4-work/filtered_errors.log [6ms]
2025-02-13 15:33:45.959 [info] > git show --textconv :server.log [24ms]
2025-02-13 15:33:45.964 [info] > git ls-files --stage -- /home/pasha/PR-4-work/server.log [9ms]
2025-02-13 15:33:45.984 [info] > git cat-file -s ff8c67b6248ac81d952520da854920d2f720c83d [3ms]
2025-02-13 15:33:47.007 [info] > git show --textconv :error.log [12ms]
2025-02-13 15:33:47.008 [info] > git ls-files --stage -- /home/pasha/PR-4-work/error.log [3ms]
2025-02-13 15:34:06.442 [info] > git show --textconv :filtered_errors.log [29ms]
2025-02-13 15:34:06.447 [info] > git ls-files --stage -- /home/pasha/PR-4-work/filtered_errors.log [8ms]
2025-02-13 15:34:10.443 [info] > git config --get commit.template [2ms]
2025-02-13 15:34:10.453 [info] > git for-each-ref --format=%(refname)%00%(upstream:short)%00%(objectname)%00%(upstream:track)%00%(upstream:remotename)%00%(upstream:remoteref) refs/heads/main refs/remotes/main [1ms]
2025-02-13 15:34:10.460 [warning] [Git][revParse] Unable to read file: ENOENT: no such file or directory, open '/home/pasha/PR-4-work/.git/refs/remotes/origin/main'
2025-02-13 15:34:10.461 [info] > git rev-parse refs/remotes/origin/main [1ms]
2025-02-13 15:34:10.473 [info] > git status -z -uall [6ms]
2025-02-13 15:34:10.474 [info] > git for-each-ref --sort -committerdate --format %(refname) %(objectname) %(*objectname) [0ms]
2025-02-13 15:40:02.499 [info] > git show --textconv :error.log [24ms]
2025-02-13 15:40:02.504 [info] > git ls-files --stage -- /home/pasha/PR-4-work/error.log [7ms]
2025-02-13 15:40:15.741 [info] > git config --get commit.template [23ms]
2025-02-13 15:40:15.744 [info] > git check-ignore -v -z --stdin [5ms]
2025-02-13 15:40:15.758 [info] > git for-each-ref --format=%(refname)%00%(upstream:short)%00%(objectname)%00%(upstream:track)%00%(upstream:remotename)%00%(upstream:remoteref) refs/heads/main refs/remotes/main [1ms]
2025-02-13 15:40:15.767 [warning] [Git][revParse] Unable to read file: ENOENT: no such file or directory, open '/home/pasha/PR-4-work/.git/refs/remotes/origin/main'
2025-02-13 15:40:15.767 [info] > git rev-parse refs/remotes/origin/main [0ms]
2025-02-13 15:40:15.783 [info] > git status -z -uall [8ms]
2025-02-13 15:40:15.784 [info] > git for-each-ref --sort -committerdate --format %(refname) %(objectname) %(*objectname) [1ms]
2025-02-13 15:40:16.623 [info] > git show --textconv :server.log [24ms]
2025-02-13 15:40:16.625 [info] > git ls-files --stage -- /home/pasha/PR-4-work/server.log [4ms]
2025-02-13 15:40:16.642 [info] > git cat-file -s ff8c67b6248ac81d952520da854920d2f720c83d [2ms]
2025-02-13 15:40:17.127 [info] > git show --textconv :users.log [23ms]
2025-02-13 15:40:17.127 [info] > git ls-files --stage -- /home/pasha/PR-4-work/users.log [3ms]
2025-02-13 15:40:21.708 [info] > git show --textconv :server.log [7ms]
2025-02-13 15:40:21.709 [info] > git ls-files --stage -- /home/pasha/PR-4-work/server.log [1ms]
2025-02-13 15:40:21.716 [info] > git cat-file -s ff8c67b6248ac81d952520da854920d2f720c83d [1ms]
2025-02-13 15:40:22.427 [info] > git show --textconv :error.log [24ms]
2025-02-13 15:40:22.429 [info] > git ls-files --stage -- /home/pasha/PR-4-work/error.log [6ms]
2025-02-13 15:40:33.139 [info] > git show --textconv :server.log [29ms]
2025-02-13 15:40:33.145 [info] > git ls-files --stage -- /home/pasha/PR-4-work/server.log [12ms]
2025-02-13 15:40:33.163 [info] > git cat-file -s ff8c67b6248ac81d952520da854920d2f720c83d [2ms]
2025-02-13 15:40:36.844 [info] > git show --textconv :error.log [24ms]
2025-02-13 15:40:36.846 [info] > git ls-files --stage -- /home/pasha/PR-4-work/error.log [4ms]
2025-02-13 15:40:38.593 [info] > git blame --root --incremental 6b3cf16aaa000a292f14cf4e7d5fb9164c543c42 -- /home/pasha/PR-4-work/error.log [7ms]
2025-02-13 15:40:38.593 [info] fatal: no such path error.log in 6b3cf16aaa000a292f14cf4e7d5fb9164c543c42
2025-02-13 15:41:29.092 [info] > git show --textconv :users.log [14ms]
2025-02-13 15:41:29.094 [info] > git ls-files --stage -- /home/pasha/PR-4-work/users.log [2ms]
2025-02-13 15:41:30.127 [info] > git blame --root --incremental 6b3cf16aaa000a292f14cf4e7d5fb9164c543c42 -- /home/pasha/PR-4-work/users.log [7ms]
2025-02-13 15:41:30.127 [info] fatal: no such path users.log in 6b3cf16aaa000a292f14cf4e7d5fb9164c543c42
2025-02-13 15:41:32.339 [info] > git show --textconv :error.log [24ms]
2025-02-13 15:41:32.341 [info] > git ls-files --stage -- /home/pasha/PR-4-work/error.log [4ms]
2025-02-13 15:46:00.180 [info] > git config --get commit.template [1ms]
2025-02-13 15:46:00.188 [info] > git for-each-ref --format=%(refname)%00%(upstream:short)%00%(objectname)%00%(upstream:track)%00%(upstream:remotename)%00%(upstream:remoteref) refs/heads/main refs/remotes/main [1ms]
2025-02-13 15:46:00.198 [warning] [Git][revParse] Unable to read file: ENOENT: no such file or directory, open '/home/pasha/PR-4-work/.git/refs/remotes/origin/main'
2025-02-13 15:46:00.198 [info] > git rev-parse refs/remotes/origin/main [1ms]
2025-02-13 15:46:00.213 [info] > git status -z -uall [6ms]
2025-02-13 15:46:00.214 [info] > git for-each-ref --sort -committerdate --format %(refname) %(objectname) %(*objectname) [1ms]
2025-02-13 15:46:29.817 [info] > git config --get commit.template [1ms]
2025-02-13 15:46:29.825 [info] > git for-each-ref --format=%(refname)%00%(upstream:short)%00%(objectname)%00%(upstream:track)%00%(upstream:remotename)%00%(upstream:remoteref) refs/heads/main refs/remotes/main [1ms]
2025-02-13 15:46:29.831 [warning] [Git][revParse] Unable to read file: ENOENT: no such file or directory, open '/home/pasha/PR-4-work/.git/refs/remotes/origin/main'
2025-02-13 15:46:29.832 [info] > git rev-parse refs/remotes/origin/main [1ms]
2025-02-13 15:46:29.854 [info] > git status -z -uall [15ms]
2025-02-13 15:46:29.854 [info] > git check-ignore -v -z --stdin [1ms]
2025-02-13 15:46:29.854 [info] > git for-each-ref --sort -committerdate --format %(refname) %(objectname) %(*objectname) [9ms]
2025-02-13 15:46:30.780 [info] > git show --textconv :users.log [23ms]
2025-02-13 15:46:30.782 [info] > git ls-files --stage -- /home/pasha/PR-4-work/users.log [3ms]
2025-02-13 15:46:37.003 [info] > git config --get commit.template [4ms]
2025-02-13 15:46:37.059 [info] > git show --textconv :error.log [36ms]
2025-02-13 15:46:37.059 [info] > git for-each-ref --format=%(refname)%00%(upstream:short)%00%(objectname)%00%(upstream:track)%00%(upstream:remotename)%00%(upstream:remoteref) refs/heads/main refs/remotes/main [17ms]
2025-02-13 15:46:37.068 [warning] [Git][revParse] Unable to read file: ENOENT: no such file or directory, open '/home/pasha/PR-4-work/.git/refs/remotes/origin/main'
2025-02-13 15:46:37.068 [info] > git ls-files --stage -- /home/pasha/PR-4-work/error.log [11ms]
2025-02-13 15:46:37.069 [info] > git rev-parse refs/remotes/origin/main [2ms]
2025-02-13 15:46:37.085 [info] > git status -z -uall [8ms]
2025-02-13 15:46:37.086 [info] > git for-each-ref --sort -committerdate --format %(refname) %(objectname) %(*objectname) [2ms]
2025-02-13 15:47:23.620 [info] > git config --get commit.template [3ms]
2025-02-13 15:47:23.655 [info] > git for-each-ref --format=%(refname)%00%(upstream:short)%00%(objectname)%00%(upstream:track)%00%(upstream:remotename)%00%(upstream:remoteref) refs/heads/main refs/remotes/main [6ms]
2025-02-13 15:47:23.665 [warning] [Git][revParse] Unable to read file: ENOENT: no such file or directory, open '/home/pasha/PR-4-work/.git/refs/remotes/origin/main'
2025-02-13 15:47:23.666 [info] > git rev-parse refs/remotes/origin/main [1ms]
2025-02-13 15:47:23.690 [info] > git status -z -uall [14ms]
2025-02-13 15:47:23.691 [info] > git for-each-ref --sort -committerdate --format %(refname) %(objectname) %(*objectname) [2ms]
2025-02-13 15:52:34.105 [info] > git show --textconv :errors.log [14ms]
2025-02-13 15:52:34.106 [info] > git ls-files --stage -- /home/pasha/PR-4-work/errors.log [2ms]
2025-02-13 15:52:35.856 [info] > git show --textconv :server.log [23ms]
2025-02-13 15:52:35.858 [info] > git ls-files --stage -- /home/pasha/PR-4-work/server.log [4ms]
2025-02-13 15:52:35.877 [info] > git cat-file -s ff8c67b6248ac81d952520da854920d2f720c83d [3ms]
2025-02-13 15:52:37.436 [info] > git show --textconv :errors.log [26ms]
2025-02-13 15:52:37.439 [info] > git ls-files --stage -- /home/pasha/PR-4-work/errors.log [6ms]
2025-02-13 15:52:40.727 [info] > git show --textconv :server.log [9ms]
2025-02-13 15:52:40.728 [info] > git ls-files --stage -- /home/pasha/PR-4-work/server.log [2ms]
2025-02-13 15:52:40.737 [info] > git cat-file -s ff8c67b6248ac81d952520da854920d2f720c83d [1ms]
2025-02-13 15:52:45.133 [info] > git show --textconv :server.log [26ms]
2025-02-13 15:52:45.135 [info] > git ls-files --stage -- /home/pasha/PR-4-work/server.log [8ms]
2025-02-13 15:52:45.154 [info] > git cat-file -s ff8c67b6248ac81d952520da854920d2f720c83d [3ms]
2025-02-13 15:52:46.129 [info] > git show --textconv :errors.log [22ms]
2025-02-13 15:52:46.132 [info] > git ls-files --stage -- /home/pasha/PR-4-work/errors.log [5ms]
2025-02-13 15:52:48.104 [info] > git show --textconv :error.log [26ms]
2025-02-13 15:52:48.107 [info] > git ls-files --stage -- /home/pasha/PR-4-work/error.log [7ms]
2025-02-13 15:52:49.339 [info] > git show --textconv :errors.log [16ms]
2025-02-13 15:52:49.340 [info] > git ls-files --stage -- /home/pasha/PR-4-work/errors.log [3ms]
2025-02-13 15:52:50.339 [info] > git show --textconv :server.log [24ms]
2025-02-13 15:52:50.342 [info] > git ls-files --stage -- /home/pasha/PR-4-work/server.log [5ms]
2025-02-13 15:52:50.360 [info] > git cat-file -s ff8c67b6248ac81d952520da854920d2f720c83d [2ms]
2025-02-13 15:53:04.466 [info] > git blame --root --incremental 6b3cf16aaa000a292f14cf4e7d5fb9164c543c42 -- /home/pasha/PR-4-work/server.log [4ms]
2025-02-13 15:53:06.816 [info] > git config --get commit.template [8ms]
2025-02-13 15:53:06.816 [info] > git for-each-ref --format=%(refname)%00%(upstream:short)%00%(objectname)%00%(upstream:track)%00%(upstream:remotename)%00%(upstream:remoteref) refs/heads/main refs/remotes/main [1ms]
2025-02-13 15:53:06.823 [warning] [Git][revParse] Unable to read file: ENOENT: no such file or directory, open '/home/pasha/PR-4-work/.git/refs/remotes/origin/main'
2025-02-13 15:53:06.824 [info] > git rev-parse refs/remotes/origin/main [1ms]
2025-02-13 15:53:06.841 [info] > git status -z -uall [9ms]
2025-02-13 15:53:06.842 [info] > git for-each-ref --sort -committerdate --format %(refname) %(objectname) %(*objectname) [2ms]
2025-02-13 15:53:07.808 [info] > git show --textconv :users.log [24ms]
2025-02-13 15:53:07.811 [info] > git ls-files --stage -- /home/pasha/PR-4-work/users.log [5ms]
2025-02-13 15:53:08.572 [info] > git show --textconv :server.log [6ms]
2025-02-13 15:53:08.573 [info] > git ls-files --stage -- /home/pasha/PR-4-work/server.log [1ms]
2025-02-13 15:53:08.580 [info] > git cat-file -s ff8c67b6248ac81d952520da854920d2f720c83d [1ms]
2025-02-13 15:53:09.031 [info] > git show --textconv :errors.log [24ms]
2025-02-13 15:53:09.031 [info] > git ls-files --stage -- /home/pasha/PR-4-work/errors.log [3ms]
2025-02-13 15:53:11.992 [info] > git show --textconv :error.log [7ms]
2025-02-13 15:53:11.993 [info] > git ls-files --stage -- /home/pasha/PR-4-work/error.log [2ms]
2025-02-13 15:53:12.895 [info] > git config --get commit.template [18ms]
2025-02-13 15:53:12.897 [info] > git for-each-ref --format=%(refname)%00%(upstream:short)%00%(objectname)%00%(upstream:track)%00%(upstream:remotename)%00%(upstream:remoteref) refs/heads/main refs/remotes/main [2ms]
2025-02-13 15:53:12.906 [warning] [Git][revParse] Unable to read file: ENOENT: no such file or directory, open '/home/pasha/PR-4-work/.git/refs/remotes/origin/main'
2025-02-13 15:53:12.907 [info] > git rev-parse refs/remotes/origin/main [1ms]
2025-02-13 15:53:12.926 [info] > git status -z -uall [10ms]
2025-02-13 15:53:12.927 [info] > git for-each-ref --sort -committerdate --format %(refname) %(objectname) %(*objectname) [2ms]
2025-02-13 15:53:17.114 [info] > git show --textconv :users.log [28ms]
2025-02-13 15:53:17.114 [info] > git ls-files --stage -- /home/pasha/PR-4-work/users.log [5ms]
2025-02-13 15:53:17.495 [info] > git show --textconv :server.log [7ms]
2025-02-13 15:53:17.496 [info] > git ls-files --stage -- /home/pasha/PR-4-work/server.log [2ms]
2025-02-13 15:53:17.502 [info] > git cat-file -s ff8c67b6248ac81d952520da854920d2f720c83d [1ms]
2025-02-13 15:53:20.082 [info] > git show --textconv :error.log [23ms]
2025-02-13 15:53:20.084 [info] > git ls-files --stage -- /home/pasha/PR-4-work/error.log [4ms]
2025-02-13 15:53:25.970 [info] > git show --textconv :server.log [23ms]
2025-02-13 15:53:25.972 [info] > git ls-files --stage -- /home/pasha/PR-4-work/server.log [5ms]
2025-02-13 15:53:25.992 [info] > git cat-file -s ff8c67b6248ac81d952520da854920d2f720c83d [3ms]
2025-02-13 15:53:27.068 [info] > git show --textconv :error.log [8ms]
2025-02-13 15:53:27.068 [info] > git ls-files --stage -- /home/pasha/PR-4-work/error.log [1ms]
2025-02-13 15:53:32.268 [info] > git show --textconv :server.log [7ms]
2025-02-13 15:53:32.268 [info] > git ls-files --stage -- /home/pasha/PR-4-work/server.log [1ms]
2025-02-13 15:53:32.275 [info] > git cat-file -s ff8c67b6248ac81d952520da854920d2f720c83d [1ms]
2025-02-13 15:53:33.120 [info] > git show --textconv :users.log [7ms]
2025-02-13 15:53:33.121 [info] > git ls-files --stage -- /home/pasha/PR-4-work/users.log [2ms]
