(VSCode) 2025-02-14 21:04:46.767 [INFO]: No proxy settings found
(VSCode) 2025-02-14 21:04:47.880 [INFO]: Checking network connection...
(VSCode) 2025-02-14 21:04:48.426 [INFO]: No Network Issue connecting to https://server.codeium.com/healthz
(VSCode) 2025-02-14 21:04:48.644 [INFO]: Creating manager directory: /tmp/b2ae143d-e2db-44d3-bd02-10bc399f148b/codeium/manager
(VSCode) 2025-02-14 21:04:49.051 [INFO]: Using cached LS with valid crc32: /home/pasha/.vscode-oss/extensions/codeium.codeium-1.34.2-universal/dist/f967d079379dbf4f485c8ce9fce1d4fae1c70ede/language_server_linux_x64
(VSCode) 2025-02-14 21:04:49.058 [INFO]: Language server started
2025/02/14 21:04:49 maxprocs: Leaving GOMAXPROCS=8: CPU quota undefined
I0214 21:04:49.187341 70152 main.go:572] [Language Server Manager] Setting GOMAXPROCS to 8
I0214 21:04:49.187381 70152 main.go:791] [Language Server Manager] Starting language server manager with pid 70152
I0214 21:04:49.187460 70152 main.go:123] [Language Server Manager] Manager acquired its lock file /tmp/b2ae143d-e2db-44d3-bd02-10bc399f148b/codeium/manager/locks/manager.lock
I0214 21:04:49.187914 70152 main.go:264] [Language Server Manager] Waiting for random port file in /tmp/b2ae143d-e2db-44d3-bd02-10bc399f148b/codeium/manager/child_random_port_1739556289187573154_8255507431043052501 to be created
2025/02/14 21:04:49 maxprocs: Leaving GOMAXPROCS=8: CPU quota undefined
I0214 21:04:49.343184 70165 main.go:572] Setting GOMAXPROCS to 4
I0214 21:04:49.343333 70165 main.go:785] Starting language server process with pid 70165
I0214 21:04:49.343377 70165 server.go:221] Language server will attempt to listen on host 127.0.0.1
I0214 21:04:49.343516 70165 server.go:228] Language server listening on random port at 37257
I0214 21:04:49.818694 70165 unleash.go:92] Initializing Unleash
I0214 21:04:50.246689 70165 unleash.go:112] Successfully initialized Unleash
I0214 21:04:50.247302 70165 server.go:306] Extension server port not specified; skipping extension server client creation
I0214 21:04:50.280020 70165 web_server.go:258] Chat Web Server listening at ws://127.0.0.1:46519
I0214 21:04:50.302971 70165 server.go:559] Successfully created API server client
I0214 21:04:50.355162 70165 server.go:577] Successfully initialized tokenizer
I0214 21:04:50.449955 70165 server.go:761] Local search is enabled, will index local files.
I0214 21:04:50.449981 70165 server.go:765] Using 2 indexer workers
I0214 21:04:50.472737 70165 server.go:854] Successfully created completion provider
I0214 21:04:50.472794 70165 server.go:905] Child process attempting to acquire lock file /tmp/b2ae143d-e2db-44d3-bd02-10bc399f148b/codeium/manager/locks/child_lock_1739556289187594486_2481219800793055477
I0214 21:04:50.472903 70165 server.go:913] Child process acquired lock file /tmp/b2ae143d-e2db-44d3-bd02-10bc399f148b/codeium/manager/locks/child_lock_1739556289187594486_2481219800793055477
I0214 21:04:50.481720 70165 server.go:365] LSP listening on random port at 34019
34019
I0214 21:04:50.495132 70152 main.go:300] [Language Server Manager] Found random server port 37257
I0214 21:04:50.495237 70152 main.go:301] [Language Server Manager] Found random lsp port 34019
I0214 21:04:50.495265 70152 main.go:308] [Language Server Manager] Attempting to connect to language server at 127.0.0.1:37257
I0214 21:04:50.509554 70152 main.go:177] [Language Server Manager] Fixing language server port at 37257
I0214 21:04:50.509604 70152 main.go:360] [Language Server Manager] Successfully connected to new language server at 127.0.0.1:37257
(VSCode) 2025-02-14 21:04:50.567 [INFO]: Found language server running on port 37257
(VSCode) 2025-02-14 21:04:50.910 [INFO]: openAllTextDocuments took 20.762377999999444ms
(VSCode) 2025-02-14 21:05:04.580 [ERROR]: Illegal value for `line`
(VSCode) 2025-02-14 21:05:04.589 [ERROR]: Illegal value for `line`
(VSCode) 2025-02-14 21:05:04.676 [INFO]: Completion request succeeded (28.01ms)
(VSCode) 2025-02-14 21:05:04.677 [INFO]: Skipping completions because the prompt is too short
(VSCode) 2025-02-14 21:05:04.677 [INFO]: provideInlineCompletionItems request succeeded (31.88ms)
(VSCode) 2025-02-14 21:07:38.779 [INFO]: Completion request was cancelled by token (309.53ms)
(VSCode) 2025-02-14 21:07:39.412 [INFO]: Completion request succeeded (564.46ms)
(VSCode) 2025-02-14 21:07:39.413 [INFO]: No completions were generated
(VSCode) 2025-02-14 21:07:39.413 [INFO]: provideInlineCompletionItems request succeeded (568.44ms)
(VSCode) 2025-02-14 21:07:44.200 [INFO]: Completion request succeeded (574.66ms)
(VSCode) 2025-02-14 21:07:44.201 [INFO]: Generated 1 completion
(VSCode) 2025-02-14 21:07:44.205 [INFO]: provideInlineCompletionItems request succeeded (582.52ms)
(VSCode) 2025-02-14 21:07:45.300 [INFO]: Completion request succeeded (991.33ms)
(VSCode) 2025-02-14 21:07:45.303 [INFO]: Generated 1 completion
(VSCode) 2025-02-14 21:07:45.306 [INFO]: provideInlineCompletionItems request succeeded (997.46ms)
(VSCode) 2025-02-14 21:07:45.570 [INFO]: Completion request succeeded (20.52ms)
(VSCode) 2025-02-14 21:07:45.573 [INFO]: Generated 1 completion
(VSCode) 2025-02-14 21:07:45.576 [INFO]: provideInlineCompletionItems request succeeded (28.82ms)
(VSCode) 2025-02-14 21:07:49.354 [INFO]: Completion request succeeded (21.82ms)
(VSCode) 2025-02-14 21:07:49.357 [INFO]: Generated 1 completion
(VSCode) 2025-02-14 21:07:49.359 [INFO]: provideInlineCompletionItems request succeeded (28.52ms)
(VSCode) 2025-02-14 21:07:50.178 [INFO]: Completion request succeeded (30.96ms)
(VSCode) 2025-02-14 21:07:50.179 [INFO]: Generated 1 completion
(VSCode) 2025-02-14 21:07:50.180 [INFO]: provideInlineCompletionItems request succeeded (36.49ms)
(VSCode) 2025-02-14 21:07:51.217 [INFO]: Completion request was cancelled by token (821.43ms)
(VSCode) 2025-02-14 21:07:56.209 [INFO]: Completion request was cancelled by token (126.53ms)
(VSCode) 2025-02-14 21:07:56.558 [INFO]: Completion request was cancelled by token (301.58ms)
(VSCode) 2025-02-14 21:07:57.234 [INFO]: Completion request succeeded (628.43ms)
(VSCode) 2025-02-14 21:07:57.236 [INFO]: Generated 2 completions
(VSCode) 2025-02-14 21:07:57.238 [INFO]: provideInlineCompletionItems request succeeded (633.56ms)
(VSCode) 2025-02-14 21:07:58.248 [INFO]: Completion request was cancelled by token (67.94ms)
(VSCode) 2025-02-14 21:07:58.417 [INFO]: Completion request was cancelled by token (112.66ms)
(VSCode) 2025-02-14 21:07:58.888 [INFO]: Completion request succeeded (418.89ms)
(VSCode) 2025-02-14 21:07:58.890 [INFO]: Generated 2 completions
(VSCode) 2025-02-14 21:07:58.893 [INFO]: provideInlineCompletionItems request succeeded (424.93ms)
(VSCode) 2025-02-14 21:07:59.272 [INFO]: Completion request was cancelled by token (123.61ms)
(VSCode) 2025-02-14 21:07:59.985 [INFO]: Completion request was cancelled by token (666.81ms)
(VSCode) 2025-02-14 21:08:00.570 [INFO]: Completion request was cancelled by token (499.55ms)
(VSCode) 2025-02-14 21:08:01.308 [INFO]: Completion request succeeded (687.85ms)
(VSCode) 2025-02-14 21:08:01.311 [INFO]: No completions were generated
(VSCode) 2025-02-14 21:08:01.312 [INFO]: provideInlineCompletionItems request succeeded (692.58ms)
(VSCode) 2025-02-14 21:08:18.715 [INFO]: Completion request was cancelled by token (309.78ms)
(VSCode) 2025-02-14 21:08:42.365 [INFO]: Completion request succeeded (507.23ms)
(VSCode) 2025-02-14 21:08:42.368 [INFO]: No completions were generated
(VSCode) 2025-02-14 21:08:42.369 [INFO]: provideInlineCompletionItems request succeeded (512.28ms)
(VSCode) 2025-02-14 21:08:43.959 [INFO]: Completion request succeeded (777.81ms)
(VSCode) 2025-02-14 21:08:43.959 [INFO]: Generated 3 completions
(VSCode) 2025-02-14 21:08:43.960 [INFO]: provideInlineCompletionItems request succeeded (780.53ms)
(VSCode) 2025-02-14 21:09:12.049 [ERROR]: Illegal value for `line`
(VSCode) 2025-02-14 21:09:12.114 [INFO]: Completion request succeeded (8.74ms)
(VSCode) 2025-02-14 21:09:12.115 [INFO]: Skipping completions because the prompt is too short
(VSCode) 2025-02-14 21:09:12.115 [INFO]: provideInlineCompletionItems request succeeded (10.19ms)
(VSCode) 2025-02-14 21:09:20.527 [INFO]: Completion request succeeded (18.43ms)
(VSCode) 2025-02-14 21:09:20.528 [INFO]: Skipping completions because the prompt is too short
(VSCode) 2025-02-14 21:09:20.529 [INFO]: provideInlineCompletionItems request succeeded (21.21ms)
(VSCode) 2025-02-14 21:10:03.002 [ERROR]: Illegal value for `line`
(VSCode) 2025-02-14 21:10:03.008 [ERROR]: Illegal value for `line`
(VSCode) 2025-02-14 21:10:03.714 [INFO]: Completion request succeeded (655.93ms)
(VSCode) 2025-02-14 21:10:03.715 [INFO]: Generated 2 completions
(VSCode) 2025-02-14 21:10:03.715 [INFO]: provideInlineCompletionItems request succeeded (657.2ms)
(VSCode) 2025-02-14 21:13:31.571 [INFO]: Completion request was cancelled by token (208.3ms)
(VSCode) 2025-02-14 21:13:32.020 [INFO]: Completion request was cancelled by token (405.93ms)
(VSCode) 2025-02-14 21:13:33.047 [INFO]: Completion request succeeded (975.02ms)
(VSCode) 2025-02-14 21:13:33.050 [INFO]: Generated 1 completion
(VSCode) 2025-02-14 21:13:33.051 [INFO]: provideInlineCompletionItems request succeeded (981.56ms)
(VSCode) 2025-02-14 21:15:02.450 [INFO]: Completion request was cancelled by token (243.11ms)
(VSCode) 2025-02-14 21:15:03.157 [INFO]: Completion request succeeded (655.82ms)
(VSCode) 2025-02-14 21:15:03.158 [INFO]: No completions were generated
(VSCode) 2025-02-14 21:15:03.158 [INFO]: provideInlineCompletionItems request succeeded (657.83ms)
(VSCode) 2025-02-14 21:15:18.045 [INFO]: Completion request succeeded (463.42ms)
(VSCode) 2025-02-14 21:15:18.047 [INFO]: No completions were generated
(VSCode) 2025-02-14 21:15:18.047 [INFO]: provideInlineCompletionItems request succeeded (466.89ms)
(VSCode) 2025-02-14 21:15:19.112 [INFO]: Completion request succeeded (767.2ms)
(VSCode) 2025-02-14 21:15:19.114 [INFO]: No completions were generated
(VSCode) 2025-02-14 21:15:19.114 [INFO]: provideInlineCompletionItems request succeeded (770.76ms)
