2025-02-13 14:58:43.870 [info] [main] Log level: Info
2025-02-13 14:58:43.870 [info] [main] Validating found git in: "git"
2025-02-13 14:58:43.870 [info] [main] Using git "2.47.1" from "git"
2025-02-13 14:58:43.870 [info] [Model][doInitialScan] Initial repository scan started
2025-02-13 14:58:43.870 [info] > git rev-parse --show-toplevel [21ms]
2025-02-13 14:58:43.870 [info] fatal: not a git repository (or any parent up to mount point /)
Stopping at filesystem boundary (GIT_DISCOVERY_ACROSS_FILESYSTEM not set).
2025-02-13 14:58:43.870 [info] > git rev-parse --show-toplevel [15ms]
2025-02-13 14:58:44.548 [info] > git rev-parse --git-dir --git-common-dir [678ms]
2025-02-13 14:58:44.562 [info] [Model][openRepository] Opened repository: /home/pasha/.config
2025-02-13 14:58:44.661 [info] > git config --get commit.template [11ms]
2025-02-13 14:58:44.844 [info] > git for-each-ref --format=%(refname)%00%(upstream:short)%00%(objectname)%00%(upstream:track)%00%(upstream:remotename)%00%(upstream:remoteref) refs/heads/main refs/remotes/main [40ms]
2025-02-13 14:58:44.844 [warning] [Git][getBranch] No such branch: main
2025-02-13 14:58:44.866 [info] > git for-each-ref --sort -committerdate --format %(refname) %(objectname) %(*objectname) [2ms]
2025-02-13 14:58:44.923 [info] > git status -z -uall [70ms] (cancelled)
2025-02-13 14:58:44.924 [info] > git rev-parse --show-toplevel [35ms]
2025-02-13 14:58:44.924 [info] fatal: not a git repository (or any parent up to mount point /)
Stopping at filesystem boundary (GIT_DISCOVERY_ACROSS_FILESYSTEM not set).
2025-02-13 14:58:44.938 [info] > git rev-parse --show-toplevel [2ms]
2025-02-13 14:58:44.938 [info] fatal: not a git repository (or any parent up to mount point /)
Stopping at filesystem boundary (GIT_DISCOVERY_ACROSS_FILESYSTEM not set).
2025-02-13 14:58:44.954 [info] > git rev-parse --show-toplevel [2ms]
2025-02-13 14:58:44.954 [info] fatal: not a git repository (or any parent up to mount point /)
Stopping at filesystem boundary (GIT_DISCOVERY_ACROSS_FILESYSTEM not set).
2025-02-13 14:58:44.967 [info] > git rev-parse --show-toplevel [0ms]
2025-02-13 14:58:44.967 [info] fatal: not a git repository (or any parent up to mount point /)
Stopping at filesystem boundary (GIT_DISCOVERY_ACROSS_FILESYSTEM not set).
2025-02-13 14:58:44.978 [info] > git rev-parse --show-toplevel [1ms]
2025-02-13 14:58:44.988 [info] > git rev-parse --git-dir --git-common-dir [1ms]
2025-02-13 14:58:44.993 [info] [Model][openRepository] Opened repository: /home/pasha/.oh-my-zsh
2025-02-13 14:58:45.013 [info] > git rev-parse --show-toplevel [2ms]
2025-02-13 14:58:45.013 [info] fatal: not a git repository (or any parent up to mount point /)
Stopping at filesystem boundary (GIT_DISCOVERY_ACROSS_FILESYSTEM not set).
2025-02-13 14:58:45.014 [info] > git config --get commit.template [13ms]
2025-02-13 14:58:45.036 [info] > git rev-parse --show-toplevel [9ms]
2025-02-13 14:58:45.036 [info] fatal: not a git repository (or any parent up to mount point /)
Stopping at filesystem boundary (GIT_DISCOVERY_ACROSS_FILESYSTEM not set).
2025-02-13 14:58:45.045 [info] > git for-each-ref --format=%(refname)%00%(upstream:short)%00%(objectname)%00%(upstream:track)%00%(upstream:remotename)%00%(upstream:remoteref) refs/heads/master refs/remotes/master [10ms]
2025-02-13 14:58:45.046 [info] > git rev-parse --show-toplevel [1ms]
2025-02-13 14:58:45.046 [info] fatal: not a git repository (or any parent up to mount point /)
Stopping at filesystem boundary (GIT_DISCOVERY_ACROSS_FILESYSTEM not set).
2025-02-13 14:58:45.081 [info] > git status -z -uall [20ms]
2025-02-13 14:58:45.081 [info] > git check-ignore -v -z --stdin [2ms]
2025-02-13 14:58:45.083 [info] > git for-each-ref --sort -committerdate --format %(refname) %(objectname) %(*objectname) [12ms]
2025-02-13 14:58:45.110 [info] > git rev-parse --show-toplevel [57ms]
2025-02-13 14:58:45.110 [info] fatal: not a git repository (or any parent up to mount point /)
Stopping at filesystem boundary (GIT_DISCOVERY_ACROSS_FILESYSTEM not set).
2025-02-13 14:58:45.250 [info] > git for-each-ref --format=%(refname)%00%(upstream:short)%00%(objectname)%00%(upstream:track)%00%(upstream:remotename)%00%(upstream:remoteref) refs/heads/master refs/remotes/master [143ms]
2025-02-13 14:58:45.268 [info] > git config --local branch.master.vscode-merge-base [9ms]
2025-02-13 14:58:45.281 [info] > git rev-parse --show-toplevel [52ms]
2025-02-13 14:58:45.281 [info] fatal: not a git repository (or any parent up to mount point /)
Stopping at filesystem boundary (GIT_DISCOVERY_ACROSS_FILESYSTEM not set).
2025-02-13 14:58:45.281 [info] > git config --get commit.template [64ms]
2025-02-13 14:58:45.306 [info] > git for-each-ref --format=%(refname)%00%(upstream:short)%00%(objectname)%00%(upstream:track)%00%(upstream:remotename)%00%(upstream:remoteref) refs/heads/origin/master refs/remotes/origin/master [26ms]
2025-02-13 14:58:45.325 [info] > git merge-base refs/heads/master refs/remotes/origin/master [10ms]
2025-02-13 14:58:45.335 [info] > git rev-parse --show-toplevel [30ms]
2025-02-13 14:58:45.335 [info] fatal: not a git repository (or any parent up to mount point /)
Stopping at filesystem boundary (GIT_DISCOVERY_ACROSS_FILESYSTEM not set).
2025-02-13 14:58:45.384 [info] > git diff --name-status -z --diff-filter=ADMR 1c34b0e67d4f1dff36a079f31d7dafe8bcf92f6e...refs/remotes/origin/master [48ms]
2025-02-13 14:58:45.385 [info] > git for-each-ref --format=%(refname)%00%(upstream:short)%00%(objectname)%00%(upstream:track)%00%(upstream:remotename)%00%(upstream:remoteref) refs/heads/master refs/remotes/master [59ms]
2025-02-13 14:58:45.406 [info] > git rev-parse --show-toplevel [23ms]
2025-02-13 14:58:45.406 [info] fatal: not a git repository (or any parent up to mount point /)
Stopping at filesystem boundary (GIT_DISCOVERY_ACROSS_FILESYSTEM not set).
2025-02-13 14:58:45.406 [info] [Model][doInitialScan] Initial repository scan completed - repositories (2), closed repositories (0), parent repositories (0), unsafe repositories (0)
2025-02-13 14:58:45.419 [info] > git rev-parse --show-toplevel [3ms]
2025-02-13 14:58:45.419 [info] fatal: not a git repository (or any parent up to mount point /)
Stopping at filesystem boundary (GIT_DISCOVERY_ACROSS_FILESYSTEM not set).
2025-02-13 14:58:45.467 [info] > git status -z -uall [36ms]
2025-02-13 14:58:45.469 [info] > git for-each-ref --sort -committerdate --format %(refname) %(objectname) %(*objectname) [24ms]
2025-02-13 14:58:46.212 [info] > git show --textconv :neofetch/logo [9ms]
2025-02-13 14:58:46.213 [info] > git ls-files --stage -- /home/pasha/.config/neofetch/logo [1ms]
2025-02-13 15:01:27.599 [info] > git check-ignore -v -z --stdin [17ms]
2025-02-13 15:01:27.599 [info] > git check-ignore -v -z --stdin [4ms]
2025-02-13 15:01:30.510 [info] > git check-ignore -v -z --stdin [1ms]
2025-02-13 15:01:43.421 [info] > git show --textconv :neofetch/logi [23ms]
2025-02-13 15:01:43.424 [info] > git ls-files --stage -- /home/pasha/.config/neofetch/logi [5ms]
2025-02-13 15:01:47.639 [info] > git show --textconv :neofetch/config.conf [10ms]
2025-02-13 15:01:47.639 [info] > git ls-files --stage -- /home/pasha/.config/neofetch/config.conf [1ms]
2025-02-13 15:01:49.849 [info] > git show --textconv :neofetch/logo [12ms]
2025-02-13 15:01:49.849 [info] > git ls-files --stage -- /home/pasha/.config/neofetch/logo [2ms]
2025-02-13 15:01:55.709 [info] > git show --textconv :neofetch/config.conf [24ms]
2025-02-13 15:01:55.715 [info] > git ls-files --stage -- /home/pasha/.config/neofetch/config.conf [9ms]
2025-02-13 15:01:56.447 [info] > git show --textconv :neofetch/logi [10ms]
2025-02-13 15:01:56.447 [info] > git ls-files --stage -- /home/pasha/.config/neofetch/logi [1ms]
2025-02-13 15:02:30.180 [info] > git show --textconv :neofetch/logo [13ms]
2025-02-13 15:02:30.180 [info] > git ls-files --stage -- /home/pasha/.config/neofetch/logo [2ms]
2025-02-13 15:02:41.541 [info] > git show --textconv :neofetch/logi [10ms]
2025-02-13 15:02:41.541 [info] > git ls-files --stage -- /home/pasha/.config/neofetch/logi [1ms]
2025-02-13 15:02:44.746 [info] > git show --textconv :neofetch/config.conf [10ms]
2025-02-13 15:02:44.746 [info] > git ls-files --stage -- /home/pasha/.config/neofetch/config.conf [2ms]
2025-02-13 15:02:45.505 [info] > git show --textconv :neofetch/logo [10ms]
2025-02-13 15:02:45.505 [info] > git ls-files --stage -- /home/pasha/.config/neofetch/logo [1ms]
2025-02-13 15:05:12.111 [info] > git show --textconv :neofetch/logi [22ms]
2025-02-13 15:05:12.112 [info] > git ls-files --stage -- /home/pasha/.config/neofetch/logi [5ms]
2025-02-13 15:09:03.859 [info] > git show --textconv :neofetch/logo [20ms]
2025-02-13 15:09:03.859 [info] > git ls-files --stage -- /home/pasha/.config/neofetch/logo [2ms]
2025-02-13 15:22:45.941 [info] > git show --textconv :neofetch/logi [11ms]
2025-02-13 15:22:45.941 [info] > git ls-files --stage -- /home/pasha/.config/neofetch/logi [1ms]
