2025-02-13 14:47:08.874 [info] [main] Log level: Info
2025-02-13 14:47:08.874 [info] [main] Validating found git in: "git"
2025-02-13 14:47:08.874 [info] [main] Using git "2.47.1" from "git"
2025-02-13 14:47:08.874 [info] [Model][doInitialScan] Initial repository scan started
2025-02-13 14:47:08.874 [info] > git rev-parse --show-toplevel [3ms]
2025-02-13 14:47:08.874 [info] fatal: not a git repository (or any parent up to mount point /)
Stopping at filesystem boundary (GIT_DISCOVERY_ACROSS_FILESYSTEM not set).
2025-02-13 14:47:08.874 [info] > git rev-parse --show-toplevel [2ms]
2025-02-13 14:47:08.874 [info] fatal: not a git repository (or any parent up to mount point /)
Stopping at filesystem boundary (GIT_DISCOVERY_ACROSS_FILESYSTEM not set).
2025-02-13 14:47:08.878 [info] > git rev-parse --show-toplevel [14ms]
2025-02-13 14:47:08.878 [info] fatal: not a git repository (or any parent up to mount point /)
Stopping at filesystem boundary (GIT_DISCOVERY_ACROSS_FILESYSTEM not set).
2025-02-13 14:47:09.567 [info] > git rev-parse --show-toplevel [672ms]
2025-02-13 14:47:09.567 [info] fatal: not a git repository (or any parent up to mount point /)
Stopping at filesystem boundary (GIT_DISCOVERY_ACROSS_FILESYSTEM not set).
2025-02-13 14:47:09.667 [info] > git rev-parse --show-toplevel [9ms]
2025-02-13 14:47:09.667 [info] fatal: not a git repository (or any parent up to mount point /)
Stopping at filesystem boundary (GIT_DISCOVERY_ACROSS_FILESYSTEM not set).
2025-02-13 14:47:09.803 [info] > git rev-parse --show-toplevel [21ms]
2025-02-13 14:47:09.804 [info] fatal: not a git repository (or any parent up to mount point /)
Stopping at filesystem boundary (GIT_DISCOVERY_ACROSS_FILESYSTEM not set).
2025-02-13 14:47:09.837 [info] > git rev-parse --show-toplevel [2ms]
2025-02-13 14:47:09.837 [info] fatal: not a git repository (or any parent up to mount point /)
Stopping at filesystem boundary (GIT_DISCOVERY_ACROSS_FILESYSTEM not set).
2025-02-13 14:47:09.858 [info] > git rev-parse --show-toplevel [9ms]
2025-02-13 14:47:09.858 [info] fatal: not a git repository (or any parent up to mount point /)
Stopping at filesystem boundary (GIT_DISCOVERY_ACROSS_FILESYSTEM not set).
2025-02-13 14:47:09.865 [info] > git rev-parse --show-toplevel [1ms]
2025-02-13 14:47:09.872 [info] > git rev-parse --git-dir --git-common-dir [1ms]
2025-02-13 14:47:09.881 [info] [Model][openRepository] Opened repository: /home/pasha/.oh-my-zsh
2025-02-13 14:47:09.900 [info] > git rev-parse --show-toplevel [2ms]
2025-02-13 14:47:09.900 [info] fatal: not a git repository (or any parent up to mount point /)
Stopping at filesystem boundary (GIT_DISCOVERY_ACROSS_FILESYSTEM not set).
2025-02-13 14:47:09.901 [info] > git config --get commit.template [13ms]
2025-02-13 14:47:09.918 [info] > git rev-parse --show-toplevel [8ms]
2025-02-13 14:47:09.918 [info] fatal: not a git repository (or any parent up to mount point /)
Stopping at filesystem boundary (GIT_DISCOVERY_ACROSS_FILESYSTEM not set).
2025-02-13 14:47:09.925 [info] > git for-each-ref --format=%(refname)%00%(upstream:short)%00%(objectname)%00%(upstream:track)%00%(upstream:remotename)%00%(upstream:remoteref) refs/heads/master refs/remotes/master [9ms]
2025-02-13 14:47:09.926 [info] > git rev-parse --show-toplevel [1ms]
2025-02-13 14:47:09.926 [info] fatal: not a git repository (or any parent up to mount point /)
Stopping at filesystem boundary (GIT_DISCOVERY_ACROSS_FILESYSTEM not set).
2025-02-13 14:47:09.954 [info] > git status -z -uall [13ms]
2025-02-13 14:47:09.959 [info] > git rev-parse --show-toplevel [26ms]
2025-02-13 14:47:09.959 [info] fatal: not a git repository (or any parent up to mount point /)
Stopping at filesystem boundary (GIT_DISCOVERY_ACROSS_FILESYSTEM not set).
2025-02-13 14:47:09.967 [info] > git for-each-ref --sort -committerdate --format %(refname) %(objectname) %(*objectname) [15ms]
2025-02-13 14:47:10.131 [info] > git for-each-ref --format=%(refname)%00%(upstream:short)%00%(objectname)%00%(upstream:track)%00%(upstream:remotename)%00%(upstream:remoteref) refs/heads/master refs/remotes/master [140ms]
2025-02-13 14:47:10.142 [info] > git rev-parse --show-toplevel [175ms]
2025-02-13 14:47:10.142 [info] fatal: not a git repository (or any parent up to mount point /)
Stopping at filesystem boundary (GIT_DISCOVERY_ACROSS_FILESYSTEM not set).
2025-02-13 14:47:10.178 [info] > git config --local branch.master.vscode-merge-base [36ms]
2025-02-13 14:47:10.186 [info] > git config --get commit.template [67ms]
2025-02-13 14:47:10.188 [info] > git for-each-ref --format=%(refname)%00%(upstream:short)%00%(objectname)%00%(upstream:track)%00%(upstream:remotename)%00%(upstream:remoteref) refs/heads/origin/master refs/remotes/origin/master [2ms]
2025-02-13 14:47:10.198 [info] > git rev-parse --show-toplevel [22ms]
2025-02-13 14:47:10.198 [info] fatal: not a git repository (or any parent up to mount point /)
Stopping at filesystem boundary (GIT_DISCOVERY_ACROSS_FILESYSTEM not set).
2025-02-13 14:47:10.255 [info] > git merge-base refs/heads/master refs/remotes/origin/master [58ms]
2025-02-13 14:47:10.268 [info] > git diff --name-status -z --diff-filter=ADMR 1c34b0e67d4f1dff36a079f31d7dafe8bcf92f6e...refs/remotes/origin/master [7ms]
2025-02-13 14:47:10.268 [info] > git rev-parse --show-toplevel [14ms]
2025-02-13 14:47:10.268 [info] fatal: not a git repository (or any parent up to mount point /)
Stopping at filesystem boundary (GIT_DISCOVERY_ACROSS_FILESYSTEM not set).
2025-02-13 14:47:10.269 [info] [Model][doInitialScan] Initial repository scan completed - repositories (1), closed repositories (0), parent repositories (0), unsafe repositories (0)
2025-02-13 14:47:10.269 [info] > git for-each-ref --format=%(refname)%00%(upstream:short)%00%(objectname)%00%(upstream:track)%00%(upstream:remotename)%00%(upstream:remoteref) refs/heads/master refs/remotes/master [22ms]
2025-02-13 14:47:10.281 [info] > git rev-parse --show-toplevel [5ms]
2025-02-13 14:47:10.281 [info] fatal: not a git repository (or any parent up to mount point /)
Stopping at filesystem boundary (GIT_DISCOVERY_ACROSS_FILESYSTEM not set).
2025-02-13 14:47:10.312 [info] > git status -z -uall [15ms]
2025-02-13 14:47:10.312 [info] > git for-each-ref --sort -committerdate --format %(refname) %(objectname) %(*objectname) [10ms]
2025-02-13 14:47:10.319 [info] > git rev-parse --show-toplevel [30ms]
2025-02-13 14:47:10.319 [info] fatal: not a git repository (or any parent up to mount point /)
Stopping at filesystem boundary (GIT_DISCOVERY_ACROSS_FILESYSTEM not set).
2025-02-13 14:47:10.523 [info] > git check-ignore -v -z --stdin [105ms]
2025-02-13 14:47:27.015 [info] > git rev-parse --show-toplevel [2ms]
2025-02-13 14:47:27.015 [info] fatal: not a git repository (or any parent up to mount point /)
Stopping at filesystem boundary (GIT_DISCOVERY_ACROSS_FILESYSTEM not set).
2025-02-13 14:48:16.505 [info] > git rev-parse --show-toplevel [3ms]
2025-02-13 14:48:16.505 [info] fatal: not a git repository (or any parent up to mount point /)
Stopping at filesystem boundary (GIT_DISCOVERY_ACROSS_FILESYSTEM not set).
2025-02-13 14:48:17.847 [info] > git rev-parse --show-toplevel [9ms]
2025-02-13 14:48:17.847 [info] fatal: not a git repository (or any parent up to mount point /)
Stopping at filesystem boundary (GIT_DISCOVERY_ACROSS_FILESYSTEM not set).
2025-02-13 14:48:36.987 [info] > git rev-parse --show-toplevel [1ms]
2025-02-13 14:48:36.987 [info] fatal: not a git repository (or any parent up to mount point /)
Stopping at filesystem boundary (GIT_DISCOVERY_ACROSS_FILESYSTEM not set).
2025-02-13 14:49:06.203 [info] > git rev-parse --show-toplevel [16ms]
2025-02-13 14:49:06.204 [info] fatal: not a git repository (or any parent up to mount point /)
Stopping at filesystem boundary (GIT_DISCOVERY_ACROSS_FILESYSTEM not set).
2025-02-13 14:49:18.945 [info] > git rev-parse --show-toplevel [8ms]
2025-02-13 14:49:18.945 [info] fatal: not a git repository (or any parent up to mount point /)
Stopping at filesystem boundary (GIT_DISCOVERY_ACROSS_FILESYSTEM not set).
