2025-02-13 22:52:28.002 [info] [main] Log level: Info
2025-02-13 22:52:28.002 [info] [main] Validating found git in: "git"
2025-02-13 22:52:28.002 [info] [main] Using git "2.47.1" from "git"
2025-02-13 22:52:28.002 [info] [Model][doInitialScan] Initial repository scan started
2025-02-13 22:52:28.002 [info] > git rev-parse --show-toplevel [8ms]
2025-02-13 22:52:28.002 [info] > git rev-parse --git-dir --git-common-dir [2ms]
2025-02-13 22:52:28.002 [info] [Model][openRepository] Opened repository: /home/pasha/coding/To-Do-List
2025-02-13 22:52:28.016 [info] > git rev-parse --show-toplevel [6ms]
2025-02-13 22:52:28.017 [info] > git config --get commit.template [11ms]
2025-02-13 22:52:28.675 [info] > git check-ignore -v -z --stdin [114ms]
2025-02-13 22:52:28.676 [info] > git rev-parse --show-toplevel [122ms]
2025-02-13 22:52:28.691 [info] > git for-each-ref --format=%(refname)%00%(upstream:short)%00%(objectname)%00%(upstream:track)%00%(upstream:remotename)%00%(upstream:remoteref) refs/heads/main refs/remotes/main [17ms]
2025-02-13 22:52:28.837 [warning] [Git][revParse] Unable to read file: ENOENT: no such file or directory, open '/home/pasha/coding/To-Do-List/.git/refs/remotes/origin/main'
2025-02-13 22:52:28.837 [info] > git rev-parse --show-toplevel [147ms]
2025-02-13 22:52:28.837 [info] [Model][doInitialScan] Initial repository scan completed - repositories (1), closed repositories (0), parent repositories (0), unsafe repositories (0)
2025-02-13 22:52:28.859 [info] > git rev-parse refs/remotes/origin/main [23ms]
2025-02-13 22:52:28.900 [info] > git status -z -uall [35ms]
2025-02-13 22:52:28.900 [info] > git for-each-ref --sort -committerdate --format %(refname) %(objectname) %(*objectname) [28ms]
2025-02-13 22:52:28.919 [info] > git for-each-ref --format=%(refname)%00%(upstream:short)%00%(objectname)%00%(upstream:track)%00%(upstream:remotename)%00%(upstream:remoteref) refs/heads/main refs/remotes/main [8ms]
2025-02-13 22:52:28.935 [info] > git config --local branch.main.vscode-merge-base [9ms]
2025-02-13 22:52:28.935 [warning] [Git][config] git config failed: Failed to execute git
2025-02-13 22:52:28.940 [info] > git config --get commit.template [21ms]
2025-02-13 22:52:28.981 [info] > git reflog main --grep-reflog=branch: Created from *. [41ms]
2025-02-13 22:52:28.989 [info] > git symbolic-ref --short refs/remotes/origin/HEAD [3ms]
2025-02-13 22:52:28.995 [info] > git for-each-ref --format=%(refname)%00%(upstream:short)%00%(objectname)%00%(upstream:track)%00%(upstream:remotename)%00%(upstream:remoteref) refs/heads/main refs/remotes/main [15ms]
2025-02-13 22:52:29.001 [warning] [Git][revParse] Unable to read file: ENOENT: no such file or directory, open '/home/pasha/coding/To-Do-List/.git/refs/remotes/origin/main'
2025-02-13 22:52:29.001 [info] > git for-each-ref --format=%(refname)%00%(upstream:short)%00%(objectname)%00%(upstream:track)%00%(upstream:remotename)%00%(upstream:remoteref) refs/heads/origin/main refs/remotes/origin/main [6ms]
2025-02-13 22:52:29.009 [info] > git config --local branch.main.vscode-merge-base origin/main [2ms]
2025-02-13 22:52:29.010 [info] > git rev-parse refs/remotes/origin/main [9ms]
2025-02-13 22:52:29.024 [info] > git for-each-ref --format=%(refname)%00%(upstream:short)%00%(objectname)%00%(upstream:track)%00%(upstream:remotename)%00%(upstream:remoteref) refs/heads/main refs/remotes/main [7ms]
2025-02-13 22:52:29.032 [info] > git config --local branch.main.vscode-merge-base [2ms]
2025-02-13 22:52:29.038 [info] > git config --get commit.template [15ms]
2025-02-13 22:52:29.052 [info] > git for-each-ref --format=%(refname)%00%(upstream:short)%00%(objectname)%00%(upstream:track)%00%(upstream:remotename)%00%(upstream:remoteref) refs/heads/origin/main refs/remotes/origin/main [14ms]
2025-02-13 22:52:29.059 [info] > git merge-base refs/heads/main refs/remotes/origin/main [1ms]
2025-02-13 22:52:29.065 [info] > git for-each-ref --format=%(refname)%00%(upstream:short)%00%(objectname)%00%(upstream:track)%00%(upstream:remotename)%00%(upstream:remoteref) refs/heads/main refs/remotes/main [14ms]
2025-02-13 22:52:29.091 [warning] [Git][revParse] Unable to read file: ENOENT: no such file or directory, open '/home/pasha/coding/To-Do-List/.git/refs/remotes/origin/main'
2025-02-13 22:52:29.091 [info] > git diff --name-status -z --diff-filter=ADMR 1b1c2340407cf7b3819d7ae9dbac6b55434dc186...refs/remotes/origin/main [26ms]
2025-02-13 22:52:29.093 [info] > git rev-parse refs/remotes/origin/main [3ms]
2025-02-13 22:52:29.107 [info] > git status -z -uall [8ms]
2025-02-13 22:52:29.107 [info] > git for-each-ref --sort -committerdate --format %(refname) %(objectname) %(*objectname) [2ms]
2025-02-13 22:52:42.135 [info] > git check-ignore -v -z --stdin [3ms]
2025-02-13 22:52:42.802 [info] > git check-ignore -v -z --stdin [2ms]
2025-02-13 22:52:44.139 [info] > git show --textconv :scripts/main.js [15ms]
2025-02-13 22:52:44.141 [info] > git ls-files --stage -- /home/pasha/coding/To-Do-List/scripts/main.js [3ms]
2025-02-13 22:52:44.155 [info] > git cat-file -s bf32c1f860fae31393ae3dc9395cc9a492a9045f [2ms]
2025-02-13 22:53:02.591 [info] > git show --textconv :index.html [20ms]
2025-02-13 22:53:02.591 [info] > git ls-files --stage -- /home/pasha/coding/To-Do-List/index.html [6ms]
2025-02-13 22:53:02.603 [info] > git cat-file -s 0e01bcb4bafdf8b69000f196fd12353be8dac715 [2ms]
2025-02-13 22:53:05.951 [info] > git blame --root --incremental 1b1c2340407cf7b3819d7ae9dbac6b55434dc186 -- /home/pasha/coding/To-Do-List/index.html [10ms]
2025-02-13 22:53:45.347 [info] > git config --get commit.template [1ms]
2025-02-13 22:53:45.366 [info] > git for-each-ref --format=%(refname)%00%(upstream:short)%00%(objectname)%00%(upstream:track)%00%(upstream:remotename)%00%(upstream:remoteref) refs/heads/main refs/remotes/main [1ms]
2025-02-13 22:53:45.375 [warning] [Git][revParse] Unable to read file: ENOENT: no such file or directory, open '/home/pasha/coding/To-Do-List/.git/refs/remotes/origin/main'
2025-02-13 22:53:45.376 [info] > git rev-parse refs/remotes/origin/main [1ms]
2025-02-13 22:53:45.398 [info] > git status -z -uall [12ms]
2025-02-13 22:53:45.401 [info] > git for-each-ref --sort -committerdate --format %(refname) %(objectname) %(*objectname) [5ms]
2025-02-13 22:53:50.418 [info] > git config --get commit.template [2ms]
2025-02-13 22:53:50.431 [info] > git for-each-ref --format=%(refname)%00%(upstream:short)%00%(objectname)%00%(upstream:track)%00%(upstream:remotename)%00%(upstream:remoteref) refs/heads/main refs/remotes/main [2ms]
2025-02-13 22:53:50.437 [warning] [Git][revParse] Unable to read file: ENOENT: no such file or directory, open '/home/pasha/coding/To-Do-List/.git/refs/remotes/origin/main'
2025-02-13 22:53:50.439 [info] > git rev-parse refs/remotes/origin/main [2ms]
2025-02-13 22:53:50.454 [info] > git status -z -uall [8ms]
2025-02-13 22:53:50.455 [info] > git for-each-ref --sort -committerdate --format %(refname) %(objectname) %(*objectname) [3ms]
2025-02-13 22:54:33.431 [info] > git config --get commit.template [2ms]
2025-02-13 22:54:33.444 [info] > git for-each-ref --format=%(refname)%00%(upstream:short)%00%(objectname)%00%(upstream:track)%00%(upstream:remotename)%00%(upstream:remoteref) refs/heads/main refs/remotes/main [2ms]
2025-02-13 22:54:33.451 [warning] [Git][revParse] Unable to read file: ENOENT: no such file or directory, open '/home/pasha/coding/To-Do-List/.git/refs/remotes/origin/main'
2025-02-13 22:54:33.453 [info] > git rev-parse refs/remotes/origin/main [1ms]
2025-02-13 22:54:33.470 [info] > git status -z -uall [10ms]
2025-02-13 22:54:33.470 [info] > git for-each-ref --sort -committerdate --format %(refname) %(objectname) %(*objectname) [3ms]
2025-02-13 22:54:37.965 [info] > git show --textconv :scripts/main.js [18ms]
2025-02-13 22:54:37.966 [info] > git ls-files --stage -- /home/pasha/coding/To-Do-List/scripts/main.js [2ms]
2025-02-13 22:54:37.976 [info] > git cat-file -s bf32c1f860fae31393ae3dc9395cc9a492a9045f [1ms]
2025-02-13 22:54:42.813 [info] > git blame --root --incremental 1b1c2340407cf7b3819d7ae9dbac6b55434dc186 -- /home/pasha/coding/To-Do-List/scripts/main.js [13ms]
2025-02-13 22:55:43.387 [info] > git show --textconv :index.html [13ms]
2025-02-13 22:55:43.387 [info] > git ls-files --stage -- /home/pasha/coding/To-Do-List/index.html [2ms]
2025-02-13 22:55:43.397 [info] > git cat-file -s 0e01bcb4bafdf8b69000f196fd12353be8dac715 [2ms]
2025-02-13 22:55:51.030 [info] > git show --textconv :scripts/main.js [28ms]
2025-02-13 22:55:51.035 [info] > git ls-files --stage -- /home/pasha/coding/To-Do-List/scripts/main.js [8ms]
2025-02-13 22:55:51.076 [info] > git cat-file -s bf32c1f860fae31393ae3dc9395cc9a492a9045f [17ms]
2025-02-13 22:56:18.599 [info] > git show --textconv :index.html [8ms]
2025-02-13 22:56:18.600 [info] > git ls-files --stage -- /home/pasha/coding/To-Do-List/index.html [2ms]
2025-02-13 22:56:18.607 [info] > git cat-file -s 0e01bcb4bafdf8b69000f196fd12353be8dac715 [1ms]
2025-02-13 22:56:26.564 [info] > git show --textconv :scripts/main.js [26ms]
2025-02-13 22:56:26.566 [info] > git config --get commit.template [1ms]
2025-02-13 22:56:26.566 [info] > git ls-files --stage -- /home/pasha/coding/To-Do-List/scripts/main.js [12ms]
2025-02-13 22:56:26.575 [info] > git cat-file -s bf32c1f860fae31393ae3dc9395cc9a492a9045f [1ms]
2025-02-13 22:56:26.589 [info] > git for-each-ref --format=%(refname)%00%(upstream:short)%00%(objectname)%00%(upstream:track)%00%(upstream:remotename)%00%(upstream:remoteref) refs/heads/main refs/remotes/main [3ms]
2025-02-13 22:56:26.600 [warning] [Git][revParse] Unable to read file: ENOENT: no such file or directory, open '/home/pasha/coding/To-Do-List/.git/refs/remotes/origin/main'
2025-02-13 22:56:26.603 [info] > git rev-parse refs/remotes/origin/main [3ms]
2025-02-13 22:56:26.619 [info] > git status -z -uall [9ms]
2025-02-13 22:56:26.621 [info] > git for-each-ref --sort -committerdate --format %(refname) %(objectname) %(*objectname) [4ms]
2025-02-13 22:57:09.798 [info] > git config --get commit.template [1ms]
2025-02-13 22:57:09.815 [info] > git for-each-ref --format=%(refname)%00%(upstream:short)%00%(objectname)%00%(upstream:track)%00%(upstream:remotename)%00%(upstream:remoteref) refs/heads/main refs/remotes/main [4ms]
2025-02-13 22:57:09.823 [warning] [Git][revParse] Unable to read file: ENOENT: no such file or directory, open '/home/pasha/coding/To-Do-List/.git/refs/remotes/origin/main'
2025-02-13 22:57:09.824 [info] > git rev-parse refs/remotes/origin/main [1ms]
2025-02-13 22:57:09.840 [info] > git status -z -uall [7ms]
2025-02-13 22:57:09.841 [info] > git for-each-ref --sort -committerdate --format %(refname) %(objectname) %(*objectname) [1ms]
2025-02-13 22:57:11.951 [info] > git show --textconv :index.html [9ms]
2025-02-13 22:57:11.951 [info] > git ls-files --stage -- /home/pasha/coding/To-Do-List/index.html [1ms]
2025-02-13 22:57:11.959 [info] > git cat-file -s 0e01bcb4bafdf8b69000f196fd12353be8dac715 [1ms]
2025-02-13 22:57:28.486 [info] > git config --get commit.template [3ms]
2025-02-13 22:57:28.498 [info] > git for-each-ref --format=%(refname)%00%(upstream:short)%00%(objectname)%00%(upstream:track)%00%(upstream:remotename)%00%(upstream:remoteref) refs/heads/main refs/remotes/main [2ms]
2025-02-13 22:57:28.505 [warning] [Git][revParse] Unable to read file: ENOENT: no such file or directory, open '/home/pasha/coding/To-Do-List/.git/refs/remotes/origin/main'
2025-02-13 22:57:28.506 [info] > git rev-parse refs/remotes/origin/main [1ms]
2025-02-13 22:57:28.522 [info] > git status -z -uall [8ms]
2025-02-13 22:57:28.523 [info] > git for-each-ref --sort -committerdate --format %(refname) %(objectname) %(*objectname) [2ms]
2025-02-13 22:58:18.947 [info] > git show --textconv :scripts/main.js [9ms]
2025-02-13 22:58:18.947 [info] > git ls-files --stage -- /home/pasha/coding/To-Do-List/scripts/main.js [1ms]
2025-02-13 22:58:18.956 [info] > git cat-file -s bf32c1f860fae31393ae3dc9395cc9a492a9045f [1ms]
2025-02-13 22:58:27.281 [info] > git config --get commit.template [3ms]
2025-02-13 22:58:27.291 [info] > git for-each-ref --format=%(refname)%00%(upstream:short)%00%(objectname)%00%(upstream:track)%00%(upstream:remotename)%00%(upstream:remoteref) refs/heads/main refs/remotes/main [1ms]
2025-02-13 22:58:27.297 [warning] [Git][revParse] Unable to read file: ENOENT: no such file or directory, open '/home/pasha/coding/To-Do-List/.git/refs/remotes/origin/main'
2025-02-13 22:58:27.298 [info] > git rev-parse refs/remotes/origin/main [1ms]
2025-02-13 22:58:27.310 [info] > git status -z -uall [6ms]
2025-02-13 22:58:27.311 [info] > git for-each-ref --sort -committerdate --format %(refname) %(objectname) %(*objectname) [1ms]
2025-02-13 22:58:28.500 [info] > git show --textconv :index.html [8ms]
2025-02-13 22:58:28.501 [info] > git ls-files --stage -- /home/pasha/coding/To-Do-List/index.html [2ms]
2025-02-13 22:58:28.508 [info] > git cat-file -s 0e01bcb4bafdf8b69000f196fd12353be8dac715 [0ms]
2025-02-13 22:59:01.772 [info] > git config --get commit.template [2ms]
2025-02-13 22:59:01.783 [info] > git for-each-ref --format=%(refname)%00%(upstream:short)%00%(objectname)%00%(upstream:track)%00%(upstream:remotename)%00%(upstream:remoteref) refs/heads/main refs/remotes/main [3ms]
2025-02-13 22:59:01.791 [warning] [Git][revParse] Unable to read file: ENOENT: no such file or directory, open '/home/pasha/coding/To-Do-List/.git/refs/remotes/origin/main'
2025-02-13 22:59:01.792 [info] > git rev-parse refs/remotes/origin/main [1ms]
2025-02-13 22:59:01.809 [info] > git status -z -uall [10ms]
2025-02-13 22:59:01.810 [info] > git for-each-ref --sort -committerdate --format %(refname) %(objectname) %(*objectname) [3ms]
2025-02-13 22:59:02.778 [info] > git show --textconv :scripts/main.js [14ms]
2025-02-13 22:59:02.780 [info] > git ls-files --stage -- /home/pasha/coding/To-Do-List/scripts/main.js [2ms]
2025-02-13 22:59:02.790 [info] > git cat-file -s bf32c1f860fae31393ae3dc9395cc9a492a9045f [1ms]
2025-02-13 22:59:47.111 [info] > git config --get commit.template [1ms]
2025-02-13 22:59:47.123 [info] > git for-each-ref --format=%(refname)%00%(upstream:short)%00%(objectname)%00%(upstream:track)%00%(upstream:remotename)%00%(upstream:remoteref) refs/heads/main refs/remotes/main [1ms]
2025-02-13 22:59:47.132 [warning] [Git][revParse] Unable to read file: ENOENT: no such file or directory, open '/home/pasha/coding/To-Do-List/.git/refs/remotes/origin/main'
2025-02-13 22:59:47.134 [info] > git rev-parse refs/remotes/origin/main [2ms]
2025-02-13 22:59:47.151 [info] > git status -z -uall [9ms]
2025-02-13 22:59:47.154 [info] > git for-each-ref --sort -committerdate --format %(refname) %(objectname) %(*objectname) [4ms]
2025-02-13 23:00:38.946 [info] > git config --get commit.template [2ms]
2025-02-13 23:00:38.959 [info] > git for-each-ref --format=%(refname)%00%(upstream:short)%00%(objectname)%00%(upstream:track)%00%(upstream:remotename)%00%(upstream:remoteref) refs/heads/main refs/remotes/main [2ms]
2025-02-13 23:00:38.971 [warning] [Git][revParse] Unable to read file: ENOENT: no such file or directory, open '/home/pasha/coding/To-Do-List/.git/refs/remotes/origin/main'
2025-02-13 23:00:38.972 [info] > git rev-parse refs/remotes/origin/main [1ms]
2025-02-13 23:00:38.992 [info] > git status -z -uall [13ms]
2025-02-13 23:00:38.992 [info] > git for-each-ref --sort -committerdate --format %(refname) %(objectname) %(*objectname) [3ms]
2025-02-13 23:00:40.452 [info] > git show --textconv :index.html [11ms]
2025-02-13 23:00:40.453 [info] > git ls-files --stage -- /home/pasha/coding/To-Do-List/index.html [1ms]
2025-02-13 23:00:40.462 [info] > git cat-file -s 0e01bcb4bafdf8b69000f196fd12353be8dac715 [1ms]
2025-02-13 23:00:58.135 [info] > git for-each-ref --format=%(refname)%00%(upstream:short)%00%(objectname)%00%(upstream:track)%00%(upstream:remotename)%00%(upstream:remoteref) refs/heads/main refs/remotes/main [21ms]
2025-02-13 23:00:58.136 [info] > git config --get commit.template [45ms]
2025-02-13 23:00:58.156 [warning] [Git][revParse] Unable to read file: ENOENT: no such file or directory, open '/home/pasha/coding/To-Do-List/.git/refs/remotes/origin/main'
2025-02-13 23:00:58.159 [info] > git rev-parse refs/remotes/origin/main [3ms]
2025-02-13 23:00:58.184 [info] > git status -z -uall [11ms]
2025-02-13 23:00:58.185 [info] > git for-each-ref --sort -committerdate --format %(refname) %(objectname) %(*objectname) [2ms]
2025-02-13 23:02:19.187 [info] > git show --textconv :scripts/main.js [10ms]
2025-02-13 23:02:19.188 [info] > git ls-files --stage -- /home/pasha/coding/To-Do-List/scripts/main.js [1ms]
2025-02-13 23:02:19.196 [info] > git cat-file -s bf32c1f860fae31393ae3dc9395cc9a492a9045f [1ms]
2025-02-13 23:02:30.724 [info] > git config --get commit.template [2ms]
2025-02-13 23:02:30.736 [info] > git for-each-ref --format=%(refname)%00%(upstream:short)%00%(objectname)%00%(upstream:track)%00%(upstream:remotename)%00%(upstream:remoteref) refs/heads/main refs/remotes/main [3ms]
2025-02-13 23:02:30.744 [warning] [Git][revParse] Unable to read file: ENOENT: no such file or directory, open '/home/pasha/coding/To-Do-List/.git/refs/remotes/origin/main'
2025-02-13 23:02:30.745 [info] > git rev-parse refs/remotes/origin/main [1ms]
2025-02-13 23:02:30.761 [info] > git status -z -uall [8ms]
2025-02-13 23:02:30.761 [info] > git for-each-ref --sort -committerdate --format %(refname) %(objectname) %(*objectname) [1ms]
2025-02-13 23:03:07.988 [info] > git config --get commit.template [2ms]
2025-02-13 23:03:08.002 [info] > git for-each-ref --format=%(refname)%00%(upstream:short)%00%(objectname)%00%(upstream:track)%00%(upstream:remotename)%00%(upstream:remoteref) refs/heads/main refs/remotes/main [3ms]
2025-02-13 23:03:08.010 [warning] [Git][revParse] Unable to read file: ENOENT: no such file or directory, open '/home/pasha/coding/To-Do-List/.git/refs/remotes/origin/main'
2025-02-13 23:03:08.010 [info] > git rev-parse refs/remotes/origin/main [0ms]
2025-02-13 23:03:08.027 [info] > git status -z -uall [9ms]
2025-02-13 23:03:08.028 [info] > git for-each-ref --sort -committerdate --format %(refname) %(objectname) %(*objectname) [2ms]
2025-02-13 23:06:13.908 [info] > git config --get commit.template [11ms]
2025-02-13 23:06:13.921 [info] > git ls-files --stage -- /home/pasha/coding/To-Do-List/scripts/main.js [14ms]
2025-02-13 23:06:13.930 [info] > git for-each-ref --format=%(refname)%00%(upstream:short)%00%(objectname)%00%(upstream:track)%00%(upstream:remotename)%00%(upstream:remoteref) refs/heads/main refs/remotes/main [11ms]
2025-02-13 23:06:13.940 [warning] [Git][revParse] Unable to read file: ENOENT: no such file or directory, open '/home/pasha/coding/To-Do-List/.git/refs/remotes/origin/main'
2025-02-13 23:06:13.940 [info] > git cat-file -s bf32c1f860fae31393ae3dc9395cc9a492a9045f [10ms]
2025-02-13 23:06:13.941 [info] > git rev-parse refs/remotes/origin/main [1ms]
2025-02-13 23:06:13.957 [info] > git status -z -uall [8ms]
2025-02-13 23:06:13.966 [info] > git for-each-ref --sort -committerdate --format %(refname) %(objectname) %(*objectname) [9ms]
2025-02-13 23:06:13.969 [info] > git show --textconv :scripts/main.js [3ms]
2025-02-13 23:06:22.832 [info] > git config --get commit.template [9ms]
2025-02-13 23:06:22.833 [info] > git for-each-ref --format=%(refname)%00%(upstream:short)%00%(objectname)%00%(upstream:track)%00%(upstream:remotename)%00%(upstream:remoteref) refs/heads/main refs/remotes/main [1ms]
2025-02-13 23:06:22.839 [warning] [Git][revParse] Unable to read file: ENOENT: no such file or directory, open '/home/pasha/coding/To-Do-List/.git/refs/remotes/origin/main'
2025-02-13 23:06:22.840 [info] > git rev-parse refs/remotes/origin/main [1ms]
2025-02-13 23:06:22.852 [info] > git status -z -uall [7ms]
2025-02-13 23:06:22.852 [info] > git for-each-ref --sort -committerdate --format %(refname) %(objectname) %(*objectname) [1ms]
2025-02-13 23:06:24.114 [info] > git config --get commit.template [9ms]
2025-02-13 23:06:24.125 [info] > git ls-files --stage -- /home/pasha/coding/To-Do-List/scripts/main.js [11ms]
2025-02-13 23:06:24.134 [info] > git cat-file -s bf32c1f860fae31393ae3dc9395cc9a492a9045f [2ms]
2025-02-13 23:06:24.135 [info] > git for-each-ref --format=%(refname)%00%(upstream:short)%00%(objectname)%00%(upstream:track)%00%(upstream:remotename)%00%(upstream:remoteref) refs/heads/main refs/remotes/main [11ms]
2025-02-13 23:06:24.144 [warning] [Git][revParse] Unable to read file: ENOENT: no such file or directory, open '/home/pasha/coding/To-Do-List/.git/refs/remotes/origin/main'
2025-02-13 23:06:24.152 [info] > git rev-parse refs/remotes/origin/main [9ms]
2025-02-13 23:06:24.167 [info] > git show --textconv :scripts/main.js [15ms]
2025-02-13 23:06:24.168 [info] > git status -z -uall [9ms]
2025-02-13 23:06:24.168 [info] > git for-each-ref --sort -committerdate --format %(refname) %(objectname) %(*objectname) [1ms]
2025-02-13 23:07:10.782 [info] > git config --get commit.template [7ms]
2025-02-13 23:07:10.782 [info] > git for-each-ref --format=%(refname)%00%(upstream:short)%00%(objectname)%00%(upstream:track)%00%(upstream:remotename)%00%(upstream:remoteref) refs/heads/master_feature refs/remotes/master_feature [1ms]
2025-02-13 23:07:10.798 [info] > git status -z -uall [10ms]
2025-02-13 23:07:10.798 [info] > git for-each-ref --sort -committerdate --format %(refname) %(objectname) %(*objectname) [2ms]
2025-02-13 23:07:10.810 [info] > git for-each-ref --format=%(refname)%00%(upstream:short)%00%(objectname)%00%(upstream:track)%00%(upstream:remotename)%00%(upstream:remoteref) refs/heads/master_feature refs/remotes/master_feature [2ms]
2025-02-13 23:07:10.817 [info] > git config --local branch.master_feature.vscode-merge-base [1ms]
2025-02-13 23:07:10.817 [warning] [Git][config] git config failed: Failed to execute git
2025-02-13 23:07:10.825 [info] > git reflog master_feature --grep-reflog=branch: Created from *. [2ms]
2025-02-13 23:07:10.833 [info] > git reflog HEAD --grep-reflog=checkout: moving from .* to master_feature [2ms]
2025-02-13 23:07:10.839 [info] > git for-each-ref --format=%(refname)%00%(upstream:short)%00%(objectname)%00%(upstream:track)%00%(upstream:remotename)%00%(upstream:remoteref) refs/heads/main refs/remotes/main [1ms]
2025-02-13 23:07:10.846 [info] > git for-each-ref --format=%(refname)%00%(upstream:short)%00%(objectname)%00%(upstream:track)%00%(upstream:remotename)%00%(upstream:remoteref) refs/remotes/origin/main [1ms]
2025-02-13 23:07:10.853 [info] > git config --local branch.master_feature.vscode-merge-base origin/main [1ms]
2025-02-13 23:07:10.865 [info] > git config --get commit.template [6ms]
2025-02-13 23:07:10.866 [info] > git for-each-ref --format=%(refname)%00%(upstream:short)%00%(objectname)%00%(upstream:track)%00%(upstream:remotename)%00%(upstream:remoteref) refs/heads/master_feature refs/remotes/master_feature [1ms]
2025-02-13 23:07:10.878 [info] > git status -z -uall [7ms]
2025-02-13 23:07:10.878 [info] > git for-each-ref --sort -committerdate --format %(refname) %(objectname) %(*objectname) [1ms]
2025-02-13 23:07:10.886 [info] > git for-each-ref --format=%(refname)%00%(upstream:short)%00%(objectname)%00%(upstream:track)%00%(upstream:remotename)%00%(upstream:remoteref) refs/heads/master_feature refs/remotes/master_feature [1ms]
2025-02-13 23:07:10.892 [info] > git config --local branch.master_feature.vscode-merge-base [0ms]
2025-02-13 23:07:10.899 [info] > git for-each-ref --format=%(refname)%00%(upstream:short)%00%(objectname)%00%(upstream:track)%00%(upstream:remotename)%00%(upstream:remoteref) refs/heads/origin/main refs/remotes/origin/main [1ms]
2025-02-13 23:07:12.009 [info] > git config --get commit.template [4ms]
2025-02-13 23:07:12.035 [info] > git for-each-ref --format=%(refname)%00%(upstream:short)%00%(objectname)%00%(upstream:track)%00%(upstream:remotename)%00%(upstream:remoteref) refs/heads/master_feature refs/remotes/master_feature [6ms]
2025-02-13 23:07:12.077 [info] > git status -z -uall [22ms]
2025-02-13 23:07:12.078 [info] > git for-each-ref --sort -committerdate --format %(refname) %(objectname) %(*objectname) [4ms]
2025-02-13 23:07:12.097 [info] > git ls-files --stage -- /home/pasha/coding/To-Do-List/scripts/main.js [2ms]
2025-02-13 23:07:12.107 [info] > git cat-file -s bf32c1f860fae31393ae3dc9395cc9a492a9045f [2ms]
2025-02-13 23:07:12.118 [info] > git show --textconv :scripts/main.js [1ms]
2025-02-13 23:08:52.464 [info] > git config --get commit.template [3ms]
2025-02-13 23:08:52.490 [info] > git for-each-ref --format=%(refname)%00%(upstream:short)%00%(objectname)%00%(upstream:track)%00%(upstream:remotename)%00%(upstream:remoteref) refs/heads/master_feature refs/remotes/master_feature [4ms]
2025-02-13 23:08:52.525 [info] > git status -z -uall [17ms]
2025-02-13 23:08:52.527 [info] > git for-each-ref --sort -committerdate --format %(refname) %(objectname) %(*objectname) [3ms]
2025-02-13 23:09:10.320 [info] > git config --get commit.template [11ms]
2025-02-13 23:09:10.321 [info] > git for-each-ref --format=%(refname)%00%(upstream:short)%00%(objectname)%00%(upstream:track)%00%(upstream:remotename)%00%(upstream:remoteref) refs/heads/master_feature refs/remotes/master_feature [2ms]
2025-02-13 23:09:10.341 [info] > git status -z -uall [11ms]
2025-02-13 23:09:10.342 [info] > git for-each-ref --sort -committerdate --format %(refname) %(objectname) %(*objectname) [3ms]
2025-02-13 23:09:15.353 [info] > git config --get commit.template [1ms]
2025-02-13 23:09:15.361 [info] > git for-each-ref --format=%(refname)%00%(upstream:short)%00%(objectname)%00%(upstream:track)%00%(upstream:remotename)%00%(upstream:remoteref) refs/heads/master_feature refs/remotes/master_feature [1ms]
2025-02-13 23:09:15.375 [info] > git status -z -uall [7ms]
2025-02-13 23:09:15.377 [info] > git for-each-ref --sort -committerdate --format %(refname) %(objectname) %(*objectname) [2ms]
2025-02-13 23:09:20.420 [info] > git config --get commit.template [14ms]
2025-02-13 23:09:20.421 [info] > git for-each-ref --format=%(refname)%00%(upstream:short)%00%(objectname)%00%(upstream:track)%00%(upstream:remotename)%00%(upstream:remoteref) refs/heads/master_feature refs/remotes/master_feature [2ms]
2025-02-13 23:09:20.436 [info] > git status -z -uall [8ms]
2025-02-13 23:09:20.437 [info] > git for-each-ref --sort -committerdate --format %(refname) %(objectname) %(*objectname) [2ms]
2025-02-13 23:09:36.523 [info] > git config --get commit.template [2ms]
2025-02-13 23:09:36.538 [info] > git for-each-ref --format=%(refname)%00%(upstream:short)%00%(objectname)%00%(upstream:track)%00%(upstream:remotename)%00%(upstream:remoteref) refs/heads/master_feature refs/remotes/master_feature [3ms]
2025-02-13 23:09:36.556 [info] > git status -z -uall [8ms]
2025-02-13 23:09:36.559 [info] > git for-each-ref --sort -committerdate --format %(refname) %(objectname) %(*objectname) [4ms]
2025-02-13 23:09:51.086 [info] > git show --textconv :index.html [8ms]
2025-02-13 23:09:51.087 [info] > git ls-files --stage -- /home/pasha/coding/To-Do-List/index.html [1ms]
2025-02-13 23:09:51.095 [info] > git cat-file -s 0e01bcb4bafdf8b69000f196fd12353be8dac715 [1ms]
2025-02-13 23:10:03.138 [info] > git show --textconv :scripts/main.js [11ms]
2025-02-13 23:10:03.139 [info] > git ls-files --stage -- /home/pasha/coding/To-Do-List/scripts/main.js [2ms]
2025-02-13 23:10:03.147 [info] > git cat-file -s bf32c1f860fae31393ae3dc9395cc9a492a9045f [1ms]
2025-02-13 23:10:31.194 [info] > git config --get commit.template [7ms]
2025-02-13 23:10:31.194 [info] > git for-each-ref --format=%(refname)%00%(upstream:short)%00%(objectname)%00%(upstream:track)%00%(upstream:remotename)%00%(upstream:remoteref) refs/heads/master_feature refs/remotes/master_feature [1ms]
2025-02-13 23:10:31.207 [info] > git status -z -uall [7ms]
2025-02-13 23:10:31.208 [info] > git for-each-ref --sort -committerdate --format %(refname) %(objectname) %(*objectname) [2ms]
2025-02-13 23:10:36.084 [info] > git show --textconv :index.html [8ms]
2025-02-13 23:10:36.085 [info] > git ls-files --stage -- /home/pasha/coding/To-Do-List/index.html [1ms]
2025-02-13 23:10:36.093 [info] > git cat-file -s 0e01bcb4bafdf8b69000f196fd12353be8dac715 [1ms]
2025-02-13 23:10:42.496 [info] > git config --get commit.template [23ms]
2025-02-13 23:10:42.498 [info] > git for-each-ref --format=%(refname)%00%(upstream:short)%00%(objectname)%00%(upstream:track)%00%(upstream:remotename)%00%(upstream:remoteref) refs/heads/master_feature refs/remotes/master_feature [3ms]
2025-02-13 23:10:42.532 [info] > git status -z -uall [17ms]
2025-02-13 23:10:42.534 [info] > git for-each-ref --sort -committerdate --format %(refname) %(objectname) %(*objectname) [3ms]
2025-02-13 23:10:44.268 [info] > git show --textconv :scripts/main.js [9ms]
2025-02-13 23:10:44.269 [info] > git ls-files --stage -- /home/pasha/coding/To-Do-List/scripts/main.js [1ms]
2025-02-13 23:10:44.278 [info] > git cat-file -s bf32c1f860fae31393ae3dc9395cc9a492a9045f [1ms]
