2025-02-14 21:04:46.906 [info] [main] Log level: Info
2025-02-14 21:04:46.906 [info] [main] Validating found git in: "git"
2025-02-14 21:04:46.906 [info] [main] Using git "2.47.1" from "git"
2025-02-14 21:04:46.906 [info] [Model][doInitialScan] Initial repository scan started
2025-02-14 21:04:46.906 [info] > git rev-parse --show-toplevel [17ms]
2025-02-14 21:04:46.906 [info] > git rev-parse --git-dir --git-common-dir [6ms]
2025-02-14 21:04:46.906 [info] [Model][openRepository] Opened repository: /home/pasha/.config
2025-02-14 21:04:46.906 [info] > git rev-parse --show-toplevel [159ms]
2025-02-14 21:04:46.906 [info] > git config --get commit.template [169ms]
2025-02-14 21:04:46.931 [info] > git for-each-ref --format=%(refname)%00%(upstream:short)%00%(objectname)%00%(upstream:track)%00%(upstream:remotename)%00%(upstream:remoteref) refs/heads/main refs/remotes/main [9ms]
2025-02-14 21:04:47.169 [info] > git for-each-ref --sort -committerdate --format %(refname) %(objectname) %(*objectname) [25ms]
2025-02-14 21:04:47.207 [info] > git rev-parse --show-toplevel [3ms]
2025-02-14 21:04:47.224 [info] > git rev-parse --show-toplevel [1ms]
2025-02-14 21:04:47.250 [info] > git rev-parse --show-toplevel [14ms]
2025-02-14 21:04:47.281 [info] > git rev-parse --show-toplevel [2ms]
2025-02-14 21:04:47.298 [info] > git rev-parse --show-toplevel [1ms]
2025-02-14 21:04:47.310 [info] > git check-ignore -v -z --stdin [61ms]
2025-02-14 21:04:47.313 [info] > git rev-parse --show-toplevel [3ms]
2025-02-14 21:04:47.325 [info] > git rev-parse --show-toplevel [1ms]
2025-02-14 21:04:47.343 [info] > git rev-parse --show-toplevel [4ms]
2025-02-14 21:04:47.365 [info] > git rev-parse --show-toplevel [1ms]
2025-02-14 21:04:47.382 [info] > git status -z -uall [257ms]
2025-02-14 21:04:47.480 [info] > git for-each-ref --format=%(refname)%00%(upstream:short)%00%(objectname)%00%(upstream:track)%00%(upstream:remotename)%00%(upstream:remoteref) refs/heads/main refs/remotes/main [22ms]
2025-02-14 21:04:47.491 [info] > git rev-parse --show-toplevel [110ms]
2025-02-14 21:04:47.690 [info] > git config --local branch.main.vscode-merge-base [200ms]
2025-02-14 21:04:47.691 [warning] [Git][config] git config failed: Failed to execute git
2025-02-14 21:04:47.715 [info] > git config --get commit.template [240ms]
2025-02-14 21:04:47.722 [info] > git rev-parse --show-toplevel [51ms]
2025-02-14 21:04:47.788 [info] > git reflog main --grep-reflog=branch: Created from *. [74ms]
2025-02-14 21:04:47.803 [info] > git symbolic-ref --short refs/remotes/origin/HEAD [4ms]
2025-02-14 21:04:47.803 [info] fatal: ref refs/remotes/origin/HEAD is not a symbolic ref
2025-02-14 21:04:47.803 [warning] [Repository][getDefaultBranch] Failed to get default branch details: Failed to execute git.
2025-02-14 21:04:47.814 [info] > git rev-parse --show-toplevel [26ms]
2025-02-14 21:04:47.814 [info] > git for-each-ref --format=%(refname)%00%(upstream:short)%00%(objectname)%00%(upstream:track)%00%(upstream:remotename)%00%(upstream:remoteref) refs/heads/main refs/remotes/main [37ms]
2025-02-14 21:04:47.826 [info] > git merge-base refs/heads/main refs/remotes/origin/main [13ms]
2025-02-14 21:04:47.838 [info] > git diff --name-status -z --diff-filter=ADMR 29a44e8faf01dbda4e40876c0c8b6e9eac7a8052...refs/remotes/origin/main [3ms]
2025-02-14 21:04:47.838 [info] > git rev-parse --show-toplevel [13ms]
2025-02-14 21:04:47.887 [info] > git for-each-ref --sort -committerdate --format %(refname) %(objectname) %(*objectname) [23ms]
2025-02-14 21:04:47.887 [info] > git rev-parse --show-toplevel [40ms]
2025-02-14 21:04:47.929 [info] > git rev-parse --show-toplevel [34ms]
2025-02-14 21:04:47.937 [info] > git rev-parse --show-toplevel [2ms]
2025-02-14 21:04:47.943 [info] > git rev-parse --show-toplevel [0ms]
2025-02-14 21:04:47.978 [info] > git rev-parse --show-toplevel [15ms]
2025-02-14 21:04:47.987 [info] > git rev-parse --show-toplevel [1ms]
2025-02-14 21:04:47.987 [info] fatal: not a git repository: /home/pasha/.config/nvim/../.git/modules/nvim
2025-02-14 21:04:47.996 [info] > git status -z -uall [143ms]
2025-02-14 21:04:48.046 [info] > git rev-parse --show-toplevel [51ms]
2025-02-14 21:04:48.055 [info] > git rev-parse --show-toplevel [2ms]
2025-02-14 21:04:48.062 [info] > git rev-parse --show-toplevel [1ms]
2025-02-14 21:04:48.073 [info] > git rev-parse --show-toplevel [5ms]
2025-02-14 21:04:48.091 [info] > git rev-parse --show-toplevel [2ms]
2025-02-14 21:04:48.091 [info] fatal: not a git repository: /home/pasha/.config/st/../.git/modules/st
2025-02-14 21:04:48.161 [info] > git rev-parse --show-toplevel [60ms]
2025-02-14 21:04:48.161 [info] [Model][doInitialScan] Initial repository scan completed - repositories (1), closed repositories (0), parent repositories (0), unsafe repositories (0)
2025-02-14 21:04:48.175 [info] > git show --textconv :i3/scripts/toggle-polybar.sh [7ms]
2025-02-14 21:04:48.177 [info] > git ls-files --stage -- /home/pasha/.config/i3/scripts/toggle-polybar.sh [2ms]
2025-02-14 21:04:48.183 [info] > git cat-file -s a3eaabc19293b4480ee0179c7a3b9b2d33e7a123 [1ms]
2025-02-14 21:04:53.089 [info] > git config --get commit.template [20ms]
2025-02-14 21:04:53.091 [info] > git for-each-ref --format=%(refname)%00%(upstream:short)%00%(objectname)%00%(upstream:track)%00%(upstream:remotename)%00%(upstream:remoteref) refs/heads/main refs/remotes/main [3ms]
2025-02-14 21:04:53.120 [info] > git for-each-ref --sort -committerdate --format %(refname) %(objectname) %(*objectname) [3ms]
2025-02-14 21:04:53.320 [info] > git status -z -uall [216ms]
2025-02-14 21:04:54.075 [info] > git show --textconv :i3/scripts/volume.sh [19ms]
2025-02-14 21:04:54.082 [info] > git ls-files --stage -- /home/pasha/.config/i3/scripts/volume.sh [9ms]
2025-02-14 21:04:54.096 [info] > git cat-file -s 94f477929a570bbc981e29129cb899c65520266b [2ms]
2025-02-14 21:04:57.628 [info] > git show --textconv :polybar/colors.ini [28ms]
2025-02-14 21:04:57.634 [info] > git ls-files --stage -- /home/pasha/.config/polybar/colors.ini [8ms]
2025-02-14 21:04:57.647 [info] > git cat-file -s 5545061c402648de6a77cbaddc1bf6e60d743331 [4ms]
2025-02-14 21:04:58.365 [info] > git config --get commit.template [11ms]
2025-02-14 21:04:58.367 [info] > git for-each-ref --format=%(refname)%00%(upstream:short)%00%(objectname)%00%(upstream:track)%00%(upstream:remotename)%00%(upstream:remoteref) refs/heads/main refs/remotes/main [2ms]
2025-02-14 21:04:58.394 [info] > git for-each-ref --sort -committerdate --format %(refname) %(objectname) %(*objectname) [2ms]
2025-02-14 21:04:58.608 [info] > git status -z -uall [230ms]
2025-02-14 21:05:01.046 [info] > git show --textconv :polybar/modules.ini [18ms]
2025-02-14 21:05:01.058 [info] > git ls-files --stage -- /home/pasha/.config/polybar/modules.ini [14ms]
2025-02-14 21:05:01.084 [info] > git cat-file -s 7f6603824f15fc31ed424655fe44e7d5d4e956b8 [2ms]
2025-02-14 21:05:02.536 [info] > git show --textconv :polybar/config.ini [14ms]
2025-02-14 21:05:02.540 [info] > git ls-files --stage -- /home/pasha/.config/polybar/config.ini [5ms]
2025-02-14 21:05:02.552 [info] > git cat-file -s b4fc8b8d6949b450bfd6e4c3f914ccb07664ae23 [2ms]
2025-02-14 21:05:02.689 [info] > git blame --root --incremental 29a44e8faf01dbda4e40876c0c8b6e9eac7a8052 -- /home/pasha/.config/polybar/config.ini [2ms]
2025-02-14 21:05:03.648 [info] > git config --get commit.template [4ms]
2025-02-14 21:05:03.678 [info] > git for-each-ref --format=%(refname)%00%(upstream:short)%00%(objectname)%00%(upstream:track)%00%(upstream:remotename)%00%(upstream:remoteref) refs/heads/main refs/remotes/main [5ms]
2025-02-14 21:05:03.727 [info] > git for-each-ref --sort -committerdate --format %(refname) %(objectname) %(*objectname) [5ms]
2025-02-14 21:05:03.914 [info] > git status -z -uall [213ms]
2025-02-14 21:05:09.265 [info] > git config --get commit.template [2ms]
2025-02-14 21:05:09.287 [info] > git for-each-ref --format=%(refname)%00%(upstream:short)%00%(objectname)%00%(upstream:track)%00%(upstream:remotename)%00%(upstream:remoteref) refs/heads/main refs/remotes/main [3ms]
2025-02-14 21:05:09.319 [info] > git for-each-ref --sort -committerdate --format %(refname) %(objectname) %(*objectname) [3ms]
2025-02-14 21:05:09.513 [info] > git status -z -uall [214ms]
2025-02-14 21:05:14.551 [info] > git config --get commit.template [10ms]
2025-02-14 21:05:14.551 [info] > git for-each-ref --format=%(refname)%00%(upstream:short)%00%(objectname)%00%(upstream:track)%00%(upstream:remotename)%00%(upstream:remoteref) refs/heads/main refs/remotes/main [2ms]
2025-02-14 21:05:14.575 [info] > git for-each-ref --sort -committerdate --format %(refname) %(objectname) %(*objectname) [2ms]
2025-02-14 21:05:14.759 [info] > git status -z -uall [198ms]
2025-02-14 21:05:19.796 [info] > git config --get commit.template [2ms]
2025-02-14 21:05:19.811 [info] > git for-each-ref --format=%(refname)%00%(upstream:short)%00%(objectname)%00%(upstream:track)%00%(upstream:remotename)%00%(upstream:remoteref) refs/heads/main refs/remotes/main [2ms]
2025-02-14 21:05:19.844 [info] > git for-each-ref --sort -committerdate --format %(refname) %(objectname) %(*objectname) [2ms]
2025-02-14 21:05:20.035 [info] > git status -z -uall [213ms]
2025-02-14 21:05:25.086 [info] > git config --get commit.template [6ms]
2025-02-14 21:05:25.105 [info] > git for-each-ref --format=%(refname)%00%(upstream:short)%00%(objectname)%00%(upstream:track)%00%(upstream:remotename)%00%(upstream:remoteref) refs/heads/main refs/remotes/main [2ms]
2025-02-14 21:05:25.130 [info] > git for-each-ref --sort -committerdate --format %(refname) %(objectname) %(*objectname) [2ms]
2025-02-14 21:05:25.312 [info] > git status -z -uall [197ms]
2025-02-14 21:05:30.352 [info] > git config --get commit.template [2ms]
2025-02-14 21:05:30.364 [info] > git for-each-ref --format=%(refname)%00%(upstream:short)%00%(objectname)%00%(upstream:track)%00%(upstream:remotename)%00%(upstream:remoteref) refs/heads/main refs/remotes/main [1ms]
2025-02-14 21:05:30.385 [info] > git for-each-ref --sort -committerdate --format %(refname) %(objectname) %(*objectname) [1ms]
2025-02-14 21:05:30.567 [info] > git status -z -uall [195ms]
2025-02-14 21:05:35.607 [info] > git config --get commit.template [2ms]
2025-02-14 21:05:35.618 [info] > git for-each-ref --format=%(refname)%00%(upstream:short)%00%(objectname)%00%(upstream:track)%00%(upstream:remotename)%00%(upstream:remoteref) refs/heads/main refs/remotes/main [2ms]
2025-02-14 21:05:35.641 [info] > git for-each-ref --sort -committerdate --format %(refname) %(objectname) %(*objectname) [1ms]
2025-02-14 21:05:35.822 [info] > git status -z -uall [196ms]
2025-02-14 21:05:40.869 [info] > git config --get commit.template [4ms]
2025-02-14 21:05:40.895 [info] > git for-each-ref --format=%(refname)%00%(upstream:short)%00%(objectname)%00%(upstream:track)%00%(upstream:remotename)%00%(upstream:remoteref) refs/heads/main refs/remotes/main [3ms]
2025-02-14 21:05:40.933 [info] > git for-each-ref --sort -committerdate --format %(refname) %(objectname) %(*objectname) [2ms]
2025-02-14 21:05:41.127 [info] > git status -z -uall [214ms]
2025-02-14 21:05:46.174 [info] > git config --get commit.template [10ms]
2025-02-14 21:05:46.175 [info] > git for-each-ref --format=%(refname)%00%(upstream:short)%00%(objectname)%00%(upstream:track)%00%(upstream:remotename)%00%(upstream:remoteref) refs/heads/main refs/remotes/main [2ms]
2025-02-14 21:05:46.197 [info] > git for-each-ref --sort -committerdate --format %(refname) %(objectname) %(*objectname) [2ms]
2025-02-14 21:05:46.385 [info] > git status -z -uall [201ms]
2025-02-14 21:05:51.428 [info] > git config --get commit.template [4ms]
2025-02-14 21:05:51.455 [info] > git for-each-ref --format=%(refname)%00%(upstream:short)%00%(objectname)%00%(upstream:track)%00%(upstream:remotename)%00%(upstream:remoteref) refs/heads/main refs/remotes/main [5ms]
2025-02-14 21:05:51.506 [info] > git for-each-ref --sort -committerdate --format %(refname) %(objectname) %(*objectname) [3ms]
2025-02-14 21:05:51.697 [info] > git status -z -uall [219ms]
2025-02-14 21:05:56.748 [info] > git config --get commit.template [5ms]
2025-02-14 21:05:56.771 [info] > git for-each-ref --format=%(refname)%00%(upstream:short)%00%(objectname)%00%(upstream:track)%00%(upstream:remotename)%00%(upstream:remoteref) refs/heads/main refs/remotes/main [2ms]
2025-02-14 21:05:56.804 [info] > git for-each-ref --sort -committerdate --format %(refname) %(objectname) %(*objectname) [2ms]
2025-02-14 21:05:56.993 [info] > git status -z -uall [209ms]
2025-02-14 21:06:02.066 [info] > git config --get commit.template [26ms]
2025-02-14 21:06:02.069 [info] > git for-each-ref --format=%(refname)%00%(upstream:short)%00%(objectname)%00%(upstream:track)%00%(upstream:remotename)%00%(upstream:remoteref) refs/heads/main refs/remotes/main [5ms]
2025-02-14 21:06:02.112 [info] > git for-each-ref --sort -committerdate --format %(refname) %(objectname) %(*objectname) [3ms]
2025-02-14 21:06:02.296 [info] > git status -z -uall [207ms]
2025-02-14 21:06:07.342 [info] > git config --get commit.template [3ms]
2025-02-14 21:06:07.370 [info] > git for-each-ref --format=%(refname)%00%(upstream:short)%00%(objectname)%00%(upstream:track)%00%(upstream:remotename)%00%(upstream:remoteref) refs/heads/main refs/remotes/main [5ms]
2025-02-14 21:06:07.422 [info] > git for-each-ref --sort -committerdate --format %(refname) %(objectname) %(*objectname) [3ms]
2025-02-14 21:06:07.607 [info] > git status -z -uall [214ms]
2025-02-14 21:06:12.652 [info] > git config --get commit.template [4ms]
2025-02-14 21:06:12.680 [info] > git for-each-ref --format=%(refname)%00%(upstream:short)%00%(objectname)%00%(upstream:track)%00%(upstream:remotename)%00%(upstream:remoteref) refs/heads/main refs/remotes/main [5ms]
2025-02-14 21:06:12.726 [info] > git for-each-ref --sort -committerdate --format %(refname) %(objectname) %(*objectname) [3ms]
2025-02-14 21:06:12.910 [info] > git status -z -uall [208ms]
2025-02-14 21:06:17.965 [info] > git config --get commit.template [5ms]
2025-02-14 21:06:17.988 [info] > git for-each-ref --format=%(refname)%00%(upstream:short)%00%(objectname)%00%(upstream:track)%00%(upstream:remotename)%00%(upstream:remoteref) refs/heads/main refs/remotes/main [3ms]
2025-02-14 21:06:18.018 [info] > git for-each-ref --sort -committerdate --format %(refname) %(objectname) %(*objectname) [2ms]
2025-02-14 21:06:18.207 [info] > git status -z -uall [207ms]
2025-02-14 21:06:23.240 [info] > git config --get commit.template [3ms]
2025-02-14 21:06:23.268 [info] > git for-each-ref --format=%(refname)%00%(upstream:short)%00%(objectname)%00%(upstream:track)%00%(upstream:remotename)%00%(upstream:remoteref) refs/heads/main refs/remotes/main [8ms]
2025-02-14 21:06:23.309 [info] > git for-each-ref --sort -committerdate --format %(refname) %(objectname) %(*objectname) [4ms]
2025-02-14 21:06:23.514 [info] > git status -z -uall [229ms]
2025-02-14 21:06:28.544 [info] > git config --get commit.template [2ms]
2025-02-14 21:06:28.556 [info] > git for-each-ref --format=%(refname)%00%(upstream:short)%00%(objectname)%00%(upstream:track)%00%(upstream:remotename)%00%(upstream:remoteref) refs/heads/main refs/remotes/main [2ms]
2025-02-14 21:06:28.585 [info] > git for-each-ref --sort -committerdate --format %(refname) %(objectname) %(*objectname) [2ms]
2025-02-14 21:06:28.790 [info] > git status -z -uall [223ms]
2025-02-14 21:06:33.830 [info] > git config --get commit.template [3ms]
2025-02-14 21:06:33.863 [info] > git for-each-ref --format=%(refname)%00%(upstream:short)%00%(objectname)%00%(upstream:track)%00%(upstream:remotename)%00%(upstream:remoteref) refs/heads/main refs/remotes/main [5ms]
2025-02-14 21:06:33.911 [info] > git for-each-ref --sort -committerdate --format %(refname) %(objectname) %(*objectname) [5ms]
2025-02-14 21:06:34.145 [info] > git status -z -uall [260ms]
2025-02-14 21:06:39.188 [info] > git config --get commit.template [11ms]
2025-02-14 21:06:39.189 [info] > git for-each-ref --format=%(refname)%00%(upstream:short)%00%(objectname)%00%(upstream:track)%00%(upstream:remotename)%00%(upstream:remoteref) refs/heads/main refs/remotes/main [2ms]
2025-02-14 21:06:39.213 [info] > git for-each-ref --sort -committerdate --format %(refname) %(objectname) %(*objectname) [2ms]
2025-02-14 21:06:39.399 [info] > git status -z -uall [200ms]
2025-02-14 21:06:44.435 [info] > git config --get commit.template [3ms]
2025-02-14 21:06:44.452 [info] > git for-each-ref --format=%(refname)%00%(upstream:short)%00%(objectname)%00%(upstream:track)%00%(upstream:remotename)%00%(upstream:remoteref) refs/heads/main refs/remotes/main [4ms]
2025-02-14 21:06:44.480 [info] > git for-each-ref --sort -committerdate --format %(refname) %(objectname) %(*objectname) [2ms]
2025-02-14 21:06:44.672 [info] > git status -z -uall [207ms]
2025-02-14 21:06:49.705 [info] > git config --get commit.template [1ms]
2025-02-14 21:06:49.720 [info] > git for-each-ref --format=%(refname)%00%(upstream:short)%00%(objectname)%00%(upstream:track)%00%(upstream:remotename)%00%(upstream:remoteref) refs/heads/main refs/remotes/main [2ms]
2025-02-14 21:06:49.752 [info] > git for-each-ref --sort -committerdate --format %(refname) %(objectname) %(*objectname) [3ms]
2025-02-14 21:06:49.946 [info] > git status -z -uall [214ms]
2025-02-14 21:06:54.980 [info] > git config --get commit.template [1ms]
2025-02-14 21:06:54.994 [info] > git for-each-ref --format=%(refname)%00%(upstream:short)%00%(objectname)%00%(upstream:track)%00%(upstream:remotename)%00%(upstream:remoteref) refs/heads/main refs/remotes/main [2ms]
2025-02-14 21:06:55.024 [info] > git for-each-ref --sort -committerdate --format %(refname) %(objectname) %(*objectname) [2ms]
2025-02-14 21:06:55.210 [info] > git status -z -uall [204ms]
2025-02-14 21:07:00.257 [info] > git config --get commit.template [17ms]
2025-02-14 21:07:00.258 [info] > git for-each-ref --format=%(refname)%00%(upstream:short)%00%(objectname)%00%(upstream:track)%00%(upstream:remotename)%00%(upstream:remoteref) refs/heads/main refs/remotes/main [4ms]
2025-02-14 21:07:00.294 [info] > git for-each-ref --sort -committerdate --format %(refname) %(objectname) %(*objectname) [3ms]
2025-02-14 21:07:00.475 [info] > git status -z -uall [204ms]
2025-02-14 21:07:05.509 [info] > git config --get commit.template [3ms]
2025-02-14 21:07:05.528 [info] > git for-each-ref --format=%(refname)%00%(upstream:short)%00%(objectname)%00%(upstream:track)%00%(upstream:remotename)%00%(upstream:remoteref) refs/heads/main refs/remotes/main [4ms]
2025-02-14 21:07:05.564 [info] > git for-each-ref --sort -committerdate --format %(refname) %(objectname) %(*objectname) [4ms]
2025-02-14 21:07:05.763 [info] > git status -z -uall [221ms]
2025-02-14 21:07:10.810 [info] > git config --get commit.template [4ms]
2025-02-14 21:07:10.838 [info] > git for-each-ref --format=%(refname)%00%(upstream:short)%00%(objectname)%00%(upstream:track)%00%(upstream:remotename)%00%(upstream:remoteref) refs/heads/main refs/remotes/main [3ms]
2025-02-14 21:07:10.872 [info] > git for-each-ref --sort -committerdate --format %(refname) %(objectname) %(*objectname) [2ms]
2025-02-14 21:07:11.055 [info] > git status -z -uall [201ms]
2025-02-14 21:07:26.008 [info] > git config --get commit.template [4ms]
2025-02-14 21:07:26.025 [info] > git for-each-ref --format=%(refname)%00%(upstream:short)%00%(objectname)%00%(upstream:track)%00%(upstream:remotename)%00%(upstream:remoteref) refs/heads/main refs/remotes/main [2ms]
2025-02-14 21:07:26.062 [info] > git for-each-ref --sort -committerdate --format %(refname) %(objectname) %(*objectname) [4ms]
2025-02-14 21:07:26.276 [info] > git status -z -uall [237ms]
2025-02-14 21:07:33.500 [info] > git config --get commit.template [16ms]
2025-02-14 21:07:33.503 [info] > git for-each-ref --format=%(refname)%00%(upstream:short)%00%(objectname)%00%(upstream:track)%00%(upstream:remotename)%00%(upstream:remoteref) refs/heads/main refs/remotes/main [5ms]
2025-02-14 21:07:33.546 [info] > git for-each-ref --sort -committerdate --format %(refname) %(objectname) %(*objectname) [3ms]
2025-02-14 21:07:33.757 [info] > git status -z -uall [236ms]
2025-02-14 21:07:38.802 [info] > git config --get commit.template [2ms]
2025-02-14 21:07:38.815 [info] > git for-each-ref --format=%(refname)%00%(upstream:short)%00%(objectname)%00%(upstream:track)%00%(upstream:remotename)%00%(upstream:remoteref) refs/heads/main refs/remotes/main [3ms]
2025-02-14 21:07:38.852 [info] > git for-each-ref --sort -committerdate --format %(refname) %(objectname) %(*objectname) [8ms]
2025-02-14 21:07:39.036 [info] > git status -z -uall [210ms]
2025-02-14 21:07:44.086 [info] > git config --get commit.template [4ms]
2025-02-14 21:07:44.110 [info] > git for-each-ref --format=%(refname)%00%(upstream:short)%00%(objectname)%00%(upstream:track)%00%(upstream:remotename)%00%(upstream:remoteref) refs/heads/main refs/remotes/main [2ms]
2025-02-14 21:07:44.136 [info] > git for-each-ref --sort -committerdate --format %(refname) %(objectname) %(*objectname) [2ms]
2025-02-14 21:07:44.335 [info] > git status -z -uall [214ms]
2025-02-14 21:08:02.874 [info] > git config --get commit.template [25ms]
2025-02-14 21:08:02.875 [info] > git for-each-ref --format=%(refname)%00%(upstream:short)%00%(objectname)%00%(upstream:track)%00%(upstream:remotename)%00%(upstream:remoteref) refs/heads/main refs/remotes/main [5ms]
2025-02-14 21:08:02.918 [info] > git for-each-ref --sort -committerdate --format %(refname) %(objectname) %(*objectname) [5ms]
2025-02-14 21:08:03.118 [info] > git status -z -uall [225ms]
2025-02-14 21:08:08.802 [info] > git config --get commit.template [19ms]
2025-02-14 21:08:08.804 [info] > git for-each-ref --format=%(refname)%00%(upstream:short)%00%(objectname)%00%(upstream:track)%00%(upstream:remotename)%00%(upstream:remoteref) refs/heads/main refs/remotes/main [3ms]
2025-02-14 21:08:08.843 [info] > git for-each-ref --sort -committerdate --format %(refname) %(objectname) %(*objectname) [2ms]
2025-02-14 21:08:09.025 [info] > git status -z -uall [204ms]
2025-02-14 21:08:14.072 [info] > git config --get commit.template [3ms]
2025-02-14 21:08:14.099 [info] > git for-each-ref --format=%(refname)%00%(upstream:short)%00%(objectname)%00%(upstream:track)%00%(upstream:remotename)%00%(upstream:remoteref) refs/heads/main refs/remotes/main [3ms]
2025-02-14 21:08:14.139 [info] > git for-each-ref --sort -committerdate --format %(refname) %(objectname) %(*objectname) [2ms]
2025-02-14 21:08:14.324 [info] > git status -z -uall [206ms]
2025-02-14 21:08:29.422 [info] > git config --get commit.template [5ms]
2025-02-14 21:08:29.455 [info] > git for-each-ref --format=%(refname)%00%(upstream:short)%00%(objectname)%00%(upstream:track)%00%(upstream:remotename)%00%(upstream:remoteref) refs/heads/main refs/remotes/main [5ms]
2025-02-14 21:08:29.502 [info] > git for-each-ref --sort -committerdate --format %(refname) %(objectname) %(*objectname) [5ms]
2025-02-14 21:08:29.653 [info] > git status -z -uall [185ms]
2025-02-14 21:08:34.739 [info] > git config --get commit.template [25ms]
2025-02-14 21:08:34.741 [info] > git for-each-ref --format=%(refname)%00%(upstream:short)%00%(objectname)%00%(upstream:track)%00%(upstream:remotename)%00%(upstream:remoteref) refs/heads/main refs/remotes/main [4ms]
2025-02-14 21:08:34.771 [info] > git for-each-ref --sort -committerdate --format %(refname) %(objectname) %(*objectname) [2ms]
2025-02-14 21:08:34.887 [info] > git status -z -uall [132ms]
2025-02-14 21:08:39.912 [info] > git config --get commit.template [7ms]
2025-02-14 21:08:39.913 [info] > git for-each-ref --format=%(refname)%00%(upstream:short)%00%(objectname)%00%(upstream:track)%00%(upstream:remotename)%00%(upstream:remoteref) refs/heads/main refs/remotes/main [1ms]
2025-02-14 21:08:39.934 [info] > git for-each-ref --sort -committerdate --format %(refname) %(objectname) %(*objectname) [1ms]
2025-02-14 21:08:40.079 [info] > git status -z -uall [157ms]
2025-02-14 21:08:45.125 [info] > git config --get commit.template [1ms]
2025-02-14 21:08:45.134 [info] > git for-each-ref --format=%(refname)%00%(upstream:short)%00%(objectname)%00%(upstream:track)%00%(upstream:remotename)%00%(upstream:remoteref) refs/heads/main refs/remotes/main [2ms]
2025-02-14 21:08:45.169 [info] > git for-each-ref --sort -committerdate --format %(refname) %(objectname) %(*objectname) [3ms]
2025-02-14 21:08:45.284 [info] > git status -z -uall [143ms]
2025-02-14 21:08:50.324 [info] > git config --get commit.template [4ms]
2025-02-14 21:08:50.338 [info] > git for-each-ref --format=%(refname)%00%(upstream:short)%00%(objectname)%00%(upstream:track)%00%(upstream:remotename)%00%(upstream:remoteref) refs/heads/main refs/remotes/main [1ms]
2025-02-14 21:08:50.374 [info] > git for-each-ref --sort -committerdate --format %(refname) %(objectname) %(*objectname) [3ms]
2025-02-14 21:08:50.497 [info] > git status -z -uall [152ms]
2025-02-14 21:08:55.527 [info] > git config --get commit.template [4ms]
2025-02-14 21:08:55.542 [info] > git for-each-ref --format=%(refname)%00%(upstream:short)%00%(objectname)%00%(upstream:track)%00%(upstream:remotename)%00%(upstream:remoteref) refs/heads/main refs/remotes/main [2ms]
2025-02-14 21:08:55.589 [info] > git for-each-ref --sort -committerdate --format %(refname) %(objectname) %(*objectname) [7ms]
2025-02-14 21:08:55.727 [info] > git status -z -uall [173ms]
2025-02-14 21:09:00.773 [info] > git config --get commit.template [7ms]
2025-02-14 21:09:00.773 [info] > git for-each-ref --format=%(refname)%00%(upstream:short)%00%(objectname)%00%(upstream:track)%00%(upstream:remotename)%00%(upstream:remoteref) refs/heads/main refs/remotes/main [1ms]
2025-02-14 21:09:00.809 [info] > git for-each-ref --sort -committerdate --format %(refname) %(objectname) %(*objectname) [2ms]
2025-02-14 21:09:00.924 [info] > git status -z -uall [144ms]
2025-02-14 21:09:05.983 [info] > git config --get commit.template [22ms]
2025-02-14 21:09:05.985 [info] > git for-each-ref --format=%(refname)%00%(upstream:short)%00%(objectname)%00%(upstream:track)%00%(upstream:remotename)%00%(upstream:remoteref) refs/heads/main refs/remotes/main [4ms]
2025-02-14 21:09:06.023 [info] > git for-each-ref --sort -committerdate --format %(refname) %(objectname) %(*objectname) [2ms]
2025-02-14 21:09:06.198 [info] > git status -z -uall [193ms]
2025-02-14 21:09:11.266 [info] > git for-each-ref --format=%(refname)%00%(upstream:short)%00%(objectname)%00%(upstream:track)%00%(upstream:remotename)%00%(upstream:remoteref) refs/heads/main refs/remotes/main [4ms]
2025-02-14 21:09:11.267 [info] > git config --get commit.template [11ms]
2025-02-14 21:09:11.313 [info] > git for-each-ref --sort -committerdate --format %(refname) %(objectname) %(*objectname) [2ms]
2025-02-14 21:09:11.423 [info] > git status -z -uall [131ms]
2025-02-14 21:09:23.259 [info] > git config --get commit.template [5ms]
2025-02-14 21:09:23.289 [info] > git for-each-ref --format=%(refname)%00%(upstream:short)%00%(objectname)%00%(upstream:track)%00%(upstream:remotename)%00%(upstream:remoteref) refs/heads/main refs/remotes/main [3ms]
2025-02-14 21:09:23.341 [info] > git for-each-ref --sort -committerdate --format %(refname) %(objectname) %(*objectname) [3ms]
2025-02-14 21:09:23.479 [info] > git status -z -uall [164ms]
2025-02-14 21:09:33.513 [info] > git config --get commit.template [4ms]
2025-02-14 21:09:33.531 [info] > git for-each-ref --format=%(refname)%00%(upstream:short)%00%(objectname)%00%(upstream:track)%00%(upstream:remotename)%00%(upstream:remoteref) refs/heads/main refs/remotes/main [3ms]
2025-02-14 21:09:33.579 [info] > git for-each-ref --sort -committerdate --format %(refname) %(objectname) %(*objectname) [5ms]
2025-02-14 21:09:33.758 [info] > git status -z -uall [217ms]
2025-02-14 21:09:49.080 [info] > git config --get commit.template [0ms]
2025-02-14 21:09:49.107 [info] > git for-each-ref --format=%(refname)%00%(upstream:short)%00%(objectname)%00%(upstream:track)%00%(upstream:remotename)%00%(upstream:remoteref) refs/heads/main refs/remotes/main [8ms]
2025-02-14 21:09:49.185 [info] > git for-each-ref --sort -committerdate --format %(refname) %(objectname) %(*objectname) [14ms]
2025-02-14 21:09:49.414 [info] > git status -z -uall [260ms]
2025-02-14 21:09:58.276 [info] > git config --get commit.template [3ms]
2025-02-14 21:09:58.304 [info] > git for-each-ref --format=%(refname)%00%(upstream:short)%00%(objectname)%00%(upstream:track)%00%(upstream:remotename)%00%(upstream:remoteref) refs/heads/main refs/remotes/main [11ms]
2025-02-14 21:09:58.350 [info] > git for-each-ref --sort -committerdate --format %(refname) %(objectname) %(*objectname) [4ms]
2025-02-14 21:09:58.533 [info] > git status -z -uall [208ms]
2025-02-14 21:09:59.881 [info] > git show --textconv :polybar/launch.sh [11ms]
2025-02-14 21:09:59.884 [info] > git ls-files --stage -- /home/pasha/.config/polybar/launch.sh [3ms]
2025-02-14 21:09:59.894 [info] > git cat-file -s aa169ab89caa8889767594f44e2d5f5c1d326549 [1ms]
2025-02-14 21:10:01.052 [info] > git blame --root --incremental 29a44e8faf01dbda4e40876c0c8b6e9eac7a8052 -- /home/pasha/.config/polybar/launch.sh [4ms]
2025-02-14 21:10:03.624 [info] > git config --get commit.template [23ms]
2025-02-14 21:10:03.626 [info] > git for-each-ref --format=%(refname)%00%(upstream:short)%00%(objectname)%00%(upstream:track)%00%(upstream:remotename)%00%(upstream:remoteref) refs/heads/main refs/remotes/main [4ms]
2025-02-14 21:10:03.673 [info] > git for-each-ref --sort -committerdate --format %(refname) %(objectname) %(*objectname) [3ms]
2025-02-14 21:10:03.863 [info] > git status -z -uall [213ms]
2025-02-14 21:10:06.377 [info] > git show --textconv :polybar/modules.ini [27ms]
2025-02-14 21:10:06.383 [info] > git ls-files --stage -- /home/pasha/.config/polybar/modules.ini [8ms]
2025-02-14 21:10:06.425 [info] > git cat-file -s 7f6603824f15fc31ed424655fe44e7d5d4e956b8 [7ms]
2025-02-14 21:10:10.633 [info] > git config --get commit.template [15ms]
2025-02-14 21:10:10.637 [info] > git for-each-ref --format=%(refname)%00%(upstream:short)%00%(objectname)%00%(upstream:track)%00%(upstream:remotename)%00%(upstream:remoteref) refs/heads/main refs/remotes/main [5ms]
2025-02-14 21:10:10.701 [info] > git for-each-ref --sort -committerdate --format %(refname) %(objectname) %(*objectname) [9ms]
2025-02-14 21:10:11.021 [info] > git status -z -uall [365ms]
2025-02-14 21:10:24.645 [info] > git config --get commit.template [12ms]
2025-02-14 21:10:24.664 [info] > git for-each-ref --format=%(refname)%00%(upstream:short)%00%(objectname)%00%(upstream:track)%00%(upstream:remotename)%00%(upstream:remoteref) refs/heads/main refs/remotes/main [2ms]
2025-02-14 21:10:24.690 [info] > git for-each-ref --sort -committerdate --format %(refname) %(objectname) %(*objectname) [3ms]
2025-02-14 21:10:24.884 [info] > git status -z -uall [209ms]
2025-02-14 21:10:25.753 [info] > git blame --root --incremental 29a44e8faf01dbda4e40876c0c8b6e9eac7a8052 -- /home/pasha/.config/polybar/modules.ini [3ms]
2025-02-14 21:10:29.947 [info] > git config --get commit.template [6ms]
2025-02-14 21:10:29.974 [info] > git for-each-ref --format=%(refname)%00%(upstream:short)%00%(objectname)%00%(upstream:track)%00%(upstream:remotename)%00%(upstream:remoteref) refs/heads/main refs/remotes/main [4ms]
2025-02-14 21:10:30.018 [info] > git for-each-ref --sort -committerdate --format %(refname) %(objectname) %(*objectname) [2ms]
2025-02-14 21:10:30.184 [info] > git status -z -uall [188ms]
2025-02-14 21:10:35.227 [info] > git config --get commit.template [4ms]
2025-02-14 21:10:35.259 [info] > git for-each-ref --format=%(refname)%00%(upstream:short)%00%(objectname)%00%(upstream:track)%00%(upstream:remotename)%00%(upstream:remoteref) refs/heads/main refs/remotes/main [4ms]
2025-02-14 21:10:35.295 [info] > git for-each-ref --sort -committerdate --format %(refname) %(objectname) %(*objectname) [1ms]
2025-02-14 21:10:35.455 [info] > git status -z -uall [175ms]
2025-02-14 21:10:40.491 [info] > git config --get commit.template [8ms]
2025-02-14 21:10:40.492 [info] > git for-each-ref --format=%(refname)%00%(upstream:short)%00%(objectname)%00%(upstream:track)%00%(upstream:remotename)%00%(upstream:remoteref) refs/heads/main refs/remotes/main [1ms]
2025-02-14 21:10:40.509 [info] > git for-each-ref --sort -committerdate --format %(refname) %(objectname) %(*objectname) [1ms]
2025-02-14 21:10:40.666 [info] > git status -z -uall [167ms]
2025-02-14 21:10:45.704 [info] > git config --get commit.template [3ms]
2025-02-14 21:10:45.711 [info] > git for-each-ref --format=%(refname)%00%(upstream:short)%00%(objectname)%00%(upstream:track)%00%(upstream:remotename)%00%(upstream:remoteref) refs/heads/main refs/remotes/main [1ms]
2025-02-14 21:10:45.747 [info] > git for-each-ref --sort -committerdate --format %(refname) %(objectname) %(*objectname) [2ms]
2025-02-14 21:10:45.921 [info] > git status -z -uall [203ms]
2025-02-14 21:10:49.515 [info] > git show --textconv :polybar/config.ini [14ms]
2025-02-14 21:10:49.520 [info] > git ls-files --stage -- /home/pasha/.config/polybar/config.ini [5ms]
2025-02-14 21:10:49.532 [info] > git cat-file -s b4fc8b8d6949b450bfd6e4c3f914ccb07664ae23 [1ms]
2025-02-14 21:10:50.946 [info] > git config --get commit.template [1ms]
2025-02-14 21:10:50.954 [info] > git for-each-ref --format=%(refname)%00%(upstream:short)%00%(objectname)%00%(upstream:track)%00%(upstream:remotename)%00%(upstream:remoteref) refs/heads/main refs/remotes/main [2ms]
2025-02-14 21:10:50.989 [info] > git for-each-ref --sort -committerdate --format %(refname) %(objectname) %(*objectname) [3ms]
2025-02-14 21:10:51.170 [info] > git status -z -uall [210ms]
2025-02-14 21:10:56.214 [info] > git config --get commit.template [4ms]
2025-02-14 21:10:56.241 [info] > git for-each-ref --format=%(refname)%00%(upstream:short)%00%(objectname)%00%(upstream:track)%00%(upstream:remotename)%00%(upstream:remoteref) refs/heads/main refs/remotes/main [5ms]
2025-02-14 21:10:56.294 [info] > git for-each-ref --sort -committerdate --format %(refname) %(objectname) %(*objectname) [2ms]
2025-02-14 21:10:56.459 [info] > git status -z -uall [196ms]
2025-02-14 21:11:01.488 [info] > git config --get commit.template [1ms]
2025-02-14 21:11:01.499 [info] > git for-each-ref --format=%(refname)%00%(upstream:short)%00%(objectname)%00%(upstream:track)%00%(upstream:remotename)%00%(upstream:remoteref) refs/heads/main refs/remotes/main [2ms]
2025-02-14 21:11:01.537 [info] > git for-each-ref --sort -committerdate --format %(refname) %(objectname) %(*objectname) [2ms]
2025-02-14 21:11:01.715 [info] > git status -z -uall [207ms]
2025-02-14 21:11:18.148 [info] > git config --get commit.template [2ms]
2025-02-14 21:11:18.172 [info] > git for-each-ref --format=%(refname)%00%(upstream:short)%00%(objectname)%00%(upstream:track)%00%(upstream:remotename)%00%(upstream:remoteref) refs/heads/main refs/remotes/main [9ms]
2025-02-14 21:11:18.244 [info] > git for-each-ref --sort -committerdate --format %(refname) %(objectname) %(*objectname) [7ms]
2025-02-14 21:11:18.451 [info] > git status -z -uall [240ms]
2025-02-14 21:11:20.296 [info] > git show --textconv :polybar/launch.sh [25ms]
2025-02-14 21:11:20.303 [info] > git ls-files --stage -- /home/pasha/.config/polybar/launch.sh [9ms]
2025-02-14 21:11:20.319 [info] > git cat-file -s aa169ab89caa8889767594f44e2d5f5c1d326549 [1ms]
2025-02-14 21:11:21.211 [info] > git show --textconv :polybar/modules.ini [11ms]
2025-02-14 21:11:21.214 [info] > git ls-files --stage -- /home/pasha/.config/polybar/modules.ini [4ms]
2025-02-14 21:11:21.224 [info] > git cat-file -s 7f6603824f15fc31ed424655fe44e7d5d4e956b8 [1ms]
2025-02-14 21:11:23.494 [info] > git config --get commit.template [1ms]
2025-02-14 21:11:23.502 [info] > git for-each-ref --format=%(refname)%00%(upstream:short)%00%(objectname)%00%(upstream:track)%00%(upstream:remotename)%00%(upstream:remoteref) refs/heads/main refs/remotes/main [1ms]
2025-02-14 21:11:23.529 [info] > git for-each-ref --sort -committerdate --format %(refname) %(objectname) %(*objectname) [1ms]
2025-02-14 21:11:23.686 [info] > git status -z -uall [177ms]
2025-02-14 21:11:28.736 [info] > git config --get commit.template [4ms]
2025-02-14 21:11:28.760 [info] > git for-each-ref --format=%(refname)%00%(upstream:short)%00%(objectname)%00%(upstream:track)%00%(upstream:remotename)%00%(upstream:remoteref) refs/heads/main refs/remotes/main [4ms]
2025-02-14 21:11:28.790 [info] > git for-each-ref --sort -committerdate --format %(refname) %(objectname) %(*objectname) [2ms]
2025-02-14 21:11:28.990 [info] > git status -z -uall [216ms]
2025-02-14 21:11:34.033 [info] > git config --get commit.template [3ms]
2025-02-14 21:11:34.060 [info] > git for-each-ref --format=%(refname)%00%(upstream:short)%00%(objectname)%00%(upstream:track)%00%(upstream:remotename)%00%(upstream:remoteref) refs/heads/main refs/remotes/main [5ms]
2025-02-14 21:11:34.114 [info] > git for-each-ref --sort -committerdate --format %(refname) %(objectname) %(*objectname) [3ms]
2025-02-14 21:11:34.282 [info] > git status -z -uall [203ms]
2025-02-14 21:11:39.330 [info] > git config --get commit.template [2ms]
2025-02-14 21:11:39.347 [info] > git for-each-ref --format=%(refname)%00%(upstream:short)%00%(objectname)%00%(upstream:track)%00%(upstream:remotename)%00%(upstream:remoteref) refs/heads/main refs/remotes/main [2ms]
2025-02-14 21:11:39.386 [info] > git for-each-ref --sort -committerdate --format %(refname) %(objectname) %(*objectname) [2ms]
2025-02-14 21:11:39.563 [info] > git status -z -uall [205ms]
2025-02-14 21:11:40.141 [info] > git show --textconv :polybar/colors.ini [8ms]
2025-02-14 21:11:40.143 [info] > git ls-files --stage -- /home/pasha/.config/polybar/colors.ini [2ms]
2025-02-14 21:11:40.151 [info] > git cat-file -s 5545061c402648de6a77cbaddc1bf6e60d743331 [1ms]
2025-02-14 21:11:44.624 [info] > git config --get commit.template [23ms]
2025-02-14 21:11:44.627 [info] > git for-each-ref --format=%(refname)%00%(upstream:short)%00%(objectname)%00%(upstream:track)%00%(upstream:remotename)%00%(upstream:remoteref) refs/heads/main refs/remotes/main [4ms]
2025-02-14 21:11:44.676 [info] > git for-each-ref --sort -committerdate --format %(refname) %(objectname) %(*objectname) [2ms]
2025-02-14 21:11:44.845 [info] > git status -z -uall [195ms]
2025-02-14 21:11:48.669 [info] > git show --textconv :polybar/config.ini [27ms]
2025-02-14 21:11:48.677 [info] > git ls-files --stage -- /home/pasha/.config/polybar/config.ini [11ms]
2025-02-14 21:11:48.697 [info] > git cat-file -s b4fc8b8d6949b450bfd6e4c3f914ccb07664ae23 [2ms]
2025-02-14 21:11:49.915 [info] > git config --get commit.template [2ms]
2025-02-14 21:11:49.928 [info] > git for-each-ref --format=%(refname)%00%(upstream:short)%00%(objectname)%00%(upstream:track)%00%(upstream:remotename)%00%(upstream:remoteref) refs/heads/main refs/remotes/main [2ms]
2025-02-14 21:11:49.971 [info] > git for-each-ref --sort -committerdate --format %(refname) %(objectname) %(*objectname) [3ms]
2025-02-14 21:11:50.195 [info] > git status -z -uall [252ms]
2025-02-14 21:11:53.685 [info] > git show --textconv :polybar/launch.sh [25ms]
2025-02-14 21:11:53.690 [info] > git ls-files --stage -- /home/pasha/.config/polybar/launch.sh [7ms]
2025-02-14 21:11:53.700 [info] > git cat-file -s aa169ab89caa8889767594f44e2d5f5c1d326549 [1ms]
2025-02-14 21:11:55.223 [info] > git config --get commit.template [1ms]
2025-02-14 21:11:55.235 [info] > git for-each-ref --format=%(refname)%00%(upstream:short)%00%(objectname)%00%(upstream:track)%00%(upstream:remotename)%00%(upstream:remoteref) refs/heads/main refs/remotes/main [1ms]
2025-02-14 21:11:55.277 [info] > git for-each-ref --sort -committerdate --format %(refname) %(objectname) %(*objectname) [3ms]
2025-02-14 21:11:55.460 [info] > git status -z -uall [215ms]
2025-02-14 21:11:56.904 [info] > git show --textconv :polybar/modules.ini [12ms]
2025-02-14 21:11:56.907 [info] > git ls-files --stage -- /home/pasha/.config/polybar/modules.ini [4ms]
2025-02-14 21:11:56.920 [info] > git cat-file -s 7f6603824f15fc31ed424655fe44e7d5d4e956b8 [1ms]
2025-02-14 21:12:00.505 [info] > git config --get commit.template [8ms]
2025-02-14 21:12:00.506 [info] > git for-each-ref --format=%(refname)%00%(upstream:short)%00%(objectname)%00%(upstream:track)%00%(upstream:remotename)%00%(upstream:remoteref) refs/heads/main refs/remotes/main [1ms]
2025-02-14 21:12:00.543 [info] > git for-each-ref --sort -committerdate --format %(refname) %(objectname) %(*objectname) [2ms]
2025-02-14 21:12:00.710 [info] > git status -z -uall [197ms]
2025-02-14 21:12:05.740 [info] > git config --get commit.template [7ms]
2025-02-14 21:12:05.741 [info] > git for-each-ref --format=%(refname)%00%(upstream:short)%00%(objectname)%00%(upstream:track)%00%(upstream:remotename)%00%(upstream:remoteref) refs/heads/main refs/remotes/main [1ms]
2025-02-14 21:12:05.757 [info] > git for-each-ref --sort -committerdate --format %(refname) %(objectname) %(*objectname) [1ms]
2025-02-14 21:12:05.915 [info] > git status -z -uall [168ms]
2025-02-14 21:12:10.949 [info] > git config --get commit.template [8ms]
2025-02-14 21:12:10.949 [info] > git for-each-ref --format=%(refname)%00%(upstream:short)%00%(objectname)%00%(upstream:track)%00%(upstream:remotename)%00%(upstream:remoteref) refs/heads/main refs/remotes/main [1ms]
2025-02-14 21:12:10.985 [info] > git for-each-ref --sort -committerdate --format %(refname) %(objectname) %(*objectname) [2ms]
2025-02-14 21:12:11.159 [info] > git status -z -uall [203ms]
2025-02-14 21:12:25.404 [info] > git config --get commit.template [1ms]
2025-02-14 21:12:25.433 [info] > git for-each-ref --format=%(refname)%00%(upstream:short)%00%(objectname)%00%(upstream:track)%00%(upstream:remotename)%00%(upstream:remoteref) refs/heads/main refs/remotes/main [8ms]
2025-02-14 21:12:25.484 [info] > git for-each-ref --sort -committerdate --format %(refname) %(objectname) %(*objectname) [10ms]
2025-02-14 21:12:25.696 [info] > git status -z -uall [244ms]
2025-02-14 21:12:30.775 [info] > git config --get commit.template [16ms]
2025-02-14 21:12:30.776 [info] > git for-each-ref --format=%(refname)%00%(upstream:short)%00%(objectname)%00%(upstream:track)%00%(upstream:remotename)%00%(upstream:remoteref) refs/heads/main refs/remotes/main [1ms]
2025-02-14 21:12:30.811 [info] > git for-each-ref --sort -committerdate --format %(refname) %(objectname) %(*objectname) [3ms]
2025-02-14 21:12:30.978 [info] > git status -z -uall [195ms]
2025-02-14 21:12:33.918 [info] > git show --textconv :polybar/config.ini [25ms]
2025-02-14 21:12:33.921 [info] > git ls-files --stage -- /home/pasha/.config/polybar/config.ini [5ms]
2025-02-14 21:12:33.934 [info] > git cat-file -s b4fc8b8d6949b450bfd6e4c3f914ccb07664ae23 [1ms]
2025-02-14 21:12:36.008 [info] > git config --get commit.template [1ms]
2025-02-14 21:12:36.016 [info] > git for-each-ref --format=%(refname)%00%(upstream:short)%00%(objectname)%00%(upstream:track)%00%(upstream:remotename)%00%(upstream:remoteref) refs/heads/main refs/remotes/main [1ms]
2025-02-14 21:12:36.034 [info] > git for-each-ref --sort -committerdate --format %(refname) %(objectname) %(*objectname) [1ms]
2025-02-14 21:12:36.195 [info] > git status -z -uall [171ms]
2025-02-14 21:12:41.230 [info] > git config --get commit.template [1ms]
2025-02-14 21:12:41.246 [info] > git for-each-ref --format=%(refname)%00%(upstream:short)%00%(objectname)%00%(upstream:track)%00%(upstream:remotename)%00%(upstream:remoteref) refs/heads/main refs/remotes/main [1ms]
2025-02-14 21:12:41.281 [info] > git for-each-ref --sort -committerdate --format %(refname) %(objectname) %(*objectname) [2ms]
2025-02-14 21:12:41.468 [info] > git status -z -uall [212ms]
2025-02-14 21:12:46.509 [info] > git config --get commit.template [3ms]
2025-02-14 21:12:46.537 [info] > git for-each-ref --format=%(refname)%00%(upstream:short)%00%(objectname)%00%(upstream:track)%00%(upstream:remotename)%00%(upstream:remoteref) refs/heads/main refs/remotes/main [4ms]
2025-02-14 21:12:46.582 [info] > git for-each-ref --sort -committerdate --format %(refname) %(objectname) %(*objectname) [2ms]
2025-02-14 21:12:46.753 [info] > git status -z -uall [194ms]
2025-02-14 21:13:18.865 [info] > git config --get commit.template [16ms]
2025-02-14 21:13:18.867 [info] > git for-each-ref --format=%(refname)%00%(upstream:short)%00%(objectname)%00%(upstream:track)%00%(upstream:remotename)%00%(upstream:remoteref) refs/heads/main refs/remotes/main [3ms]
2025-02-14 21:13:18.920 [info] > git for-each-ref --sort -committerdate --format %(refname) %(objectname) %(*objectname) [7ms]
2025-02-14 21:13:19.111 [info] > git status -z -uall [230ms]
2025-02-14 21:13:24.178 [info] > git for-each-ref --format=%(refname)%00%(upstream:short)%00%(objectname)%00%(upstream:track)%00%(upstream:remotename)%00%(upstream:remoteref) refs/heads/main refs/remotes/main [5ms]
2025-02-14 21:13:24.178 [info] > git config --get commit.template [13ms]
2025-02-14 21:13:24.226 [info] > git for-each-ref --sort -committerdate --format %(refname) %(objectname) %(*objectname) [10ms]
2025-02-14 21:13:24.389 [info] > git status -z -uall [200ms]
2025-02-14 21:13:29.451 [info] > git config --get commit.template [22ms]
2025-02-14 21:13:29.454 [info] > git for-each-ref --format=%(refname)%00%(upstream:short)%00%(objectname)%00%(upstream:track)%00%(upstream:remotename)%00%(upstream:remoteref) refs/heads/main refs/remotes/main [4ms]
2025-02-14 21:13:29.494 [info] > git for-each-ref --sort -committerdate --format %(refname) %(objectname) %(*objectname) [2ms]
2025-02-14 21:13:29.651 [info] > git status -z -uall [179ms]
2025-02-14 21:13:34.714 [info] > git config --get commit.template [1ms]
2025-02-14 21:13:34.722 [info] > git for-each-ref --format=%(refname)%00%(upstream:short)%00%(objectname)%00%(upstream:track)%00%(upstream:remotename)%00%(upstream:remoteref) refs/heads/main refs/remotes/main [1ms]
2025-02-14 21:13:34.763 [info] > git for-each-ref --sort -committerdate --format %(refname) %(objectname) %(*objectname) [4ms]
2025-02-14 21:13:34.934 [info] > git status -z -uall [205ms]
2025-02-14 21:14:01.620 [info] > git show --textconv :polybar/colors.ini [8ms]
2025-02-14 21:14:01.622 [info] > git ls-files --stage -- /home/pasha/.config/polybar/colors.ini [2ms]
2025-02-14 21:14:01.630 [info] > git cat-file -s 5545061c402648de6a77cbaddc1bf6e60d743331 [1ms]
2025-02-14 21:14:04.008 [info] > git check-ignore -v -z --stdin [11ms]
2025-02-14 21:14:04.423 [info] > git show --textconv :polybar/modules.ini [23ms]
2025-02-14 21:14:04.429 [info] > git ls-files --stage -- /home/pasha/.config/polybar/modules.ini [8ms]
2025-02-14 21:14:04.440 [info] > git cat-file -s 7f6603824f15fc31ed424655fe44e7d5d4e956b8 [1ms]
2025-02-14 21:14:27.161 [info] > git config --get commit.template [1ms]
2025-02-14 21:14:27.174 [info] > git for-each-ref --format=%(refname)%00%(upstream:short)%00%(objectname)%00%(upstream:track)%00%(upstream:remotename)%00%(upstream:remoteref) refs/heads/main refs/remotes/main [1ms]
2025-02-14 21:14:27.221 [info] > git for-each-ref --sort -committerdate --format %(refname) %(objectname) %(*objectname) [5ms]
2025-02-14 21:14:27.400 [info] > git status -z -uall [213ms]
2025-02-14 21:14:32.430 [info] > git config --get commit.template [2ms]
2025-02-14 21:14:32.443 [info] > git for-each-ref --format=%(refname)%00%(upstream:short)%00%(objectname)%00%(upstream:track)%00%(upstream:remotename)%00%(upstream:remoteref) refs/heads/main refs/remotes/main [2ms]
2025-02-14 21:14:32.481 [info] > git for-each-ref --sort -committerdate --format %(refname) %(objectname) %(*objectname) [2ms]
2025-02-14 21:14:32.673 [info] > git status -z -uall [221ms]
2025-02-14 21:14:37.713 [info] > git config --get commit.template [1ms]
2025-02-14 21:14:37.721 [info] > git for-each-ref --format=%(refname)%00%(upstream:short)%00%(objectname)%00%(upstream:track)%00%(upstream:remotename)%00%(upstream:remoteref) refs/heads/main refs/remotes/main [1ms]
2025-02-14 21:14:37.755 [info] > git for-each-ref --sort -committerdate --format %(refname) %(objectname) %(*objectname) [3ms]
2025-02-14 21:14:37.920 [info] > git status -z -uall [193ms]
2025-02-14 21:14:42.945 [info] > git config --get commit.template [0ms]
2025-02-14 21:14:42.953 [info] > git for-each-ref --format=%(refname)%00%(upstream:short)%00%(objectname)%00%(upstream:track)%00%(upstream:remotename)%00%(upstream:remoteref) refs/heads/main refs/remotes/main [1ms]
2025-02-14 21:14:42.979 [info] > git for-each-ref --sort -committerdate --format %(refname) %(objectname) %(*objectname) [1ms]
2025-02-14 21:14:43.135 [info] > git status -z -uall [176ms]
2025-02-14 21:14:54.806 [info] > git config --get commit.template [1ms]
2025-02-14 21:14:54.837 [info] > git for-each-ref --format=%(refname)%00%(upstream:short)%00%(objectname)%00%(upstream:track)%00%(upstream:remotename)%00%(upstream:remoteref) refs/heads/main refs/remotes/main [2ms]
2025-02-14 21:14:54.891 [info] > git for-each-ref --sort -committerdate --format %(refname) %(objectname) %(*objectname) [4ms]
2025-02-14 21:14:55.062 [info] > git status -z -uall [209ms]
2025-02-14 21:15:00.130 [info] > git config --get commit.template [3ms]
2025-02-14 21:15:00.145 [info] > git for-each-ref --format=%(refname)%00%(upstream:short)%00%(objectname)%00%(upstream:track)%00%(upstream:remotename)%00%(upstream:remoteref) refs/heads/main refs/remotes/main [2ms]
2025-02-14 21:15:00.180 [info] > git for-each-ref --sort -committerdate --format %(refname) %(objectname) %(*objectname) [2ms]
2025-02-14 21:15:00.369 [info] > git status -z -uall [217ms]
2025-02-14 21:15:05.416 [info] > git config --get commit.template [3ms]
2025-02-14 21:15:05.443 [info] > git for-each-ref --format=%(refname)%00%(upstream:short)%00%(objectname)%00%(upstream:track)%00%(upstream:remotename)%00%(upstream:remoteref) refs/heads/main refs/remotes/main [4ms]
2025-02-14 21:15:05.485 [info] > git for-each-ref --sort -committerdate --format %(refname) %(objectname) %(*objectname) [2ms]
2025-02-14 21:15:05.652 [info] > git status -z -uall [189ms]
2025-02-14 21:15:10.951 [info] > git config --get commit.template [9ms]
2025-02-14 21:15:10.951 [info] > git for-each-ref --format=%(refname)%00%(upstream:short)%00%(objectname)%00%(upstream:track)%00%(upstream:remotename)%00%(upstream:remoteref) refs/heads/main refs/remotes/main [1ms]
2025-02-14 21:15:10.991 [info] > git for-each-ref --sort -committerdate --format %(refname) %(objectname) %(*objectname) [3ms]
2025-02-14 21:15:11.244 [info] > git status -z -uall [284ms]
2025-02-14 21:15:16.312 [info] > git config --get commit.template [25ms]
2025-02-14 21:15:16.314 [info] > git for-each-ref --format=%(refname)%00%(upstream:short)%00%(objectname)%00%(upstream:track)%00%(upstream:remotename)%00%(upstream:remoteref) refs/heads/main refs/remotes/main [3ms]
2025-02-14 21:15:16.353 [info] > git for-each-ref --sort -committerdate --format %(refname) %(objectname) %(*objectname) [2ms]
2025-02-14 21:15:16.517 [info] > git status -z -uall [185ms]
2025-02-14 21:15:21.563 [info] > git config --get commit.template [4ms]
2025-02-14 21:15:21.598 [info] > git for-each-ref --format=%(refname)%00%(upstream:short)%00%(objectname)%00%(upstream:track)%00%(upstream:remotename)%00%(upstream:remoteref) refs/heads/main refs/remotes/main [2ms]
2025-02-14 21:15:21.636 [info] > git for-each-ref --sort -committerdate --format %(refname) %(objectname) %(*objectname) [2ms]
2025-02-14 21:15:21.836 [info] > git status -z -uall [227ms]
2025-02-14 21:15:33.326 [info] > git config --get commit.template [8ms]
2025-02-14 21:15:33.327 [info] > git for-each-ref --format=%(refname)%00%(upstream:short)%00%(objectname)%00%(upstream:track)%00%(upstream:remotename)%00%(upstream:remoteref) refs/heads/main refs/remotes/main [1ms]
2025-02-14 21:15:33.362 [info] > git for-each-ref --sort -committerdate --format %(refname) %(objectname) %(*objectname) [3ms]
2025-02-14 21:15:33.556 [info] > git status -z -uall [222ms]
2025-02-14 21:15:38.596 [info] > git config --get commit.template [16ms]
2025-02-14 21:15:38.597 [info] > git for-each-ref --format=%(refname)%00%(upstream:short)%00%(objectname)%00%(upstream:track)%00%(upstream:remotename)%00%(upstream:remoteref) refs/heads/main refs/remotes/main [2ms]
2025-02-14 21:15:38.639 [info] > git for-each-ref --sort -committerdate --format %(refname) %(objectname) %(*objectname) [4ms]
2025-02-14 21:15:38.862 [info] > git status -z -uall [257ms]
2025-02-14 21:15:48.987 [info] > git config --get commit.template [3ms]
2025-02-14 21:15:49.000 [info] > git for-each-ref --format=%(refname)%00%(upstream:short)%00%(objectname)%00%(upstream:track)%00%(upstream:remotename)%00%(upstream:remoteref) refs/heads/main refs/remotes/main [4ms]
2025-02-14 21:15:49.062 [info] > git for-each-ref --sort -committerdate --format %(refname) %(objectname) %(*objectname) [6ms]
2025-02-14 21:15:49.390 [info] > git status -z -uall [362ms]
2025-02-14 21:15:54.464 [info] > git config --get commit.template [3ms]
2025-02-14 21:15:54.490 [info] > git for-each-ref --format=%(refname)%00%(upstream:short)%00%(objectname)%00%(upstream:track)%00%(upstream:remotename)%00%(upstream:remoteref) refs/heads/main refs/remotes/main [4ms]
2025-02-14 21:15:54.536 [info] > git for-each-ref --sort -committerdate --format %(refname) %(objectname) %(*objectname) [2ms]
2025-02-14 21:15:54.705 [info] > git status -z -uall [194ms]
