2025-02-14 09:02:31.715 [info] Added views:outline in workbench.view.explorer
2025-02-14 09:02:31.715 [info] Added views:workbench.view.search in workbench.view.search
2025-02-14 09:02:31.715 [info] Added views:workbench.scm in workbench.view.scm
2025-02-14 09:02:31.715 [info] Added views:workbench.panel.markers.view in workbench.panel.markers
2025-02-14 09:02:31.715 [info] Added views:workbench.panel.output in workbench.panel.output
2025-02-14 09:02:31.715 [info] Added views:terminal in terminal
2025-02-14 09:02:31.715 [info] Added views:timeline in workbench.view.explorer
2025-02-14 09:02:31.715 [info] Added views:workbench.explorer.fileView in workbench.view.explorer
2025-02-14 09:02:32.002 [info] Added views:workbench.debug.welcome in workbench.view.debug
2025-02-14 09:02:32.312 [info] Added views:codeium.chatPanelView in workbench.view.extension.codeium
2025-02-14 09:02:32.538 [info] Added views:workbench.panel.repl.view in workbench.panel.repl
2025-02-14 09:02:33.400 [info] Added views:workbench.scm.history in workbench.view.scm
2025-02-14 09:02:33.490 [info] Added views:~remote.forwardedPorts in ~remote.forwardedPortsContainer
2025-02-14 09:02:36.093 [info] Added views:workbench.panel.comments in workbench.panel.comments
2025-02-14 09:02:40.331 [info] Added views:workbench.views.extensions.installed,workbench.views.extensions.popular,extensions.recommendedList in workbench.view.extensions
2025-02-14 09:02:40.334 [info] Removed views:workbench.views.extensions.popular from workbench.view.extensions
2025-02-14 09:02:41.815 [info] Removed views:extensions.recommendedList,workbench.views.extensions.installed from workbench.view.extensions
2025-02-14 09:02:41.831 [info] Added views:workbench.views.extensions.marketplace in workbench.view.extensions
2025-02-14 09:03:07.474 [info] Removed views:workbench.views.extensions.marketplace from workbench.view.extensions
2025-02-14 09:03:07.490 [info] Added views:workbench.views.extensions.installed,extensions.recommendedList in workbench.view.extensions
2025-02-14 09:03:08.846 [info] Removed views:extensions.recommendedList,workbench.views.extensions.installed from workbench.view.extensions
2025-02-14 09:03:08.864 [info] Added views:workbench.views.extensions.marketplace in workbench.view.extensions
2025-02-14 09:04:48.639 [info] Removed views:workbench.views.extensions.marketplace from workbench.view.extensions
2025-02-14 09:04:48.652 [info] Added views:workbench.views.extensions.installed,extensions.recommendedList in workbench.view.extensions
2025-02-14 09:04:49.381 [info] Removed views:extensions.recommendedList,workbench.views.extensions.installed from workbench.view.extensions
2025-02-14 09:04:49.399 [info] Added views:workbench.views.extensions.marketplace in workbench.view.extensions
2025-02-14 09:43:43.843 [info] Removed views:workbench.scm.history from workbench.view.scm
