2025-02-13 15:15:41.778 [info] [main] Log level: Info
2025-02-13 15:15:41.778 [info] [main] Validating found git in: "git"
2025-02-13 15:15:41.778 [info] [main] Using git "2.47.1" from "git"
2025-02-13 15:15:41.778 [info] [Model][doInitialScan] Initial repository scan started
2025-02-13 15:15:41.778 [info] > git rev-parse --show-toplevel [14ms]
2025-02-13 15:15:41.778 [info] > git rev-parse --git-dir --git-common-dir [4ms]
2025-02-13 15:15:41.778 [info] [Model][openRepository] Opened repository: /home/pasha/coding/To-Do-List
2025-02-13 15:15:41.838 [info] > git rev-parse --show-toplevel [32ms]
2025-02-13 15:15:41.841 [info] > git config --get commit.template [51ms]
2025-02-13 15:15:41.892 [info] > git rev-parse --show-toplevel [32ms]
2025-02-13 15:15:41.906 [info] > git for-each-ref --format=%(refname)%00%(upstream:short)%00%(objectname)%00%(upstream:track)%00%(upstream:remotename)%00%(upstream:remoteref) refs/heads/main refs/remotes/main [17ms]
2025-02-13 15:15:41.922 [warning] [Git][revParse] Unable to read file: ENOENT: no such file or directory, open '/home/pasha/coding/To-Do-List/.git/refs/remotes/origin/main'
2025-02-13 15:15:41.932 [info] > git rev-parse refs/remotes/origin/main [10ms]
2025-02-13 15:15:41.959 [info] > git rev-parse --show-toplevel [54ms]
2025-02-13 15:15:41.983 [info] > git status -z -uall [36ms]
2025-02-13 15:15:41.983 [info] > git for-each-ref --sort -committerdate --format %(refname) %(objectname) %(*objectname) [25ms]
2025-02-13 15:15:43.005 [info] > git for-each-ref --format=%(refname)%00%(upstream:short)%00%(objectname)%00%(upstream:track)%00%(upstream:remotename)%00%(upstream:remoteref) refs/heads/main refs/remotes/main [944ms]
2025-02-13 15:15:43.019 [info] > git rev-parse --show-toplevel [1037ms]
2025-02-13 15:15:43.019 [info] [Model][doInitialScan] Initial repository scan completed - repositories (1), closed repositories (0), parent repositories (0), unsafe repositories (0)
2025-02-13 15:15:43.129 [info] > git check-ignore -v -z --stdin [97ms]
2025-02-13 15:15:43.130 [info] > git config --local branch.main.vscode-merge-base [111ms]
2025-02-13 15:15:43.142 [info] > git config --get commit.template [141ms]
2025-02-13 15:15:43.304 [info] > git show --textconv :index.html [13ms]
2025-02-13 15:15:43.304 [info] > git ls-files --stage -- /home/pasha/coding/To-Do-List/index.html [6ms]
2025-02-13 15:15:43.312 [info] > git for-each-ref --format=%(refname)%00%(upstream:short)%00%(objectname)%00%(upstream:track)%00%(upstream:remotename)%00%(upstream:remoteref) refs/heads/origin/main refs/remotes/origin/main [171ms]
2025-02-13 15:15:43.463 [info] > git merge-base refs/heads/main refs/remotes/origin/main [142ms]
2025-02-13 15:15:43.472 [info] > git cat-file -s 42772395ae8b64eee71555c25dbadf04c274f598 [161ms]
2025-02-13 15:15:43.489 [info] > git diff --name-status -z --diff-filter=ADMR bc7f435c28b66bfd3a2bfbf36c9618bba1d9a813...refs/remotes/origin/main [17ms]
2025-02-13 15:15:43.490 [info] > git for-each-ref --format=%(refname)%00%(upstream:short)%00%(objectname)%00%(upstream:track)%00%(upstream:remotename)%00%(upstream:remoteref) refs/heads/main refs/remotes/main [41ms]
2025-02-13 15:15:43.503 [warning] [Git][revParse] Unable to read file: ENOENT: no such file or directory, open '/home/pasha/coding/To-Do-List/.git/refs/remotes/origin/main'
2025-02-13 15:15:43.515 [info] > git rev-parse refs/remotes/origin/main [12ms]
2025-02-13 15:15:43.555 [info] > git status -z -uall [32ms]
2025-02-13 15:15:43.555 [info] > git for-each-ref --sort -committerdate --format %(refname) %(objectname) %(*objectname) [19ms]
2025-02-13 15:15:43.558 [info] > git blame --root --incremental bc7f435c28b66bfd3a2bfbf36c9618bba1d9a813 -- /home/pasha/coding/To-Do-List/index.html [44ms]
2025-02-13 15:15:45.394 [info] > git check-ignore -v -z --stdin [1ms]
2025-02-13 15:15:46.848 [info] > git show --textconv :To-Do-List/scripts/main.js [9ms]
2025-02-13 15:15:46.848 [info] > git ls-files --stage -- /home/pasha/coding/To-Do-List/To-Do-List/scripts/main.js [1ms]
2025-02-13 15:15:47.672 [info] > git config --get commit.template [6ms]
2025-02-13 15:15:47.672 [info] > git for-each-ref --format=%(refname)%00%(upstream:short)%00%(objectname)%00%(upstream:track)%00%(upstream:remotename)%00%(upstream:remoteref) refs/heads/main refs/remotes/main [0ms]
2025-02-13 15:15:47.679 [warning] [Git][revParse] Unable to read file: ENOENT: no such file or directory, open '/home/pasha/coding/To-Do-List/.git/refs/remotes/origin/main'
2025-02-13 15:15:47.680 [info] > git rev-parse refs/remotes/origin/main [1ms]
2025-02-13 15:15:47.693 [info] > git status -z -uall [8ms]
2025-02-13 15:15:47.693 [info] > git for-each-ref --sort -committerdate --format %(refname) %(objectname) %(*objectname) [1ms]
2025-02-13 15:15:50.275 [info] > git show --textconv :index.html [12ms]
2025-02-13 15:15:50.276 [info] > git ls-files --stage -- /home/pasha/coding/To-Do-List/index.html [2ms]
2025-02-13 15:15:50.284 [info] > git cat-file -s 42772395ae8b64eee71555c25dbadf04c274f598 [1ms]
2025-02-13 15:15:52.332 [info] > git show --textconv :To-Do-List/scripts/main.js [10ms]
2025-02-13 15:15:52.332 [info] > git ls-files --stage -- /home/pasha/coding/To-Do-List/To-Do-List/scripts/main.js [1ms]
2025-02-13 15:15:54.280 [info] > git show --textconv :index.html [23ms]
2025-02-13 15:15:54.281 [info] > git ls-files --stage -- /home/pasha/coding/To-Do-List/index.html [4ms]
2025-02-13 15:15:54.301 [info] > git cat-file -s 42772395ae8b64eee71555c25dbadf04c274f598 [4ms]
2025-02-13 15:15:55.408 [info] > git show --textconv :To-Do-List/scripts/main.js [8ms]
2025-02-13 15:15:55.409 [info] > git ls-files --stage -- /home/pasha/coding/To-Do-List/To-Do-List/scripts/main.js [2ms]
2025-02-13 15:15:59.946 [info] > git show --textconv :index.html [12ms]
2025-02-13 15:15:59.947 [info] > git ls-files --stage -- /home/pasha/coding/To-Do-List/index.html [2ms]
2025-02-13 15:15:59.956 [info] > git cat-file -s 42772395ae8b64eee71555c25dbadf04c274f598 [1ms]
2025-02-13 15:16:00.847 [info] > git config --get commit.template [4ms]
2025-02-13 15:16:00.873 [info] > git for-each-ref --format=%(refname)%00%(upstream:short)%00%(objectname)%00%(upstream:track)%00%(upstream:remotename)%00%(upstream:remoteref) refs/heads/main refs/remotes/main [5ms]
2025-02-13 15:16:00.889 [warning] [Git][revParse] Unable to read file: ENOENT: no such file or directory, open '/home/pasha/coding/To-Do-List/.git/refs/remotes/origin/main'
2025-02-13 15:16:00.891 [info] > git rev-parse refs/remotes/origin/main [2ms]
2025-02-13 15:16:00.912 [info] > git status -z -uall [12ms]
2025-02-13 15:16:00.913 [info] > git for-each-ref --sort -committerdate --format %(refname) %(objectname) %(*objectname) [4ms]
2025-02-13 15:16:21.716 [info] > git check-ignore -v -z --stdin [3ms]
2025-02-13 15:16:22.626 [info] > git show --textconv :scripts/test.js [8ms]
2025-02-13 15:16:22.627 [info] > git ls-files --stage -- /home/pasha/coding/To-Do-List/scripts/test.js [1ms]
2025-02-13 15:16:23.488 [info] > git config --get commit.template [8ms]
2025-02-13 15:16:23.488 [info] > git for-each-ref --format=%(refname)%00%(upstream:short)%00%(objectname)%00%(upstream:track)%00%(upstream:remotename)%00%(upstream:remoteref) refs/heads/main refs/remotes/main [1ms]
2025-02-13 15:16:23.495 [warning] [Git][revParse] Unable to read file: ENOENT: no such file or directory, open '/home/pasha/coding/To-Do-List/.git/refs/remotes/origin/main'
2025-02-13 15:16:23.496 [info] > git rev-parse refs/remotes/origin/main [0ms]
2025-02-13 15:16:23.509 [info] > git status -z -uall [7ms]
2025-02-13 15:16:23.509 [info] > git for-each-ref --sort -committerdate --format %(refname) %(objectname) %(*objectname) [1ms]
2025-02-13 15:16:27.675 [info] > git show --textconv :index.html [30ms]
2025-02-13 15:16:27.682 [info] > git ls-files --stage -- /home/pasha/coding/To-Do-List/index.html [11ms]
2025-02-13 15:16:27.698 [info] > git cat-file -s 42772395ae8b64eee71555c25dbadf04c274f598 [3ms]
2025-02-13 15:16:49.856 [info] > git config --get commit.template [1ms]
2025-02-13 15:16:49.872 [info] > git for-each-ref --format=%(refname)%00%(upstream:short)%00%(objectname)%00%(upstream:track)%00%(upstream:remotename)%00%(upstream:remoteref) refs/heads/main refs/remotes/main [2ms]
2025-02-13 15:16:49.883 [warning] [Git][revParse] Unable to read file: ENOENT: no such file or directory, open '/home/pasha/coding/To-Do-List/.git/refs/remotes/origin/main'
2025-02-13 15:16:49.885 [info] > git rev-parse refs/remotes/origin/main [2ms]
2025-02-13 15:16:49.903 [info] > git status -z -uall [11ms]
2025-02-13 15:16:49.903 [info] > git for-each-ref --sort -committerdate --format %(refname) %(objectname) %(*objectname) [2ms]
2025-02-13 15:17:15.491 [info] > git config --get commit.template [3ms]
2025-02-13 15:17:15.505 [info] > git for-each-ref --format=%(refname)%00%(upstream:short)%00%(objectname)%00%(upstream:track)%00%(upstream:remotename)%00%(upstream:remoteref) refs/heads/main refs/remotes/main [3ms]
2025-02-13 15:17:15.517 [warning] [Git][revParse] Unable to read file: ENOENT: no such file or directory, open '/home/pasha/coding/To-Do-List/.git/refs/remotes/origin/main'
2025-02-13 15:17:15.521 [info] > git rev-parse refs/remotes/origin/main [4ms]
2025-02-13 15:17:15.552 [info] > git status -z -uall [17ms]
2025-02-13 15:17:15.552 [info] > git for-each-ref --sort -committerdate --format %(refname) %(objectname) %(*objectname) [2ms]
2025-02-13 15:19:10.057 [info] > git config --get commit.template [1ms]
2025-02-13 15:19:10.071 [info] > git for-each-ref --format=%(refname)%00%(upstream:short)%00%(objectname)%00%(upstream:track)%00%(upstream:remotename)%00%(upstream:remoteref) refs/heads/main refs/remotes/main [3ms]
2025-02-13 15:19:10.079 [warning] [Git][revParse] Unable to read file: ENOENT: no such file or directory, open '/home/pasha/coding/To-Do-List/.git/refs/remotes/origin/main'
2025-02-13 15:19:10.081 [info] > git rev-parse refs/remotes/origin/main [2ms]
2025-02-13 15:19:10.104 [info] > git status -z -uall [14ms]
2025-02-13 15:19:10.104 [info] > git for-each-ref --sort -committerdate --format %(refname) %(objectname) %(*objectname) [4ms]
2025-02-13 15:22:23.196 [info] > git config --get commit.template [3ms]
2025-02-13 15:22:23.212 [info] > git for-each-ref --format=%(refname)%00%(upstream:short)%00%(objectname)%00%(upstream:track)%00%(upstream:remotename)%00%(upstream:remoteref) refs/heads/main refs/remotes/main [6ms]
2025-02-13 15:22:23.226 [warning] [Git][revParse] Unable to read file: ENOENT: no such file or directory, open '/home/pasha/coding/To-Do-List/.git/refs/remotes/origin/main'
2025-02-13 15:22:23.232 [info] > git rev-parse refs/remotes/origin/main [5ms]
2025-02-13 15:22:23.260 [info] > git status -z -uall [17ms]
2025-02-13 15:22:23.261 [info] > git for-each-ref --sort -committerdate --format %(refname) %(objectname) %(*objectname) [3ms]
2025-02-13 15:22:33.839 [info] > git config --get commit.template [23ms]
2025-02-13 15:22:33.841 [info] > git for-each-ref --format=%(refname)%00%(upstream:short)%00%(objectname)%00%(upstream:track)%00%(upstream:remotename)%00%(upstream:remoteref) refs/heads/main refs/remotes/main [5ms]
2025-02-13 15:22:33.862 [warning] [Git][revParse] Unable to read file: ENOENT: no such file or directory, open '/home/pasha/coding/To-Do-List/.git/refs/remotes/origin/main'
2025-02-13 15:22:33.865 [info] > git rev-parse refs/remotes/origin/main [3ms]
2025-02-13 15:22:33.906 [info] > git status -z -uall [21ms]
2025-02-13 15:22:33.907 [info] > git for-each-ref --sort -committerdate --format %(refname) %(objectname) %(*objectname) [3ms]
