2025-02-14 09:51:12.662 [info] [main] Log level: Info
2025-02-14 09:51:12.662 [info] [main] Validating found git in: "git"
2025-02-14 09:51:12.662 [info] [main] Using git "2.47.1" from "git"
2025-02-14 09:51:12.662 [info] [Model][doInitialScan] Initial repository scan started
2025-02-14 09:51:12.662 [info] > git rev-parse --show-toplevel [10ms]
2025-02-14 09:51:12.662 [info] fatal: not a git repository (or any parent up to mount point /)
Stopping at filesystem boundary (GIT_DISCOVERY_ACROSS_FILESYSTEM not set).
2025-02-14 09:51:12.662 [info] > git rev-parse --show-toplevel [5ms]
2025-02-14 09:51:12.662 [info] fatal: not a git repository (or any parent up to mount point /)
Stopping at filesystem boundary (GIT_DISCOVERY_ACROSS_FILESYSTEM not set).
2025-02-14 09:51:12.663 [info] > git rev-parse --show-toplevel [1ms]
2025-02-14 09:51:12.663 [info] fatal: not a git repository (or any parent up to mount point /)
Stopping at filesystem boundary (GIT_DISCOVERY_ACROSS_FILESYSTEM not set).
2025-02-14 09:51:12.664 [info] [Model][doInitialScan] Initial repository scan completed - repositories (0), closed repositories (0), parent repositories (0), unsafe repositories (0)
2025-02-14 09:51:13.709 [info] > git rev-parse --show-toplevel [14ms]
2025-02-14 09:51:13.709 [info] fatal: not a git repository (or any parent up to mount point /)
Stopping at filesystem boundary (GIT_DISCOVERY_ACROSS_FILESYSTEM not set).
2025-02-14 09:51:14.260 [info] > git rev-parse --show-toplevel [2ms]
2025-02-14 09:51:14.260 [info] fatal: not a git repository (or any parent up to mount point /)
Stopping at filesystem boundary (GIT_DISCOVERY_ACROSS_FILESYSTEM not set).
2025-02-14 09:51:14.344 [info] > git rev-parse --show-toplevel [1ms]
2025-02-14 09:51:14.344 [info] fatal: not a git repository (or any parent up to mount point /)
Stopping at filesystem boundary (GIT_DISCOVERY_ACROSS_FILESYSTEM not set).
2025-02-14 09:54:14.517 [info] > git rev-parse --show-toplevel [3ms]
2025-02-14 09:54:14.517 [info] fatal: not a git repository (or any parent up to mount point /)
Stopping at filesystem boundary (GIT_DISCOVERY_ACROSS_FILESYSTEM not set).
2025-02-14 09:54:15.003 [info] > git rev-parse --show-toplevel [6ms]
2025-02-14 09:54:15.003 [info] fatal: not a git repository (or any parent up to mount point /)
Stopping at filesystem boundary (GIT_DISCOVERY_ACROSS_FILESYSTEM not set).
