2025-02-14 09:02:33.434 [info] [main] Log level: Info
2025-02-14 09:02:33.434 [info] [main] Validating found git in: "git"
2025-02-14 09:02:33.434 [info] [main] Using git "2.47.1" from "git"
2025-02-14 09:02:33.434 [info] [Model][doInitialScan] Initial repository scan started
2025-02-14 09:02:33.434 [info] > git rev-parse --show-toplevel [39ms]
2025-02-14 09:02:33.434 [info] > git rev-parse --git-dir --git-common-dir [4ms]
2025-02-14 09:02:33.434 [info] [Model][openRepository] Opened repository: /home/pasha/coding/To-Do-List
2025-02-14 09:02:34.306 [info] > git rev-parse --show-toplevel [850ms]
2025-02-14 09:02:34.306 [info] > git config --get commit.template [860ms]
2025-02-14 09:02:34.434 [info] > git rev-parse --show-toplevel [30ms]
2025-02-14 09:02:34.450 [info] > git for-each-ref --format=%(refname)%00%(upstream:short)%00%(objectname)%00%(upstream:track)%00%(upstream:remotename)%00%(upstream:remoteref) refs/heads/master_feature refs/remotes/master_feature [20ms]
2025-02-14 09:02:34.593 [info] > git status -z -uall [125ms]
2025-02-14 09:02:34.593 [info] > git for-each-ref --sort -committerdate --format %(refname) %(objectname) %(*objectname) [108ms]
2025-02-14 09:02:34.610 [info] > git rev-parse --show-toplevel [164ms]
2025-02-14 09:02:34.648 [info] > git for-each-ref --format=%(refname)%00%(upstream:short)%00%(objectname)%00%(upstream:track)%00%(upstream:remotename)%00%(upstream:remoteref) refs/heads/master_feature refs/remotes/master_feature [41ms]
2025-02-14 09:02:34.662 [info] > git config --local branch.master_feature.vscode-merge-base [6ms]
2025-02-14 09:02:34.672 [info] > git rev-parse --show-toplevel [25ms]
2025-02-14 09:02:34.673 [info] [Model][doInitialScan] Initial repository scan completed - repositories (1), closed repositories (0), parent repositories (0), unsafe repositories (0)
2025-02-14 09:02:34.690 [info] > git config --get commit.template [51ms]
2025-02-14 09:02:34.727 [info] > git show --textconv :scripts/main.js [46ms]
2025-02-14 09:02:34.727 [info] > git ls-files --stage -- /home/pasha/coding/To-Do-List/scripts/main.js [37ms]
2025-02-14 09:02:34.734 [info] > git for-each-ref --format=%(refname)%00%(upstream:short)%00%(objectname)%00%(upstream:track)%00%(upstream:remotename)%00%(upstream:remoteref) refs/heads/origin/main refs/remotes/origin/main [62ms]
2025-02-14 09:02:34.800 [info] > git cat-file -s bf32c1f860fae31393ae3dc9395cc9a492a9045f [67ms]
2025-02-14 09:02:34.829 [info] > git for-each-ref --format=%(refname)%00%(upstream:short)%00%(objectname)%00%(upstream:track)%00%(upstream:remotename)%00%(upstream:remoteref) refs/heads/master_feature refs/remotes/master_feature [41ms]
2025-02-14 09:02:34.854 [info] > git check-ignore -v -z --stdin [45ms]
2025-02-14 09:02:34.855 [info] > git status -z -uall [17ms]
2025-02-14 09:02:34.855 [info] > git for-each-ref --sort -committerdate --format %(refname) %(objectname) %(*objectname) [5ms]
2025-02-14 09:02:34.877 [info] > git blame --root --incremental 1b1c2340407cf7b3819d7ae9dbac6b55434dc186 -- /home/pasha/coding/To-Do-List/scripts/main.js [8ms]
2025-02-14 09:02:40.178 [info] > git check-ignore -v -z --stdin [1ms]
2025-02-14 09:05:44.286 [info] > git show --textconv :scripts/main.js [8ms]
2025-02-14 09:05:44.287 [info] > git ls-files --stage -- /home/pasha/coding/To-Do-List/scripts/main.js [1ms]
2025-02-14 09:05:44.295 [info] > git cat-file -s bf32c1f860fae31393ae3dc9395cc9a492a9045f [1ms]
2025-02-14 09:06:00.175 [info] > git show --textconv :index.html [13ms]
2025-02-14 09:06:00.176 [info] > git ls-files --stage -- /home/pasha/coding/To-Do-List/index.html [1ms]
2025-02-14 09:06:00.189 [info] > git cat-file -s 0e01bcb4bafdf8b69000f196fd12353be8dac715 [1ms]
2025-02-14 09:06:37.792 [info] > git blame --root --incremental 1b1c2340407cf7b3819d7ae9dbac6b55434dc186 -- /home/pasha/coding/To-Do-List/index.html [4ms]
2025-02-14 09:07:12.895 [info] > git config --get commit.template [2ms]
2025-02-14 09:07:12.908 [info] > git for-each-ref --format=%(refname)%00%(upstream:short)%00%(objectname)%00%(upstream:track)%00%(upstream:remotename)%00%(upstream:remoteref) refs/heads/master_feature refs/remotes/master_feature [4ms]
2025-02-14 09:07:12.928 [info] > git status -z -uall [10ms]
2025-02-14 09:07:12.930 [info] > git for-each-ref --sort -committerdate --format %(refname) %(objectname) %(*objectname) [3ms]
2025-02-14 09:07:16.169 [info] > git check-ignore -v -z --stdin [4ms]
2025-02-14 09:07:18.089 [info] > git show --textconv :styles/main.css [14ms]
2025-02-14 09:07:18.090 [info] > git ls-files --stage -- /home/pasha/coding/To-Do-List/styles/main.css [3ms]
2025-02-14 09:07:18.101 [info] > git cat-file -s 13281556abf8622b996127eb7042cf687e855f55 [2ms]
2025-02-14 09:07:20.153 [info] > git show --textconv :styles/style.css [10ms]
2025-02-14 09:07:20.153 [info] > git ls-files --stage -- /home/pasha/coding/To-Do-List/styles/style.css [1ms]
2025-02-14 09:07:20.163 [info] > git cat-file -s a88139d640124c5b5549e039663969b8517463a5 [1ms]
2025-02-14 09:07:21.102 [info] > git blame --root --incremental 1b1c2340407cf7b3819d7ae9dbac6b55434dc186 -- /home/pasha/coding/To-Do-List/styles/style.css [9ms]
2025-02-14 09:07:39.005 [info] > git config --get commit.template [1ms]
2025-02-14 09:07:39.016 [info] > git for-each-ref --format=%(refname)%00%(upstream:short)%00%(objectname)%00%(upstream:track)%00%(upstream:remotename)%00%(upstream:remoteref) refs/heads/master_feature refs/remotes/master_feature [2ms]
2025-02-14 09:07:39.036 [info] > git status -z -uall [10ms]
2025-02-14 09:07:39.040 [info] > git for-each-ref --sort -committerdate --format %(refname) %(objectname) %(*objectname) [4ms]
2025-02-14 09:07:43.801 [info] > git show --textconv :index.html [9ms]
2025-02-14 09:07:43.804 [info] > git ls-files --stage -- /home/pasha/coding/To-Do-List/index.html [3ms]
2025-02-14 09:07:43.812 [info] > git cat-file -s 0e01bcb4bafdf8b69000f196fd12353be8dac715 [1ms]
2025-02-14 09:07:54.953 [info] > git config --get commit.template [2ms]
2025-02-14 09:07:54.971 [info] > git for-each-ref --format=%(refname)%00%(upstream:short)%00%(objectname)%00%(upstream:track)%00%(upstream:remotename)%00%(upstream:remoteref) refs/heads/master_feature refs/remotes/master_feature [3ms]
2025-02-14 09:07:54.996 [info] > git status -z -uall [15ms]
2025-02-14 09:07:54.997 [info] > git for-each-ref --sort -committerdate --format %(refname) %(objectname) %(*objectname) [2ms]
2025-02-14 09:08:06.406 [info] > git show --textconv :styles/main.css [13ms]
2025-02-14 09:08:06.407 [info] > git ls-files --stage -- /home/pasha/coding/To-Do-List/styles/main.css [2ms]
2025-02-14 09:08:06.417 [info] > git cat-file -s 13281556abf8622b996127eb7042cf687e855f55 [1ms]
2025-02-14 09:08:06.860 [info] > git show --textconv :styles/style.css [13ms]
2025-02-14 09:08:06.860 [info] > git ls-files --stage -- /home/pasha/coding/To-Do-List/styles/style.css [2ms]
2025-02-14 09:08:06.873 [info] > git cat-file -s a88139d640124c5b5549e039663969b8517463a5 [1ms]
2025-02-14 09:08:10.205 [info] > git config --get commit.template [26ms]
2025-02-14 09:08:10.207 [info] > git for-each-ref --format=%(refname)%00%(upstream:short)%00%(objectname)%00%(upstream:track)%00%(upstream:remotename)%00%(upstream:remoteref) refs/heads/master_feature refs/remotes/master_feature [6ms]
2025-02-14 09:08:10.234 [info] > git status -z -uall [10ms]
2025-02-14 09:08:10.235 [info] > git for-each-ref --sort -committerdate --format %(refname) %(objectname) %(*objectname) [1ms]
2025-02-14 09:08:39.469 [info] > git config --get commit.template [2ms]
2025-02-14 09:08:39.480 [info] > git for-each-ref --format=%(refname)%00%(upstream:short)%00%(objectname)%00%(upstream:track)%00%(upstream:remotename)%00%(upstream:remoteref) refs/heads/master_feature refs/remotes/master_feature [3ms]
2025-02-14 09:08:39.497 [info] > git status -z -uall [9ms]
2025-02-14 09:08:39.500 [info] > git for-each-ref --sort -committerdate --format %(refname) %(objectname) %(*objectname) [4ms]
2025-02-14 09:08:40.922 [info] > git show --textconv :styles/main.css [15ms]
2025-02-14 09:08:40.925 [info] > git ls-files --stage -- /home/pasha/coding/To-Do-List/styles/main.css [4ms]
2025-02-14 09:08:40.937 [info] > git cat-file -s 13281556abf8622b996127eb7042cf687e855f55 [2ms]
2025-02-14 09:08:44.208 [info] > git blame --root --incremental 1b1c2340407cf7b3819d7ae9dbac6b55434dc186 -- /home/pasha/coding/To-Do-List/styles/main.css [8ms]
2025-02-14 09:08:52.928 [info] > git config --get commit.template [3ms]
2025-02-14 09:08:52.945 [info] > git for-each-ref --format=%(refname)%00%(upstream:short)%00%(objectname)%00%(upstream:track)%00%(upstream:remotename)%00%(upstream:remoteref) refs/heads/master_feature refs/remotes/master_feature [3ms]
2025-02-14 09:08:52.965 [info] > git status -z -uall [12ms]
2025-02-14 09:08:52.965 [info] > git for-each-ref --sort -committerdate --format %(refname) %(objectname) %(*objectname) [2ms]
2025-02-14 09:09:00.466 [info] > git config --get commit.template [3ms]
2025-02-14 09:09:00.479 [info] > git for-each-ref --format=%(refname)%00%(upstream:short)%00%(objectname)%00%(upstream:track)%00%(upstream:remotename)%00%(upstream:remoteref) refs/heads/master_feature refs/remotes/master_feature [2ms]
2025-02-14 09:09:00.500 [info] > git status -z -uall [11ms]
2025-02-14 09:09:00.502 [info] > git for-each-ref --sort -committerdate --format %(refname) %(objectname) %(*objectname) [3ms]
2025-02-14 09:09:05.532 [info] > git config --get commit.template [4ms]
2025-02-14 09:09:05.560 [info] > git for-each-ref --format=%(refname)%00%(upstream:short)%00%(objectname)%00%(upstream:track)%00%(upstream:remotename)%00%(upstream:remoteref) refs/heads/master_feature refs/remotes/master_feature [7ms]
2025-02-14 09:09:05.581 [info] > git status -z -uall [10ms]
2025-02-14 09:09:05.582 [info] > git for-each-ref --sort -committerdate --format %(refname) %(objectname) %(*objectname) [2ms]
2025-02-14 09:09:10.614 [info] > git config --get commit.template [5ms]
2025-02-14 09:09:10.637 [info] > git for-each-ref --format=%(refname)%00%(upstream:short)%00%(objectname)%00%(upstream:track)%00%(upstream:remotename)%00%(upstream:remoteref) refs/heads/master_feature refs/remotes/master_feature [1ms]
2025-02-14 09:09:10.661 [info] > git status -z -uall [11ms]
2025-02-14 09:09:10.661 [info] > git for-each-ref --sort -committerdate --format %(refname) %(objectname) %(*objectname) [1ms]
2025-02-14 09:09:17.343 [info] > git config --get commit.template [1ms]
2025-02-14 09:09:17.361 [info] > git for-each-ref --format=%(refname)%00%(upstream:short)%00%(objectname)%00%(upstream:track)%00%(upstream:remotename)%00%(upstream:remoteref) refs/heads/master_feature refs/remotes/master_feature [3ms]
2025-02-14 09:09:17.376 [info] > git status -z -uall [8ms]
2025-02-14 09:09:17.376 [info] > git for-each-ref --sort -committerdate --format %(refname) %(objectname) %(*objectname) [1ms]
2025-02-14 09:09:24.799 [info] > git config --get commit.template [3ms]
2025-02-14 09:09:24.810 [info] > git for-each-ref --format=%(refname)%00%(upstream:short)%00%(objectname)%00%(upstream:track)%00%(upstream:remotename)%00%(upstream:remoteref) refs/heads/master_feature refs/remotes/master_feature [2ms]
2025-02-14 09:09:24.829 [info] > git status -z -uall [10ms]
2025-02-14 09:09:24.833 [info] > git for-each-ref --sort -committerdate --format %(refname) %(objectname) %(*objectname) [4ms]
2025-02-14 09:09:30.860 [info] > git config --get commit.template [4ms]
2025-02-14 09:09:30.874 [info] > git for-each-ref --format=%(refname)%00%(upstream:short)%00%(objectname)%00%(upstream:track)%00%(upstream:remotename)%00%(upstream:remoteref) refs/heads/master_feature refs/remotes/master_feature [2ms]
2025-02-14 09:09:30.896 [info] > git status -z -uall [13ms]
2025-02-14 09:09:30.896 [info] > git for-each-ref --sort -committerdate --format %(refname) %(objectname) %(*objectname) [3ms]
2025-02-14 09:09:39.194 [info] > git config --get commit.template [12ms]
2025-02-14 09:09:39.194 [info] > git for-each-ref --format=%(refname)%00%(upstream:short)%00%(objectname)%00%(upstream:track)%00%(upstream:remotename)%00%(upstream:remoteref) refs/heads/master_feature refs/remotes/master_feature [1ms]
2025-02-14 09:09:39.218 [info] > git status -z -uall [14ms]
2025-02-14 09:09:39.219 [info] > git for-each-ref --sort -committerdate --format %(refname) %(objectname) %(*objectname) [3ms]
2025-02-14 09:09:40.490 [info] > git show --textconv :styles/style.css [20ms]
2025-02-14 09:09:40.492 [info] > git ls-files --stage -- /home/pasha/coding/To-Do-List/styles/style.css [4ms]
2025-02-14 09:09:40.509 [info] > git cat-file -s a88139d640124c5b5549e039663969b8517463a5 [2ms]
2025-02-14 09:09:53.282 [info] > git config --get commit.template [4ms]
2025-02-14 09:09:53.295 [info] > git for-each-ref --format=%(refname)%00%(upstream:short)%00%(objectname)%00%(upstream:track)%00%(upstream:remotename)%00%(upstream:remoteref) refs/heads/master_feature refs/remotes/master_feature [4ms]
2025-02-14 09:09:53.313 [info] > git status -z -uall [9ms]
2025-02-14 09:09:53.316 [info] > git for-each-ref --sort -committerdate --format %(refname) %(objectname) %(*objectname) [3ms]
2025-02-14 09:10:04.312 [info] > git config --get commit.template [1ms]
2025-02-14 09:10:04.322 [info] > git for-each-ref --format=%(refname)%00%(upstream:short)%00%(objectname)%00%(upstream:track)%00%(upstream:remotename)%00%(upstream:remoteref) refs/heads/master_feature refs/remotes/master_feature [2ms]
2025-02-14 09:10:04.348 [info] > git status -z -uall [14ms]
2025-02-14 09:10:04.348 [info] > git for-each-ref --sort -committerdate --format %(refname) %(objectname) %(*objectname) [4ms]
2025-02-14 09:10:15.443 [info] > git config --get commit.template [2ms]
2025-02-14 09:10:15.456 [info] > git for-each-ref --format=%(refname)%00%(upstream:short)%00%(objectname)%00%(upstream:track)%00%(upstream:remotename)%00%(upstream:remoteref) refs/heads/master_feature refs/remotes/master_feature [2ms]
2025-02-14 09:10:15.475 [info] > git status -z -uall [10ms]
2025-02-14 09:10:15.477 [info] > git for-each-ref --sort -committerdate --format %(refname) %(objectname) %(*objectname) [3ms]
2025-02-14 09:10:19.424 [info] > git show --textconv :styles/main.css [16ms]
2025-02-14 09:10:19.424 [info] > git ls-files --stage -- /home/pasha/coding/To-Do-List/styles/main.css [1ms]
2025-02-14 09:10:19.437 [info] > git cat-file -s 13281556abf8622b996127eb7042cf687e855f55 [2ms]
2025-02-14 09:10:20.512 [info] > git config --get commit.template [5ms]
2025-02-14 09:10:20.538 [info] > git for-each-ref --format=%(refname)%00%(upstream:short)%00%(objectname)%00%(upstream:track)%00%(upstream:remotename)%00%(upstream:remoteref) refs/heads/master_feature refs/remotes/master_feature [3ms]
2025-02-14 09:10:20.565 [info] > git status -z -uall [13ms]
2025-02-14 09:10:20.566 [info] > git for-each-ref --sort -committerdate --format %(refname) %(objectname) %(*objectname) [3ms]
2025-02-14 09:10:20.780 [info] > git show --textconv :styles/style.css [11ms]
2025-02-14 09:10:20.781 [info] > git ls-files --stage -- /home/pasha/coding/To-Do-List/styles/style.css [1ms]
2025-02-14 09:10:20.792 [info] > git cat-file -s a88139d640124c5b5549e039663969b8517463a5 [2ms]
2025-02-14 09:10:21.528 [info] > git show --textconv :styles/main.css [10ms]
2025-02-14 09:10:21.529 [info] > git ls-files --stage -- /home/pasha/coding/To-Do-List/styles/main.css [2ms]
2025-02-14 09:10:21.538 [info] > git cat-file -s 13281556abf8622b996127eb7042cf687e855f55 [1ms]
2025-02-14 09:10:30.909 [info] > git config --get commit.template [4ms]
2025-02-14 09:10:30.923 [info] > git for-each-ref --format=%(refname)%00%(upstream:short)%00%(objectname)%00%(upstream:track)%00%(upstream:remotename)%00%(upstream:remoteref) refs/heads/master_feature refs/remotes/master_feature [5ms]
2025-02-14 09:10:30.945 [info] > git status -z -uall [12ms]
2025-02-14 09:10:30.948 [info] > git for-each-ref --sort -committerdate --format %(refname) %(objectname) %(*objectname) [4ms]
2025-02-14 09:10:37.320 [info] > git config --get commit.template [4ms]
2025-02-14 09:10:37.335 [info] > git for-each-ref --format=%(refname)%00%(upstream:short)%00%(objectname)%00%(upstream:track)%00%(upstream:remotename)%00%(upstream:remoteref) refs/heads/master_feature refs/remotes/master_feature [2ms]
2025-02-14 09:10:37.357 [info] > git status -z -uall [11ms]
2025-02-14 09:10:37.358 [info] > git for-each-ref --sort -committerdate --format %(refname) %(objectname) %(*objectname) [3ms]
2025-02-14 09:11:06.010 [info] > git config --get commit.template [5ms]
2025-02-14 09:11:06.022 [info] > git for-each-ref --format=%(refname)%00%(upstream:short)%00%(objectname)%00%(upstream:track)%00%(upstream:remotename)%00%(upstream:remoteref) refs/heads/master_feature refs/remotes/master_feature [1ms]
2025-02-14 09:11:06.038 [info] > git status -z -uall [9ms]
2025-02-14 09:11:06.039 [info] > git for-each-ref --sort -committerdate --format %(refname) %(objectname) %(*objectname) [2ms]
2025-02-14 09:13:31.059 [info] > git config --get commit.template [23ms]
2025-02-14 09:13:31.061 [info] > git for-each-ref --format=%(refname)%00%(upstream:short)%00%(objectname)%00%(upstream:track)%00%(upstream:remotename)%00%(upstream:remoteref) refs/heads/master_feature refs/remotes/master_feature [3ms]
2025-02-14 09:13:31.100 [info] > git status -z -uall [19ms]
2025-02-14 09:13:31.102 [info] > git for-each-ref --sort -committerdate --format %(refname) %(objectname) %(*objectname) [5ms]
2025-02-14 09:14:25.538 [info] > git config --get commit.template [9ms]
2025-02-14 09:14:25.539 [info] > git for-each-ref --format=%(refname)%00%(upstream:short)%00%(objectname)%00%(upstream:track)%00%(upstream:remotename)%00%(upstream:remoteref) refs/heads/master_feature refs/remotes/master_feature [1ms]
2025-02-14 09:14:25.556 [info] > git status -z -uall [9ms]
2025-02-14 09:14:25.557 [info] > git for-each-ref --sort -committerdate --format %(refname) %(objectname) %(*objectname) [2ms]
2025-02-14 09:15:11.288 [info] > git config --get commit.template [4ms]
2025-02-14 09:15:11.316 [info] > git for-each-ref --format=%(refname)%00%(upstream:short)%00%(objectname)%00%(upstream:track)%00%(upstream:remotename)%00%(upstream:remoteref) refs/heads/master_feature refs/remotes/master_feature [3ms]
2025-02-14 09:15:11.342 [info] > git status -z -uall [11ms]
2025-02-14 09:15:11.344 [info] > git for-each-ref --sort -committerdate --format %(refname) %(objectname) %(*objectname) [4ms]
2025-02-14 09:15:16.938 [info] > git config --get commit.template [18ms]
2025-02-14 09:15:16.955 [info] > git for-each-ref --format=%(refname)%00%(upstream:short)%00%(objectname)%00%(upstream:track)%00%(upstream:remotename)%00%(upstream:remoteref) refs/heads/master_feature refs/remotes/master_feature [2ms]
2025-02-14 09:15:16.972 [info] > git status -z -uall [8ms]
2025-02-14 09:15:16.975 [info] > git for-each-ref --sort -committerdate --format %(refname) %(objectname) %(*objectname) [2ms]
2025-02-14 09:15:25.646 [info] > git config --get commit.template [3ms]
2025-02-14 09:15:25.659 [info] > git for-each-ref --format=%(refname)%00%(upstream:short)%00%(objectname)%00%(upstream:track)%00%(upstream:remotename)%00%(upstream:remoteref) refs/heads/master_feature refs/remotes/master_feature [3ms]
2025-02-14 09:15:25.680 [info] > git status -z -uall [11ms]
2025-02-14 09:15:25.681 [info] > git for-each-ref --sort -committerdate --format %(refname) %(objectname) %(*objectname) [1ms]
2025-02-14 09:15:34.345 [info] > git config --get commit.template [1ms]
2025-02-14 09:15:34.359 [info] > git for-each-ref --format=%(refname)%00%(upstream:short)%00%(objectname)%00%(upstream:track)%00%(upstream:remotename)%00%(upstream:remoteref) refs/heads/master_feature refs/remotes/master_feature [2ms]
2025-02-14 09:15:34.379 [info] > git status -z -uall [10ms]
2025-02-14 09:15:34.382 [info] > git for-each-ref --sort -committerdate --format %(refname) %(objectname) %(*objectname) [3ms]
2025-02-14 09:15:45.705 [info] > git config --get commit.template [3ms]
2025-02-14 09:15:45.719 [info] > git for-each-ref --format=%(refname)%00%(upstream:short)%00%(objectname)%00%(upstream:track)%00%(upstream:remotename)%00%(upstream:remoteref) refs/heads/master_feature refs/remotes/master_feature [2ms]
2025-02-14 09:15:45.737 [info] > git status -z -uall [9ms]
2025-02-14 09:15:45.740 [info] > git for-each-ref --sort -committerdate --format %(refname) %(objectname) %(*objectname) [3ms]
2025-02-14 09:16:16.512 [info] > git config --get commit.template [24ms]
2025-02-14 09:16:16.514 [info] > git for-each-ref --format=%(refname)%00%(upstream:short)%00%(objectname)%00%(upstream:track)%00%(upstream:remotename)%00%(upstream:remoteref) refs/heads/master_feature refs/remotes/master_feature [3ms]
2025-02-14 09:16:16.558 [info] > git status -z -uall [23ms]
2025-02-14 09:16:16.560 [info] > git for-each-ref --sort -committerdate --format %(refname) %(objectname) %(*objectname) [4ms]
2025-02-14 09:16:26.134 [info] > git config --get commit.template [2ms]
2025-02-14 09:16:26.149 [info] > git for-each-ref --format=%(refname)%00%(upstream:short)%00%(objectname)%00%(upstream:track)%00%(upstream:remotename)%00%(upstream:remoteref) refs/heads/master_feature refs/remotes/master_feature [2ms]
2025-02-14 09:16:26.170 [info] > git status -z -uall [12ms]
2025-02-14 09:16:26.171 [info] > git for-each-ref --sort -committerdate --format %(refname) %(objectname) %(*objectname) [2ms]
2025-02-14 09:16:35.431 [info] > git config --get commit.template [1ms]
2025-02-14 09:16:35.447 [info] > git for-each-ref --format=%(refname)%00%(upstream:short)%00%(objectname)%00%(upstream:track)%00%(upstream:remotename)%00%(upstream:remoteref) refs/heads/master_feature refs/remotes/master_feature [2ms]
2025-02-14 09:16:35.467 [info] > git status -z -uall [10ms]
2025-02-14 09:16:35.469 [info] > git for-each-ref --sort -committerdate --format %(refname) %(objectname) %(*objectname) [3ms]
2025-02-14 09:16:47.585 [info] > git config --get commit.template [3ms]
2025-02-14 09:16:47.604 [info] > git for-each-ref --format=%(refname)%00%(upstream:short)%00%(objectname)%00%(upstream:track)%00%(upstream:remotename)%00%(upstream:remoteref) refs/heads/master_feature refs/remotes/master_feature [2ms]
2025-02-14 09:16:47.625 [info] > git status -z -uall [12ms]
2025-02-14 09:16:47.627 [info] > git for-each-ref --sort -committerdate --format %(refname) %(objectname) %(*objectname) [3ms]
2025-02-14 09:16:52.673 [info] > git config --get commit.template [17ms]
2025-02-14 09:16:52.674 [info] > git for-each-ref --format=%(refname)%00%(upstream:short)%00%(objectname)%00%(upstream:track)%00%(upstream:remotename)%00%(upstream:remoteref) refs/heads/master_feature refs/remotes/master_feature [2ms]
2025-02-14 09:16:52.699 [info] > git status -z -uall [13ms]
2025-02-14 09:16:52.701 [info] > git for-each-ref --sort -committerdate --format %(refname) %(objectname) %(*objectname) [3ms]
2025-02-14 09:17:58.993 [info] > git config --get commit.template [1ms]
2025-02-14 09:17:59.008 [info] > git for-each-ref --format=%(refname)%00%(upstream:short)%00%(objectname)%00%(upstream:track)%00%(upstream:remotename)%00%(upstream:remoteref) refs/heads/master_feature refs/remotes/master_feature [2ms]
2025-02-14 09:17:59.026 [info] > git status -z -uall [9ms]
2025-02-14 09:17:59.028 [info] > git for-each-ref --sort -committerdate --format %(refname) %(objectname) %(*objectname) [3ms]
2025-02-14 09:18:14.564 [info] > git config --get commit.template [3ms]
2025-02-14 09:18:14.582 [info] > git for-each-ref --format=%(refname)%00%(upstream:short)%00%(objectname)%00%(upstream:track)%00%(upstream:remotename)%00%(upstream:remoteref) refs/heads/master_feature refs/remotes/master_feature [4ms]
2025-02-14 09:18:14.605 [info] > git status -z -uall [13ms]
2025-02-14 09:18:14.606 [info] > git for-each-ref --sort -committerdate --format %(refname) %(objectname) %(*objectname) [1ms]
2025-02-14 09:18:27.069 [info] > git config --get commit.template [2ms]
2025-02-14 09:18:27.085 [info] > git for-each-ref --format=%(refname)%00%(upstream:short)%00%(objectname)%00%(upstream:track)%00%(upstream:remotename)%00%(upstream:remoteref) refs/heads/master_feature refs/remotes/master_feature [3ms]
2025-02-14 09:18:27.102 [info] > git status -z -uall [9ms]
2025-02-14 09:18:27.103 [info] > git for-each-ref --sort -committerdate --format %(refname) %(objectname) %(*objectname) [2ms]
2025-02-14 09:18:44.180 [info] > git config --get commit.template [10ms]
2025-02-14 09:18:44.182 [info] > git for-each-ref --format=%(refname)%00%(upstream:short)%00%(objectname)%00%(upstream:track)%00%(upstream:remotename)%00%(upstream:remoteref) refs/heads/master_feature refs/remotes/master_feature [3ms]
2025-02-14 09:18:44.204 [info] > git status -z -uall [11ms]
2025-02-14 09:18:44.204 [info] > git for-each-ref --sort -committerdate --format %(refname) %(objectname) %(*objectname) [1ms]
2025-02-14 09:19:04.949 [info] > git config --get commit.template [9ms]
2025-02-14 09:19:04.950 [info] > git for-each-ref --format=%(refname)%00%(upstream:short)%00%(objectname)%00%(upstream:track)%00%(upstream:remotename)%00%(upstream:remoteref) refs/heads/master_feature refs/remotes/master_feature [2ms]
2025-02-14 09:19:04.971 [info] > git status -z -uall [11ms]
2025-02-14 09:19:04.973 [info] > git for-each-ref --sort -committerdate --format %(refname) %(objectname) %(*objectname) [3ms]
2025-02-14 09:19:43.670 [info] > git for-each-ref --format=%(refname)%00%(upstream:short)%00%(objectname)%00%(upstream:track)%00%(upstream:remotename)%00%(upstream:remoteref) refs/heads/master_feature refs/remotes/master_feature [1ms]
2025-02-14 09:19:43.670 [info] > git config --get commit.template [10ms]
2025-02-14 09:19:43.694 [info] > git status -z -uall [14ms]
2025-02-14 09:19:43.694 [info] > git for-each-ref --sort -committerdate --format %(refname) %(objectname) %(*objectname) [3ms]
2025-02-14 09:25:44.699 [info] > git config --get commit.template [1ms]
2025-02-14 09:25:44.716 [info] > git for-each-ref --format=%(refname)%00%(upstream:short)%00%(objectname)%00%(upstream:track)%00%(upstream:remotename)%00%(upstream:remoteref) refs/heads/master_feature refs/remotes/master_feature [2ms]
2025-02-14 09:25:44.733 [info] > git status -z -uall [10ms]
2025-02-14 09:25:44.733 [info] > git for-each-ref --sort -committerdate --format %(refname) %(objectname) %(*objectname) [2ms]
2025-02-14 09:27:44.586 [info] > git config --get commit.template [10ms]
2025-02-14 09:27:44.587 [info] > git for-each-ref --format=%(refname)%00%(upstream:short)%00%(objectname)%00%(upstream:track)%00%(upstream:remotename)%00%(upstream:remoteref) refs/heads/master_feature refs/remotes/master_feature [0ms]
2025-02-14 09:27:44.604 [info] > git status -z -uall [9ms]
2025-02-14 09:27:44.606 [info] > git for-each-ref --sort -committerdate --format %(refname) %(objectname) %(*objectname) [3ms]
2025-02-14 09:28:49.929 [info] > git show --textconv :styles/style.css [12ms]
2025-02-14 09:28:49.929 [info] > git ls-files --stage -- /home/pasha/coding/To-Do-List/styles/style.css [1ms]
2025-02-14 09:28:49.938 [info] > git cat-file -s a88139d640124c5b5549e039663969b8517463a5 [1ms]
2025-02-14 09:28:52.108 [info] > git show --textconv :styles/main.css [9ms]
2025-02-14 09:28:52.109 [info] > git ls-files --stage -- /home/pasha/coding/To-Do-List/styles/main.css [2ms]
2025-02-14 09:28:52.117 [info] > git cat-file -s 13281556abf8622b996127eb7042cf687e855f55 [1ms]
2025-02-14 09:29:40.575 [info] > git config --get commit.template [8ms]
2025-02-14 09:29:40.576 [info] > git for-each-ref --format=%(refname)%00%(upstream:short)%00%(objectname)%00%(upstream:track)%00%(upstream:remotename)%00%(upstream:remoteref) refs/heads/master_feature refs/remotes/master_feature [2ms]
2025-02-14 09:29:40.596 [info] > git status -z -uall [9ms]
2025-02-14 09:29:40.596 [info] > git for-each-ref --sort -committerdate --format %(refname) %(objectname) %(*objectname) [1ms]
2025-02-14 09:30:37.972 [info] > git config --get commit.template [2ms]
2025-02-14 09:30:37.984 [info] > git for-each-ref --format=%(refname)%00%(upstream:short)%00%(objectname)%00%(upstream:track)%00%(upstream:remotename)%00%(upstream:remoteref) refs/heads/master_feature refs/remotes/master_feature [1ms]
2025-02-14 09:30:38.002 [info] > git status -z -uall [9ms]
2025-02-14 09:30:38.002 [info] > git for-each-ref --sort -committerdate --format %(refname) %(objectname) %(*objectname) [1ms]
2025-02-14 09:31:20.789 [info] > git config --get commit.template [6ms]
2025-02-14 09:31:20.804 [info] > git for-each-ref --format=%(refname)%00%(upstream:short)%00%(objectname)%00%(upstream:track)%00%(upstream:remotename)%00%(upstream:remoteref) refs/heads/master_feature refs/remotes/master_feature [2ms]
2025-02-14 09:31:20.825 [info] > git status -z -uall [10ms]
2025-02-14 09:31:20.825 [info] > git for-each-ref --sort -committerdate --format %(refname) %(objectname) %(*objectname) [2ms]
2025-02-14 09:31:31.600 [info] > git config --get commit.template [2ms]
2025-02-14 09:31:31.614 [info] > git for-each-ref --format=%(refname)%00%(upstream:short)%00%(objectname)%00%(upstream:track)%00%(upstream:remotename)%00%(upstream:remoteref) refs/heads/master_feature refs/remotes/master_feature [1ms]
2025-02-14 09:31:31.634 [info] > git status -z -uall [11ms]
2025-02-14 09:31:31.634 [info] > git for-each-ref --sort -committerdate --format %(refname) %(objectname) %(*objectname) [1ms]
2025-02-14 09:31:36.682 [info] > git config --get commit.template [21ms]
2025-02-14 09:31:36.683 [info] > git for-each-ref --format=%(refname)%00%(upstream:short)%00%(objectname)%00%(upstream:track)%00%(upstream:remotename)%00%(upstream:remoteref) refs/heads/master_feature refs/remotes/master_feature [2ms]
2025-02-14 09:31:36.723 [info] > git status -z -uall [21ms]
2025-02-14 09:31:36.725 [info] > git for-each-ref --sort -committerdate --format %(refname) %(objectname) %(*objectname) [4ms]
2025-02-14 09:31:43.713 [info] > git config --get commit.template [2ms]
2025-02-14 09:31:43.733 [info] > git for-each-ref --format=%(refname)%00%(upstream:short)%00%(objectname)%00%(upstream:track)%00%(upstream:remotename)%00%(upstream:remoteref) refs/heads/master_feature refs/remotes/master_feature [5ms]
2025-02-14 09:31:43.754 [info] > git status -z -uall [11ms]
2025-02-14 09:31:43.755 [info] > git for-each-ref --sort -committerdate --format %(refname) %(objectname) %(*objectname) [3ms]
2025-02-14 09:31:59.649 [info] > git config --get commit.template [5ms]
2025-02-14 09:31:59.663 [info] > git for-each-ref --format=%(refname)%00%(upstream:short)%00%(objectname)%00%(upstream:track)%00%(upstream:remotename)%00%(upstream:remoteref) refs/heads/master_feature refs/remotes/master_feature [3ms]
2025-02-14 09:31:59.682 [info] > git status -z -uall [11ms]
2025-02-14 09:31:59.682 [info] > git for-each-ref --sort -committerdate --format %(refname) %(objectname) %(*objectname) [1ms]
2025-02-14 09:32:06.455 [info] > git config --get commit.template [1ms]
2025-02-14 09:32:06.468 [info] > git for-each-ref --format=%(refname)%00%(upstream:short)%00%(objectname)%00%(upstream:track)%00%(upstream:remotename)%00%(upstream:remoteref) refs/heads/master_feature refs/remotes/master_feature [1ms]
2025-02-14 09:32:06.487 [info] > git status -z -uall [9ms]
2025-02-14 09:32:06.488 [info] > git for-each-ref --sort -committerdate --format %(refname) %(objectname) %(*objectname) [1ms]
2025-02-14 09:32:16.136 [info] > git for-each-ref --format=%(refname)%00%(upstream:short)%00%(objectname)%00%(upstream:track)%00%(upstream:remotename)%00%(upstream:remoteref) refs/heads/master_feature refs/remotes/master_feature [2ms]
2025-02-14 09:32:16.136 [info] > git config --get commit.template [12ms]
2025-02-14 09:32:16.155 [info] > git status -z -uall [9ms]
2025-02-14 09:32:16.156 [info] > git for-each-ref --sort -committerdate --format %(refname) %(objectname) %(*objectname) [1ms]
2025-02-14 09:33:17.400 [info] > git config --get commit.template [2ms]
2025-02-14 09:33:17.413 [info] > git for-each-ref --format=%(refname)%00%(upstream:short)%00%(objectname)%00%(upstream:track)%00%(upstream:remotename)%00%(upstream:remoteref) refs/heads/master_feature refs/remotes/master_feature [3ms]
2025-02-14 09:33:17.429 [info] > git status -z -uall [8ms]
2025-02-14 09:33:17.430 [info] > git for-each-ref --sort -committerdate --format %(refname) %(objectname) %(*objectname) [2ms]
2025-02-14 09:33:31.751 [info] > git config --get commit.template [11ms]
2025-02-14 09:33:31.752 [info] > git for-each-ref --format=%(refname)%00%(upstream:short)%00%(objectname)%00%(upstream:track)%00%(upstream:remotename)%00%(upstream:remoteref) refs/heads/master_feature refs/remotes/master_feature [3ms]
2025-02-14 09:33:31.778 [info] > git status -z -uall [17ms]
2025-02-14 09:33:31.778 [info] > git for-each-ref --sort -committerdate --format %(refname) %(objectname) %(*objectname) [2ms]
2025-02-14 09:33:50.299 [info] > git config --get commit.template [2ms]
2025-02-14 09:33:50.313 [info] > git for-each-ref --format=%(refname)%00%(upstream:short)%00%(objectname)%00%(upstream:track)%00%(upstream:remotename)%00%(upstream:remoteref) refs/heads/master_feature refs/remotes/master_feature [1ms]
2025-02-14 09:33:50.334 [info] > git status -z -uall [12ms]
2025-02-14 09:33:50.335 [info] > git for-each-ref --sort -committerdate --format %(refname) %(objectname) %(*objectname) [1ms]
2025-02-14 09:33:55.807 [info] > git config --get commit.template [24ms]
2025-02-14 09:33:55.809 [info] > git for-each-ref --format=%(refname)%00%(upstream:short)%00%(objectname)%00%(upstream:track)%00%(upstream:remotename)%00%(upstream:remoteref) refs/heads/master_feature refs/remotes/master_feature [4ms]
2025-02-14 09:33:55.837 [info] > git status -z -uall [11ms]
2025-02-14 09:33:55.839 [info] > git for-each-ref --sort -committerdate --format %(refname) %(objectname) %(*objectname) [2ms]
2025-02-14 09:34:12.175 [info] > git config --get commit.template [9ms]
2025-02-14 09:34:12.176 [info] > git for-each-ref --format=%(refname)%00%(upstream:short)%00%(objectname)%00%(upstream:track)%00%(upstream:remotename)%00%(upstream:remoteref) refs/heads/master_feature refs/remotes/master_feature [2ms]
2025-02-14 09:34:12.191 [info] > git status -z -uall [8ms]
2025-02-14 09:34:12.192 [info] > git for-each-ref --sort -committerdate --format %(refname) %(objectname) %(*objectname) [1ms]
2025-02-14 09:34:29.472 [info] > git config --get commit.template [10ms]
2025-02-14 09:34:29.475 [info] > git for-each-ref --format=%(refname)%00%(upstream:short)%00%(objectname)%00%(upstream:track)%00%(upstream:remotename)%00%(upstream:remoteref) refs/heads/master_feature refs/remotes/master_feature [4ms]
2025-02-14 09:34:29.496 [info] > git status -z -uall [12ms]
2025-02-14 09:34:29.496 [info] > git for-each-ref --sort -committerdate --format %(refname) %(objectname) %(*objectname) [3ms]
2025-02-14 09:34:53.138 [info] > git config --get commit.template [1ms]
2025-02-14 09:34:53.149 [info] > git for-each-ref --format=%(refname)%00%(upstream:short)%00%(objectname)%00%(upstream:track)%00%(upstream:remotename)%00%(upstream:remoteref) refs/heads/master_feature refs/remotes/master_feature [1ms]
2025-02-14 09:34:53.174 [info] > git status -z -uall [13ms]
2025-02-14 09:34:53.174 [info] > git for-each-ref --sort -committerdate --format %(refname) %(objectname) %(*objectname) [2ms]
2025-02-14 09:35:05.212 [info] > git config --get commit.template [20ms]
2025-02-14 09:35:05.213 [info] > git for-each-ref --format=%(refname)%00%(upstream:short)%00%(objectname)%00%(upstream:track)%00%(upstream:remotename)%00%(upstream:remoteref) refs/heads/master_feature refs/remotes/master_feature [3ms]
2025-02-14 09:35:05.240 [info] > git status -z -uall [11ms]
2025-02-14 09:35:05.241 [info] > git for-each-ref --sort -committerdate --format %(refname) %(objectname) %(*objectname) [2ms]
2025-02-14 09:35:11.234 [info] > git config --get commit.template [1ms]
2025-02-14 09:35:11.247 [info] > git for-each-ref --format=%(refname)%00%(upstream:short)%00%(objectname)%00%(upstream:track)%00%(upstream:remotename)%00%(upstream:remoteref) refs/heads/master_feature refs/remotes/master_feature [2ms]
2025-02-14 09:35:11.269 [info] > git status -z -uall [11ms]
2025-02-14 09:35:11.270 [info] > git for-each-ref --sort -committerdate --format %(refname) %(objectname) %(*objectname) [2ms]
2025-02-14 09:35:21.574 [info] > git check-ignore -v -z --stdin [4ms]
2025-02-14 09:35:23.006 [info] > git show --textconv :assets/icons/checkbox-checked.svg [9ms]
2025-02-14 09:35:23.006 [info] > git ls-files --stage -- /home/pasha/coding/To-Do-List/assets/icons/checkbox-checked.svg [2ms]
2025-02-14 09:35:23.016 [info] > git cat-file -s 443fa33fce0f8e4aaaff53f19a689a19ca2136ae [1ms]
2025-02-14 09:35:24.479 [info] > git show --textconv :assets/icons/checkbox-checked.svg [7ms]
2025-02-14 09:35:24.480 [info] > git ls-files --stage -- /home/pasha/coding/To-Do-List/assets/icons/checkbox-checked.svg [2ms]
2025-02-14 09:35:24.487 [info] > git cat-file -s 443fa33fce0f8e4aaaff53f19a689a19ca2136ae [1ms]
2025-02-14 09:35:25.386 [info] > git show --textconv :assets/icons/checkbox.svg [8ms]
2025-02-14 09:35:25.387 [info] > git ls-files --stage -- /home/pasha/coding/To-Do-List/assets/icons/checkbox.svg [3ms]
2025-02-14 09:35:25.394 [info] > git cat-file -s 4898b549022cdfa4d07d6f4293c720fda1c66a6f [1ms]
2025-02-14 09:35:37.277 [info] > git config --get commit.template [2ms]
2025-02-14 09:35:37.287 [info] > git for-each-ref --format=%(refname)%00%(upstream:short)%00%(objectname)%00%(upstream:track)%00%(upstream:remotename)%00%(upstream:remoteref) refs/heads/master_feature refs/remotes/master_feature [1ms]
2025-02-14 09:35:37.306 [info] > git status -z -uall [10ms]
2025-02-14 09:35:37.307 [info] > git for-each-ref --sort -committerdate --format %(refname) %(objectname) %(*objectname) [2ms]
2025-02-14 09:35:40.041 [info] > git show --textconv :index.html [18ms]
2025-02-14 09:35:40.043 [info] > git ls-files --stage -- /home/pasha/coding/To-Do-List/index.html [2ms]
2025-02-14 09:35:40.057 [info] > git cat-file -s 0e01bcb4bafdf8b69000f196fd12353be8dac715 [2ms]
2025-02-14 09:35:44.971 [info] > git show --textconv :scripts/main.js [9ms]
2025-02-14 09:35:44.973 [info] > git ls-files --stage -- /home/pasha/coding/To-Do-List/scripts/main.js [2ms]
2025-02-14 09:35:44.983 [info] > git cat-file -s bf32c1f860fae31393ae3dc9395cc9a492a9045f [1ms]
2025-02-14 09:36:20.071 [info] > git show --textconv :styles/main.css [12ms]
2025-02-14 09:36:20.072 [info] > git ls-files --stage -- /home/pasha/coding/To-Do-List/styles/main.css [1ms]
2025-02-14 09:36:20.083 [info] > git cat-file -s 13281556abf8622b996127eb7042cf687e855f55 [2ms]
2025-02-14 09:36:47.775 [info] > git config --get commit.template [7ms]
2025-02-14 09:36:47.775 [info] > git for-each-ref --format=%(refname)%00%(upstream:short)%00%(objectname)%00%(upstream:track)%00%(upstream:remotename)%00%(upstream:remoteref) refs/heads/master_feature refs/remotes/master_feature [1ms]
2025-02-14 09:36:47.788 [info] > git status -z -uall [7ms]
2025-02-14 09:36:47.789 [info] > git for-each-ref --sort -committerdate --format %(refname) %(objectname) %(*objectname) [1ms]
2025-02-14 09:37:03.864 [info] > git for-each-ref --format=%(refname)%00%(upstream:short)%00%(objectname)%00%(upstream:track)%00%(upstream:remotename)%00%(upstream:remoteref) refs/heads/master_feature refs/remotes/master_feature [2ms]
2025-02-14 09:37:03.864 [info] > git config --get commit.template [14ms]
2025-02-14 09:37:03.890 [info] > git status -z -uall [14ms]
2025-02-14 09:37:03.891 [info] > git for-each-ref --sort -committerdate --format %(refname) %(objectname) %(*objectname) [4ms]
2025-02-14 09:37:25.738 [info] > git config --get commit.template [2ms]
2025-02-14 09:37:25.750 [info] > git for-each-ref --format=%(refname)%00%(upstream:short)%00%(objectname)%00%(upstream:track)%00%(upstream:remotename)%00%(upstream:remoteref) refs/heads/master_feature refs/remotes/master_feature [2ms]
2025-02-14 09:37:25.769 [info] > git status -z -uall [10ms]
2025-02-14 09:37:25.769 [info] > git for-each-ref --sort -committerdate --format %(refname) %(objectname) %(*objectname) [1ms]
2025-02-14 09:37:33.659 [info] > git show --textconv :styles/style.css [10ms]
2025-02-14 09:37:33.660 [info] > git ls-files --stage -- /home/pasha/coding/To-Do-List/styles/style.css [2ms]
2025-02-14 09:37:33.669 [info] > git cat-file -s a88139d640124c5b5549e039663969b8517463a5 [2ms]
2025-02-14 09:37:37.465 [info] > git show --textconv :index.html [30ms]
2025-02-14 09:37:37.471 [info] > git ls-files --stage -- /home/pasha/coding/To-Do-List/index.html [8ms]
2025-02-14 09:37:37.503 [info] > git cat-file -s 0e01bcb4bafdf8b69000f196fd12353be8dac715 [5ms]
2025-02-14 09:37:57.981 [info] > git config --get commit.template [2ms]
2025-02-14 09:37:57.991 [info] > git for-each-ref --format=%(refname)%00%(upstream:short)%00%(objectname)%00%(upstream:track)%00%(upstream:remotename)%00%(upstream:remoteref) refs/heads/master_feature refs/remotes/master_feature [1ms]
2025-02-14 09:37:58.014 [info] > git status -z -uall [12ms]
2025-02-14 09:37:58.015 [info] > git for-each-ref --sort -committerdate --format %(refname) %(objectname) %(*objectname) [2ms]
2025-02-14 09:37:58.401 [info] > git show --textconv HEAD:scripts/main.js [54ms]
2025-02-14 09:37:58.401 [info] > git show --textconv HEAD:index.html [14ms]
2025-02-14 09:37:58.401 [info] > git ls-tree -l HEAD -- /home/pasha/coding/To-Do-List/scripts/main.js [32ms]
2025-02-14 09:37:58.405 [info] > git ls-tree -l HEAD -- /home/pasha/coding/To-Do-List/index.html [5ms]
2025-02-14 09:38:05.303 [info] > git ls-tree -l HEAD -- /home/pasha/coding/To-Do-List/index.html [3ms]
2025-02-14 09:38:05.303 [info] > git ls-tree -l HEAD -- /home/pasha/coding/To-Do-List/scripts/main.js [12ms]
2025-02-14 09:38:05.303 [info] > git ls-files --stage -- /home/pasha/coding/To-Do-List/index.html [20ms]
2025-02-14 09:38:05.310 [info] > git ls-files --stage -- /home/pasha/coding/To-Do-List/scripts/main.js [35ms]
2025-02-14 09:38:05.320 [info] > git cat-file -s effe0ad6a414bd1d2fe138af98d5c1a5d4e624be [3ms]
2025-02-14 09:38:05.320 [info] > git cat-file -s 2e73e123ae48a512097fd8aa90a95c87d617b1d2 [10ms]
2025-02-14 09:38:05.335 [info] > git show --textconv HEAD:index.html [8ms]
2025-02-14 09:38:05.350 [info] > git show --textconv HEAD:scripts/main.js [16ms]
2025-02-14 09:38:05.350 [info] > git show --textconv :scripts/main.js [8ms]
2025-02-14 09:38:05.351 [info] > git show --textconv :index.html [2ms]
2025-02-14 09:38:50.151 [info] > git for-each-ref --format=%(refname)%00%(upstream:short)%00%(objectname)%00%(upstream:track)%00%(upstream:remotename)%00%(upstream:remoteref) refs/heads/master_feature refs/remotes/master_feature [2ms]
2025-02-14 09:38:50.152 [info] > git config --get commit.template [15ms]
2025-02-14 09:38:50.170 [info] > git status -z -uall [9ms]
2025-02-14 09:38:50.171 [info] > git for-each-ref --sort -committerdate --format %(refname) %(objectname) %(*objectname) [1ms]
2025-02-14 09:38:50.186 [info] > git blame --root --incremental 606eb09c8c84fa26104b898f1de9e82e977223ad -- /home/pasha/coding/To-Do-List/index.html [5ms]
2025-02-14 09:38:58.363 [info] > git ls-files --stage -- /home/pasha/coding/To-Do-List/scripts/main.js [10ms]
2025-02-14 09:38:58.375 [info] > git ls-files --stage -- /home/pasha/coding/To-Do-List/index.html [14ms]
2025-02-14 09:38:58.386 [info] > git cat-file -s effe0ad6a414bd1d2fe138af98d5c1a5d4e624be [10ms]
2025-02-14 09:38:58.388 [info] > git cat-file -s 2e73e123ae48a512097fd8aa90a95c87d617b1d2 [4ms]
2025-02-14 09:38:58.423 [info] > git show --textconv :scripts/main.js [17ms]
2025-02-14 09:38:58.423 [info] > git show --textconv :index.html [4ms]
2025-02-14 09:43:16.664 [info] > git config --get commit.template [9ms]
2025-02-14 09:43:16.664 [info] > git for-each-ref --format=%(refname)%00%(upstream:short)%00%(objectname)%00%(upstream:track)%00%(upstream:remotename)%00%(upstream:remoteref) refs/heads/master_feature refs/remotes/master_feature [1ms]
2025-02-14 09:43:16.680 [info] > git status -z -uall [9ms]
2025-02-14 09:43:16.682 [info] > git for-each-ref --sort -committerdate --format %(refname) %(objectname) %(*objectname) [3ms]
2025-02-14 09:43:17.516 [info] > git show --textconv :styles/main.css [9ms]
2025-02-14 09:43:17.518 [info] > git ls-files --stage -- /home/pasha/coding/To-Do-List/styles/main.css [1ms]
2025-02-14 09:43:17.526 [info] > git cat-file -s a4d04c019b068b95065ead51de618744dbdc59cc [1ms]
2025-02-14 09:43:17.542 [info] > git blame --root --incremental 606eb09c8c84fa26104b898f1de9e82e977223ad -- /home/pasha/coding/To-Do-List/styles/main.css [1ms]
2025-02-14 09:43:25.063 [info] > git show --textconv :styles/style.css [9ms]
2025-02-14 09:43:25.065 [info] > git ls-files --stage -- /home/pasha/coding/To-Do-List/styles/style.css [2ms]
2025-02-14 09:43:25.074 [info] > git cat-file -s d8431a5ac706f2b5b70a511481c45b51b2a555e2 [2ms]
2025-02-14 09:43:25.086 [info] > git blame --root --incremental 606eb09c8c84fa26104b898f1de9e82e977223ad -- /home/pasha/coding/To-Do-List/styles/style.css [1ms]
2025-02-14 09:43:38.603 [info] > git show --textconv :scripts/main.js [8ms]
2025-02-14 09:43:38.603 [info] > git ls-files --stage -- /home/pasha/coding/To-Do-List/scripts/main.js [1ms]
2025-02-14 09:43:38.612 [info] > git cat-file -s effe0ad6a414bd1d2fe138af98d5c1a5d4e624be [1ms]
2025-02-14 09:43:38.640 [info] > git blame --root --incremental 606eb09c8c84fa26104b898f1de9e82e977223ad -- /home/pasha/coding/To-Do-List/scripts/main.js [2ms]
