2025-02-14 12:54:18.893 [info] [main] Log level: Info
2025-02-14 12:54:18.893 [info] [main] Validating found git in: "git"
2025-02-14 12:54:18.893 [info] [main] Using git "2.47.1" from "git"
2025-02-14 12:54:18.893 [info] [Model][doInitialScan] Initial repository scan started
2025-02-14 12:54:18.893 [info] > git rev-parse --show-toplevel [17ms]
2025-02-14 12:54:18.893 [info] fatal: not a git repository (or any parent up to mount point /)
Stopping at filesystem boundary (GIT_DISCOVERY_ACROSS_FILESYSTEM not set).
2025-02-14 12:54:18.893 [info] > git rev-parse --show-toplevel [13ms]
2025-02-14 12:54:18.893 [info] fatal: not a git repository (or any parent up to mount point /)
Stopping at filesystem boundary (GIT_DISCOVERY_ACROSS_FILESYSTEM not set).
2025-02-14 12:54:18.894 [info] > git rev-parse --show-toplevel [2ms]
2025-02-14 12:54:18.894 [info] fatal: not a git repository (or any parent up to mount point /)
Stopping at filesystem boundary (GIT_DISCOVERY_ACROSS_FILESYSTEM not set).
2025-02-14 12:54:18.895 [info] [Model][doInitialScan] Initial repository scan completed - repositories (0), closed repositories (0), parent repositories (0), unsafe repositories (0)
2025-02-14 12:54:20.417 [info] > git rev-parse --show-toplevel [19ms]
2025-02-14 12:54:20.417 [info] fatal: not a git repository (or any parent up to mount point /)
Stopping at filesystem boundary (GIT_DISCOVERY_ACROSS_FILESYSTEM not set).
2025-02-14 12:54:20.448 [info] > git rev-parse --show-toplevel [20ms]
2025-02-14 12:54:20.448 [info] fatal: not a git repository (or any parent up to mount point /)
Stopping at filesystem boundary (GIT_DISCOVERY_ACROSS_FILESYSTEM not set).
2025-02-14 12:55:26.107 [info] > git rev-parse --show-toplevel [2ms]
2025-02-14 12:55:26.107 [info] fatal: not a git repository (or any parent up to mount point /)
Stopping at filesystem boundary (GIT_DISCOVERY_ACROSS_FILESYSTEM not set).
2025-02-14 12:55:27.293 [info] > git rev-parse --show-toplevel [4ms]
2025-02-14 12:55:27.293 [info] fatal: not a git repository (or any parent up to mount point /)
Stopping at filesystem boundary (GIT_DISCOVERY_ACROSS_FILESYSTEM not set).
