(VSCode) 2025-02-13 15:25:37.180 [INFO]: No proxy settings found
(VSCode) 2025-02-13 15:25:38.083 [INFO]: Checking network connection...
(VSCode) 2025-02-13 15:25:38.610 [INFO]: No Network Issue connecting to https://server.codeium.com/healthz
(VSCode) 2025-02-13 15:25:38.869 [INFO]: Creating manager directory: /tmp/46b38b5f-9b1e-4f9e-a51c-e066ff446a98/codeium/manager
(VSCode) 2025-02-13 15:25:39.194 [INFO]: Using cached LS with valid crc32: /home/pasha/.vscode-oss/extensions/codeium.codeium-1.34.2-universal/dist/f967d079379dbf4f485c8ce9fce1d4fae1c70ede/language_server_linux_x64
(VSCode) 2025-02-13 15:25:39.201 [INFO]: Language server started
2025/02/13 15:25:39 maxprocs: Leaving GOMAXPROCS=8: CPU quota undefined
I0213 15:25:39.315899 17320 main.go:572] [Language Server Manager] Setting GOMAXPROCS to 8
I0213 15:25:39.315945 17320 main.go:791] [Language Server Manager] Starting language server manager with pid 17320
I0213 15:25:39.316049 17320 main.go:123] [Language Server Manager] Manager acquired its lock file /tmp/46b38b5f-9b1e-4f9e-a51c-e066ff446a98/codeium/manager/locks/manager.lock
I0213 15:25:39.316508 17320 main.go:264] [Language Server Manager] Waiting for random port file in /tmp/46b38b5f-9b1e-4f9e-a51c-e066ff446a98/codeium/manager/child_random_port_1739449539316132231_8556058377267728694 to be created
2025/02/13 15:25:39 maxprocs: Leaving GOMAXPROCS=8: CPU quota undefined
I0213 15:25:39.430652 17333 main.go:572] Setting GOMAXPROCS to 4
I0213 15:25:39.430720 17333 main.go:785] Starting language server process with pid 17333
I0213 15:25:39.430749 17333 server.go:221] Language server will attempt to listen on host 127.0.0.1
I0213 15:25:39.430828 17333 server.go:228] Language server listening on random port at 34415
I0213 15:25:39.908892 17333 unleash.go:92] Initializing Unleash
I0213 15:25:40.402915 17333 unleash.go:112] Successfully initialized Unleash
I0213 15:25:40.403695 17333 server.go:306] Extension server port not specified; skipping extension server client creation
I0213 15:25:40.417826 17333 web_server.go:258] Chat Web Server listening at ws://127.0.0.1:38477
I0213 15:25:40.433625 17333 server.go:559] Successfully created API server client
I0213 15:25:40.459075 17333 server.go:577] Successfully initialized tokenizer
I0213 15:25:40.514321 17333 server.go:761] Local search is enabled, will index local files.
I0213 15:25:40.514340 17333 server.go:765] Using 2 indexer workers
I0213 15:25:40.554268 17333 server.go:854] Successfully created completion provider
I0213 15:25:40.554300 17333 server.go:905] Child process attempting to acquire lock file /tmp/46b38b5f-9b1e-4f9e-a51c-e066ff446a98/codeium/manager/locks/child_lock_1739449539316152622_4896919321626599912
I0213 15:25:40.554348 17333 server.go:913] Child process acquired lock file /tmp/46b38b5f-9b1e-4f9e-a51c-e066ff446a98/codeium/manager/locks/child_lock_1739449539316152622_4896919321626599912
I0213 15:25:40.560227 17333 server.go:365] LSP listening on random port at 37049
37049
I0213 15:25:40.622721 17320 main.go:300] [Language Server Manager] Found random server port 34415
I0213 15:25:40.622810 17320 main.go:301] [Language Server Manager] Found random lsp port 37049
I0213 15:25:40.622895 17320 main.go:308] [Language Server Manager] Attempting to connect to language server at 127.0.0.1:34415
I0213 15:25:40.636775 17320 main.go:177] [Language Server Manager] Fixing language server port at 34415
I0213 15:25:40.636825 17320 main.go:360] [Language Server Manager] Successfully connected to new language server at 127.0.0.1:34415
(VSCode) 2025-02-13 15:25:40.712 [INFO]: Found language server running on port 34415
(VSCode) 2025-02-13 15:25:41.037 [INFO]: openAllTextDocuments took 5.46774699999969ms
(VSCode) 2025-02-13 15:25:46.125 [INFO]: Disposing language server process
(VSCode) 2025-02-13 15:25:46.126 [INFO]: Deleting manager directory: /tmp/46b38b5f-9b1e-4f9e-a51c-e066ff446a98/codeium/manager
(VSCode) 2025-02-13 15:25:46.127 [INFO]: Successfully disposed language server
W0213 15:25:46.125971 17320 main.go:127] [Language Server Manager] Got signal terminated, shutting down
