2025-02-13 15:15:40.263 [info] Started local extension host with pid 15676.
2025-02-13 15:15:40.616 [warning] [redwan-hossain.auto-rename-tag-clone]: Cannot register 'auto-rename-tag.activationOnLanguage'. This property is already registered.
2025-02-13 15:15:42.919 [info] [perf] Render performance baseline is 28ms
2025-02-13 15:15:44.067 [warning] Authentication provider codeium_auth was not declared in the Extension Manifest.
2025-02-13 15:15:44.878 [error] Error: The editor could not be opened because the file was not found.
    at Eve.gc (vscode-file://vscode-app/usr/lib/code/out/vs/workbench/workbench.desktop.main.js:2103:120493)
    at async Eve.setInput (vscode-file://vscode-app/usr/lib/code/out/vs/workbench/workbench.desktop.main.js:2103:119651)
    at async HBe.U (vscode-file://vscode-app/usr/lib/code/out/vs/workbench/workbench.desktop.main.js:523:19779)
    at async HBe.M (vscode-file://vscode-app/usr/lib/code/out/vs/workbench/workbench.desktop.main.js:523:18330)
    at async HBe.openEditor (vscode-file://vscode-app/usr/lib/code/out/vs/workbench/workbench.desktop.main.js:523:17412)
    at async vscode-file://vscode-app/usr/lib/code/out/vs/workbench/workbench.desktop.main.js:635:23606
    at async u9e.M (vscode-file://vscode-app/usr/lib/code/out/vs/workbench/workbench.desktop.main.js:1277:29033)
    at async u9e.openCodeEditor (vscode-file://vscode-app/usr/lib/code/out/vs/workbench/workbench.desktop.main.js:1277:20334)
    at async G3e.open (vscode-file://vscode-app/usr/lib/code/out/vs/workbench/workbench.desktop.main.js:1338:634)
    at async K3e.open (vscode-file://vscode-app/usr/lib/code/out/vs/workbench/workbench.desktop.main.js:1338:1666)
2025-02-13 15:15:45.752 [error] Timed out waiting for authentication provider to register
2025-02-13 15:16:21.197 [error] Error: The editor could not be opened because the file was not found.
    at Eve.gc (vscode-file://vscode-app/usr/lib/code/out/vs/workbench/workbench.desktop.main.js:2103:120493)
    at async Eve.setInput (vscode-file://vscode-app/usr/lib/code/out/vs/workbench/workbench.desktop.main.js:2103:119651)
    at async HBe.U (vscode-file://vscode-app/usr/lib/code/out/vs/workbench/workbench.desktop.main.js:523:19779)
    at async HBe.M (vscode-file://vscode-app/usr/lib/code/out/vs/workbench/workbench.desktop.main.js:523:18330)
    at async HBe.openEditor (vscode-file://vscode-app/usr/lib/code/out/vs/workbench/workbench.desktop.main.js:523:17412)
    at async vscode-file://vscode-app/usr/lib/code/out/vs/workbench/workbench.desktop.main.js:635:23606
    at async u9e.M (vscode-file://vscode-app/usr/lib/code/out/vs/workbench/workbench.desktop.main.js:1277:29033)
    at async u9e.openCodeEditor (vscode-file://vscode-app/usr/lib/code/out/vs/workbench/workbench.desktop.main.js:1277:20334)
    at async G3e.open (vscode-file://vscode-app/usr/lib/code/out/vs/workbench/workbench.desktop.main.js:1338:634)
    at async K3e.open (vscode-file://vscode-app/usr/lib/code/out/vs/workbench/workbench.desktop.main.js:1338:1666)
