(VSCode) 2025-02-13 14:51:23.801 [INFO]: No proxy settings found
(VSCode) 2025-02-13 14:51:24.681 [INFO]: Checking network connection...
(VSCode) 2025-02-13 14:51:25.328 [INFO]: No Network Issue connecting to https://server.codeium.com/healthz
(VSCode) 2025-02-13 14:51:25.619 [INFO]: Creating manager directory: /tmp/3103cf7e-dfe7-4e69-84ec-c00f895ade1d/codeium/manager
(VSCode) 2025-02-13 14:51:25.905 [INFO]: Using cached LS with valid crc32: /home/pasha/.vscode-oss/extensions/codeium.codeium-1.34.2-universal/dist/f967d079379dbf4f485c8ce9fce1d4fae1c70ede/language_server_linux_x64
(VSCode) 2025-02-13 14:51:25.918 [INFO]: Language server started
2025/02/13 14:51:25 maxprocs: Leaving GOMAXPROCS=8: CPU quota undefined
I0213 14:51:26.038849 11011 main.go:572] [Language Server Manager] Setting GOMAXPROCS to 8
I0213 14:51:26.038883 11011 main.go:791] [Language Server Manager] Starting language server manager with pid 11011
I0213 14:51:26.038998 11011 main.go:123] [Language Server Manager] Manager acquired its lock file /tmp/3103cf7e-dfe7-4e69-84ec-c00f895ade1d/codeium/manager/locks/manager.lock
I0213 14:51:26.039423 11011 main.go:264] [Language Server Manager] Waiting for random port file in /tmp/3103cf7e-dfe7-4e69-84ec-c00f895ade1d/codeium/manager/child_random_port_1739447486039078506_6289806354252303765 to be created
2025/02/13 14:51:26 maxprocs: Leaving GOMAXPROCS=8: CPU quota undefined
I0213 14:51:26.163166 11024 main.go:572] Setting GOMAXPROCS to 4
I0213 14:51:26.163308 11024 main.go:785] Starting language server process with pid 11024
I0213 14:51:26.163345 11024 server.go:221] Language server will attempt to listen on host 127.0.0.1
I0213 14:51:26.163473 11024 server.go:228] Language server listening on random port at 46213
I0213 14:51:26.639759 11024 unleash.go:92] Initializing Unleash
I0213 14:51:27.165209 11024 unleash.go:112] Successfully initialized Unleash
I0213 14:51:27.165586 11024 server.go:306] Extension server port not specified; skipping extension server client creation
I0213 14:51:27.185387 11024 web_server.go:258] Chat Web Server listening at ws://127.0.0.1:32973
I0213 14:51:27.195515 11024 server.go:559] Successfully created API server client
I0213 14:51:27.224814 11024 server.go:577] Successfully initialized tokenizer
I0213 14:51:27.279978 11024 server.go:761] Local search is enabled, will index local files.
I0213 14:51:27.279994 11024 server.go:765] Using 2 indexer workers
I0213 14:51:27.315825 11024 server.go:854] Successfully created completion provider
I0213 14:51:27.315856 11024 server.go:905] Child process attempting to acquire lock file /tmp/3103cf7e-dfe7-4e69-84ec-c00f895ade1d/codeium/manager/locks/child_lock_1739447486039109311_2861462362819697512
I0213 14:51:27.315932 11024 server.go:913] Child process acquired lock file /tmp/3103cf7e-dfe7-4e69-84ec-c00f895ade1d/codeium/manager/locks/child_lock_1739447486039109311_2861462362819697512
I0213 14:51:27.321478 11024 server.go:365] LSP listening on random port at 34273
34273
I0213 14:51:27.344923 11011 main.go:300] [Language Server Manager] Found random server port 46213
I0213 14:51:27.344960 11011 main.go:301] [Language Server Manager] Found random lsp port 34273
I0213 14:51:27.344974 11011 main.go:308] [Language Server Manager] Attempting to connect to language server at 127.0.0.1:46213
I0213 14:51:27.357357 11011 main.go:177] [Language Server Manager] Fixing language server port at 46213
I0213 14:51:27.357371 11011 main.go:360] [Language Server Manager] Successfully connected to new language server at 127.0.0.1:46213
(VSCode) 2025-02-13 14:51:27.426 [INFO]: Found language server running on port 46213
(VSCode) 2025-02-13 14:51:27.790 [INFO]: openAllTextDocuments took 4.687423000000308ms
(VSCode) 2025-02-13 14:58:16.837 [INFO]: Disposing language server process
(VSCode) 2025-02-13 14:58:16.838 [INFO]: Deleting manager directory: /tmp/3103cf7e-dfe7-4e69-84ec-c00f895ade1d/codeium/manager
(VSCode) 2025-02-13 14:58:16.839 [INFO]: Successfully disposed language server
W0213 14:58:16.838173 11011 main.go:127] [Language Server Manager] Got signal terminated, shutting down
