2025-02-14 11:42:29.332 [info] [main] Log level: Info
2025-02-14 11:42:29.332 [info] [main] Validating found git in: "git"
2025-02-14 11:42:29.332 [info] [main] Using git "2.47.1" from "git"
2025-02-14 11:42:29.332 [info] [Model][doInitialScan] Initial repository scan started
2025-02-14 11:42:29.332 [info] > git rev-parse --show-toplevel [33ms]
2025-02-14 11:42:29.332 [info] > git rev-parse --git-dir --git-common-dir [2ms]
2025-02-14 11:42:29.332 [info] [Model][openRepository] Opened repository: /home/pasha/coding/my/mem-card
2025-02-14 11:42:29.335 [info] > git rev-parse --show-toplevel [16ms]
2025-02-14 11:42:29.335 [info] > git config --get commit.template [23ms]
2025-02-14 11:42:29.352 [info] > git rev-parse --show-toplevel [9ms]
2025-02-14 11:42:29.362 [info] > git for-each-ref --format=%(refname)%00%(upstream:short)%00%(objectname)%00%(upstream:track)%00%(upstream:remotename)%00%(upstream:remoteref) refs/heads/main refs/remotes/main [11ms]
2025-02-14 11:42:29.371 [warning] [Git][revParse] Unable to read file: ENOENT: no such file or directory, open '/home/pasha/coding/my/mem-card/.git/refs/remotes/origin/main'
2025-02-14 11:42:29.372 [info] > git rev-parse --show-toplevel [12ms]
2025-02-14 11:42:29.381 [info] > git rev-parse refs/remotes/origin/main [10ms]
2025-02-14 11:42:29.403 [info] > git status -z -uall [12ms]
2025-02-14 11:42:29.405 [info] > git rev-parse --show-toplevel [24ms]
2025-02-14 11:42:29.406 [info] [Model][doInitialScan] Initial repository scan completed - repositories (1), closed repositories (0), parent repositories (0), unsafe repositories (0)
2025-02-14 11:42:29.408 [info] > git for-each-ref --sort -committerdate --format %(refname) %(objectname) %(*objectname) [7ms]
2025-02-14 11:42:29.443 [info] > git for-each-ref --format=%(refname)%00%(upstream:short)%00%(objectname)%00%(upstream:track)%00%(upstream:remotename)%00%(upstream:remoteref) refs/heads/main refs/remotes/main [21ms]
2025-02-14 11:42:29.459 [info] > git config --local branch.main.vscode-merge-base [5ms]
2025-02-14 11:42:29.469 [info] > git config --get commit.template [31ms]
2025-02-14 11:42:29.476 [info] > git for-each-ref --format=%(refname)%00%(upstream:short)%00%(objectname)%00%(upstream:track)%00%(upstream:remotename)%00%(upstream:remoteref) refs/heads/origin/main refs/remotes/origin/main [8ms]
2025-02-14 11:42:30.258 [info] > git merge-base refs/heads/main refs/remotes/origin/main [768ms]
2025-02-14 11:42:30.372 [info] > git check-ignore -v -z --stdin [100ms]
2025-02-14 11:42:30.373 [info] > git diff --name-status -z --diff-filter=ADMR f3e522c09d4a336643caa18611b997a1627680a6...refs/remotes/origin/main [110ms]
2025-02-14 11:42:30.373 [info] > git for-each-ref --format=%(refname)%00%(upstream:short)%00%(objectname)%00%(upstream:track)%00%(upstream:remotename)%00%(upstream:remoteref) refs/heads/main refs/remotes/main [118ms]
2025-02-14 11:42:30.437 [warning] [Git][revParse] Unable to read file: ENOENT: no such file or directory, open '/home/pasha/coding/my/mem-card/.git/refs/remotes/origin/main'
2025-02-14 11:42:30.438 [info] > git show --textconv :scripts/main.js [49ms]
2025-02-14 11:42:30.438 [info] > git show --textconv :index.html [27ms]
2025-02-14 11:42:30.438 [info] > git ls-files --stage -- /home/pasha/coding/my/mem-card/index.html [14ms]
2025-02-14 11:42:30.451 [info] > git ls-files --stage -- /home/pasha/coding/my/mem-card/scripts/main.js [52ms]
2025-02-14 11:42:30.545 [info] > git cat-file -s a8e06bcb729e3a58144ba7927882527d6d314000 [85ms]
2025-02-14 11:42:30.547 [info] > git cat-file -s 1984334e927f77c9cb4ee28b56702f106c5d8fc2 [96ms]
2025-02-14 11:42:30.547 [info] > git rev-parse refs/remotes/origin/main [110ms]
2025-02-14 11:42:30.607 [info] > git status -z -uall [49ms]
2025-02-14 11:42:30.607 [info] > git for-each-ref --sort -committerdate --format %(refname) %(objectname) %(*objectname) [42ms]
2025-02-14 11:42:30.640 [info] > git blame --root --incremental f3e522c09d4a336643caa18611b997a1627680a6 -- /home/pasha/coding/my/mem-card/index.html [15ms]
2025-02-14 11:43:05.700 [info] > git show --textconv :styles/main.css [12ms]
2025-02-14 11:43:05.701 [info] > git ls-files --stage -- /home/pasha/coding/my/mem-card/styles/main.css [2ms]
2025-02-14 11:43:05.712 [info] > git cat-file -s fadf71ab380a6524d53be0d4f595759cf3a6dc11 [1ms]
2025-02-14 11:43:05.730 [info] > git blame --root --incremental f3e522c09d4a336643caa18611b997a1627680a6 -- /home/pasha/coding/my/mem-card/styles/main.css [1ms]
2025-02-14 11:43:24.713 [info] > git config --get commit.template [1ms]
2025-02-14 11:43:24.727 [info] > git for-each-ref --format=%(refname)%00%(upstream:short)%00%(objectname)%00%(upstream:track)%00%(upstream:remotename)%00%(upstream:remoteref) refs/heads/main refs/remotes/main [4ms]
2025-02-14 11:43:24.736 [warning] [Git][revParse] Unable to read file: ENOENT: no such file or directory, open '/home/pasha/coding/my/mem-card/.git/refs/remotes/origin/main'
2025-02-14 11:43:24.738 [info] > git rev-parse refs/remotes/origin/main [2ms]
2025-02-14 11:43:24.757 [info] > git status -z -uall [9ms]
2025-02-14 11:43:24.757 [info] > git for-each-ref --sort -committerdate --format %(refname) %(objectname) %(*objectname) [2ms]
2025-02-14 11:43:36.829 [info] > git config --get commit.template [8ms]
2025-02-14 11:43:36.829 [info] > git for-each-ref --format=%(refname)%00%(upstream:short)%00%(objectname)%00%(upstream:track)%00%(upstream:remotename)%00%(upstream:remoteref) refs/heads/main refs/remotes/main [1ms]
2025-02-14 11:43:36.837 [warning] [Git][revParse] Unable to read file: ENOENT: no such file or directory, open '/home/pasha/coding/my/mem-card/.git/refs/remotes/origin/main'
2025-02-14 11:43:36.838 [info] > git rev-parse refs/remotes/origin/main [1ms]
2025-02-14 11:43:36.853 [info] > git status -z -uall [9ms]
2025-02-14 11:43:36.853 [info] > git for-each-ref --sort -committerdate --format %(refname) %(objectname) %(*objectname) [1ms]
2025-02-14 11:43:39.162 [info] > git show --textconv :index.html [12ms]
2025-02-14 11:43:39.163 [info] > git ls-files --stage -- /home/pasha/coding/my/mem-card/index.html [2ms]
2025-02-14 11:43:39.172 [info] > git cat-file -s 1984334e927f77c9cb4ee28b56702f106c5d8fc2 [1ms]
2025-02-14 11:43:52.848 [info] > git config --get commit.template [2ms]
2025-02-14 11:43:52.860 [info] > git for-each-ref --format=%(refname)%00%(upstream:short)%00%(objectname)%00%(upstream:track)%00%(upstream:remotename)%00%(upstream:remoteref) refs/heads/main refs/remotes/main [3ms]
2025-02-14 11:43:52.869 [warning] [Git][revParse] Unable to read file: ENOENT: no such file or directory, open '/home/pasha/coding/my/mem-card/.git/refs/remotes/origin/main'
2025-02-14 11:43:52.872 [info] > git rev-parse refs/remotes/origin/main [3ms]
2025-02-14 11:43:52.888 [info] > git status -z -uall [9ms]
2025-02-14 11:43:52.889 [info] > git for-each-ref --sort -committerdate --format %(refname) %(objectname) %(*objectname) [2ms]
2025-02-14 11:44:02.338 [info] > git blame --root --incremental f3e522c09d4a336643caa18611b997a1627680a6 -- /home/pasha/coding/my/mem-card/scripts/main.js [8ms]
2025-02-14 11:44:22.162 [info] > git config --get commit.template [2ms]
2025-02-14 11:44:22.176 [info] > git for-each-ref --format=%(refname)%00%(upstream:short)%00%(objectname)%00%(upstream:track)%00%(upstream:remotename)%00%(upstream:remoteref) refs/heads/main refs/remotes/main [4ms]
2025-02-14 11:44:22.185 [warning] [Git][revParse] Unable to read file: ENOENT: no such file or directory, open '/home/pasha/coding/my/mem-card/.git/refs/remotes/origin/main'
2025-02-14 11:44:22.186 [info] > git rev-parse refs/remotes/origin/main [2ms]
2025-02-14 11:44:22.206 [info] > git status -z -uall [13ms]
2025-02-14 11:44:22.206 [info] > git for-each-ref --sort -committerdate --format %(refname) %(objectname) %(*objectname) [4ms]
2025-02-14 11:44:25.931 [info] > git show --textconv :scripts/main.js [18ms]
2025-02-14 11:44:25.933 [info] > git ls-files --stage -- /home/pasha/coding/my/mem-card/scripts/main.js [4ms]
2025-02-14 11:44:25.943 [info] > git cat-file -s a8e06bcb729e3a58144ba7927882527d6d314000 [1ms]
2025-02-14 11:44:28.722 [info] > git show --textconv :styles/main.css [11ms]
2025-02-14 11:44:28.724 [info] > git ls-files --stage -- /home/pasha/coding/my/mem-card/styles/main.css [2ms]
2025-02-14 11:44:28.733 [info] > git cat-file -s fadf71ab380a6524d53be0d4f595759cf3a6dc11 [1ms]
2025-02-14 11:45:22.060 [info] > git show --textconv :styles/style.css [9ms]
2025-02-14 11:45:22.061 [info] > git ls-files --stage -- /home/pasha/coding/my/mem-card/styles/style.css [1ms]
2025-02-14 11:45:22.071 [info] > git cat-file -s 5b7ffeeb8be3132c838a97ef19198139ad77a0b1 [2ms]
2025-02-14 11:45:23.980 [info] > git blame --root --incremental f3e522c09d4a336643caa18611b997a1627680a6 -- /home/pasha/coding/my/mem-card/styles/style.css [4ms]
2025-02-14 11:45:44.460 [info] > git config --get commit.template [5ms]
2025-02-14 11:45:44.471 [info] > git for-each-ref --format=%(refname)%00%(upstream:short)%00%(objectname)%00%(upstream:track)%00%(upstream:remotename)%00%(upstream:remoteref) refs/heads/main refs/remotes/main [3ms]
2025-02-14 11:45:44.480 [warning] [Git][revParse] Unable to read file: ENOENT: no such file or directory, open '/home/pasha/coding/my/mem-card/.git/refs/remotes/origin/main'
2025-02-14 11:45:44.480 [info] > git rev-parse refs/remotes/origin/main [1ms]
2025-02-14 11:45:44.500 [info] > git status -z -uall [11ms]
2025-02-14 11:45:44.500 [info] > git for-each-ref --sort -committerdate --format %(refname) %(objectname) %(*objectname) [3ms]
2025-02-14 11:45:49.550 [info] > git config --get commit.template [24ms]
2025-02-14 11:45:49.559 [info] > git for-each-ref --format=%(refname)%00%(upstream:short)%00%(objectname)%00%(upstream:track)%00%(upstream:remotename)%00%(upstream:remoteref) refs/heads/main refs/remotes/main [12ms]
2025-02-14 11:45:49.575 [warning] [Git][revParse] Unable to read file: ENOENT: no such file or directory, open '/home/pasha/coding/my/mem-card/.git/refs/remotes/origin/main'
2025-02-14 11:45:49.578 [info] > git rev-parse refs/remotes/origin/main [3ms]
2025-02-14 11:45:49.594 [info] > git status -z -uall [8ms]
2025-02-14 11:45:49.594 [info] > git for-each-ref --sort -committerdate --format %(refname) %(objectname) %(*objectname) [1ms]
2025-02-14 11:45:59.593 [info] > git config --get commit.template [2ms]
2025-02-14 11:45:59.608 [info] > git for-each-ref --format=%(refname)%00%(upstream:short)%00%(objectname)%00%(upstream:track)%00%(upstream:remotename)%00%(upstream:remoteref) refs/heads/main refs/remotes/main [2ms]
2025-02-14 11:45:59.618 [warning] [Git][revParse] Unable to read file: ENOENT: no such file or directory, open '/home/pasha/coding/my/mem-card/.git/refs/remotes/origin/main'
2025-02-14 11:45:59.620 [info] > git rev-parse refs/remotes/origin/main [2ms]
2025-02-14 11:45:59.640 [info] > git status -z -uall [10ms]
2025-02-14 11:45:59.642 [info] > git for-each-ref --sort -committerdate --format %(refname) %(objectname) %(*objectname) [3ms]
2025-02-14 11:46:09.940 [info] > git config --get commit.template [2ms]
2025-02-14 11:46:09.957 [info] > git for-each-ref --format=%(refname)%00%(upstream:short)%00%(objectname)%00%(upstream:track)%00%(upstream:remotename)%00%(upstream:remoteref) refs/heads/main refs/remotes/main [5ms]
2025-02-14 11:46:09.966 [warning] [Git][revParse] Unable to read file: ENOENT: no such file or directory, open '/home/pasha/coding/my/mem-card/.git/refs/remotes/origin/main'
2025-02-14 11:46:09.967 [info] > git rev-parse refs/remotes/origin/main [1ms]
2025-02-14 11:46:09.986 [info] > git status -z -uall [11ms]
2025-02-14 11:46:09.986 [info] > git for-each-ref --sort -committerdate --format %(refname) %(objectname) %(*objectname) [2ms]
2025-02-14 11:46:12.950 [info] > git config --get commit.template [6ms]
2025-02-14 11:46:12.951 [info] > git for-each-ref --format=%(refname)%00%(upstream:short)%00%(objectname)%00%(upstream:track)%00%(upstream:remotename)%00%(upstream:remoteref) refs/heads/main refs/remotes/main [1ms]
2025-02-14 11:46:12.957 [warning] [Git][revParse] Unable to read file: ENOENT: no such file or directory, open '/home/pasha/coding/my/mem-card/.git/refs/remotes/origin/main'
2025-02-14 11:46:12.958 [info] > git rev-parse refs/remotes/origin/main [1ms]
2025-02-14 11:46:12.971 [info] > git status -z -uall [8ms]
2025-02-14 11:46:12.972 [info] > git for-each-ref --sort -committerdate --format %(refname) %(objectname) %(*objectname) [2ms]
2025-02-14 11:46:13.321 [info] > git show --textconv HEAD:scripts/main.js [9ms]
2025-02-14 11:46:13.322 [info] > git ls-tree -l HEAD -- /home/pasha/coding/my/mem-card/scripts/main.js [1ms]
2025-02-14 11:46:14.118 [info] > git ls-files --stage -- /home/pasha/coding/my/mem-card/styles/style.css [12ms]
2025-02-14 11:46:14.126 [info] > git ls-files --stage -- /home/pasha/coding/my/mem-card/scripts/main.js [43ms]
2025-02-14 11:46:14.135 [info] > git cat-file -s 9d6339665c4bf302cf6ddc34cc4e4ef461f03c79 [2ms]
2025-02-14 11:46:14.135 [info] > git cat-file -s 5b7ffeeb8be3132c838a97ef19198139ad77a0b1 [9ms]
2025-02-14 11:46:14.135 [info] > git ls-tree -l HEAD -- /home/pasha/coding/my/mem-card/scripts/main.js [18ms]
2025-02-14 11:46:14.151 [info] > git show --textconv :scripts/main.js [8ms]
2025-02-14 11:46:14.158 [info] > git show --textconv :styles/style.css [8ms]
2025-02-14 11:46:14.159 [info] > git show --textconv HEAD:scripts/main.js [1ms]
2025-02-14 11:46:23.559 [info] > git config --get commit.template [3ms]
2025-02-14 11:46:23.569 [info] > git for-each-ref --format=%(refname)%00%(upstream:short)%00%(objectname)%00%(upstream:track)%00%(upstream:remotename)%00%(upstream:remoteref) refs/heads/main refs/remotes/main [2ms]
2025-02-14 11:46:23.577 [warning] [Git][revParse] Unable to read file: ENOENT: no such file or directory, open '/home/pasha/coding/my/mem-card/.git/refs/remotes/origin/main'
2025-02-14 11:46:23.578 [info] > git rev-parse refs/remotes/origin/main [1ms]
2025-02-14 11:46:23.594 [info] > git status -z -uall [9ms]
2025-02-14 11:46:23.595 [info] > git for-each-ref --sort -committerdate --format %(refname) %(objectname) %(*objectname) [1ms]
2025-02-14 11:46:23.618 [info] > git blame --root --incremental cea2ffcbeec53173b9aad3c50346f2c5681e127b -- /home/pasha/coding/my/mem-card/styles/style.css [10ms]
2025-02-14 11:46:23.619 [info] > git merge-base refs/heads/main refs/remotes/origin/main [2ms]
2025-02-14 11:46:23.627 [info] > git diff --name-status -z --diff-filter=ADMR f3e522c09d4a336643caa18611b997a1627680a6...refs/remotes/origin/main [1ms]
2025-02-14 11:46:24.728 [info] > git ls-files --stage -- /home/pasha/coding/my/mem-card/scripts/main.js [25ms]
2025-02-14 11:46:24.751 [info] > git ls-files --stage -- /home/pasha/coding/my/mem-card/styles/style.css [24ms]
2025-02-14 11:46:24.770 [info] > git cat-file -s 9d6339665c4bf302cf6ddc34cc4e4ef461f03c79 [22ms]
2025-02-14 11:46:24.772 [info] > git cat-file -s 5b7ffeeb8be3132c838a97ef19198139ad77a0b1 [4ms]
2025-02-14 11:46:24.795 [info] > git show --textconv :scripts/main.js [10ms]
2025-02-14 11:46:24.796 [info] > git show --textconv :styles/style.css [1ms]
2025-02-14 11:46:27.039 [info] > git config --get commit.template [9ms]
2025-02-14 11:46:27.040 [info] > git for-each-ref --format=%(refname)%00%(upstream:short)%00%(objectname)%00%(upstream:track)%00%(upstream:remotename)%00%(upstream:remoteref) refs/heads/main refs/remotes/main [1ms]
2025-02-14 11:46:27.058 [info] > git status -z -uall [11ms]
2025-02-14 11:46:27.058 [info] > git for-each-ref --sort -committerdate --format %(refname) %(objectname) %(*objectname) [2ms]
2025-02-14 11:46:27.072 [info] > git merge-base refs/heads/main refs/remotes/origin/main [3ms]
2025-02-14 11:46:27.079 [info] > git diff --name-status -z --diff-filter=ADMR cea2ffcbeec53173b9aad3c50346f2c5681e127b...refs/remotes/origin/main [1ms]
2025-02-14 11:46:50.176 [info] > git config --get commit.template [2ms]
2025-02-14 11:46:50.202 [info] > git ls-files --stage -- /home/pasha/coding/my/mem-card/scripts/main.js [17ms]
2025-02-14 11:46:50.223 [info] > git cat-file -s 9d6339665c4bf302cf6ddc34cc4e4ef461f03c79 [12ms]
2025-02-14 11:46:50.224 [info] > git ls-files --stage -- /home/pasha/coding/my/mem-card/styles/style.css [25ms]
2025-02-14 11:46:50.236 [info] > git cat-file -s 5b7ffeeb8be3132c838a97ef19198139ad77a0b1 [4ms]
2025-02-14 11:46:50.236 [info] > git for-each-ref --format=%(refname)%00%(upstream:short)%00%(objectname)%00%(upstream:track)%00%(upstream:remotename)%00%(upstream:remoteref) refs/heads/main refs/remotes/main [14ms]
2025-02-14 11:46:50.260 [info] > git show --textconv :scripts/main.js [11ms]
2025-02-14 11:46:50.260 [info] > git show --textconv :styles/style.css [2ms]
2025-02-14 11:46:50.277 [info] > git status -z -uall [8ms]
2025-02-14 11:46:50.278 [info] > git for-each-ref --sort -committerdate --format %(refname) %(objectname) %(*objectname) [1ms]
