2025-02-14 11:47:17.437 [info] [main] Log level: Info
2025-02-14 11:47:17.437 [info] [main] Validating found git in: "git"
2025-02-14 11:47:17.437 [info] [main] Using git "2.47.1" from "git"
2025-02-14 11:47:17.437 [info] [Model][doInitialScan] Initial repository scan started
2025-02-14 11:47:17.437 [info] > git rev-parse --show-toplevel [15ms]
2025-02-14 11:47:17.437 [info] > git rev-parse --git-dir --git-common-dir [3ms]
2025-02-14 11:47:17.437 [info] [Model][openRepository] Opened repository: /home/pasha/coding/my/registration-window
2025-02-14 11:47:17.437 [info] > git rev-parse --show-toplevel [2ms]
2025-02-14 11:47:17.437 [info] > git config --get commit.template [10ms]
2025-02-14 11:47:17.438 [info] > git for-each-ref --format=%(refname)%00%(upstream:short)%00%(objectname)%00%(upstream:track)%00%(upstream:remotename)%00%(upstream:remoteref) refs/heads/main refs/remotes/main [9ms]
2025-02-14 11:47:17.439 [info] > git rev-parse --show-toplevel [18ms]
2025-02-14 11:47:18.375 [info] > git rev-parse --show-toplevel [119ms]
2025-02-14 11:47:18.419 [info] > git status -z -uall [11ms]
2025-02-14 11:47:18.419 [info] > git rev-parse --show-toplevel [25ms]
2025-02-14 11:47:18.436 [info] > git for-each-ref --sort -committerdate --format %(refname) %(objectname) %(*objectname) [18ms]
2025-02-14 11:47:18.559 [info] > git for-each-ref --format=%(refname)%00%(upstream:short)%00%(objectname)%00%(upstream:track)%00%(upstream:remotename)%00%(upstream:remoteref) refs/heads/main refs/remotes/main [107ms]
2025-02-14 11:47:18.571 [info] > git rev-parse --show-toplevel [138ms]
2025-02-14 11:47:18.599 [info] > git config --local branch.main.vscode-merge-base [29ms]
2025-02-14 11:47:18.613 [info] > git config --get commit.template [62ms]
2025-02-14 11:47:18.617 [info] > git rev-parse --show-toplevel [20ms]
2025-02-14 11:47:18.617 [info] [Model][doInitialScan] Initial repository scan completed - repositories (1), closed repositories (0), parent repositories (0), unsafe repositories (0)
2025-02-14 11:47:18.678 [info] > git show --textconv :scripts/main.js [44ms]
2025-02-14 11:47:18.679 [info] > git show --textconv :scripts/to-do.js [26ms]
2025-02-14 11:47:18.680 [info] > git ls-files --stage -- /home/pasha/coding/my/registration-window/scripts/main.js [37ms]
2025-02-14 11:47:18.691 [info] > git for-each-ref --format=%(refname)%00%(upstream:short)%00%(objectname)%00%(upstream:track)%00%(upstream:remotename)%00%(upstream:remoteref) refs/heads/origin/main refs/remotes/origin/main [78ms]
2025-02-14 11:47:18.771 [info] > git merge-base refs/heads/main refs/remotes/origin/main [72ms]
2025-02-14 11:47:18.780 [info] > git cat-file -s 09a652809eaa0ae54f79ace80ddb08af69ddebf5 [91ms]
2025-02-14 11:47:18.780 [info] > git for-each-ref --format=%(refname)%00%(upstream:short)%00%(objectname)%00%(upstream:track)%00%(upstream:remotename)%00%(upstream:remoteref) refs/heads/main refs/remotes/main [105ms]
2025-02-14 11:47:18.781 [info] > git ls-files --stage -- /home/pasha/coding/my/registration-window/scripts/to-do.js [117ms]
2025-02-14 11:47:18.819 [info] > git check-ignore -v -z --stdin [20ms]
2025-02-14 11:47:18.820 [info] > git cat-file -s 4d02dc221feeb091ded5802b4ee80a2c0ae26b35 [30ms]
2025-02-14 11:47:18.820 [info] > git diff --name-status -z --diff-filter=ADMR 51ab73e5020f05e9dbd5f43d054533496a6d41f6...refs/remotes/origin/main [40ms]
2025-02-14 11:47:18.863 [info] > git status -z -uall [11ms]
2025-02-14 11:47:18.864 [info] > git blame --root --incremental 51ab73e5020f05e9dbd5f43d054533496a6d41f6 -- /home/pasha/coding/my/registration-window/scripts/to-do.js [26ms]
2025-02-14 11:47:18.880 [info] > git for-each-ref --sort -committerdate --format %(refname) %(objectname) %(*objectname) [19ms]
2025-02-14 11:47:20.272 [info] > git show --textconv :index.html [11ms]
2025-02-14 11:47:20.274 [info] > git ls-files --stage -- /home/pasha/coding/my/registration-window/index.html [2ms]
2025-02-14 11:47:20.296 [info] > git cat-file -s 9447c66b86dfd219a91dd6d5f451b467ca62e6c8 [13ms]
2025-02-14 11:47:20.331 [info] > git blame --root --incremental 51ab73e5020f05e9dbd5f43d054533496a6d41f6 -- /home/pasha/coding/my/registration-window/index.html [3ms]
2025-02-14 11:47:32.444 [info] > git show --textconv :style/to-do.css [10ms]
2025-02-14 11:47:32.445 [info] > git ls-files --stage -- /home/pasha/coding/my/registration-window/style/to-do.css [2ms]
2025-02-14 11:47:32.454 [info] > git cat-file -s 6c1056205f01d46e903ef6d75c1f11fb3057d41a [0ms]
2025-02-14 11:47:32.470 [info] > git blame --root --incremental 51ab73e5020f05e9dbd5f43d054533496a6d41f6 -- /home/pasha/coding/my/registration-window/style/to-do.css [3ms]
2025-02-14 11:47:34.688 [info] > git show --textconv :style/main.css [9ms]
2025-02-14 11:47:34.689 [info] > git ls-files --stage -- /home/pasha/coding/my/registration-window/style/main.css [2ms]
2025-02-14 11:47:34.699 [info] > git cat-file -s c630eacd5164e9b38736cb91e34054c59c255289 [2ms]
2025-02-14 11:47:35.941 [info] > git show --textconv :style/style.css [9ms]
2025-02-14 11:47:35.942 [info] > git ls-files --stage -- /home/pasha/coding/my/registration-window/style/style.css [1ms]
2025-02-14 11:47:35.952 [info] > git cat-file -s 054a9e8952951d00d1583921eb406c860b0458c7 [2ms]
2025-02-14 11:47:39.131 [info] > git blame --root --incremental 51ab73e5020f05e9dbd5f43d054533496a6d41f6 -- /home/pasha/coding/my/registration-window/style/style.css [5ms]
2025-02-14 11:49:01.155 [info] > git config --get commit.template [2ms]
2025-02-14 11:49:01.174 [info] > git for-each-ref --format=%(refname)%00%(upstream:short)%00%(objectname)%00%(upstream:track)%00%(upstream:remotename)%00%(upstream:remoteref) refs/heads/main refs/remotes/main [3ms]
2025-02-14 11:49:01.197 [info] > git status -z -uall [11ms]
2025-02-14 11:49:01.199 [info] > git for-each-ref --sort -committerdate --format %(refname) %(objectname) %(*objectname) [3ms]
2025-02-14 11:52:05.000 [info] > git blame --root --incremental 51ab73e5020f05e9dbd5f43d054533496a6d41f6 -- /home/pasha/coding/my/registration-window/scripts/main.js [12ms]
2025-02-14 11:52:47.472 [info] > git for-each-ref --format=%(refname)%00%(upstream:short)%00%(objectname)%00%(upstream:track)%00%(upstream:remotename)%00%(upstream:remoteref) refs/heads/main refs/remotes/main [2ms]
2025-02-14 11:52:47.473 [info] > git config --get commit.template [13ms]
2025-02-14 11:52:47.497 [info] > git status -z -uall [11ms]
2025-02-14 11:52:47.502 [info] > git for-each-ref --sort -committerdate --format %(refname) %(objectname) %(*objectname) [6ms]
2025-02-14 11:53:04.321 [info] > git config --get commit.template [3ms]
2025-02-14 11:53:04.336 [info] > git for-each-ref --format=%(refname)%00%(upstream:short)%00%(objectname)%00%(upstream:track)%00%(upstream:remotename)%00%(upstream:remoteref) refs/heads/main refs/remotes/main [2ms]
2025-02-14 11:53:04.358 [info] > git status -z -uall [9ms]
2025-02-14 11:53:04.360 [info] > git for-each-ref --sort -committerdate --format %(refname) %(objectname) %(*objectname) [2ms]
2025-02-14 11:53:53.272 [info] > git config --get commit.template [4ms]
2025-02-14 11:53:53.293 [info] > git for-each-ref --format=%(refname)%00%(upstream:short)%00%(objectname)%00%(upstream:track)%00%(upstream:remotename)%00%(upstream:remoteref) refs/heads/main refs/remotes/main [2ms]
2025-02-14 11:53:53.320 [info] > git status -z -uall [15ms]
2025-02-14 11:53:53.320 [info] > git for-each-ref --sort -committerdate --format %(refname) %(objectname) %(*objectname) [4ms]
2025-02-14 11:54:20.762 [info] > git config --get commit.template [2ms]
2025-02-14 11:54:20.776 [info] > git for-each-ref --format=%(refname)%00%(upstream:short)%00%(objectname)%00%(upstream:track)%00%(upstream:remotename)%00%(upstream:remoteref) refs/heads/main refs/remotes/main [1ms]
2025-02-14 11:54:20.801 [info] > git status -z -uall [15ms]
2025-02-14 11:54:20.801 [info] > git for-each-ref --sort -committerdate --format %(refname) %(objectname) %(*objectname) [3ms]
2025-02-14 11:55:12.853 [info] > git config --get commit.template [12ms]
2025-02-14 11:55:12.855 [info] > git for-each-ref --format=%(refname)%00%(upstream:short)%00%(objectname)%00%(upstream:track)%00%(upstream:remotename)%00%(upstream:remoteref) refs/heads/main refs/remotes/main [4ms]
2025-02-14 11:55:12.878 [info] > git status -z -uall [11ms]
2025-02-14 11:55:12.880 [info] > git for-each-ref --sort -committerdate --format %(refname) %(objectname) %(*objectname) [3ms]
2025-02-14 11:55:23.129 [info] > git config --get commit.template [3ms]
2025-02-14 11:55:23.143 [info] > git for-each-ref --format=%(refname)%00%(upstream:short)%00%(objectname)%00%(upstream:track)%00%(upstream:remotename)%00%(upstream:remoteref) refs/heads/main refs/remotes/main [3ms]
2025-02-14 11:55:23.163 [info] > git status -z -uall [10ms]
2025-02-14 11:55:23.163 [info] > git for-each-ref --sort -committerdate --format %(refname) %(objectname) %(*objectname) [1ms]
2025-02-14 11:56:55.052 [info] > git config --get commit.template [8ms]
2025-02-14 11:56:55.052 [info] > git for-each-ref --format=%(refname)%00%(upstream:short)%00%(objectname)%00%(upstream:track)%00%(upstream:remotename)%00%(upstream:remoteref) refs/heads/main refs/remotes/main [1ms]
2025-02-14 11:56:55.069 [info] > git status -z -uall [9ms]
2025-02-14 11:56:55.069 [info] > git for-each-ref --sort -committerdate --format %(refname) %(objectname) %(*objectname) [2ms]
2025-02-14 11:57:21.433 [info] > git show --textconv :index.html [11ms]
2025-02-14 11:57:21.434 [info] > git ls-files --stage -- /home/pasha/coding/my/registration-window/index.html [1ms]
2025-02-14 11:57:21.444 [info] > git cat-file -s 9447c66b86dfd219a91dd6d5f451b467ca62e6c8 [1ms]
2025-02-14 11:57:38.173 [info] > git show --textconv :scripts/main.js [11ms]
2025-02-14 11:57:38.174 [info] > git ls-files --stage -- /home/pasha/coding/my/registration-window/scripts/main.js [2ms]
2025-02-14 11:57:38.184 [info] > git cat-file -s 09a652809eaa0ae54f79ace80ddb08af69ddebf5 [1ms]
2025-02-14 11:58:01.654 [info] > git config --get commit.template [3ms]
2025-02-14 11:58:01.668 [info] > git for-each-ref --format=%(refname)%00%(upstream:short)%00%(objectname)%00%(upstream:track)%00%(upstream:remotename)%00%(upstream:remoteref) refs/heads/main refs/remotes/main [3ms]
2025-02-14 11:58:01.687 [info] > git status -z -uall [9ms]
2025-02-14 11:58:01.689 [info] > git for-each-ref --sort -committerdate --format %(refname) %(objectname) %(*objectname) [2ms]
