(VSCode) 2025-02-14 09:42:58.666 [INFO]: No proxy settings found
(VSCode) 2025-02-14 09:43:03.669 [ERROR]: Failed to initialize Unleash: undefined
(VSCode) 2025-02-14 09:43:03.670 [INFO]: Checking network connection...
(VSCode) 2025-02-14 09:43:04.461 [INFO]: No Network Issue connecting to https://server.codeium.com/healthz
(VSCode) 2025-02-14 09:43:04.658 [INFO]: Creating manager directory: /tmp/c80cedbe-2166-46cf-a03a-f8936de3c311/codeium/manager
(VSCode) 2025-02-14 09:43:05.147 [INFO]: Using cached LS with valid crc32: /home/pasha/.vscode-oss/extensions/codeium.codeium-1.34.2-universal/dist/f967d079379dbf4f485c8ce9fce1d4fae1c70ede/language_server_linux_x64
(VSCode) 2025-02-14 09:43:05.156 [INFO]: Language server started
2025/02/14 09:43:05 maxprocs: Leaving GOMAXPROCS=8: CPU quota undefined
I0214 09:43:05.253036 28062 main.go:572] [Language Server Manager] Setting GOMAXPROCS to 8
I0214 09:43:05.253063 28062 main.go:791] [Language Server Manager] Starting language server manager with pid 28062
I0214 09:43:05.253150 28062 main.go:123] [Language Server Manager] Manager acquired its lock file /tmp/c80cedbe-2166-46cf-a03a-f8936de3c311/codeium/manager/locks/manager.lock
I0214 09:43:05.253493 28062 main.go:264] [Language Server Manager] Waiting for random port file in /tmp/c80cedbe-2166-46cf-a03a-f8936de3c311/codeium/manager/child_random_port_1739515385253214482_7646537590410793436 to be created
2025/02/14 09:43:05 maxprocs: Leaving GOMAXPROCS=8: CPU quota undefined
I0214 09:43:05.354428 28075 main.go:572] Setting GOMAXPROCS to 4
I0214 09:43:05.354493 28075 main.go:785] Starting language server process with pid 28075
I0214 09:43:05.354519 28075 server.go:221] Language server will attempt to listen on host 127.0.0.1
I0214 09:43:05.354607 28075 server.go:228] Language server listening on random port at 44775
I0214 09:43:05.882997 28075 unleash.go:92] Initializing Unleash
I0214 09:43:06.351801 28075 unleash.go:112] Successfully initialized Unleash
I0214 09:43:06.352463 28075 server.go:306] Extension server port not specified; skipping extension server client creation
I0214 09:43:06.388561 28075 web_server.go:258] Chat Web Server listening at ws://127.0.0.1:43643
I0214 09:43:06.406622 28075 server.go:559] Successfully created API server client
I0214 09:43:06.432356 28075 server.go:577] Successfully initialized tokenizer
I0214 09:43:06.495327 28075 server.go:761] Local search is enabled, will index local files.
I0214 09:43:06.495345 28075 server.go:765] Using 2 indexer workers
I0214 09:43:06.510147 28075 server.go:854] Successfully created completion provider
I0214 09:43:06.510202 28075 server.go:905] Child process attempting to acquire lock file /tmp/c80cedbe-2166-46cf-a03a-f8936de3c311/codeium/manager/locks/child_lock_1739515385253239800_5285436230993958235
I0214 09:43:06.510277 28075 server.go:913] Child process acquired lock file /tmp/c80cedbe-2166-46cf-a03a-f8936de3c311/codeium/manager/locks/child_lock_1739515385253239800_5285436230993958235
I0214 09:43:06.515938 28075 server.go:365] LSP listening on random port at 46685
46685
I0214 09:43:06.558292 28062 main.go:300] [Language Server Manager] Found random server port 44775
I0214 09:43:06.558319 28062 main.go:301] [Language Server Manager] Found random lsp port 46685
I0214 09:43:06.558331 28062 main.go:308] [Language Server Manager] Attempting to connect to language server at 127.0.0.1:44775
I0214 09:43:06.570040 28062 main.go:177] [Language Server Manager] Fixing language server port at 44775
I0214 09:43:06.570055 28062 main.go:360] [Language Server Manager] Successfully connected to new language server at 127.0.0.1:44775
(VSCode) 2025-02-14 09:43:06.668 [INFO]: Found language server running on port 44775
(VSCode) 2025-02-14 09:43:06.949 [INFO]: openAllTextDocuments took 7.027237000000241ms
(VSCode) 2025-02-14 09:43:21.178 [ERROR]: Illegal value for `line`
(VSCode) 2025-02-14 09:43:21.191 [ERROR]: Illegal value for `line`
(VSCode) 2025-02-14 09:43:21.250 [INFO]: Completion request succeeded (10.56ms)
(VSCode) 2025-02-14 09:43:21.250 [INFO]: Skipping completions because the prompt is too short
(VSCode) 2025-02-14 09:43:21.250 [INFO]: provideInlineCompletionItems request succeeded (12.14ms)
(VSCode) 2025-02-14 09:43:22.432 [INFO]: Completion request succeeded (922.25ms)
(VSCode) 2025-02-14 09:43:22.433 [INFO]: Generated 3 completions
(VSCode) 2025-02-14 09:43:22.434 [INFO]: provideInlineCompletionItems request succeeded (926.51ms)
(VSCode) 2025-02-14 09:43:28.156 [ERROR]: Illegal value for `line`
(VSCode) 2025-02-14 09:43:28.168 [ERROR]: Illegal value for `line`
(VSCode) 2025-02-14 09:43:28.228 [INFO]: Completion request succeeded (9.03ms)
(VSCode) 2025-02-14 09:43:28.229 [INFO]: Skipping completions because the prompt is too short
(VSCode) 2025-02-14 09:43:28.229 [INFO]: provideInlineCompletionItems request succeeded (11.34ms)
(VSCode) 2025-02-14 09:43:28.981 [INFO]: Completion request succeeded (3.69ms)
(VSCode) 2025-02-14 09:43:28.981 [INFO]: Skipping completions because the prompt is too short
(VSCode) 2025-02-14 09:43:28.981 [INFO]: provideInlineCompletionItems request succeeded (4.55ms)
(VSCode) 2025-02-14 09:43:29.825 [INFO]: Completion request succeeded (5.99ms)
(VSCode) 2025-02-14 09:43:29.826 [INFO]: Skipping completions because the prompt is too short
(VSCode) 2025-02-14 09:43:29.826 [INFO]: provideInlineCompletionItems request succeeded (7.53ms)
(VSCode) 2025-02-14 09:43:36.876 [ERROR]: Illegal value for `line`
(VSCode) 2025-02-14 09:43:36.879 [ERROR]: Illegal value for `line`
(VSCode) 2025-02-14 09:43:36.937 [INFO]: Completion request succeeded (5.24ms)
(VSCode) 2025-02-14 09:43:36.937 [INFO]: Skipping completions because the prompt is too short
(VSCode) 2025-02-14 09:43:36.937 [INFO]: provideInlineCompletionItems request succeeded (6.27ms)
(VSCode) 2025-02-14 09:45:41.661 [INFO]: Disposing language server process
(VSCode) 2025-02-14 09:45:41.661 [INFO]: Deleting manager directory: /tmp/c80cedbe-2166-46cf-a03a-f8936de3c311/codeium/manager
(VSCode) 2025-02-14 09:45:41.662 [INFO]: Successfully disposed language server
W0214 09:45:41.661693 28062 main.go:127] [Language Server Manager] Got signal terminated, shutting down
