2025-02-14 09:42:57.632 [info] Extension host with pid 27922 started
2025-02-14 09:42:57.632 [info] Skipping acquiring lock for /home/pasha/.config/Code - OSS/User/workspaceStorage/d6f446f5631c4a6a09b256cd0f78d068.
2025-02-14 09:42:57.657 [info] ExtensionService#_doActivateExtension vscode.git-base, startup: true, activationEvent: '*', root cause: vscode.git
2025-02-14 09:42:57.663 [info] ExtensionService#_doActivateExtension formulahendry.auto-close-tag, startup: true, activationEvent: '*'
2025-02-14 09:42:57.665 [info] ExtensionService#_doActivateExtension formulahendry.auto-rename-tag, startup: true, activationEvent: '*'
2025-02-14 09:42:57.706 [info] ExtensionService#_doActivateExtension redwan-hossain.auto-rename-tag-clone, startup: true, activationEvent: '*'
2025-02-14 09:42:57.772 [info] ExtensionService#_doActivateExtension vscode.git, startup: true, activationEvent: '*'
2025-02-14 09:42:57.879 [info] ExtensionService#_doActivateExtension vscode.github, startup: true, activationEvent: '*'
2025-02-14 09:42:58.016 [info] Eager extensions activated
2025-02-14 09:42:58.023 [info] ExtensionService#_doActivateExtension vscode.debug-auto-launch, startup: false, activationEvent: 'onStartupFinished'
2025-02-14 09:42:58.024 [info] ExtensionService#_doActivateExtension vscode.merge-conflict, startup: false, activationEvent: 'onStartupFinished'
2025-02-14 09:42:58.042 [info] ExtensionService#_doActivateExtension castrogusttavo.symbols, startup: false, activationEvent: 'onStartupFinished'
2025-02-14 09:42:58.048 [info] ExtensionService#_doActivateExtension Codeium.codeium, startup: false, activationEvent: 'onStartupFinished'
2025-02-14 09:42:58.533 [info] ExtensionService#_doActivateExtension esbenp.prettier-vscode, startup: false, activationEvent: 'onStartupFinished'
2025-02-14 09:42:58.599 [info] ExtensionService#_doActivateExtension ritwickdey.LiveServer, startup: false, activationEvent: 'onStartupFinished'
2025-02-14 09:42:58.603 [info] ExtensionService#_doActivateExtension vscode.emmet, startup: false, activationEvent: 'onLanguage'
2025-02-14 09:42:58.775 [info] ExtensionService#_doActivateExtension vscode.configuration-editing, startup: false, activationEvent: 'onLanguage:jsonc'
2025-02-14 09:42:58.786 [info] ExtensionService#_doActivateExtension vscode.json-language-features, startup: false, activationEvent: 'onLanguage:jsonc'
2025-02-14 09:42:58.838 [info] ExtensionService#_doActivateExtension vscode.typescript-language-features, startup: false, activationEvent: 'onLanguage:jsonc'
2025-02-14 09:42:59.029 [info] ExtensionService#_doActivateExtension vscode.html-language-features, startup: false, activationEvent: 'onLanguage:html'
2025-02-14 09:42:59.106 [info] ExtensionService#_doActivateExtension vscode.github-authentication, startup: false, activationEvent: 'onAuthenticationRequest:github'
2025-02-14 09:43:11.475 [info] ExtensionService#_doActivateExtension vscode.css-language-features, startup: false, activationEvent: 'onLanguage:css'
2025-02-14 09:43:22.184 [error] Error: Illegal value for `line`
    at _M.t (file:///usr/lib/code/out/vs/workbench/api/node/extensionHostProcess.js:122:1005)
    at Object.lineAt (file:///usr/lib/code/out/vs/workbench/api/node/extensionHostProcess.js:122:72)
    at e.getCommandEditHints (/home/pasha/.vscode-oss/extensions/codeium.codeium-1.34.2-universal/dist/extension.js:2:1863611)
    at e.getNonCachedDocumentResults (/home/pasha/.vscode-oss/extensions/codeium.codeium-1.34.2-universal/dist/extension.js:2:1865290)
    at e.<anonymous> (/home/pasha/.vscode-oss/extensions/codeium.codeium-1.34.2-universal/dist/extension.js:2:1866355)
    at d (/home/pasha/.vscode-oss/extensions/codeium.codeium-1.34.2-universal/dist/extension.js:2:1851578)
    at Generator.<anonymous> (/home/pasha/.vscode-oss/extensions/codeium.codeium-1.34.2-universal/dist/extension.js:2:1852920)
    at Generator.next (/home/pasha/.vscode-oss/extensions/codeium.codeium-1.34.2-universal/dist/extension.js:2:1852007)
    at a (/home/pasha/.vscode-oss/extensions/codeium.codeium-1.34.2-universal/dist/extension.js:2:1858134)
    at s (/home/pasha/.vscode-oss/extensions/codeium.codeium-1.34.2-universal/dist/extension.js:2:1858337)
    at /home/pasha/.vscode-oss/extensions/codeium.codeium-1.34.2-universal/dist/extension.js:2:1858396
    at new Promise (<anonymous>)
    at e.<anonymous> (/home/pasha/.vscode-oss/extensions/codeium.codeium-1.34.2-universal/dist/extension.js:2:1858277)
    at e.<anonymous> (/home/pasha/.vscode-oss/extensions/codeium.codeium-1.34.2-universal/dist/extension.js:2:1866929)
    at e.<anonymous> (/home/pasha/.vscode-oss/extensions/codeium.codeium-1.34.2-universal/dist/extension.js:2:1809564)
    at d (/home/pasha/.vscode-oss/extensions/codeium.codeium-1.34.2-universal/dist/extension.js:2:1796896)
    at Generator.<anonymous> (/home/pasha/.vscode-oss/extensions/codeium.codeium-1.34.2-universal/dist/extension.js:2:1798238)
    at Generator.next (/home/pasha/.vscode-oss/extensions/codeium.codeium-1.34.2-universal/dist/extension.js:2:1797325)
    at s (/home/pasha/.vscode-oss/extensions/codeium.codeium-1.34.2-universal/dist/extension.js:2:1803812)
    at a (/home/pasha/.vscode-oss/extensions/codeium.codeium-1.34.2-universal/dist/extension.js:2:1804015)
    at /home/pasha/.vscode-oss/extensions/codeium.codeium-1.34.2-universal/dist/extension.js:2:1804074
    at new Promise (<anonymous>)
    at e.<anonymous> (/home/pasha/.vscode-oss/extensions/codeium.codeium-1.34.2-universal/dist/extension.js:2:1803955)
    at e.<anonymous> (/home/pasha/.vscode-oss/extensions/codeium.codeium-1.34.2-universal/dist/extension.js:2:1810187)
    at e.<anonymous> (/home/pasha/.vscode-oss/extensions/codeium.codeium-1.34.2-universal/dist/extension.js:2:1808756)
    at d (/home/pasha/.vscode-oss/extensions/codeium.codeium-1.34.2-universal/dist/extension.js:2:1796896)
    at Generator.<anonymous> (/home/pasha/.vscode-oss/extensions/codeium.codeium-1.34.2-universal/dist/extension.js:2:1798238)
    at Generator.next (/home/pasha/.vscode-oss/extensions/codeium.codeium-1.34.2-universal/dist/extension.js:2:1797325)
    at s (/home/pasha/.vscode-oss/extensions/codeium.codeium-1.34.2-universal/dist/extension.js:2:1803812)
    at a (/home/pasha/.vscode-oss/extensions/codeium.codeium-1.34.2-universal/dist/extension.js:2:1804015)
    at /home/pasha/.vscode-oss/extensions/codeium.codeium-1.34.2-universal/dist/extension.js:2:1804074
    at new Promise (<anonymous>)
    at e.<anonymous> (/home/pasha/.vscode-oss/extensions/codeium.codeium-1.34.2-universal/dist/extension.js:2:1803955)
    at e.<anonymous> (/home/pasha/.vscode-oss/extensions/codeium.codeium-1.34.2-universal/dist/extension.js:2:1808999)
    at Immediate.<anonymous> (/home/pasha/.vscode-oss/extensions/codeium.codeium-1.34.2-universal/dist/extension.js:2:1806417)
    at processImmediate (node:internal/timers:483:21)
2025-02-14 09:43:22.195 [error] Error: Illegal value for `line`
    at _M.t (file:///usr/lib/code/out/vs/workbench/api/node/extensionHostProcess.js:122:1005)
    at Object.lineAt (file:///usr/lib/code/out/vs/workbench/api/node/extensionHostProcess.js:122:72)
    at e.getCommandEditHints (/home/pasha/.vscode-oss/extensions/codeium.codeium-1.34.2-universal/dist/extension.js:2:1863611)
    at e.getNonCachedDocumentResults (/home/pasha/.vscode-oss/extensions/codeium.codeium-1.34.2-universal/dist/extension.js:2:1865290)
    at e.<anonymous> (/home/pasha/.vscode-oss/extensions/codeium.codeium-1.34.2-universal/dist/extension.js:2:1866355)
    at d (/home/pasha/.vscode-oss/extensions/codeium.codeium-1.34.2-universal/dist/extension.js:2:1851578)
    at Generator.<anonymous> (/home/pasha/.vscode-oss/extensions/codeium.codeium-1.34.2-universal/dist/extension.js:2:1852920)
    at Generator.next (/home/pasha/.vscode-oss/extensions/codeium.codeium-1.34.2-universal/dist/extension.js:2:1852007)
    at a (/home/pasha/.vscode-oss/extensions/codeium.codeium-1.34.2-universal/dist/extension.js:2:1858134)
    at s (/home/pasha/.vscode-oss/extensions/codeium.codeium-1.34.2-universal/dist/extension.js:2:1858337)
    at /home/pasha/.vscode-oss/extensions/codeium.codeium-1.34.2-universal/dist/extension.js:2:1858396
    at new Promise (<anonymous>)
    at e.<anonymous> (/home/pasha/.vscode-oss/extensions/codeium.codeium-1.34.2-universal/dist/extension.js:2:1858277)
    at e.<anonymous> (/home/pasha/.vscode-oss/extensions/codeium.codeium-1.34.2-universal/dist/extension.js:2:1866929)
    at e.<anonymous> (/home/pasha/.vscode-oss/extensions/codeium.codeium-1.34.2-universal/dist/extension.js:2:1809564)
    at d (/home/pasha/.vscode-oss/extensions/codeium.codeium-1.34.2-universal/dist/extension.js:2:1796896)
    at Generator.<anonymous> (/home/pasha/.vscode-oss/extensions/codeium.codeium-1.34.2-universal/dist/extension.js:2:1798238)
    at Generator.next (/home/pasha/.vscode-oss/extensions/codeium.codeium-1.34.2-universal/dist/extension.js:2:1797325)
    at s (/home/pasha/.vscode-oss/extensions/codeium.codeium-1.34.2-universal/dist/extension.js:2:1803812)
    at a (/home/pasha/.vscode-oss/extensions/codeium.codeium-1.34.2-universal/dist/extension.js:2:1804015)
    at /home/pasha/.vscode-oss/extensions/codeium.codeium-1.34.2-universal/dist/extension.js:2:1804074
    at new Promise (<anonymous>)
    at e.<anonymous> (/home/pasha/.vscode-oss/extensions/codeium.codeium-1.34.2-universal/dist/extension.js:2:1803955)
    at e.<anonymous> (/home/pasha/.vscode-oss/extensions/codeium.codeium-1.34.2-universal/dist/extension.js:2:1810187)
    at e.<anonymous> (/home/pasha/.vscode-oss/extensions/codeium.codeium-1.34.2-universal/dist/extension.js:2:1808756)
    at d (/home/pasha/.vscode-oss/extensions/codeium.codeium-1.34.2-universal/dist/extension.js:2:1796896)
    at Generator.<anonymous> (/home/pasha/.vscode-oss/extensions/codeium.codeium-1.34.2-universal/dist/extension.js:2:1798238)
    at Generator.next (/home/pasha/.vscode-oss/extensions/codeium.codeium-1.34.2-universal/dist/extension.js:2:1797325)
    at s (/home/pasha/.vscode-oss/extensions/codeium.codeium-1.34.2-universal/dist/extension.js:2:1803812)
    at a (/home/pasha/.vscode-oss/extensions/codeium.codeium-1.34.2-universal/dist/extension.js:2:1804015)
    at /home/pasha/.vscode-oss/extensions/codeium.codeium-1.34.2-universal/dist/extension.js:2:1804074
    at new Promise (<anonymous>)
    at e.<anonymous> (/home/pasha/.vscode-oss/extensions/codeium.codeium-1.34.2-universal/dist/extension.js:2:1803955)
    at e.<anonymous> (/home/pasha/.vscode-oss/extensions/codeium.codeium-1.34.2-universal/dist/extension.js:2:1808999)
    at Immediate.<anonymous> (/home/pasha/.vscode-oss/extensions/codeium.codeium-1.34.2-universal/dist/extension.js:2:1806417)
    at processImmediate (node:internal/timers:483:21)
2025-02-14 09:43:29.160 [error] Error: Illegal value for `line`
    at _M.t (file:///usr/lib/code/out/vs/workbench/api/node/extensionHostProcess.js:122:1005)
    at Object.lineAt (file:///usr/lib/code/out/vs/workbench/api/node/extensionHostProcess.js:122:72)
    at e.getCommandEditHints (/home/pasha/.vscode-oss/extensions/codeium.codeium-1.34.2-universal/dist/extension.js:2:1863611)
    at e.getNonCachedDocumentResults (/home/pasha/.vscode-oss/extensions/codeium.codeium-1.34.2-universal/dist/extension.js:2:1865290)
    at e.<anonymous> (/home/pasha/.vscode-oss/extensions/codeium.codeium-1.34.2-universal/dist/extension.js:2:1866355)
    at d (/home/pasha/.vscode-oss/extensions/codeium.codeium-1.34.2-universal/dist/extension.js:2:1851578)
    at Generator.<anonymous> (/home/pasha/.vscode-oss/extensions/codeium.codeium-1.34.2-universal/dist/extension.js:2:1852920)
    at Generator.next (/home/pasha/.vscode-oss/extensions/codeium.codeium-1.34.2-universal/dist/extension.js:2:1852007)
    at a (/home/pasha/.vscode-oss/extensions/codeium.codeium-1.34.2-universal/dist/extension.js:2:1858134)
    at s (/home/pasha/.vscode-oss/extensions/codeium.codeium-1.34.2-universal/dist/extension.js:2:1858337)
    at /home/pasha/.vscode-oss/extensions/codeium.codeium-1.34.2-universal/dist/extension.js:2:1858396
    at new Promise (<anonymous>)
    at e.<anonymous> (/home/pasha/.vscode-oss/extensions/codeium.codeium-1.34.2-universal/dist/extension.js:2:1858277)
    at e.<anonymous> (/home/pasha/.vscode-oss/extensions/codeium.codeium-1.34.2-universal/dist/extension.js:2:1866929)
    at e.<anonymous> (/home/pasha/.vscode-oss/extensions/codeium.codeium-1.34.2-universal/dist/extension.js:2:1809564)
    at d (/home/pasha/.vscode-oss/extensions/codeium.codeium-1.34.2-universal/dist/extension.js:2:1796896)
    at Generator.<anonymous> (/home/pasha/.vscode-oss/extensions/codeium.codeium-1.34.2-universal/dist/extension.js:2:1798238)
    at Generator.next (/home/pasha/.vscode-oss/extensions/codeium.codeium-1.34.2-universal/dist/extension.js:2:1797325)
    at s (/home/pasha/.vscode-oss/extensions/codeium.codeium-1.34.2-universal/dist/extension.js:2:1803812)
    at a (/home/pasha/.vscode-oss/extensions/codeium.codeium-1.34.2-universal/dist/extension.js:2:1804015)
    at /home/pasha/.vscode-oss/extensions/codeium.codeium-1.34.2-universal/dist/extension.js:2:1804074
    at new Promise (<anonymous>)
    at e.<anonymous> (/home/pasha/.vscode-oss/extensions/codeium.codeium-1.34.2-universal/dist/extension.js:2:1803955)
    at e.<anonymous> (/home/pasha/.vscode-oss/extensions/codeium.codeium-1.34.2-universal/dist/extension.js:2:1810187)
    at e.<anonymous> (/home/pasha/.vscode-oss/extensions/codeium.codeium-1.34.2-universal/dist/extension.js:2:1808756)
    at d (/home/pasha/.vscode-oss/extensions/codeium.codeium-1.34.2-universal/dist/extension.js:2:1796896)
    at Generator.<anonymous> (/home/pasha/.vscode-oss/extensions/codeium.codeium-1.34.2-universal/dist/extension.js:2:1798238)
    at Generator.next (/home/pasha/.vscode-oss/extensions/codeium.codeium-1.34.2-universal/dist/extension.js:2:1797325)
    at s (/home/pasha/.vscode-oss/extensions/codeium.codeium-1.34.2-universal/dist/extension.js:2:1803812)
    at a (/home/pasha/.vscode-oss/extensions/codeium.codeium-1.34.2-universal/dist/extension.js:2:1804015)
    at /home/pasha/.vscode-oss/extensions/codeium.codeium-1.34.2-universal/dist/extension.js:2:1804074
    at new Promise (<anonymous>)
    at e.<anonymous> (/home/pasha/.vscode-oss/extensions/codeium.codeium-1.34.2-universal/dist/extension.js:2:1803955)
    at e.<anonymous> (/home/pasha/.vscode-oss/extensions/codeium.codeium-1.34.2-universal/dist/extension.js:2:1808999)
    at Immediate.<anonymous> (/home/pasha/.vscode-oss/extensions/codeium.codeium-1.34.2-universal/dist/extension.js:2:1806417)
    at processImmediate (node:internal/timers:483:21)
2025-02-14 09:43:29.172 [error] Error: Illegal value for `line`
    at _M.t (file:///usr/lib/code/out/vs/workbench/api/node/extensionHostProcess.js:122:1005)
    at Object.lineAt (file:///usr/lib/code/out/vs/workbench/api/node/extensionHostProcess.js:122:72)
    at e.getCommandEditHints (/home/pasha/.vscode-oss/extensions/codeium.codeium-1.34.2-universal/dist/extension.js:2:1863611)
    at e.getNonCachedDocumentResults (/home/pasha/.vscode-oss/extensions/codeium.codeium-1.34.2-universal/dist/extension.js:2:1865290)
    at e.<anonymous> (/home/pasha/.vscode-oss/extensions/codeium.codeium-1.34.2-universal/dist/extension.js:2:1866355)
    at d (/home/pasha/.vscode-oss/extensions/codeium.codeium-1.34.2-universal/dist/extension.js:2:1851578)
    at Generator.<anonymous> (/home/pasha/.vscode-oss/extensions/codeium.codeium-1.34.2-universal/dist/extension.js:2:1852920)
    at Generator.next (/home/pasha/.vscode-oss/extensions/codeium.codeium-1.34.2-universal/dist/extension.js:2:1852007)
    at a (/home/pasha/.vscode-oss/extensions/codeium.codeium-1.34.2-universal/dist/extension.js:2:1858134)
    at s (/home/pasha/.vscode-oss/extensions/codeium.codeium-1.34.2-universal/dist/extension.js:2:1858337)
    at /home/pasha/.vscode-oss/extensions/codeium.codeium-1.34.2-universal/dist/extension.js:2:1858396
    at new Promise (<anonymous>)
    at e.<anonymous> (/home/pasha/.vscode-oss/extensions/codeium.codeium-1.34.2-universal/dist/extension.js:2:1858277)
    at e.<anonymous> (/home/pasha/.vscode-oss/extensions/codeium.codeium-1.34.2-universal/dist/extension.js:2:1866929)
    at e.<anonymous> (/home/pasha/.vscode-oss/extensions/codeium.codeium-1.34.2-universal/dist/extension.js:2:1809564)
    at d (/home/pasha/.vscode-oss/extensions/codeium.codeium-1.34.2-universal/dist/extension.js:2:1796896)
    at Generator.<anonymous> (/home/pasha/.vscode-oss/extensions/codeium.codeium-1.34.2-universal/dist/extension.js:2:1798238)
    at Generator.next (/home/pasha/.vscode-oss/extensions/codeium.codeium-1.34.2-universal/dist/extension.js:2:1797325)
    at s (/home/pasha/.vscode-oss/extensions/codeium.codeium-1.34.2-universal/dist/extension.js:2:1803812)
    at a (/home/pasha/.vscode-oss/extensions/codeium.codeium-1.34.2-universal/dist/extension.js:2:1804015)
    at /home/pasha/.vscode-oss/extensions/codeium.codeium-1.34.2-universal/dist/extension.js:2:1804074
    at new Promise (<anonymous>)
    at e.<anonymous> (/home/pasha/.vscode-oss/extensions/codeium.codeium-1.34.2-universal/dist/extension.js:2:1803955)
    at e.<anonymous> (/home/pasha/.vscode-oss/extensions/codeium.codeium-1.34.2-universal/dist/extension.js:2:1810187)
    at e.<anonymous> (/home/pasha/.vscode-oss/extensions/codeium.codeium-1.34.2-universal/dist/extension.js:2:1808756)
    at d (/home/pasha/.vscode-oss/extensions/codeium.codeium-1.34.2-universal/dist/extension.js:2:1796896)
    at Generator.<anonymous> (/home/pasha/.vscode-oss/extensions/codeium.codeium-1.34.2-universal/dist/extension.js:2:1798238)
    at Generator.next (/home/pasha/.vscode-oss/extensions/codeium.codeium-1.34.2-universal/dist/extension.js:2:1797325)
    at s (/home/pasha/.vscode-oss/extensions/codeium.codeium-1.34.2-universal/dist/extension.js:2:1803812)
    at a (/home/pasha/.vscode-oss/extensions/codeium.codeium-1.34.2-universal/dist/extension.js:2:1804015)
    at /home/pasha/.vscode-oss/extensions/codeium.codeium-1.34.2-universal/dist/extension.js:2:1804074
    at new Promise (<anonymous>)
    at e.<anonymous> (/home/pasha/.vscode-oss/extensions/codeium.codeium-1.34.2-universal/dist/extension.js:2:1803955)
    at e.<anonymous> (/home/pasha/.vscode-oss/extensions/codeium.codeium-1.34.2-universal/dist/extension.js:2:1808999)
    at Immediate.<anonymous> (/home/pasha/.vscode-oss/extensions/codeium.codeium-1.34.2-universal/dist/extension.js:2:1806417)
    at processImmediate (node:internal/timers:483:21)
2025-02-14 09:43:37.877 [error] Error: Illegal value for `line`
    at _M.t (file:///usr/lib/code/out/vs/workbench/api/node/extensionHostProcess.js:122:1005)
    at Object.lineAt (file:///usr/lib/code/out/vs/workbench/api/node/extensionHostProcess.js:122:72)
    at e.getCommandEditHints (/home/pasha/.vscode-oss/extensions/codeium.codeium-1.34.2-universal/dist/extension.js:2:1863611)
    at e.getNonCachedDocumentResults (/home/pasha/.vscode-oss/extensions/codeium.codeium-1.34.2-universal/dist/extension.js:2:1865290)
    at e.<anonymous> (/home/pasha/.vscode-oss/extensions/codeium.codeium-1.34.2-universal/dist/extension.js:2:1866355)
    at d (/home/pasha/.vscode-oss/extensions/codeium.codeium-1.34.2-universal/dist/extension.js:2:1851578)
    at Generator.<anonymous> (/home/pasha/.vscode-oss/extensions/codeium.codeium-1.34.2-universal/dist/extension.js:2:1852920)
    at Generator.next (/home/pasha/.vscode-oss/extensions/codeium.codeium-1.34.2-universal/dist/extension.js:2:1852007)
    at a (/home/pasha/.vscode-oss/extensions/codeium.codeium-1.34.2-universal/dist/extension.js:2:1858134)
    at s (/home/pasha/.vscode-oss/extensions/codeium.codeium-1.34.2-universal/dist/extension.js:2:1858337)
    at /home/pasha/.vscode-oss/extensions/codeium.codeium-1.34.2-universal/dist/extension.js:2:1858396
    at new Promise (<anonymous>)
    at e.<anonymous> (/home/pasha/.vscode-oss/extensions/codeium.codeium-1.34.2-universal/dist/extension.js:2:1858277)
    at e.<anonymous> (/home/pasha/.vscode-oss/extensions/codeium.codeium-1.34.2-universal/dist/extension.js:2:1866929)
    at e.<anonymous> (/home/pasha/.vscode-oss/extensions/codeium.codeium-1.34.2-universal/dist/extension.js:2:1809564)
    at d (/home/pasha/.vscode-oss/extensions/codeium.codeium-1.34.2-universal/dist/extension.js:2:1796896)
    at Generator.<anonymous> (/home/pasha/.vscode-oss/extensions/codeium.codeium-1.34.2-universal/dist/extension.js:2:1798238)
    at Generator.next (/home/pasha/.vscode-oss/extensions/codeium.codeium-1.34.2-universal/dist/extension.js:2:1797325)
    at s (/home/pasha/.vscode-oss/extensions/codeium.codeium-1.34.2-universal/dist/extension.js:2:1803812)
    at a (/home/pasha/.vscode-oss/extensions/codeium.codeium-1.34.2-universal/dist/extension.js:2:1804015)
    at /home/pasha/.vscode-oss/extensions/codeium.codeium-1.34.2-universal/dist/extension.js:2:1804074
    at new Promise (<anonymous>)
    at e.<anonymous> (/home/pasha/.vscode-oss/extensions/codeium.codeium-1.34.2-universal/dist/extension.js:2:1803955)
    at e.<anonymous> (/home/pasha/.vscode-oss/extensions/codeium.codeium-1.34.2-universal/dist/extension.js:2:1810187)
    at e.<anonymous> (/home/pasha/.vscode-oss/extensions/codeium.codeium-1.34.2-universal/dist/extension.js:2:1808756)
    at d (/home/pasha/.vscode-oss/extensions/codeium.codeium-1.34.2-universal/dist/extension.js:2:1796896)
    at Generator.<anonymous> (/home/pasha/.vscode-oss/extensions/codeium.codeium-1.34.2-universal/dist/extension.js:2:1798238)
    at Generator.next (/home/pasha/.vscode-oss/extensions/codeium.codeium-1.34.2-universal/dist/extension.js:2:1797325)
    at s (/home/pasha/.vscode-oss/extensions/codeium.codeium-1.34.2-universal/dist/extension.js:2:1803812)
    at a (/home/pasha/.vscode-oss/extensions/codeium.codeium-1.34.2-universal/dist/extension.js:2:1804015)
    at /home/pasha/.vscode-oss/extensions/codeium.codeium-1.34.2-universal/dist/extension.js:2:1804074
    at new Promise (<anonymous>)
    at e.<anonymous> (/home/pasha/.vscode-oss/extensions/codeium.codeium-1.34.2-universal/dist/extension.js:2:1803955)
    at e.<anonymous> (/home/pasha/.vscode-oss/extensions/codeium.codeium-1.34.2-universal/dist/extension.js:2:1808999)
    at Immediate.<anonymous> (/home/pasha/.vscode-oss/extensions/codeium.codeium-1.34.2-universal/dist/extension.js:2:1806417)
    at processImmediate (node:internal/timers:483:21)
2025-02-14 09:43:37.879 [error] Error: Illegal value for `line`
    at _M.t (file:///usr/lib/code/out/vs/workbench/api/node/extensionHostProcess.js:122:1005)
    at Object.lineAt (file:///usr/lib/code/out/vs/workbench/api/node/extensionHostProcess.js:122:72)
    at e.getCommandEditHints (/home/pasha/.vscode-oss/extensions/codeium.codeium-1.34.2-universal/dist/extension.js:2:1863611)
    at e.getNonCachedDocumentResults (/home/pasha/.vscode-oss/extensions/codeium.codeium-1.34.2-universal/dist/extension.js:2:1865290)
    at e.<anonymous> (/home/pasha/.vscode-oss/extensions/codeium.codeium-1.34.2-universal/dist/extension.js:2:1866355)
    at d (/home/pasha/.vscode-oss/extensions/codeium.codeium-1.34.2-universal/dist/extension.js:2:1851578)
    at Generator.<anonymous> (/home/pasha/.vscode-oss/extensions/codeium.codeium-1.34.2-universal/dist/extension.js:2:1852920)
    at Generator.next (/home/pasha/.vscode-oss/extensions/codeium.codeium-1.34.2-universal/dist/extension.js:2:1852007)
    at a (/home/pasha/.vscode-oss/extensions/codeium.codeium-1.34.2-universal/dist/extension.js:2:1858134)
    at s (/home/pasha/.vscode-oss/extensions/codeium.codeium-1.34.2-universal/dist/extension.js:2:1858337)
    at /home/pasha/.vscode-oss/extensions/codeium.codeium-1.34.2-universal/dist/extension.js:2:1858396
    at new Promise (<anonymous>)
    at e.<anonymous> (/home/pasha/.vscode-oss/extensions/codeium.codeium-1.34.2-universal/dist/extension.js:2:1858277)
    at e.<anonymous> (/home/pasha/.vscode-oss/extensions/codeium.codeium-1.34.2-universal/dist/extension.js:2:1866929)
    at e.<anonymous> (/home/pasha/.vscode-oss/extensions/codeium.codeium-1.34.2-universal/dist/extension.js:2:1809564)
    at d (/home/pasha/.vscode-oss/extensions/codeium.codeium-1.34.2-universal/dist/extension.js:2:1796896)
    at Generator.<anonymous> (/home/pasha/.vscode-oss/extensions/codeium.codeium-1.34.2-universal/dist/extension.js:2:1798238)
    at Generator.next (/home/pasha/.vscode-oss/extensions/codeium.codeium-1.34.2-universal/dist/extension.js:2:1797325)
    at s (/home/pasha/.vscode-oss/extensions/codeium.codeium-1.34.2-universal/dist/extension.js:2:1803812)
    at a (/home/pasha/.vscode-oss/extensions/codeium.codeium-1.34.2-universal/dist/extension.js:2:1804015)
    at /home/pasha/.vscode-oss/extensions/codeium.codeium-1.34.2-universal/dist/extension.js:2:1804074
    at new Promise (<anonymous>)
    at e.<anonymous> (/home/pasha/.vscode-oss/extensions/codeium.codeium-1.34.2-universal/dist/extension.js:2:1803955)
    at e.<anonymous> (/home/pasha/.vscode-oss/extensions/codeium.codeium-1.34.2-universal/dist/extension.js:2:1810187)
    at e.<anonymous> (/home/pasha/.vscode-oss/extensions/codeium.codeium-1.34.2-universal/dist/extension.js:2:1808756)
    at d (/home/pasha/.vscode-oss/extensions/codeium.codeium-1.34.2-universal/dist/extension.js:2:1796896)
    at Generator.<anonymous> (/home/pasha/.vscode-oss/extensions/codeium.codeium-1.34.2-universal/dist/extension.js:2:1798238)
    at Generator.next (/home/pasha/.vscode-oss/extensions/codeium.codeium-1.34.2-universal/dist/extension.js:2:1797325)
    at s (/home/pasha/.vscode-oss/extensions/codeium.codeium-1.34.2-universal/dist/extension.js:2:1803812)
    at a (/home/pasha/.vscode-oss/extensions/codeium.codeium-1.34.2-universal/dist/extension.js:2:1804015)
    at /home/pasha/.vscode-oss/extensions/codeium.codeium-1.34.2-universal/dist/extension.js:2:1804074
    at new Promise (<anonymous>)
    at e.<anonymous> (/home/pasha/.vscode-oss/extensions/codeium.codeium-1.34.2-universal/dist/extension.js:2:1803955)
    at e.<anonymous> (/home/pasha/.vscode-oss/extensions/codeium.codeium-1.34.2-universal/dist/extension.js:2:1808999)
    at Immediate.<anonymous> (/home/pasha/.vscode-oss/extensions/codeium.codeium-1.34.2-universal/dist/extension.js:2:1806417)
    at processImmediate (node:internal/timers:483:21)
2025-02-14 09:45:41.644 [info] Extension host terminating: renderer closed the MessagePort
2025-02-14 09:45:41.674 [error] Canceled: Canceled
    at new IT (file:///usr/lib/code/out/vs/workbench/api/node/extensionHostProcess.js:32:110702)
    at Dy.U (file:///usr/lib/code/out/vs/workbench/api/node/extensionHostProcess.js:32:115312)
    at Proxy.s.<computed>.n.charCodeAt.s.<computed> (file:///usr/lib/code/out/vs/workbench/api/node/extensionHostProcess.js:32:112806)
    at cw.g (file:///usr/lib/code/out/vs/workbench/api/node/extensionHostProcess.js:115:32313)
    at cw.executeCommand (file:///usr/lib/code/out/vs/workbench/api/node/extensionHostProcess.js:115:31817)
    at r.registerCommand.description (file:///usr/lib/code/out/vs/workbench/api/node/extensionHostProcess.js:115:31147)
    at cw.h (file:///usr/lib/code/out/vs/workbench/api/node/extensionHostProcess.js:115:32833)
    at cw.g (file:///usr/lib/code/out/vs/workbench/api/node/extensionHostProcess.js:115:31910)
    at cw.executeCommand (file:///usr/lib/code/out/vs/workbench/api/node/extensionHostProcess.js:115:31817)
    at Object.executeCommand (file:///usr/lib/code/out/vs/workbench/api/node/extensionHostProcess.js:157:37484)
    at kh.L [as value] (/usr/lib/code/extensions/git/dist/main.js:2:975601)
    at P.B (file:///usr/lib/code/out/vs/workbench/api/node/extensionHostProcess.js:30:746)
    at P.C (file:///usr/lib/code/out/vs/workbench/api/node/extensionHostProcess.js:30:816)
    at P.fire (file:///usr/lib/code/out/vs/workbench/api/node/extensionHostProcess.js:30:1033)
    at Object.p [as dispose] (/usr/lib/code/extensions/git/dist/main.js:2:997158)
    at /usr/lib/code/extensions/git/dist/main.js:2:1003280
    at Array.forEach (<anonymous>)
    at b.dispose (/usr/lib/code/extensions/git/dist/main.js:2:1003266)
    at ev.<anonymous> (file:///usr/lib/code/out/vs/workbench/api/node/extensionHostProcess.js:109:20047)
    at ev.dispose (file:///usr/lib/code/out/vs/workbench/api/node/extensionHostProcess.js:109:20143)
    at ev.<anonymous> (/usr/lib/code/extensions/git/dist/main.js:2:978080)
    at ev.dispose (file:///usr/lib/code/out/vs/workbench/api/node/extensionHostProcess.js:109:20143)
    at ai (file:///usr/lib/code/out/vs/workbench/api/node/extensionHostProcess.js:25:699)
    at file:///usr/lib/code/out/vs/workbench/api/node/extensionHostProcess.js:119:14992
    at file:///usr/lib/code/out/vs/workbench/api/node/extensionHostProcess.js:25:1009
    at Object.dispose (file:///usr/lib/code/out/vs/workbench/api/node/extensionHostProcess.js:8:705)
    at zz.eb (file:///usr/lib/code/out/vs/workbench/api/node/extensionHostProcess.js:119:11919)
    at file:///usr/lib/code/out/vs/workbench/api/node/extensionHostProcess.js:119:9874
    at Array.map (<anonymous>)
    at zz.$ (file:///usr/lib/code/out/vs/workbench/api/node/extensionHostProcess.js:119:9862)
    at zz.terminate (file:///usr/lib/code/out/vs/workbench/api/node/extensionHostProcess.js:119:10105)
    at QC.terminate (file:///usr/lib/code/out/vs/workbench/api/node/extensionHostProcess.js:120:1424)
    at Zi (file:///usr/lib/code/out/vs/workbench/api/node/extensionHostProcess.js:175:15080)
    at MessagePortMain.<anonymous> (file:///usr/lib/code/out/vs/workbench/api/node/extensionHostProcess.js:175:11628)
    at MessagePortMain.emit (node:events:518:28)
    at MessagePortMain.emit (node:domain:489:12)
    at Object.MessagePortMain._internalPort.emit (node:electron/js2c/utility_init:2:2949) setContext undefined
2025-02-14 09:45:41.677 [error] Canceled: Canceled
    at new IT (file:///usr/lib/code/out/vs/workbench/api/node/extensionHostProcess.js:32:110702)
    at Dy.U (file:///usr/lib/code/out/vs/workbench/api/node/extensionHostProcess.js:32:115312)
    at Proxy.s.<computed>.n.charCodeAt.s.<computed> (file:///usr/lib/code/out/vs/workbench/api/node/extensionHostProcess.js:32:112806)
    at cw.g (file:///usr/lib/code/out/vs/workbench/api/node/extensionHostProcess.js:115:32313)
    at cw.executeCommand (file:///usr/lib/code/out/vs/workbench/api/node/extensionHostProcess.js:115:31817)
    at r.registerCommand.description (file:///usr/lib/code/out/vs/workbench/api/node/extensionHostProcess.js:115:31147)
    at cw.h (file:///usr/lib/code/out/vs/workbench/api/node/extensionHostProcess.js:115:32833)
    at cw.g (file:///usr/lib/code/out/vs/workbench/api/node/extensionHostProcess.js:115:31910)
    at cw.executeCommand (file:///usr/lib/code/out/vs/workbench/api/node/extensionHostProcess.js:115:31817)
    at Object.executeCommand (file:///usr/lib/code/out/vs/workbench/api/node/extensionHostProcess.js:157:37484)
    at a.VscodeDevShareProvider.set hasGitHubRepositories [as hasGitHubRepositories] (/usr/lib/code/extensions/github/dist/extension.js:2:328633)
    at /usr/lib/code/extensions/github/dist/extension.js:2:329592
    at kh.value (/usr/lib/code/extensions/git/dist/main.js:2:1088462)
    at P.B (file:///usr/lib/code/out/vs/workbench/api/node/extensionHostProcess.js:30:746)
    at P.C (file:///usr/lib/code/out/vs/workbench/api/node/extensionHostProcess.js:30:816)
    at P.fire (file:///usr/lib/code/out/vs/workbench/api/node/extensionHostProcess.js:30:1033)
    at Object.p [as dispose] (/usr/lib/code/extensions/git/dist/main.js:2:997158)
    at /usr/lib/code/extensions/git/dist/main.js:2:1003280
    at Array.forEach (<anonymous>)
    at b.dispose (/usr/lib/code/extensions/git/dist/main.js:2:1003266)
    at ev.<anonymous> (file:///usr/lib/code/out/vs/workbench/api/node/extensionHostProcess.js:109:20047)
    at ev.dispose (file:///usr/lib/code/out/vs/workbench/api/node/extensionHostProcess.js:109:20143)
    at ev.<anonymous> (/usr/lib/code/extensions/git/dist/main.js:2:978080)
    at ev.dispose (file:///usr/lib/code/out/vs/workbench/api/node/extensionHostProcess.js:109:20143)
    at ai (file:///usr/lib/code/out/vs/workbench/api/node/extensionHostProcess.js:25:699)
    at file:///usr/lib/code/out/vs/workbench/api/node/extensionHostProcess.js:119:14992
    at file:///usr/lib/code/out/vs/workbench/api/node/extensionHostProcess.js:25:1009
    at Object.dispose (file:///usr/lib/code/out/vs/workbench/api/node/extensionHostProcess.js:8:705)
    at zz.eb (file:///usr/lib/code/out/vs/workbench/api/node/extensionHostProcess.js:119:11919)
    at file:///usr/lib/code/out/vs/workbench/api/node/extensionHostProcess.js:119:9874
    at Array.map (<anonymous>)
    at zz.$ (file:///usr/lib/code/out/vs/workbench/api/node/extensionHostProcess.js:119:9862)
    at zz.terminate (file:///usr/lib/code/out/vs/workbench/api/node/extensionHostProcess.js:119:10105)
    at QC.terminate (file:///usr/lib/code/out/vs/workbench/api/node/extensionHostProcess.js:120:1424)
    at Zi (file:///usr/lib/code/out/vs/workbench/api/node/extensionHostProcess.js:175:15080)
    at MessagePortMain.<anonymous> (file:///usr/lib/code/out/vs/workbench/api/node/extensionHostProcess.js:175:11628)
    at MessagePortMain.emit (node:events:518:28)
    at MessagePortMain.emit (node:domain:489:12)
    at Object.MessagePortMain._internalPort.emit (node:electron/js2c/utility_init:2:2949) setContext undefined
2025-02-14 09:45:41.682 [info] Extension host with pid 27922 exiting with code 0
