(VSCode) 2025-02-13 15:25:37.462 [INFO]: No proxy settings found
(VSCode) 2025-02-13 15:25:38.446 [INFO]: Checking network connection...
(VSCode) 2025-02-13 15:25:39.024 [INFO]: No Network Issue connecting to https://server.codeium.com/healthz
(VSCode) 2025-02-13 15:25:39.232 [INFO]: Creating manager directory: /tmp/2e9684c0-652d-4824-9b74-fa942701790c/codeium/manager
(VSCode) 2025-02-13 15:25:39.558 [INFO]: Using cached LS with valid crc32: /home/pasha/.vscode-oss/extensions/codeium.codeium-1.34.2-universal/dist/f967d079379dbf4f485c8ce9fce1d4fae1c70ede/language_server_linux_x64
(VSCode) 2025-02-13 15:25:39.564 [INFO]: Language server started
2025/02/13 15:25:39 maxprocs: Leaving GOMAXPROCS=8: CPU quota undefined
I0213 15:25:39.640523 17345 main.go:572] [Language Server Manager] Setting GOMAXPROCS to 8
I0213 15:25:39.640553 17345 main.go:791] [Language Server Manager] Starting language server manager with pid 17345
I0213 15:25:39.640647 17345 main.go:123] [Language Server Manager] Manager acquired its lock file /tmp/2e9684c0-652d-4824-9b74-fa942701790c/codeium/manager/locks/manager.lock
I0213 15:25:39.641224 17345 main.go:264] [Language Server Manager] Waiting for random port file in /tmp/2e9684c0-652d-4824-9b74-fa942701790c/codeium/manager/child_random_port_1739449539640809236_7895292163005961176 to be created
2025/02/13 15:25:39 maxprocs: Leaving GOMAXPROCS=8: CPU quota undefined
I0213 15:25:39.719621 17357 main.go:572] Setting GOMAXPROCS to 4
I0213 15:25:39.719704 17357 main.go:785] Starting language server process with pid 17357
I0213 15:25:39.719739 17357 server.go:221] Language server will attempt to listen on host 127.0.0.1
I0213 15:25:39.719842 17357 server.go:228] Language server listening on random port at 41165
I0213 15:25:40.402855 17357 unleash.go:92] Initializing Unleash
I0213 15:25:40.900240 17357 unleash.go:112] Successfully initialized Unleash
I0213 15:25:40.900921 17357 server.go:306] Extension server port not specified; skipping extension server client creation
I0213 15:25:40.931017 17357 web_server.go:258] Chat Web Server listening at ws://127.0.0.1:43109
I0213 15:25:40.951931 17357 server.go:559] Successfully created API server client
I0213 15:25:40.979889 17357 server.go:577] Successfully initialized tokenizer
I0213 15:25:41.039903 17357 server.go:761] Local search is enabled, will index local files.
I0213 15:25:41.039923 17357 server.go:765] Using 2 indexer workers
I0213 15:25:41.059273 17357 server.go:854] Successfully created completion provider
I0213 15:25:41.059316 17357 server.go:905] Child process attempting to acquire lock file /tmp/2e9684c0-652d-4824-9b74-fa942701790c/codeium/manager/locks/child_lock_1739449539640846954_576996109655403056
I0213 15:25:41.059412 17357 server.go:913] Child process acquired lock file /tmp/2e9684c0-652d-4824-9b74-fa942701790c/codeium/manager/locks/child_lock_1739449539640846954_576996109655403056
I0213 15:25:41.067507 17357 server.go:365] LSP listening on random port at 34123
34123
I0213 15:25:41.148804 17345 main.go:300] [Language Server Manager] Found random server port 41165
I0213 15:25:41.148864 17345 main.go:301] [Language Server Manager] Found random lsp port 34123
I0213 15:25:41.148880 17345 main.go:308] [Language Server Manager] Attempting to connect to language server at 127.0.0.1:41165
I0213 15:25:41.165899 17345 main.go:177] [Language Server Manager] Fixing language server port at 41165
I0213 15:25:41.165915 17345 main.go:360] [Language Server Manager] Successfully connected to new language server at 127.0.0.1:41165
(VSCode) 2025-02-13 15:25:41.172 [INFO]: Found language server running on port 41165
(VSCode) 2025-02-13 15:25:41.486 [INFO]: openAllTextDocuments took 6.623730000000251ms
(VSCode) 2025-02-13 22:49:50.983 [INFO]: Disposing language server process
(VSCode) 2025-02-13 22:49:50.984 [INFO]: Deleting manager directory: /tmp/2e9684c0-652d-4824-9b74-fa942701790c/codeium/manager
(VSCode) 2025-02-13 22:49:50.985 [INFO]: Successfully disposed language server
W0213 22:49:50.983986 17345 main.go:127] [Language Server Manager] Got signal terminated, shutting down
E0213 22:49:50.997091 17345 main.go:374] [Language Server Manager] Failed to acquire lock on /tmp/2e9684c0-652d-4824-9b74-fa942701790c/codeium/manager/locks/child_lock_1739449539640846954_576996109655403056: open /tmp/2e9684c0-652d-4824-9b74-fa942701790c/codeium/manager/locks/child_lock_1739449539640846954_576996109655403056: no such file or directory
I0213 22:49:50.998143 17357 server.go:1087] Exit requested on language server process 17357
I0213 22:49:50.998270 17357 server.go:1064] Language server shutting down
(VSCode) 2025-02-13 22:49:51.024 [ERROR]: Failed to stop lsp
