(VSCode) 2025-02-14 15:19:34.665 [INFO]: No proxy settings found
(VSCode) 2025-02-14 15:19:35.666 [INFO]: Checking network connection...
(VSCode) 2025-02-14 15:19:36.213 [INFO]: No Network Issue connecting to https://server.codeium.com/healthz
(VSCode) 2025-02-14 15:19:36.444 [INFO]: Creating manager directory: /tmp/ee3df7c6-a678-4df0-bc30-1e40fdb0ced8/codeium/manager
(VSCode) 2025-02-14 15:19:36.740 [INFO]: Using cached LS with valid crc32: /home/pasha/.vscode-oss/extensions/codeium.codeium-1.34.2-universal/dist/f967d079379dbf4f485c8ce9fce1d4fae1c70ede/language_server_linux_x64
(VSCode) 2025-02-14 15:19:36.746 [INFO]: Language server started
2025/02/14 15:19:36 maxprocs: Leaving GOMAXPROCS=8: CPU quota undefined
I0214 15:19:36.880473 69243 main.go:572] [Language Server Manager] Setting GOMAXPROCS to 8
I0214 15:19:36.880503 69243 main.go:791] [Language Server Manager] Starting language server manager with pid 69243
I0214 15:19:36.880565 69243 main.go:123] [Language Server Manager] Manager acquired its lock file /tmp/ee3df7c6-a678-4df0-bc30-1e40fdb0ced8/codeium/manager/locks/manager.lock
I0214 15:19:36.881109 69243 main.go:264] [Language Server Manager] Waiting for random port file in /tmp/ee3df7c6-a678-4df0-bc30-1e40fdb0ced8/codeium/manager/child_random_port_1739535576880660298_6070532014317295942 to be created
2025/02/14 15:19:36 maxprocs: Leaving GOMAXPROCS=8: CPU quota undefined
I0214 15:19:37.020907 69266 main.go:572] Setting GOMAXPROCS to 4
I0214 15:19:37.021024 69266 main.go:785] Starting language server process with pid 69266
I0214 15:19:37.021069 69266 server.go:221] Language server will attempt to listen on host 127.0.0.1
I0214 15:19:37.021209 69266 server.go:228] Language server listening on random port at 40897
I0214 15:19:37.577659 69266 unleash.go:92] Initializing Unleash
I0214 15:19:38.194584 69266 unleash.go:112] Successfully initialized Unleash
I0214 15:19:38.195258 69266 server.go:306] Extension server port not specified; skipping extension server client creation
I0214 15:19:38.206543 69266 web_server.go:258] Chat Web Server listening at ws://127.0.0.1:38407
I0214 15:19:38.218469 69266 server.go:559] Successfully created API server client
I0214 15:19:38.242391 69266 server.go:577] Successfully initialized tokenizer
I0214 15:19:38.292101 69266 server.go:761] Local search is enabled, will index local files.
I0214 15:19:38.292119 69266 server.go:765] Using 2 indexer workers
I0214 15:19:38.304571 69266 server.go:854] Successfully created completion provider
I0214 15:19:38.304593 69266 server.go:905] Child process attempting to acquire lock file /tmp/ee3df7c6-a678-4df0-bc30-1e40fdb0ced8/codeium/manager/locks/child_lock_1739535576880684241_254306361502643204
I0214 15:19:38.304626 69266 server.go:913] Child process acquired lock file /tmp/ee3df7c6-a678-4df0-bc30-1e40fdb0ced8/codeium/manager/locks/child_lock_1739535576880684241_254306361502643204
I0214 15:19:38.309551 69266 server.go:365] LSP listening on random port at 36473
36473
I0214 15:19:38.388037 69243 main.go:300] [Language Server Manager] Found random server port 40897
I0214 15:19:38.388138 69243 main.go:301] [Language Server Manager] Found random lsp port 36473
I0214 15:19:38.388198 69243 main.go:308] [Language Server Manager] Attempting to connect to language server at 127.0.0.1:40897
I0214 15:19:38.408770 69243 main.go:177] [Language Server Manager] Fixing language server port at 40897
I0214 15:19:38.408988 69243 main.go:360] [Language Server Manager] Successfully connected to new language server at 127.0.0.1:40897
(VSCode) 2025-02-14 15:19:38.459 [INFO]: Found language server running on port 40897
(VSCode) 2025-02-14 15:19:38.707 [INFO]: openAllTextDocuments took 13.2544199999993ms
(VSCode) 2025-02-14 21:15:27.447 [INFO]: Disposing language server process
(VSCode) 2025-02-14 21:15:27.447 [INFO]: Deleting manager directory: /tmp/ee3df7c6-a678-4df0-bc30-1e40fdb0ced8/codeium/manager
(VSCode) 2025-02-14 21:15:27.448 [INFO]: Successfully disposed language server
W0214 21:15:27.447523 69243 main.go:127] [Language Server Manager] Got signal terminated, shutting down
