(VSCode) 2025-02-14 12:54:20.239 [INFO]: No proxy settings found
(VSCode) 2025-02-14 12:54:21.332 [INFO]: Checking network connection...
(VSCode) 2025-02-14 12:54:21.991 [INFO]: No Network Issue connecting to https://server.codeium.com/healthz
(VSCode) 2025-02-14 12:54:22.123 [INFO]: Creating manager directory: /tmp/00db664a-f081-4257-870c-8c0df4d797f2/codeium/manager
(VSCode) 2025-02-14 12:54:22.576 [INFO]: Using cached LS with valid crc32: /home/pasha/.vscode-oss/extensions/codeium.codeium-1.34.2-universal/dist/f967d079379dbf4f485c8ce9fce1d4fae1c70ede/language_server_linux_x64
(VSCode) 2025-02-14 12:54:22.585 [INFO]: Language server started
2025/02/14 12:54:22 maxprocs: Leaving GOMAXPROCS=8: CPU quota undefined
I0214 12:54:22.700291 54713 main.go:572] [Language Server Manager] Setting GOMAXPROCS to 8
I0214 12:54:22.700335 54713 main.go:791] [Language Server Manager] Starting language server manager with pid 54713
I0214 12:54:22.700426 54713 main.go:123] [Language Server Manager] Manager acquired its lock file /tmp/00db664a-f081-4257-870c-8c0df4d797f2/codeium/manager/locks/manager.lock
I0214 12:54:22.701025 54713 main.go:264] [Language Server Manager] Waiting for random port file in /tmp/00db664a-f081-4257-870c-8c0df4d797f2/codeium/manager/child_random_port_1739526862700555097_7485981212820815349 to be created
2025/02/14 12:54:22 maxprocs: Leaving GOMAXPROCS=8: CPU quota undefined
I0214 12:54:22.818322 54726 main.go:572] Setting GOMAXPROCS to 4
I0214 12:54:22.818414 54726 main.go:785] Starting language server process with pid 54726
I0214 12:54:22.818470 54726 server.go:221] Language server will attempt to listen on host 127.0.0.1
I0214 12:54:22.818582 54726 server.go:228] Language server listening on random port at 33883
I0214 12:54:23.472155 54726 unleash.go:92] Initializing Unleash
I0214 12:54:24.085596 54726 unleash.go:112] Successfully initialized Unleash
I0214 12:54:24.086351 54726 server.go:306] Extension server port not specified; skipping extension server client creation
I0214 12:54:24.120826 54726 web_server.go:258] Chat Web Server listening at ws://127.0.0.1:35103
I0214 12:54:24.143627 54726 server.go:559] Successfully created API server client
I0214 12:54:24.186003 54726 server.go:577] Successfully initialized tokenizer
I0214 12:54:24.266967 54726 server.go:761] Local search is enabled, will index local files.
I0214 12:54:24.266997 54726 server.go:765] Using 2 indexer workers
I0214 12:54:24.309511 54726 server.go:854] Successfully created completion provider
I0214 12:54:24.309549 54726 server.go:905] Child process attempting to acquire lock file /tmp/00db664a-f081-4257-870c-8c0df4d797f2/codeium/manager/locks/child_lock_1739526862700581199_5372708812994006195
I0214 12:54:24.309604 54726 server.go:913] Child process acquired lock file /tmp/00db664a-f081-4257-870c-8c0df4d797f2/codeium/manager/locks/child_lock_1739526862700581199_5372708812994006195
I0214 12:54:24.317237 54726 server.go:365] LSP listening on random port at 33265
33265
I0214 12:54:24.408661 54713 main.go:300] [Language Server Manager] Found random server port 33883
I0214 12:54:24.408792 54713 main.go:301] [Language Server Manager] Found random lsp port 33265
I0214 12:54:24.408876 54713 main.go:308] [Language Server Manager] Attempting to connect to language server at 127.0.0.1:33883
I0214 12:54:24.423713 54713 main.go:177] [Language Server Manager] Fixing language server port at 33883
I0214 12:54:24.423765 54713 main.go:360] [Language Server Manager] Successfully connected to new language server at 127.0.0.1:33883
(VSCode) 2025-02-14 12:54:24.503 [INFO]: Found language server running on port 33883
(VSCode) 2025-02-14 12:54:24.822 [INFO]: openAllTextDocuments took 18.973719999999958ms
(VSCode) 2025-02-14 12:54:34.180 [INFO]: Completion request was cancelled by token (51.31ms)
(VSCode) 2025-02-14 12:54:35.222 [INFO]: Completion request succeeded (991.41ms)
(VSCode) 2025-02-14 12:54:35.223 [INFO]: No completions were generated
(VSCode) 2025-02-14 12:54:35.223 [INFO]: provideInlineCompletionItems request succeeded (993.33ms)
(VSCode) 2025-02-14 12:59:02.786 [INFO]: Disposing language server process
(VSCode) 2025-02-14 12:59:02.786 [INFO]: Deleting manager directory: /tmp/00db664a-f081-4257-870c-8c0df4d797f2/codeium/manager
(VSCode) 2025-02-14 12:59:02.786 [INFO]: Successfully disposed language server
W0214 12:59:02.786189 54713 main.go:127] [Language Server Manager] Got signal terminated, shutting down
